2016-07-13 15:52:05.332 ERROR 6689 --- [restartedMain] o.s.b.l.LoggingApplicationListener       : Cannot set level: WARM for 'com.ileossa.controller.PlaylistController'
2016-07-13 15:52:05.504 DEBUG 6689 --- [restartedMain] o.s.w.c.s.StandardServletEnvironment     : Adding [servletConfigInitParams] PropertySource with lowest search precedence
2016-07-13 15:52:05.505 DEBUG 6689 --- [restartedMain] o.s.w.c.s.StandardServletEnvironment     : Adding [servletContextInitParams] PropertySource with lowest search precedence
2016-07-13 15:52:05.506 DEBUG 6689 --- [restartedMain] o.s.w.c.s.StandardServletEnvironment     : Adding [systemProperties] PropertySource with lowest search precedence
2016-07-13 15:52:05.506 DEBUG 6689 --- [restartedMain] o.s.w.c.s.StandardServletEnvironment     : Adding [systemEnvironment] PropertySource with lowest search precedence
2016-07-13 15:52:05.506 DEBUG 6689 --- [restartedMain] o.s.w.c.s.StandardServletEnvironment     : Initialized StandardServletEnvironment with PropertySources [servletConfigInitParams,servletContextInitParams,systemProperties,systemEnvironment]
2016-07-13 15:52:05.557  INFO 6689 --- [restartedMain] com.ileossa.hwo.LauncherApp              : Starting LauncherApp on ileossa-laptop14 with PID 6689 (/home/ileossa/workspace/HomeWorkOrganizer/target/classes started by ileossa in /home/ileossa/workspace/HomeWorkOrganizer)
2016-07-13 15:52:05.558  INFO 6689 --- [restartedMain] com.ileossa.hwo.LauncherApp              : The following profiles are active: dev
2016-07-13 15:52:06.189  INFO 6689 --- [restartedMain] ationConfigEmbeddedWebApplicationContext : Refreshing org.springframework.boot.context.embedded.AnnotationConfigEmbeddedWebApplicationContext@338fd789: startup date [Wed Jul 13 15:52:06 CEST 2016]; root of context hierarchy
2016-07-13 15:52:08.032 DEBUG 6689 --- [restartedMain] o.s.w.c.s.StandardServletEnvironment     : Adding [applicationConfig: [classpath:/application.yml]#dev] PropertySource with search precedence immediately lower than [applicationConfigurationProperties]
2016-07-13 15:52:08.032 DEBUG 6689 --- [restartedMain] o.s.w.c.s.StandardServletEnvironment     : Adding [applicationConfig: [classpath:/application.yml]] PropertySource with search precedence immediately lower than [applicationConfig: [classpath:/application.yml]#dev]
2016-07-13 15:52:08.033 DEBUG 6689 --- [restartedMain] o.s.w.c.s.StandardServletEnvironment     : Removing [applicationConfigurationProperties] PropertySource
2016-07-13 15:52:08.033 DEBUG 6689 --- [restartedMain] o.s.w.c.s.StandardServletEnvironment     : Removing [defaultProperties] PropertySource
2016-07-13 15:52:08.155  INFO 6689 --- [restartedMain] trationDelegate$BeanPostProcessorChecker : Bean 'org.springframework.transaction.annotation.ProxyTransactionManagementConfiguration' of type [class org.springframework.transaction.annotation.ProxyTransactionManagementConfiguration$$EnhancerBySpringCGLIB$$a2fff5a1] is not eligible for getting processed by all BeanPostProcessors (for example: not eligible for auto-proxying)
2016-07-13 15:52:08.679  INFO 6689 --- [restartedMain] s.b.c.e.t.TomcatEmbeddedServletContainer : Tomcat initialized with port(s): 8080 (http)
2016-07-13 15:52:08.700  INFO 6689 --- [restartedMain] o.apache.catalina.core.StandardService   : Starting service Tomcat
2016-07-13 15:52:08.701  INFO 6689 --- [restartedMain] org.apache.catalina.core.StandardEngine  : Starting Servlet Engine: Apache Tomcat/8.0.33
2016-07-13 15:52:08.828  INFO 6689 --- [localhost-startStop-1] o.a.c.c.C.[Tomcat].[localhost].[/]       : Initializing Spring embedded WebApplicationContext
2016-07-13 15:52:08.829 DEBUG 6689 --- [localhost-startStop-1] o.s.web.context.ContextLoader            : Published root WebApplicationContext as ServletContext attribute with name [org.springframework.web.context.WebApplicationContext.ROOT]
2016-07-13 15:52:08.829  INFO 6689 --- [localhost-startStop-1] o.s.web.context.ContextLoader            : Root WebApplicationContext: initialization completed in 2644 ms
2016-07-13 15:52:09.279 DEBUG 6689 --- [localhost-startStop-1] o.s.w.c.s.StandardServletEnvironment     : Adding [servletConfigInitParams] PropertySource with lowest search precedence
2016-07-13 15:52:09.279 DEBUG 6689 --- [localhost-startStop-1] o.s.w.c.s.StandardServletEnvironment     : Adding [servletContextInitParams] PropertySource with lowest search precedence
2016-07-13 15:52:09.284 DEBUG 6689 --- [localhost-startStop-1] o.s.w.c.s.StandardServletEnvironment     : Adding [systemProperties] PropertySource with lowest search precedence
2016-07-13 15:52:09.284 DEBUG 6689 --- [localhost-startStop-1] o.s.w.c.s.StandardServletEnvironment     : Adding [systemEnvironment] PropertySource with lowest search precedence
2016-07-13 15:52:09.284 DEBUG 6689 --- [localhost-startStop-1] o.s.w.c.s.StandardServletEnvironment     : Initialized StandardServletEnvironment with PropertySources [servletConfigInitParams,servletContextInitParams,systemProperties,systemEnvironment]
2016-07-13 15:52:09.298 DEBUG 6689 --- [localhost-startStop-1] o.s.w.c.s.StandardServletEnvironment     : Adding [servletConfigInitParams] PropertySource with lowest search precedence
2016-07-13 15:52:09.299 DEBUG 6689 --- [localhost-startStop-1] o.s.w.c.s.StandardServletEnvironment     : Adding [servletContextInitParams] PropertySource with lowest search precedence
2016-07-13 15:52:09.299 DEBUG 6689 --- [localhost-startStop-1] o.s.w.c.s.StandardServletEnvironment     : Adding [systemProperties] PropertySource with lowest search precedence
2016-07-13 15:52:09.299 DEBUG 6689 --- [localhost-startStop-1] o.s.w.c.s.StandardServletEnvironment     : Adding [systemEnvironment] PropertySource with lowest search precedence
2016-07-13 15:52:09.300 DEBUG 6689 --- [localhost-startStop-1] o.s.w.c.s.StandardServletEnvironment     : Initialized StandardServletEnvironment with PropertySources [servletConfigInitParams,servletContextInitParams,systemProperties,systemEnvironment]
2016-07-13 15:52:09.310 DEBUG 6689 --- [localhost-startStop-1] o.s.w.c.s.StandardServletEnvironment     : Adding [servletConfigInitParams] PropertySource with lowest search precedence
2016-07-13 15:52:09.310 DEBUG 6689 --- [localhost-startStop-1] o.s.w.c.s.StandardServletEnvironment     : Adding [servletContextInitParams] PropertySource with lowest search precedence
2016-07-13 15:52:09.311 DEBUG 6689 --- [localhost-startStop-1] o.s.w.c.s.StandardServletEnvironment     : Adding [systemProperties] PropertySource with lowest search precedence
2016-07-13 15:52:09.311 DEBUG 6689 --- [localhost-startStop-1] o.s.w.c.s.StandardServletEnvironment     : Adding [systemEnvironment] PropertySource with lowest search precedence
2016-07-13 15:52:09.311 DEBUG 6689 --- [localhost-startStop-1] o.s.w.c.s.StandardServletEnvironment     : Initialized StandardServletEnvironment with PropertySources [servletConfigInitParams,servletContextInitParams,systemProperties,systemEnvironment]
2016-07-13 15:52:09.328 DEBUG 6689 --- [localhost-startStop-1] o.s.w.c.s.StandardServletEnvironment     : Adding [servletConfigInitParams] PropertySource with lowest search precedence
2016-07-13 15:52:09.328 DEBUG 6689 --- [localhost-startStop-1] o.s.w.c.s.StandardServletEnvironment     : Adding [servletContextInitParams] PropertySource with lowest search precedence
2016-07-13 15:52:09.328 DEBUG 6689 --- [localhost-startStop-1] o.s.w.c.s.StandardServletEnvironment     : Adding [systemProperties] PropertySource with lowest search precedence
2016-07-13 15:52:09.328 DEBUG 6689 --- [localhost-startStop-1] o.s.w.c.s.StandardServletEnvironment     : Adding [systemEnvironment] PropertySource with lowest search precedence
2016-07-13 15:52:09.329 DEBUG 6689 --- [localhost-startStop-1] o.s.w.c.s.StandardServletEnvironment     : Initialized StandardServletEnvironment with PropertySources [servletConfigInitParams,servletContextInitParams,systemProperties,systemEnvironment]
2016-07-13 15:52:09.343  INFO 6689 --- [localhost-startStop-1] o.s.b.c.e.ServletRegistrationBean        : Mapping servlet: 'dispatcherServlet' to [/]
2016-07-13 15:52:09.344  INFO 6689 --- [localhost-startStop-1] o.s.b.c.e.ServletRegistrationBean        : Mapping servlet: 'webServlet' to [/h2-console/*]
2016-07-13 15:52:09.348  INFO 6689 --- [localhost-startStop-1] o.s.b.c.embedded.FilterRegistrationBean  : Mapping filter: 'characterEncodingFilter' to: [/*]
2016-07-13 15:52:09.348  INFO 6689 --- [localhost-startStop-1] o.s.b.c.embedded.FilterRegistrationBean  : Mapping filter: 'hiddenHttpMethodFilter' to: [/*]
2016-07-13 15:52:09.348  INFO 6689 --- [localhost-startStop-1] o.s.b.c.embedded.FilterRegistrationBean  : Mapping filter: 'httpPutFormContentFilter' to: [/*]
2016-07-13 15:52:09.349  INFO 6689 --- [localhost-startStop-1] o.s.b.c.embedded.FilterRegistrationBean  : Mapping filter: 'requestContextFilter' to: [/*]
2016-07-13 15:52:09.406 DEBUG 6689 --- [restartedMain] o.s.w.c.s.StandardServletEnvironment     : Replacing [servletContextInitParams] PropertySource with [servletContextInitParams]
2016-07-13 15:52:09.882  INFO 6689 --- [restartedMain] j.LocalContainerEntityManagerFactoryBean : Building JPA container EntityManagerFactory for persistence unit 'default'
2016-07-13 15:52:11.792  INFO 6689 --- [restartedMain] s.w.s.m.m.a.RequestMappingHandlerAdapter : Looking for @ControllerAdvice: org.springframework.boot.context.embedded.AnnotationConfigEmbeddedWebApplicationContext@338fd789: startup date [Wed Jul 13 15:52:06 CEST 2016]; root of context hierarchy
2016-07-13 15:52:11.885 DEBUG 6689 --- [restartedMain] s.w.s.m.m.a.RequestMappingHandlerMapping : Looking for request mappings in application context: org.springframework.boot.context.embedded.AnnotationConfigEmbeddedWebApplicationContext@338fd789: startup date [Wed Jul 13 15:52:06 CEST 2016]; root of context hierarchy
2016-07-13 15:52:11.899 DEBUG 6689 --- [restartedMain] s.w.s.m.m.a.RequestMappingHandlerMapping : 4 request handler methods found on class com.ileossa.hwo.controller.ActuController: {public void com.ileossa.hwo.controller.ActuController.deleteActu(long) throws com.ileossa.hwo.exceptions.ActuNotFoundException={[/actus],methods=[DELETE]}, public java.util.List com.ileossa.hwo.controller.ActuController.listActu(java.lang.String)={[/actus],methods=[GET]}, public com.ileossa.hwo.model.ActuModel com.ileossa.hwo.controller.ActuController.createActu(java.lang.String,java.lang.String,java.lang.String)={[/actus],methods=[POST]}, public com.ileossa.hwo.model.ActuModel com.ileossa.hwo.controller.ActuController.updateActu(long,java.lang.String,java.lang.String) throws com.ileossa.hwo.exceptions.ActuNotFoundException={[/actus],methods=[PUT]}}
2016-07-13 15:52:11.899  INFO 6689 --- [restartedMain] s.w.s.m.m.a.RequestMappingHandlerMapping : Mapped "{[/actus],methods=[DELETE]}" onto public void com.ileossa.hwo.controller.ActuController.deleteActu(long) throws com.ileossa.hwo.exceptions.ActuNotFoundException
2016-07-13 15:52:11.901  INFO 6689 --- [restartedMain] s.w.s.m.m.a.RequestMappingHandlerMapping : Mapped "{[/actus],methods=[GET]}" onto public java.util.List<com.ileossa.hwo.model.ActuModel> com.ileossa.hwo.controller.ActuController.listActu(java.lang.String)
2016-07-13 15:52:11.901  INFO 6689 --- [restartedMain] s.w.s.m.m.a.RequestMappingHandlerMapping : Mapped "{[/actus],methods=[POST]}" onto public com.ileossa.hwo.model.ActuModel com.ileossa.hwo.controller.ActuController.createActu(java.lang.String,java.lang.String,java.lang.String)
2016-07-13 15:52:11.901  INFO 6689 --- [restartedMain] s.w.s.m.m.a.RequestMappingHandlerMapping : Mapped "{[/actus],methods=[PUT]}" onto public com.ileossa.hwo.model.ActuModel com.ileossa.hwo.controller.ActuController.updateActu(long,java.lang.String,java.lang.String) throws com.ileossa.hwo.exceptions.ActuNotFoundException
2016-07-13 15:52:11.904 DEBUG 6689 --- [restartedMain] s.w.s.m.m.a.RequestMappingHandlerMapping : 4 request handler methods found on class com.ileossa.hwo.controller.EventController: {public com.ileossa.hwo.model.EventModel com.ileossa.hwo.controller.EventController.createEvent(java.lang.String,java.lang.String,java.lang.String,java.util.Date,java.lang.String)={[/event],methods=[POST]}, public com.ileossa.hwo.model.EventModel com.ileossa.hwo.controller.EventController.updateEvent(java.lang.String,long,java.lang.String,java.lang.String,java.util.Date,java.lang.String) throws com.ileossa.hwo.exceptions.EventNotFoundException={[/event],methods=[PUT]}, public void com.ileossa.hwo.controller.EventController.deleteEvent(long)={[/event],methods=[DELETE]}, public java.util.List com.ileossa.hwo.controller.EventController.listEvent(java.lang.String)={[/event],methods=[GET]}}
2016-07-13 15:52:11.905  INFO 6689 --- [restartedMain] s.w.s.m.m.a.RequestMappingHandlerMapping : Mapped "{[/event],methods=[POST]}" onto public com.ileossa.hwo.model.EventModel com.ileossa.hwo.controller.EventController.createEvent(java.lang.String,java.lang.String,java.lang.String,java.util.Date,java.lang.String)
2016-07-13 15:52:11.905  INFO 6689 --- [restartedMain] s.w.s.m.m.a.RequestMappingHandlerMapping : Mapped "{[/event],methods=[PUT]}" onto public com.ileossa.hwo.model.EventModel com.ileossa.hwo.controller.EventController.updateEvent(java.lang.String,long,java.lang.String,java.lang.String,java.util.Date,java.lang.String) throws com.ileossa.hwo.exceptions.EventNotFoundException
2016-07-13 15:52:11.905  INFO 6689 --- [restartedMain] s.w.s.m.m.a.RequestMappingHandlerMapping : Mapped "{[/event],methods=[DELETE]}" onto public void com.ileossa.hwo.controller.EventController.deleteEvent(long)
2016-07-13 15:52:11.905  INFO 6689 --- [restartedMain] s.w.s.m.m.a.RequestMappingHandlerMapping : Mapped "{[/event],methods=[GET]}" onto public java.util.List<com.ileossa.hwo.model.EventModel> com.ileossa.hwo.controller.EventController.listEvent(java.lang.String)
2016-07-13 15:52:11.906 DEBUG 6689 --- [restartedMain] s.w.s.m.m.a.RequestMappingHandlerMapping : 2 request handler methods found on class com.ileossa.hwo.controller.ForumController: {public com.ileossa.hwo.model.ForumModel com.ileossa.hwo.controller.ForumController.createForum(java.lang.String,java.lang.String)={[/forum],methods=[POST]}, public java.util.List com.ileossa.hwo.controller.ForumController.getListDiscussion(java.lang.String)={[/forum],methods=[GET]}}
2016-07-13 15:52:11.907  INFO 6689 --- [restartedMain] s.w.s.m.m.a.RequestMappingHandlerMapping : Mapped "{[/forum],methods=[POST]}" onto public com.ileossa.hwo.model.ForumModel com.ileossa.hwo.controller.ForumController.createForum(java.lang.String,java.lang.String)
2016-07-13 15:52:11.907  INFO 6689 --- [restartedMain] s.w.s.m.m.a.RequestMappingHandlerMapping : Mapped "{[/forum],methods=[GET]}" onto public java.util.List<com.ileossa.hwo.model.ForumModel> com.ileossa.hwo.controller.ForumController.getListDiscussion(java.lang.String)
2016-07-13 15:52:11.907 DEBUG 6689 --- [restartedMain] s.w.s.m.m.a.RequestMappingHandlerMapping : 1 request handler methods found on class com.ileossa.hwo.controller.HomeController: {public java.lang.String com.ileossa.hwo.controller.HomeController.homePage()={[/],methods=[GET]}}
2016-07-13 15:52:11.908  INFO 6689 --- [restartedMain] s.w.s.m.m.a.RequestMappingHandlerMapping : Mapped "{[/],methods=[GET]}" onto public java.lang.String com.ileossa.hwo.controller.HomeController.homePage()
2016-07-13 15:52:11.910 DEBUG 6689 --- [restartedMain] s.w.s.m.m.a.RequestMappingHandlerMapping : 7 request handler methods found on class com.ileossa.hwo.controller.UserController: {public java.util.List com.ileossa.hwo.controller.UserController.listMemberGroup(java.lang.String)={[/user],methods=[GET]}, public com.ileossa.hwo.model.UserModel com.ileossa.hwo.controller.UserController.getUser(long) throws com.ileossa.hwo.exceptions.UserNotFoundException={[/user/{id}],methods=[GET]}, public com.ileossa.hwo.model.UserModel com.ileossa.hwo.controller.UserController.connectUser(java.lang.String,java.lang.String) throws com.ileossa.hwo.exceptions.UserNotFoundException={[/user/authenticate],methods=[POST]}, public com.ileossa.hwo.model.UserModel com.ileossa.hwo.controller.UserController.newUser(java.lang.String,java.lang.String,java.lang.String,java.lang.String) throws com.ileossa.hwo.exceptions.UserCreateException={[/user],methods=[POST]}, public com.ileossa.hwo.model.UserModel com.ileossa.hwo.controller.UserController.promoteUser(long,java.lang.String,java.lang.String) throws com.ileossa.hwo.exceptions.UserErrorPatch={[/user/promote],methods=[POST]}, public com.ileossa.hwo.model.UserModel com.ileossa.hwo.controller.UserController.banUser(java.lang.String) throws com.ileossa.hwo.exceptions.UserNotFoundException={[/user/ban],methods=[POST]}, public com.ileossa.hwo.model.UserModel com.ileossa.hwo.controller.UserController.userChangePassword(long,java.lang.String,java.lang.String) throws com.ileossa.hwo.exceptions.UserNotFoundException,com.ileossa.hwo.exceptions.UserErrorPatch={[/user],methods=[PUT]}}
2016-07-13 15:52:11.910  INFO 6689 --- [restartedMain] s.w.s.m.m.a.RequestMappingHandlerMapping : Mapped "{[/user],methods=[GET]}" onto public java.util.List<com.ileossa.hwo.model.UserModel> com.ileossa.hwo.controller.UserController.listMemberGroup(java.lang.String)
2016-07-13 15:52:11.910  INFO 6689 --- [restartedMain] s.w.s.m.m.a.RequestMappingHandlerMapping : Mapped "{[/user/{id}],methods=[GET]}" onto public com.ileossa.hwo.model.UserModel com.ileossa.hwo.controller.UserController.getUser(long) throws com.ileossa.hwo.exceptions.UserNotFoundException
2016-07-13 15:52:11.910  INFO 6689 --- [restartedMain] s.w.s.m.m.a.RequestMappingHandlerMapping : Mapped "{[/user/authenticate],methods=[POST]}" onto public com.ileossa.hwo.model.UserModel com.ileossa.hwo.controller.UserController.connectUser(java.lang.String,java.lang.String) throws com.ileossa.hwo.exceptions.UserNotFoundException
2016-07-13 15:52:11.910  INFO 6689 --- [restartedMain] s.w.s.m.m.a.RequestMappingHandlerMapping : Mapped "{[/user],methods=[POST]}" onto public com.ileossa.hwo.model.UserModel com.ileossa.hwo.controller.UserController.newUser(java.lang.String,java.lang.String,java.lang.String,java.lang.String) throws com.ileossa.hwo.exceptions.UserCreateException
2016-07-13 15:52:11.911  INFO 6689 --- [restartedMain] s.w.s.m.m.a.RequestMappingHandlerMapping : Mapped "{[/user/promote],methods=[POST]}" onto public com.ileossa.hwo.model.UserModel com.ileossa.hwo.controller.UserController.promoteUser(long,java.lang.String,java.lang.String) throws com.ileossa.hwo.exceptions.UserErrorPatch
2016-07-13 15:52:11.911  INFO 6689 --- [restartedMain] s.w.s.m.m.a.RequestMappingHandlerMapping : Mapped "{[/user/ban],methods=[POST]}" onto public com.ileossa.hwo.model.UserModel com.ileossa.hwo.controller.UserController.banUser(java.lang.String) throws com.ileossa.hwo.exceptions.UserNotFoundException
2016-07-13 15:52:11.911  INFO 6689 --- [restartedMain] s.w.s.m.m.a.RequestMappingHandlerMapping : Mapped "{[/user],methods=[PUT]}" onto public com.ileossa.hwo.model.UserModel com.ileossa.hwo.controller.UserController.userChangePassword(long,java.lang.String,java.lang.String) throws com.ileossa.hwo.exceptions.UserNotFoundException,com.ileossa.hwo.exceptions.UserErrorPatch
2016-07-13 15:52:11.912 DEBUG 6689 --- [restartedMain] s.w.s.m.m.a.RequestMappingHandlerMapping : 2 request handler methods found on class com.ileossa.hwo.controller.DiscussionController: {public com.ileossa.hwo.model.DiscussionModel com.ileossa.hwo.controller.DiscussionController.createDiscussion(long,java.lang.String,java.lang.String,long)={[/discussion],methods=[POST]}, public java.util.List com.ileossa.hwo.controller.DiscussionController.getListDiscussion(long)={[/discussion],methods=[GET]}}
2016-07-13 15:52:11.912  INFO 6689 --- [restartedMain] s.w.s.m.m.a.RequestMappingHandlerMapping : Mapped "{[/discussion],methods=[POST]}" onto public com.ileossa.hwo.model.DiscussionModel com.ileossa.hwo.controller.DiscussionController.createDiscussion(long,java.lang.String,java.lang.String,long)
2016-07-13 15:52:11.912  INFO 6689 --- [restartedMain] s.w.s.m.m.a.RequestMappingHandlerMapping : Mapped "{[/discussion],methods=[GET]}" onto public java.util.List<com.ileossa.hwo.model.DiscussionModel> com.ileossa.hwo.controller.DiscussionController.getListDiscussion(long)
2016-07-13 15:52:11.913 DEBUG 6689 --- [restartedMain] s.w.s.m.m.a.RequestMappingHandlerMapping : 2 request handler methods found on class com.ileossa.hwo.controller.ReponseController: {public com.ileossa.hwo.model.ResponseModel com.ileossa.hwo.controller.ReponseController.createReponse(long,long,java.lang.String)={[/reponse],methods=[POST]}, public java.util.List com.ileossa.hwo.controller.ReponseController.getListDiscussion(long)={[/reponse],methods=[GET]}}
2016-07-13 15:52:11.913  INFO 6689 --- [restartedMain] s.w.s.m.m.a.RequestMappingHandlerMapping : Mapped "{[/reponse],methods=[POST]}" onto public com.ileossa.hwo.model.ResponseModel com.ileossa.hwo.controller.ReponseController.createReponse(long,long,java.lang.String)
2016-07-13 15:52:11.914  INFO 6689 --- [restartedMain] s.w.s.m.m.a.RequestMappingHandlerMapping : Mapped "{[/reponse],methods=[GET]}" onto public java.util.List<com.ileossa.hwo.model.ResponseModel> com.ileossa.hwo.controller.ReponseController.getListDiscussion(long)
2016-07-13 15:52:11.914 DEBUG 6689 --- [restartedMain] s.w.s.m.m.a.RequestMappingHandlerMapping : 2 request handler methods found on class com.ileossa.hwo.controller.DocumentController: {public com.ileossa.hwo.model.DocumentModel com.ileossa.hwo.controller.DocumentController.createDocument(java.lang.String,java.lang.String,java.io.File,java.lang.Boolean)={[/documents],methods=[POST]}, public java.lang.String com.ileossa.hwo.controller.DocumentController.handleFileUpload(org.springframework.web.multipart.MultipartFile,org.springframework.web.servlet.mvc.support.RedirectAttributes)={[/documents/],methods=[POST]}}
2016-07-13 15:52:11.914  INFO 6689 --- [restartedMain] s.w.s.m.m.a.RequestMappingHandlerMapping : Mapped "{[/documents],methods=[POST]}" onto public com.ileossa.hwo.model.DocumentModel com.ileossa.hwo.controller.DocumentController.createDocument(java.lang.String,java.lang.String,java.io.File,java.lang.Boolean)
2016-07-13 15:52:11.915  INFO 6689 --- [restartedMain] s.w.s.m.m.a.RequestMappingHandlerMapping : Mapped "{[/documents/],methods=[POST]}" onto public java.lang.String com.ileossa.hwo.controller.DocumentController.handleFileUpload(org.springframework.web.multipart.MultipartFile,org.springframework.web.servlet.mvc.support.RedirectAttributes)
2016-07-13 15:52:11.916 DEBUG 6689 --- [restartedMain] s.w.s.m.m.a.RequestMappingHandlerMapping : 4 request handler methods found on class com.ileossa.hwo.controller.FileUploadController: {public com.ileossa.hwo.model.DocumentModel com.ileossa.hwo.controller.FileUploadController.handleFileUpload(org.springframework.web.multipart.MultipartFile,java.lang.String) throws com.ileossa.hwo.exceptions.EmptyFile,com.ileossa.hwo.exceptions.FailToUploadException={[/documents],methods=[POST]}, public java.util.List com.ileossa.hwo.controller.FileUploadController.getListFileWith(java.lang.String)={[/documents],methods=[GET]}, public java.io.File[] com.ileossa.hwo.controller.FileUploadController.listFiles()={[/documents/debug],methods=[GET]}, public org.springframework.http.ResponseEntity com.ileossa.hwo.controller.FileUploadController.getFile(java.lang.String)={[/documents/{filename:.+}],methods=[GET]}}
2016-07-13 15:52:11.917  WARN 6689 --- [restartedMain] ationConfigEmbeddedWebApplicationContext : Exception encountered during context initialization - cancelling refresh attempt: org.springframework.beans.factory.BeanCreationException: Error creating bean with name 'requestMappingHandlerMapping' defined in class path resource [org/springframework/boot/autoconfigure/web/WebMvcAutoConfiguration$EnableWebMvcConfiguration.class]: Invocation of init method failed; nested exception is java.lang.IllegalStateException: Ambiguous mapping. Cannot map 'fileUploadController' method 
public com.ileossa.hwo.model.DocumentModel com.ileossa.hwo.controller.FileUploadController.handleFileUpload(org.springframework.web.multipart.MultipartFile,java.lang.String) throws com.ileossa.hwo.exceptions.EmptyFile,com.ileossa.hwo.exceptions.FailToUploadException
to {[/documents],methods=[POST]}: There is already 'documentController' bean method
public com.ileossa.hwo.model.DocumentModel com.ileossa.hwo.controller.DocumentController.createDocument(java.lang.String,java.lang.String,java.io.File,java.lang.Boolean) mapped.
2016-07-13 15:52:11.921  INFO 6689 --- [restartedMain] j.LocalContainerEntityManagerFactoryBean : Closing JPA EntityManagerFactory for persistence unit 'default'
2016-07-13 15:52:11.950  INFO 6689 --- [restartedMain] o.apache.catalina.core.StandardService   : Stopping service Tomcat
2016-07-13 15:52:11.979 ERROR 6689 --- [restartedMain] o.s.boot.SpringApplication               : Application startup failed

org.springframework.beans.factory.BeanCreationException: Error creating bean with name 'requestMappingHandlerMapping' defined in class path resource [org/springframework/boot/autoconfigure/web/WebMvcAutoConfiguration$EnableWebMvcConfiguration.class]: Invocation of init method failed; nested exception is java.lang.IllegalStateException: Ambiguous mapping. Cannot map 'fileUploadController' method 
public com.ileossa.hwo.model.DocumentModel com.ileossa.hwo.controller.FileUploadController.handleFileUpload(org.springframework.web.multipart.MultipartFile,java.lang.String) throws com.ileossa.hwo.exceptions.EmptyFile,com.ileossa.hwo.exceptions.FailToUploadException
to {[/documents],methods=[POST]}: There is already 'documentController' bean method
public com.ileossa.hwo.model.DocumentModel com.ileossa.hwo.controller.DocumentController.createDocument(java.lang.String,java.lang.String,java.io.File,java.lang.Boolean) mapped.
	at org.springframework.beans.factory.support.AbstractAutowireCapableBeanFactory.initializeBean(AbstractAutowireCapableBeanFactory.java:1578) ~[spring-beans-4.2.6.RELEASE.jar:4.2.6.RELEASE]
	at org.springframework.beans.factory.support.AbstractAutowireCapableBeanFactory.doCreateBean(AbstractAutowireCapableBeanFactory.java:545) ~[spring-beans-4.2.6.RELEASE.jar:4.2.6.RELEASE]
	at org.springframework.beans.factory.support.AbstractAutowireCapableBeanFactory.createBean(AbstractAutowireCapableBeanFactory.java:482) ~[spring-beans-4.2.6.RELEASE.jar:4.2.6.RELEASE]
	at org.springframework.beans.factory.support.AbstractBeanFactory$1.getObject(AbstractBeanFactory.java:306) ~[spring-beans-4.2.6.RELEASE.jar:4.2.6.RELEASE]
	at org.springframework.beans.factory.support.DefaultSingletonBeanRegistry.getSingleton(DefaultSingletonBeanRegistry.java:230) ~[spring-beans-4.2.6.RELEASE.jar:4.2.6.RELEASE]
	at org.springframework.beans.factory.support.AbstractBeanFactory.doGetBean(AbstractBeanFactory.java:302) ~[spring-beans-4.2.6.RELEASE.jar:4.2.6.RELEASE]
	at org.springframework.beans.factory.support.AbstractBeanFactory.getBean(AbstractBeanFactory.java:197) ~[spring-beans-4.2.6.RELEASE.jar:4.2.6.RELEASE]
	at org.springframework.beans.factory.support.DefaultListableBeanFactory.preInstantiateSingletons(DefaultListableBeanFactory.java:772) ~[spring-beans-4.2.6.RELEASE.jar:4.2.6.RELEASE]
	at org.springframework.context.support.AbstractApplicationContext.finishBeanFactoryInitialization(AbstractApplicationContext.java:839) ~[spring-context-4.2.6.RELEASE.jar:4.2.6.RELEASE]
	at org.springframework.context.support.AbstractApplicationContext.refresh(AbstractApplicationContext.java:538) ~[spring-context-4.2.6.RELEASE.jar:4.2.6.RELEASE]
	at org.springframework.boot.context.embedded.EmbeddedWebApplicationContext.refresh(EmbeddedWebApplicationContext.java:118) ~[spring-boot-1.3.5.RELEASE.jar:1.3.5.RELEASE]
	at org.springframework.boot.SpringApplication.refresh(SpringApplication.java:766) [spring-boot-1.3.5.RELEASE.jar:1.3.5.RELEASE]
	at org.springframework.boot.SpringApplication.createAndRefreshContext(SpringApplication.java:361) [spring-boot-1.3.5.RELEASE.jar:1.3.5.RELEASE]
	at org.springframework.boot.SpringApplication.run(SpringApplication.java:307) [spring-boot-1.3.5.RELEASE.jar:1.3.5.RELEASE]
	at org.springframework.boot.SpringApplication.run(SpringApplication.java:1191) [spring-boot-1.3.5.RELEASE.jar:1.3.5.RELEASE]
	at org.springframework.boot.SpringApplication.run(SpringApplication.java:1180) [spring-boot-1.3.5.RELEASE.jar:1.3.5.RELEASE]
	at com.ileossa.hwo.LauncherApp.main(LauncherApp.java:29) [classes/:na]
	at sun.reflect.NativeMethodAccessorImpl.invoke0(Native Method) ~[na:1.8.0_91]
	at sun.reflect.NativeMethodAccessorImpl.invoke(NativeMethodAccessorImpl.java:62) ~[na:1.8.0_91]
	at sun.reflect.DelegatingMethodAccessorImpl.invoke(DelegatingMethodAccessorImpl.java:43) ~[na:1.8.0_91]
	at java.lang.reflect.Method.invoke(Method.java:498) ~[na:1.8.0_91]
	at org.springframework.boot.devtools.restart.RestartLauncher.run(RestartLauncher.java:49) [spring-boot-devtools-1.3.5.RELEASE.jar:1.3.5.RELEASE]
Caused by: java.lang.IllegalStateException: Ambiguous mapping. Cannot map 'fileUploadController' method 
public com.ileossa.hwo.model.DocumentModel com.ileossa.hwo.controller.FileUploadController.handleFileUpload(org.springframework.web.multipart.MultipartFile,java.lang.String) throws com.ileossa.hwo.exceptions.EmptyFile,com.ileossa.hwo.exceptions.FailToUploadException
to {[/documents],methods=[POST]}: There is already 'documentController' bean method
public com.ileossa.hwo.model.DocumentModel com.ileossa.hwo.controller.DocumentController.createDocument(java.lang.String,java.lang.String,java.io.File,java.lang.Boolean) mapped.
	at org.springframework.web.servlet.handler.AbstractHandlerMethodMapping$MappingRegistry.assertUniqueMethodMapping(AbstractHandlerMethodMapping.java:567) ~[spring-webmvc-4.2.6.RELEASE.jar:4.2.6.RELEASE]
	at org.springframework.web.servlet.handler.AbstractHandlerMethodMapping$MappingRegistry.register(AbstractHandlerMethodMapping.java:531) ~[spring-webmvc-4.2.6.RELEASE.jar:4.2.6.RELEASE]
	at org.springframework.web.servlet.handler.AbstractHandlerMethodMapping.registerHandlerMethod(AbstractHandlerMethodMapping.java:255) ~[spring-webmvc-4.2.6.RELEASE.jar:4.2.6.RELEASE]
	at org.springframework.web.servlet.handler.AbstractHandlerMethodMapping.detectHandlerMethods(AbstractHandlerMethodMapping.java:241) ~[spring-webmvc-4.2.6.RELEASE.jar:4.2.6.RELEASE]
	at org.springframework.web.servlet.handler.AbstractHandlerMethodMapping.initHandlerMethods(AbstractHandlerMethodMapping.java:213) ~[spring-webmvc-4.2.6.RELEASE.jar:4.2.6.RELEASE]
	at org.springframework.web.servlet.handler.AbstractHandlerMethodMapping.afterPropertiesSet(AbstractHandlerMethodMapping.java:183) ~[spring-webmvc-4.2.6.RELEASE.jar:4.2.6.RELEASE]
	at org.springframework.web.servlet.mvc.method.annotation.RequestMappingHandlerMapping.afterPropertiesSet(RequestMappingHandlerMapping.java:125) ~[spring-webmvc-4.2.6.RELEASE.jar:4.2.6.RELEASE]
	at org.springframework.beans.factory.support.AbstractAutowireCapableBeanFactory.invokeInitMethods(AbstractAutowireCapableBeanFactory.java:1637) ~[spring-beans-4.2.6.RELEASE.jar:4.2.6.RELEASE]
	at org.springframework.beans.factory.support.AbstractAutowireCapableBeanFactory.initializeBean(AbstractAutowireCapableBeanFactory.java:1574) ~[spring-beans-4.2.6.RELEASE.jar:4.2.6.RELEASE]
	... 21 common frames omitted

2016-07-13 15:52:11.982  INFO 6689 --- [restartedMain] .b.l.ClasspathLoggingApplicationListener : Application failed to start with classpath: [file:/home/ileossa/workspace/HomeWorkOrganizer/target/classes/]
