2016-07-11 19:32:59.358 DEBUG 17179 --- [main] o.s.w.c.s.StandardServletEnvironment     : Adding [servletConfigInitParams] PropertySource with lowest search precedence
2016-07-11 19:32:59.364 DEBUG 17179 --- [main] o.s.w.c.s.StandardServletEnvironment     : Adding [servletContextInitParams] PropertySource with lowest search precedence
2016-07-11 19:32:59.365 DEBUG 17179 --- [main] o.s.w.c.s.StandardServletEnvironment     : Adding [systemProperties] PropertySource with lowest search precedence
2016-07-11 19:32:59.365 DEBUG 17179 --- [main] o.s.w.c.s.StandardServletEnvironment     : Adding [systemEnvironment] PropertySource with lowest search precedence
2016-07-11 19:32:59.366 DEBUG 17179 --- [main] o.s.w.c.s.StandardServletEnvironment     : Initialized StandardServletEnvironment with PropertySources [servletConfigInitParams,servletContextInitParams,systemProperties,systemEnvironment]
2016-07-11 19:32:59.434  INFO 17179 --- [main] com.ileossa.hwo.LauncherApp              : Starting LauncherApp on ileossa-laptop14 with PID 17179 (/home/ileossa/workspace/HomeWorkOrganizer/target/classes started by ileossa in /home/ileossa/workspace/HomeWorkOrganizer)
2016-07-11 19:32:59.434  INFO 17179 --- [main] com.ileossa.hwo.LauncherApp              : The following profiles are active: dev
2016-07-11 19:32:59.544  INFO 17179 --- [main] ationConfigEmbeddedWebApplicationContext : Refreshing org.springframework.boot.context.embedded.AnnotationConfigEmbeddedWebApplicationContext@409bf450: startup date [Mon Jul 11 19:32:59 CEST 2016]; root of context hierarchy
2016-07-11 19:33:00.505 DEBUG 17179 --- [background-preinit] o.h.v.i.e.r.DefaultTraversableResolver   : Found javax.persistence.Persistence on classpath containing 'getPersistenceUtil'. Assuming JPA 2 environment. Trying to instantiate JPA aware TraversableResolver
2016-07-11 19:33:00.515 DEBUG 17179 --- [background-preinit] o.h.v.i.e.r.DefaultTraversableResolver   : Instantiated JPA aware TraversableResolver of type org.hibernate.validator.internal.engine.resolver.JPATraversableResolver.
2016-07-11 19:33:01.899 DEBUG 17179 --- [main] o.s.w.c.s.StandardServletEnvironment     : Adding [applicationConfig: [classpath:/application.yml]#dev] PropertySource with search precedence immediately lower than [applicationConfigurationProperties]
2016-07-11 19:33:01.900 DEBUG 17179 --- [main] o.s.w.c.s.StandardServletEnvironment     : Adding [applicationConfig: [classpath:/application.yml]] PropertySource with search precedence immediately lower than [applicationConfig: [classpath:/application.yml]#dev]
2016-07-11 19:33:01.900 DEBUG 17179 --- [main] o.s.w.c.s.StandardServletEnvironment     : Removing [applicationConfigurationProperties] PropertySource
2016-07-11 19:33:01.901 DEBUG 17179 --- [main] o.s.w.c.s.StandardServletEnvironment     : Removing [defaultProperties] PropertySource
2016-07-11 19:33:02.040  INFO 17179 --- [main] trationDelegate$BeanPostProcessorChecker : Bean 'org.springframework.transaction.annotation.ProxyTransactionManagementConfiguration' of type [class org.springframework.transaction.annotation.ProxyTransactionManagementConfiguration$$EnhancerBySpringCGLIB$$5663944a] is not eligible for getting processed by all BeanPostProcessors (for example: not eligible for auto-proxying)
2016-07-11 19:33:02.187 DEBUG 17179 --- [main] o.h.v.i.e.r.DefaultTraversableResolver   : Found javax.persistence.Persistence on classpath containing 'getPersistenceUtil'. Assuming JPA 2 environment. Trying to instantiate JPA aware TraversableResolver
2016-07-11 19:33:02.188 DEBUG 17179 --- [main] o.h.v.i.e.r.DefaultTraversableResolver   : Instantiated JPA aware TraversableResolver of type org.hibernate.validator.internal.engine.resolver.JPATraversableResolver.
2016-07-11 19:33:02.190 DEBUG 17179 --- [main] o.h.v.internal.engine.ConfigurationImpl  : Setting custom MessageInterpolator of type org.springframework.validation.beanvalidation.LocaleContextMessageInterpolator
2016-07-11 19:33:02.191 DEBUG 17179 --- [main] o.h.v.internal.engine.ConfigurationImpl  : Setting custom ConstraintValidatorFactory of type org.springframework.validation.beanvalidation.SpringConstraintValidatorFactory
2016-07-11 19:33:02.193 DEBUG 17179 --- [main] o.h.v.internal.engine.ConfigurationImpl  : Setting custom ParameterNameProvider of type com.sun.proxy.$Proxy57
2016-07-11 19:33:02.195 DEBUG 17179 --- [main] o.h.v.internal.xml.ValidationXmlParser   : Trying to load META-INF/validation.xml for XML based Validator configuration.
2016-07-11 19:33:02.196 DEBUG 17179 --- [main] o.h.v.internal.xml.ResourceLoaderHelper  : Trying to load META-INF/validation.xml via user class loader
2016-07-11 19:33:02.197 DEBUG 17179 --- [main] o.h.v.internal.xml.ResourceLoaderHelper  : Trying to load META-INF/validation.xml via TCCL
2016-07-11 19:33:02.197 DEBUG 17179 --- [main] o.h.v.internal.xml.ResourceLoaderHelper  : Trying to load META-INF/validation.xml via Hibernate Validator's class loader
2016-07-11 19:33:02.198 DEBUG 17179 --- [main] o.h.v.internal.xml.ValidationXmlParser   : No META-INF/validation.xml found. Using annotation based configuration only.
2016-07-11 19:33:02.525  INFO 17179 --- [main] s.b.c.e.t.TomcatEmbeddedServletContainer : Tomcat initialized with port(s): 8080 (http)
2016-07-11 19:33:02.544  INFO 17179 --- [main] o.apache.catalina.core.StandardService   : Starting service Tomcat
2016-07-11 19:33:02.546  INFO 17179 --- [main] org.apache.catalina.core.StandardEngine  : Starting Servlet Engine: Apache Tomcat/8.0.33
2016-07-11 19:33:02.660  INFO 17179 --- [localhost-startStop-1] o.a.c.c.C.[Tomcat].[localhost].[/]       : Initializing Spring embedded WebApplicationContext
2016-07-11 19:33:02.661 DEBUG 17179 --- [localhost-startStop-1] o.s.web.context.ContextLoader            : Published root WebApplicationContext as ServletContext attribute with name [org.springframework.web.context.WebApplicationContext.ROOT]
2016-07-11 19:33:02.661  INFO 17179 --- [localhost-startStop-1] o.s.web.context.ContextLoader            : Root WebApplicationContext: initialization completed in 3121 ms
2016-07-11 19:33:02.973 DEBUG 17179 --- [localhost-startStop-1] o.s.w.c.s.StandardServletEnvironment     : Adding [servletConfigInitParams] PropertySource with lowest search precedence
2016-07-11 19:33:02.973 DEBUG 17179 --- [localhost-startStop-1] o.s.w.c.s.StandardServletEnvironment     : Adding [servletContextInitParams] PropertySource with lowest search precedence
2016-07-11 19:33:02.974 DEBUG 17179 --- [localhost-startStop-1] o.s.w.c.s.StandardServletEnvironment     : Adding [systemProperties] PropertySource with lowest search precedence
2016-07-11 19:33:02.974 DEBUG 17179 --- [localhost-startStop-1] o.s.w.c.s.StandardServletEnvironment     : Adding [systemEnvironment] PropertySource with lowest search precedence
2016-07-11 19:33:02.975 DEBUG 17179 --- [localhost-startStop-1] o.s.w.c.s.StandardServletEnvironment     : Initialized StandardServletEnvironment with PropertySources [servletConfigInitParams,servletContextInitParams,systemProperties,systemEnvironment]
2016-07-11 19:33:02.993 DEBUG 17179 --- [localhost-startStop-1] o.s.w.c.s.StandardServletEnvironment     : Adding [servletConfigInitParams] PropertySource with lowest search precedence
2016-07-11 19:33:02.995 DEBUG 17179 --- [localhost-startStop-1] o.s.w.c.s.StandardServletEnvironment     : Adding [servletContextInitParams] PropertySource with lowest search precedence
2016-07-11 19:33:02.997 DEBUG 17179 --- [localhost-startStop-1] o.s.w.c.s.StandardServletEnvironment     : Adding [systemProperties] PropertySource with lowest search precedence
2016-07-11 19:33:02.998 DEBUG 17179 --- [localhost-startStop-1] o.s.w.c.s.StandardServletEnvironment     : Adding [systemEnvironment] PropertySource with lowest search precedence
2016-07-11 19:33:02.999 DEBUG 17179 --- [localhost-startStop-1] o.s.w.c.s.StandardServletEnvironment     : Initialized StandardServletEnvironment with PropertySources [servletConfigInitParams,servletContextInitParams,systemProperties,systemEnvironment]
2016-07-11 19:33:03.003 DEBUG 17179 --- [localhost-startStop-1] o.s.w.c.s.StandardServletEnvironment     : Adding [servletConfigInitParams] PropertySource with lowest search precedence
2016-07-11 19:33:03.003 DEBUG 17179 --- [localhost-startStop-1] o.s.w.c.s.StandardServletEnvironment     : Adding [servletContextInitParams] PropertySource with lowest search precedence
2016-07-11 19:33:03.003 DEBUG 17179 --- [localhost-startStop-1] o.s.w.c.s.StandardServletEnvironment     : Adding [systemProperties] PropertySource with lowest search precedence
2016-07-11 19:33:03.003 DEBUG 17179 --- [localhost-startStop-1] o.s.w.c.s.StandardServletEnvironment     : Adding [systemEnvironment] PropertySource with lowest search precedence
2016-07-11 19:33:03.003 DEBUG 17179 --- [localhost-startStop-1] o.s.w.c.s.StandardServletEnvironment     : Initialized StandardServletEnvironment with PropertySources [servletConfigInitParams,servletContextInitParams,systemProperties,systemEnvironment]
2016-07-11 19:33:03.014 DEBUG 17179 --- [localhost-startStop-1] o.s.w.c.s.StandardServletEnvironment     : Adding [servletConfigInitParams] PropertySource with lowest search precedence
2016-07-11 19:33:03.014 DEBUG 17179 --- [localhost-startStop-1] o.s.w.c.s.StandardServletEnvironment     : Adding [servletContextInitParams] PropertySource with lowest search precedence
2016-07-11 19:33:03.014 DEBUG 17179 --- [localhost-startStop-1] o.s.w.c.s.StandardServletEnvironment     : Adding [systemProperties] PropertySource with lowest search precedence
2016-07-11 19:33:03.014 DEBUG 17179 --- [localhost-startStop-1] o.s.w.c.s.StandardServletEnvironment     : Adding [systemEnvironment] PropertySource with lowest search precedence
2016-07-11 19:33:03.015 DEBUG 17179 --- [localhost-startStop-1] o.s.w.c.s.StandardServletEnvironment     : Initialized StandardServletEnvironment with PropertySources [servletConfigInitParams,servletContextInitParams,systemProperties,systemEnvironment]
2016-07-11 19:33:03.025  INFO 17179 --- [localhost-startStop-1] o.s.b.c.e.ServletRegistrationBean        : Mapping servlet: 'dispatcherServlet' to [/]
2016-07-11 19:33:03.028  INFO 17179 --- [localhost-startStop-1] o.s.b.c.embedded.FilterRegistrationBean  : Mapping filter: 'characterEncodingFilter' to: [/*]
2016-07-11 19:33:03.029  INFO 17179 --- [localhost-startStop-1] o.s.b.c.embedded.FilterRegistrationBean  : Mapping filter: 'hiddenHttpMethodFilter' to: [/*]
2016-07-11 19:33:03.029  INFO 17179 --- [localhost-startStop-1] o.s.b.c.embedded.FilterRegistrationBean  : Mapping filter: 'httpPutFormContentFilter' to: [/*]
2016-07-11 19:33:03.029  INFO 17179 --- [localhost-startStop-1] o.s.b.c.embedded.FilterRegistrationBean  : Mapping filter: 'requestContextFilter' to: [/*]
2016-07-11 19:33:03.060 DEBUG 17179 --- [main] o.s.w.c.s.StandardServletEnvironment     : Replacing [servletContextInitParams] PropertySource with [servletContextInitParams]
2016-07-11 19:33:03.488  INFO 17179 --- [main] j.LocalContainerEntityManagerFactoryBean : Building JPA container EntityManagerFactory for persistence unit 'default'
2016-07-11 19:33:03.502 DEBUG 17179 --- [main] o.hibernate.jpa.internal.util.LogHelper  : PersistenceUnitInfo [
	name: default
	persistence provider classname: null
	classloader: sun.misc.Launcher$AppClassLoader@4fca772d
	excludeUnlistedClasses: true
	JTA datasource: null
	Non JTA datasource: org.apache.tomcat.jdbc.pool.DataSource@751ae8a4{ConnectionPool[defaultAutoCommit=null; defaultReadOnly=null; defaultTransactionIsolation=-1; defaultCatalog=null; driverClassName=org.h2.Driver; maxActive=100; maxIdle=100; minIdle=10; initialSize=10; maxWait=30000; testOnBorrow=false; testOnReturn=false; timeBetweenEvictionRunsMillis=5000; numTestsPerEvictionRun=0; minEvictableIdleTimeMillis=60000; testWhileIdle=false; testOnConnect=false; password=********; url=jdbc:h2:mem:testdb;DB_CLOSE_DELAY=-1;DB_CLOSE_ON_EXIT=FALSE; username=sa; validationQuery=null; validationQueryTimeout=-1; validatorClassName=null; validationInterval=30000; accessToUnderlyingConnectionAllowed=true; removeAbandoned=false; removeAbandonedTimeout=60; logAbandoned=false; connectionProperties=null; initSQL=null; jdbcInterceptors=null; jmxEnabled=true; fairQueue=true; useEquals=true; abandonWhenPercentageFull=0; maxAge=0; useLock=false; dataSource=null; dataSourceJNDI=null; suspectTimeout=0; alternateUsernameAllowed=false; commitOnReturn=false; rollbackOnReturn=false; useDisposableConnectionFacade=true; logValidationErrors=false; propagateInterruptState=false; ignoreExceptionOnPreLoad=false; }
	Transaction type: RESOURCE_LOCAL
	PU root URL: file:/home/ileossa/workspace/HomeWorkOrganizer/target/classes/
	Shared Cache Mode: UNSPECIFIED
	Validation Mode: AUTO
	Jar files URLs []
	Managed classes names []
	Mapping files names []
	Properties []
2016-07-11 19:33:03.523 DEBUG 17179 --- [main] o.h.i.internal.IntegratorServiceImpl     : Adding Integrator [org.hibernate.cfg.beanvalidation.BeanValidationIntegrator].
2016-07-11 19:33:03.526 DEBUG 17179 --- [main] o.h.i.internal.IntegratorServiceImpl     : Adding Integrator [org.hibernate.secure.spi.JaccIntegrator].
2016-07-11 19:33:03.530 DEBUG 17179 --- [main] o.h.i.internal.IntegratorServiceImpl     : Adding Integrator [org.hibernate.cache.internal.CollectionCacheInvalidator].
2016-07-11 19:33:03.531 DEBUG 17179 --- [main] o.h.i.internal.IntegratorServiceImpl     : Adding Integrator [org.hibernate.jpa.event.spi.JpaIntegrator].
2016-07-11 19:33:03.545 DEBUG 17179 --- [main] o.h.b.r.s.internal.StrategySelectorImpl  : Registering named strategy selector [org.hibernate.dialect.Dialect] : [MySQL5] -> [org.hibernate.dialect.MySQL5Dialect] (replacing [org.hibernate.dialect.MySQL5Dialect])
2016-07-11 19:33:03.545 DEBUG 17179 --- [main] o.h.b.r.s.internal.StrategySelectorImpl  : Registering named strategy selector [org.hibernate.dialect.Dialect] : [MySQL5InnoDB] -> [org.hibernate.dialect.MySQL5InnoDBDialect] (replacing [org.hibernate.dialect.MySQL5InnoDBDialect])
2016-07-11 19:33:03.576  INFO 17179 --- [main] org.hibernate.Version                    : HHH000412: Hibernate Core {4.3.11.Final}
2016-07-11 19:33:03.577  INFO 17179 --- [main] org.hibernate.cfg.Environment            : HHH000206: hibernate.properties not found
2016-07-11 19:33:03.579  INFO 17179 --- [main] org.hibernate.cfg.Environment            : HHH000021: Bytecode provider name : javassist
2016-07-11 19:33:03.668 DEBUG 17179 --- [main] o.hibernate.service.spi.ServiceBinding   : Overriding existing service binding [org.hibernate.secure.spi.JaccService]
2016-07-11 19:33:03.686 DEBUG 17179 --- [main] org.hibernate.type.BasicTypeRegistry     : Adding type registration boolean -> org.hibernate.type.BooleanType@39c85c1a
2016-07-11 19:33:03.686 DEBUG 17179 --- [main] org.hibernate.type.BasicTypeRegistry     : Adding type registration boolean -> org.hibernate.type.BooleanType@39c85c1a
2016-07-11 19:33:03.686 DEBUG 17179 --- [main] org.hibernate.type.BasicTypeRegistry     : Adding type registration java.lang.Boolean -> org.hibernate.type.BooleanType@39c85c1a
2016-07-11 19:33:03.687 DEBUG 17179 --- [main] org.hibernate.type.BasicTypeRegistry     : Adding type registration numeric_boolean -> org.hibernate.type.NumericBooleanType@78d9f51b
2016-07-11 19:33:03.688 DEBUG 17179 --- [main] org.hibernate.type.BasicTypeRegistry     : Adding type registration true_false -> org.hibernate.type.TrueFalseType@7e91ed74
2016-07-11 19:33:03.689 DEBUG 17179 --- [main] org.hibernate.type.BasicTypeRegistry     : Adding type registration yes_no -> org.hibernate.type.YesNoType@4087c7fc
2016-07-11 19:33:03.691 DEBUG 17179 --- [main] org.hibernate.type.BasicTypeRegistry     : Adding type registration byte -> org.hibernate.type.ByteType@516592b1
2016-07-11 19:33:03.691 DEBUG 17179 --- [main] org.hibernate.type.BasicTypeRegistry     : Adding type registration byte -> org.hibernate.type.ByteType@516592b1
2016-07-11 19:33:03.691 DEBUG 17179 --- [main] org.hibernate.type.BasicTypeRegistry     : Adding type registration java.lang.Byte -> org.hibernate.type.ByteType@516592b1
2016-07-11 19:33:03.693 DEBUG 17179 --- [main] org.hibernate.type.BasicTypeRegistry     : Adding type registration character -> org.hibernate.type.CharacterType@76bf1bb8
2016-07-11 19:33:03.693 DEBUG 17179 --- [main] org.hibernate.type.BasicTypeRegistry     : Adding type registration char -> org.hibernate.type.CharacterType@76bf1bb8
2016-07-11 19:33:03.693 DEBUG 17179 --- [main] org.hibernate.type.BasicTypeRegistry     : Adding type registration java.lang.Character -> org.hibernate.type.CharacterType@76bf1bb8
2016-07-11 19:33:03.695 DEBUG 17179 --- [main] org.hibernate.type.BasicTypeRegistry     : Adding type registration short -> org.hibernate.type.ShortType@57a6a933
2016-07-11 19:33:03.695 DEBUG 17179 --- [main] org.hibernate.type.BasicTypeRegistry     : Adding type registration short -> org.hibernate.type.ShortType@57a6a933
2016-07-11 19:33:03.695 DEBUG 17179 --- [main] org.hibernate.type.BasicTypeRegistry     : Adding type registration java.lang.Short -> org.hibernate.type.ShortType@57a6a933
2016-07-11 19:33:03.699 DEBUG 17179 --- [main] org.hibernate.type.BasicTypeRegistry     : Adding type registration integer -> org.hibernate.type.IntegerType@33f17289
2016-07-11 19:33:03.699 DEBUG 17179 --- [main] org.hibernate.type.BasicTypeRegistry     : Adding type registration int -> org.hibernate.type.IntegerType@33f17289
2016-07-11 19:33:03.699 DEBUG 17179 --- [main] org.hibernate.type.BasicTypeRegistry     : Adding type registration java.lang.Integer -> org.hibernate.type.IntegerType@33f17289
2016-07-11 19:33:03.701 DEBUG 17179 --- [main] org.hibernate.type.BasicTypeRegistry     : Adding type registration long -> org.hibernate.type.LongType@41ccb3b9
2016-07-11 19:33:03.702 DEBUG 17179 --- [main] org.hibernate.type.BasicTypeRegistry     : Adding type registration long -> org.hibernate.type.LongType@41ccb3b9
2016-07-11 19:33:03.704 DEBUG 17179 --- [main] org.hibernate.type.BasicTypeRegistry     : Adding type registration java.lang.Long -> org.hibernate.type.LongType@41ccb3b9
2016-07-11 19:33:03.707 DEBUG 17179 --- [main] org.hibernate.type.BasicTypeRegistry     : Adding type registration float -> org.hibernate.type.FloatType@7b5b5bfe
2016-07-11 19:33:03.708 DEBUG 17179 --- [main] org.hibernate.type.BasicTypeRegistry     : Adding type registration float -> org.hibernate.type.FloatType@7b5b5bfe
2016-07-11 19:33:03.708 DEBUG 17179 --- [main] org.hibernate.type.BasicTypeRegistry     : Adding type registration java.lang.Float -> org.hibernate.type.FloatType@7b5b5bfe
2016-07-11 19:33:03.711 DEBUG 17179 --- [main] org.hibernate.type.BasicTypeRegistry     : Adding type registration double -> org.hibernate.type.DoubleType@7a2ab862
2016-07-11 19:33:03.711 DEBUG 17179 --- [main] org.hibernate.type.BasicTypeRegistry     : Adding type registration double -> org.hibernate.type.DoubleType@7a2ab862
2016-07-11 19:33:03.712 DEBUG 17179 --- [main] org.hibernate.type.BasicTypeRegistry     : Adding type registration java.lang.Double -> org.hibernate.type.DoubleType@7a2ab862
2016-07-11 19:33:03.714 DEBUG 17179 --- [main] org.hibernate.type.BasicTypeRegistry     : Adding type registration big_decimal -> org.hibernate.type.BigDecimalType@58aa10f4
2016-07-11 19:33:03.715 DEBUG 17179 --- [main] org.hibernate.type.BasicTypeRegistry     : Adding type registration java.math.BigDecimal -> org.hibernate.type.BigDecimalType@58aa10f4
2016-07-11 19:33:03.716 DEBUG 17179 --- [main] org.hibernate.type.BasicTypeRegistry     : Adding type registration big_integer -> org.hibernate.type.BigIntegerType@733ec58b
2016-07-11 19:33:03.716 DEBUG 17179 --- [main] org.hibernate.type.BasicTypeRegistry     : Adding type registration java.math.BigInteger -> org.hibernate.type.BigIntegerType@733ec58b
2016-07-11 19:33:03.717 DEBUG 17179 --- [main] org.hibernate.type.BasicTypeRegistry     : Adding type registration string -> org.hibernate.type.StringType@626c19cf
2016-07-11 19:33:03.718 DEBUG 17179 --- [main] org.hibernate.type.BasicTypeRegistry     : Adding type registration java.lang.String -> org.hibernate.type.StringType@626c19cf
2016-07-11 19:33:03.719 DEBUG 17179 --- [main] org.hibernate.type.BasicTypeRegistry     : Adding type registration nstring -> org.hibernate.type.StringNVarcharType@2da99821
2016-07-11 19:33:03.722 DEBUG 17179 --- [main] org.hibernate.type.BasicTypeRegistry     : Adding type registration ncharacter -> org.hibernate.type.CharacterNCharType@38ee7a9d
2016-07-11 19:33:03.724 DEBUG 17179 --- [main] org.hibernate.type.BasicTypeRegistry     : Adding type registration url -> org.hibernate.type.UrlType@297c9a9b
2016-07-11 19:33:03.725 DEBUG 17179 --- [main] org.hibernate.type.BasicTypeRegistry     : Adding type registration java.net.URL -> org.hibernate.type.UrlType@297c9a9b
2016-07-11 19:33:03.728 DEBUG 17179 --- [main] org.hibernate.type.BasicTypeRegistry     : Adding type registration date -> org.hibernate.type.DateType@51a651c1
2016-07-11 19:33:03.728 DEBUG 17179 --- [main] org.hibernate.type.BasicTypeRegistry     : Adding type registration java.sql.Date -> org.hibernate.type.DateType@51a651c1
2016-07-11 19:33:03.730 DEBUG 17179 --- [main] org.hibernate.type.BasicTypeRegistry     : Adding type registration time -> org.hibernate.type.TimeType@daf22f0
2016-07-11 19:33:03.732 DEBUG 17179 --- [main] org.hibernate.type.BasicTypeRegistry     : Adding type registration java.sql.Time -> org.hibernate.type.TimeType@daf22f0
2016-07-11 19:33:03.735 DEBUG 17179 --- [main] org.hibernate.type.BasicTypeRegistry     : Adding type registration timestamp -> org.hibernate.type.TimestampType@3d299393
2016-07-11 19:33:03.735 DEBUG 17179 --- [main] org.hibernate.type.BasicTypeRegistry     : Adding type registration java.sql.Timestamp -> org.hibernate.type.TimestampType@3d299393
2016-07-11 19:33:03.735 DEBUG 17179 --- [main] org.hibernate.type.BasicTypeRegistry     : Adding type registration java.util.Date -> org.hibernate.type.TimestampType@3d299393
2016-07-11 19:33:03.737 DEBUG 17179 --- [main] org.hibernate.type.BasicTypeRegistry     : Adding type registration dbtimestamp -> org.hibernate.type.DbTimestampType@16da1abc
2016-07-11 19:33:03.739 DEBUG 17179 --- [main] org.hibernate.type.BasicTypeRegistry     : Adding type registration calendar -> org.hibernate.type.CalendarType@9b5f3c7
2016-07-11 19:33:03.739 DEBUG 17179 --- [main] org.hibernate.type.BasicTypeRegistry     : Adding type registration java.util.Calendar -> org.hibernate.type.CalendarType@9b5f3c7
2016-07-11 19:33:03.740 DEBUG 17179 --- [main] org.hibernate.type.BasicTypeRegistry     : Adding type registration java.util.GregorianCalendar -> org.hibernate.type.CalendarType@9b5f3c7
2016-07-11 19:33:03.743 DEBUG 17179 --- [main] org.hibernate.type.BasicTypeRegistry     : Adding type registration calendar_date -> org.hibernate.type.CalendarDateType@ef718de
2016-07-11 19:33:03.745 DEBUG 17179 --- [main] org.hibernate.type.BasicTypeRegistry     : Adding type registration locale -> org.hibernate.type.LocaleType@760487aa
2016-07-11 19:33:03.746 DEBUG 17179 --- [main] org.hibernate.type.BasicTypeRegistry     : Adding type registration java.util.Locale -> org.hibernate.type.LocaleType@760487aa
2016-07-11 19:33:03.747 DEBUG 17179 --- [main] org.hibernate.type.BasicTypeRegistry     : Adding type registration currency -> org.hibernate.type.CurrencyType@49fb0bbd
2016-07-11 19:33:03.747 DEBUG 17179 --- [main] org.hibernate.type.BasicTypeRegistry     : Adding type registration java.util.Currency -> org.hibernate.type.CurrencyType@49fb0bbd
2016-07-11 19:33:03.750 DEBUG 17179 --- [main] org.hibernate.type.BasicTypeRegistry     : Adding type registration timezone -> org.hibernate.type.TimeZoneType@51bddd98
2016-07-11 19:33:03.751 DEBUG 17179 --- [main] org.hibernate.type.BasicTypeRegistry     : Adding type registration java.util.TimeZone -> org.hibernate.type.TimeZoneType@51bddd98
2016-07-11 19:33:03.758 DEBUG 17179 --- [main] org.hibernate.type.BasicTypeRegistry     : Adding type registration class -> org.hibernate.type.ClassType@77c3c037
2016-07-11 19:33:03.759 DEBUG 17179 --- [main] org.hibernate.type.BasicTypeRegistry     : Adding type registration java.lang.Class -> org.hibernate.type.ClassType@77c3c037
2016-07-11 19:33:03.762 DEBUG 17179 --- [main] org.hibernate.type.BasicTypeRegistry     : Adding type registration uuid-binary -> org.hibernate.type.UUIDBinaryType@712ac7e6
2016-07-11 19:33:03.764 DEBUG 17179 --- [main] org.hibernate.type.BasicTypeRegistry     : Adding type registration java.util.UUID -> org.hibernate.type.UUIDBinaryType@712ac7e6
2016-07-11 19:33:03.769 DEBUG 17179 --- [main] org.hibernate.type.BasicTypeRegistry     : Adding type registration uuid-char -> org.hibernate.type.UUIDCharType@4ed15347
2016-07-11 19:33:03.771 DEBUG 17179 --- [main] org.hibernate.type.BasicTypeRegistry     : Adding type registration pg-uuid -> org.hibernate.type.PostgresUUIDType@64387c17
2016-07-11 19:33:03.775 DEBUG 17179 --- [main] org.hibernate.type.BasicTypeRegistry     : Adding type registration binary -> org.hibernate.type.BinaryType@2e43c38d
2016-07-11 19:33:03.775 DEBUG 17179 --- [main] org.hibernate.type.BasicTypeRegistry     : Adding type registration byte[] -> org.hibernate.type.BinaryType@2e43c38d
2016-07-11 19:33:03.775 DEBUG 17179 --- [main] org.hibernate.type.BasicTypeRegistry     : Adding type registration [B -> org.hibernate.type.BinaryType@2e43c38d
2016-07-11 19:33:03.780 DEBUG 17179 --- [main] org.hibernate.type.BasicTypeRegistry     : Adding type registration wrapper-binary -> org.hibernate.type.WrapperBinaryType@2fd72332
2016-07-11 19:33:03.781 DEBUG 17179 --- [main] org.hibernate.type.BasicTypeRegistry     : Adding type registration Byte[] -> org.hibernate.type.WrapperBinaryType@2fd72332
2016-07-11 19:33:03.784 DEBUG 17179 --- [main] org.hibernate.type.BasicTypeRegistry     : Adding type registration [Ljava.lang.Byte; -> org.hibernate.type.WrapperBinaryType@2fd72332
2016-07-11 19:33:03.785 DEBUG 17179 --- [main] org.hibernate.type.BasicTypeRegistry     : Adding type registration image -> org.hibernate.type.ImageType@6fcd31c3
2016-07-11 19:33:03.790 DEBUG 17179 --- [main] org.hibernate.type.BasicTypeRegistry     : Adding type registration characters -> org.hibernate.type.CharArrayType@2bbb44da
2016-07-11 19:33:03.792 DEBUG 17179 --- [main] org.hibernate.type.BasicTypeRegistry     : Adding type registration char[] -> org.hibernate.type.CharArrayType@2bbb44da
2016-07-11 19:33:03.793 DEBUG 17179 --- [main] org.hibernate.type.BasicTypeRegistry     : Adding type registration [C -> org.hibernate.type.CharArrayType@2bbb44da
2016-07-11 19:33:03.795 DEBUG 17179 --- [main] org.hibernate.type.BasicTypeRegistry     : Adding type registration wrapper-characters -> org.hibernate.type.CharacterArrayType@250b5e5b
2016-07-11 19:33:03.796 DEBUG 17179 --- [main] org.hibernate.type.BasicTypeRegistry     : Adding type registration [Ljava.lang.Character; -> org.hibernate.type.CharacterArrayType@250b5e5b
2016-07-11 19:33:03.797 DEBUG 17179 --- [main] org.hibernate.type.BasicTypeRegistry     : Adding type registration Character[] -> org.hibernate.type.CharacterArrayType@250b5e5b
2016-07-11 19:33:03.808 DEBUG 17179 --- [main] org.hibernate.type.BasicTypeRegistry     : Adding type registration text -> org.hibernate.type.TextType@557b6a37
2016-07-11 19:33:03.809 DEBUG 17179 --- [main] org.hibernate.type.BasicTypeRegistry     : Adding type registration ntext -> org.hibernate.type.NTextType@5b39a3e6
2016-07-11 19:33:03.816 DEBUG 17179 --- [main] org.hibernate.type.BasicTypeRegistry     : Adding type registration blob -> org.hibernate.type.BlobType@50b0afd7
2016-07-11 19:33:03.828 DEBUG 17179 --- [main] org.hibernate.type.BasicTypeRegistry     : Adding type registration java.sql.Blob -> org.hibernate.type.BlobType@50b0afd7
2016-07-11 19:33:03.829 DEBUG 17179 --- [main] org.hibernate.type.BasicTypeRegistry     : Adding type registration materialized_blob -> org.hibernate.type.MaterializedBlobType@6f5bd362
2016-07-11 19:33:03.834 DEBUG 17179 --- [main] org.hibernate.type.BasicTypeRegistry     : Adding type registration clob -> org.hibernate.type.ClobType@3cc30dee
2016-07-11 19:33:03.834 DEBUG 17179 --- [main] org.hibernate.type.BasicTypeRegistry     : Adding type registration java.sql.Clob -> org.hibernate.type.ClobType@3cc30dee
2016-07-11 19:33:03.838 DEBUG 17179 --- [main] org.hibernate.type.BasicTypeRegistry     : Adding type registration nclob -> org.hibernate.type.NClobType@d611f1c
2016-07-11 19:33:03.838 DEBUG 17179 --- [main] org.hibernate.type.BasicTypeRegistry     : Adding type registration java.sql.NClob -> org.hibernate.type.NClobType@d611f1c
2016-07-11 19:33:03.839 DEBUG 17179 --- [main] org.hibernate.type.BasicTypeRegistry     : Adding type registration materialized_clob -> org.hibernate.type.MaterializedClobType@a7cf42f
2016-07-11 19:33:03.842 DEBUG 17179 --- [main] org.hibernate.type.BasicTypeRegistry     : Adding type registration materialized_nclob -> org.hibernate.type.MaterializedNClobType@1d98daa0
2016-07-11 19:33:03.844 DEBUG 17179 --- [main] org.hibernate.type.BasicTypeRegistry     : Adding type registration serializable -> org.hibernate.type.SerializableType@3b7c80c6
2016-07-11 19:33:03.848 DEBUG 17179 --- [main] org.hibernate.type.BasicTypeRegistry     : Adding type registration object -> org.hibernate.type.ObjectType@5a484ce1
2016-07-11 19:33:03.848 DEBUG 17179 --- [main] org.hibernate.type.BasicTypeRegistry     : Adding type registration java.lang.Object -> org.hibernate.type.ObjectType@5a484ce1
2016-07-11 19:33:03.849 DEBUG 17179 --- [main] org.hibernate.type.BasicTypeRegistry     : Adding type registration imm_date -> org.hibernate.type.AdaptedImmutableType@58ae402b
2016-07-11 19:33:03.849 DEBUG 17179 --- [main] org.hibernate.type.BasicTypeRegistry     : Adding type registration imm_time -> org.hibernate.type.AdaptedImmutableType@4099209b
2016-07-11 19:33:03.849 DEBUG 17179 --- [main] org.hibernate.type.BasicTypeRegistry     : Adding type registration imm_timestamp -> org.hibernate.type.AdaptedImmutableType@43ac0a68
2016-07-11 19:33:03.849 DEBUG 17179 --- [main] org.hibernate.type.BasicTypeRegistry     : Adding type registration imm_dbtimestamp -> org.hibernate.type.AdaptedImmutableType@1dad01fe
2016-07-11 19:33:03.850 DEBUG 17179 --- [main] org.hibernate.type.BasicTypeRegistry     : Adding type registration imm_calendar -> org.hibernate.type.AdaptedImmutableType@3728a578
2016-07-11 19:33:03.850 DEBUG 17179 --- [main] org.hibernate.type.BasicTypeRegistry     : Adding type registration imm_calendar_date -> org.hibernate.type.AdaptedImmutableType@3e3cd6fe
2016-07-11 19:33:03.850 DEBUG 17179 --- [main] org.hibernate.type.BasicTypeRegistry     : Adding type registration imm_binary -> org.hibernate.type.AdaptedImmutableType@1de0641b
2016-07-11 19:33:03.850 DEBUG 17179 --- [main] org.hibernate.type.BasicTypeRegistry     : Adding type registration imm_serializable -> org.hibernate.type.AdaptedImmutableType@68b734a8
2016-07-11 19:33:03.871  INFO 17179 --- [main] o.hibernate.annotations.common.Version   : HCANN000001: Hibernate Commons Annotations {4.0.5.Final}
2016-07-11 19:33:03.892 DEBUG 17179 --- [main] .i.f.i.DefaultIdentifierGeneratorFactory : Registering IdentifierGenerator strategy [uuid2] -> [org.hibernate.id.UUIDGenerator]
2016-07-11 19:33:03.893 DEBUG 17179 --- [main] .i.f.i.DefaultIdentifierGeneratorFactory : Registering IdentifierGenerator strategy [guid] -> [org.hibernate.id.GUIDGenerator]
2016-07-11 19:33:03.894 DEBUG 17179 --- [main] .i.f.i.DefaultIdentifierGeneratorFactory : Registering IdentifierGenerator strategy [uuid] -> [org.hibernate.id.UUIDHexGenerator]
2016-07-11 19:33:03.895 DEBUG 17179 --- [main] .i.f.i.DefaultIdentifierGeneratorFactory : Registering IdentifierGenerator strategy [uuid.hex] -> [org.hibernate.id.UUIDHexGenerator]
2016-07-11 19:33:03.896 DEBUG 17179 --- [main] .i.f.i.DefaultIdentifierGeneratorFactory : Registering IdentifierGenerator strategy [hilo] -> [org.hibernate.id.TableHiLoGenerator]
2016-07-11 19:33:03.897 DEBUG 17179 --- [main] .i.f.i.DefaultIdentifierGeneratorFactory : Registering IdentifierGenerator strategy [assigned] -> [org.hibernate.id.Assigned]
2016-07-11 19:33:03.898 DEBUG 17179 --- [main] .i.f.i.DefaultIdentifierGeneratorFactory : Registering IdentifierGenerator strategy [identity] -> [org.hibernate.id.IdentityGenerator]
2016-07-11 19:33:03.899 DEBUG 17179 --- [main] .i.f.i.DefaultIdentifierGeneratorFactory : Registering IdentifierGenerator strategy [select] -> [org.hibernate.id.SelectGenerator]
2016-07-11 19:33:03.900 DEBUG 17179 --- [main] .i.f.i.DefaultIdentifierGeneratorFactory : Registering IdentifierGenerator strategy [sequence] -> [org.hibernate.id.SequenceGenerator]
2016-07-11 19:33:03.901 DEBUG 17179 --- [main] .i.f.i.DefaultIdentifierGeneratorFactory : Registering IdentifierGenerator strategy [seqhilo] -> [org.hibernate.id.SequenceHiLoGenerator]
2016-07-11 19:33:03.901 DEBUG 17179 --- [main] .i.f.i.DefaultIdentifierGeneratorFactory : Registering IdentifierGenerator strategy [increment] -> [org.hibernate.id.IncrementGenerator]
2016-07-11 19:33:03.902 DEBUG 17179 --- [main] .i.f.i.DefaultIdentifierGeneratorFactory : Registering IdentifierGenerator strategy [foreign] -> [org.hibernate.id.ForeignGenerator]
2016-07-11 19:33:03.902 DEBUG 17179 --- [main] .i.f.i.DefaultIdentifierGeneratorFactory : Registering IdentifierGenerator strategy [sequence-identity] -> [org.hibernate.id.SequenceIdentityGenerator]
2016-07-11 19:33:03.903 DEBUG 17179 --- [main] .i.f.i.DefaultIdentifierGeneratorFactory : Registering IdentifierGenerator strategy [enhanced-sequence] -> [org.hibernate.id.enhanced.SequenceStyleGenerator]
2016-07-11 19:33:03.904 DEBUG 17179 --- [main] .i.f.i.DefaultIdentifierGeneratorFactory : Registering IdentifierGenerator strategy [enhanced-table] -> [org.hibernate.id.enhanced.TableGenerator]
2016-07-11 19:33:03.908 DEBUG 17179 --- [main] org.hibernate.cfg.Configuration          : Preparing to build session factory with filters : {}
2016-07-11 19:33:03.933 DEBUG 17179 --- [main] o.h.e.jdbc.internal.JdbcServicesImpl     : Database ->
       name : H2
    version : 1.4.191 (2016-01-21)
      major : 1
      minor : 4
2016-07-11 19:33:03.934 DEBUG 17179 --- [main] o.h.e.jdbc.internal.JdbcServicesImpl     : Driver ->
       name : H2 JDBC Driver
    version : 1.4.191 (2016-01-21)
      major : 1
      minor : 4
2016-07-11 19:33:03.934 DEBUG 17179 --- [main] o.h.e.jdbc.internal.JdbcServicesImpl     : JDBC version : 4.0
2016-07-11 19:33:03.938 DEBUG 17179 --- [main] o.h.e.j.c.i.StandardRefCursorSupport     : Unexpected error trying to gauge level of JDBC REF_CURSOR support : null
2016-07-11 19:33:04.125  INFO 17179 --- [main] org.hibernate.dialect.Dialect            : HHH000400: Using dialect: org.hibernate.dialect.H2Dialect
2016-07-11 19:33:04.183 DEBUG 17179 --- [main] org.hibernate.cfg.Configuration          : Processing hbm.xml files
2016-07-11 19:33:04.183 DEBUG 17179 --- [main] org.hibernate.cfg.Configuration          : Process annotated classes
2016-07-11 19:33:04.186 DEBUG 17179 --- [main] org.hibernate.cfg.Configuration          : Processing fk mappings (*ToOne and JoinedSubclass)
2016-07-11 19:33:04.186 DEBUG 17179 --- [main] org.hibernate.cfg.Configuration          : Processing extends queue
2016-07-11 19:33:04.186 DEBUG 17179 --- [main] org.hibernate.cfg.Configuration          : Processing extends queue
2016-07-11 19:33:04.191 DEBUG 17179 --- [main] org.hibernate.cfg.Configuration          : Processing collection mappings
2016-07-11 19:33:04.191 DEBUG 17179 --- [main] org.hibernate.cfg.Configuration          : Processing native query and ResultSetMapping mappings
2016-07-11 19:33:04.191 DEBUG 17179 --- [main] org.hibernate.cfg.Configuration          : Processing association property references
2016-07-11 19:33:04.191 DEBUG 17179 --- [main] org.hibernate.cfg.Configuration          : Creating tables' unique integer identifiers
2016-07-11 19:33:04.191 DEBUG 17179 --- [main] org.hibernate.cfg.Configuration          : Processing foreign key constraints
2016-07-11 19:33:04.198 DEBUG 17179 --- [main] org.hibernate.cfg.SettingsFactory        : Automatic flush during beforeCompletion(): disabled
2016-07-11 19:33:04.199 DEBUG 17179 --- [main] org.hibernate.cfg.SettingsFactory        : Automatic session close at end of transaction: disabled
2016-07-11 19:33:04.199 DEBUG 17179 --- [main] org.hibernate.cfg.SettingsFactory        : JDBC batch size: 15
2016-07-11 19:33:04.200 DEBUG 17179 --- [main] org.hibernate.cfg.SettingsFactory        : JDBC batch updates for versioned data: disabled
2016-07-11 19:33:04.201 DEBUG 17179 --- [main] org.hibernate.cfg.SettingsFactory        : Scrollable result sets: enabled
2016-07-11 19:33:04.201 DEBUG 17179 --- [main] org.hibernate.cfg.SettingsFactory        : Wrap result sets: disabled
2016-07-11 19:33:04.201 DEBUG 17179 --- [main] org.hibernate.cfg.SettingsFactory        : JDBC3 getGeneratedKeys(): enabled
2016-07-11 19:33:04.201 DEBUG 17179 --- [main] org.hibernate.cfg.SettingsFactory        : multi-tenancy strategy : NONE
2016-07-11 19:33:04.201 DEBUG 17179 --- [main] org.hibernate.cfg.SettingsFactory        : Connection release mode: auto
2016-07-11 19:33:04.206 DEBUG 17179 --- [main] org.hibernate.cfg.SettingsFactory        : Using BatchFetchStyle : LEGACY
2016-07-11 19:33:04.206 DEBUG 17179 --- [main] org.hibernate.cfg.SettingsFactory        : Default batch fetch size: 1
2016-07-11 19:33:04.206 DEBUG 17179 --- [main] org.hibernate.cfg.SettingsFactory        : Generate SQL with comments: disabled
2016-07-11 19:33:04.206 DEBUG 17179 --- [main] org.hibernate.cfg.SettingsFactory        : Order SQL updates by primary key: disabled
2016-07-11 19:33:04.206 DEBUG 17179 --- [main] org.hibernate.cfg.SettingsFactory        : Order SQL inserts for batching: disabled
2016-07-11 19:33:04.206 DEBUG 17179 --- [main] org.hibernate.cfg.SettingsFactory        : Default null ordering: none
2016-07-11 19:33:04.207 DEBUG 17179 --- [main] org.hibernate.cfg.SettingsFactory        : Query translator: org.hibernate.hql.internal.ast.ASTQueryTranslatorFactory
2016-07-11 19:33:04.212  INFO 17179 --- [main] o.h.h.i.ast.ASTQueryTranslatorFactory    : HHH000397: Using ASTQueryTranslatorFactory
2016-07-11 19:33:04.213 DEBUG 17179 --- [main] org.hibernate.cfg.SettingsFactory        : Query language substitutions: {}
2016-07-11 19:33:04.213 DEBUG 17179 --- [main] org.hibernate.cfg.SettingsFactory        : JPA-QL strict compliance: disabled
2016-07-11 19:33:04.213 DEBUG 17179 --- [main] org.hibernate.cfg.SettingsFactory        : Second-level cache: enabled
2016-07-11 19:33:04.213 DEBUG 17179 --- [main] org.hibernate.cfg.SettingsFactory        : Query cache: disabled
2016-07-11 19:33:04.214 DEBUG 17179 --- [main] o.h.c.internal.RegionFactoryInitiator    : Cache region factory : org.hibernate.cache.internal.NoCachingRegionFactory
2016-07-11 19:33:04.217 DEBUG 17179 --- [main] org.hibernate.cfg.SettingsFactory        : Optimize cache for minimal puts: disabled
2016-07-11 19:33:04.217 DEBUG 17179 --- [main] org.hibernate.cfg.SettingsFactory        : Structured second-level cache entries: disabled
2016-07-11 19:33:04.217 DEBUG 17179 --- [main] org.hibernate.cfg.SettingsFactory        : Second-level cache direct-reference entries: disabled
2016-07-11 19:33:04.217 DEBUG 17179 --- [main] org.hibernate.cfg.SettingsFactory        : Automatic eviction of collection cache: disabled
2016-07-11 19:33:04.218 DEBUG 17179 --- [main] org.hibernate.cfg.SettingsFactory        : Statistics: disabled
2016-07-11 19:33:04.218 DEBUG 17179 --- [main] org.hibernate.cfg.SettingsFactory        : Deleted entity synthetic identifier rollback: disabled
2016-07-11 19:33:04.218 DEBUG 17179 --- [main] org.hibernate.cfg.SettingsFactory        : Default entity-mode: pojo
2016-07-11 19:33:04.218 DEBUG 17179 --- [main] org.hibernate.cfg.SettingsFactory        : Named query checking : enabled
2016-07-11 19:33:04.218 DEBUG 17179 --- [main] org.hibernate.cfg.SettingsFactory        : Check Nullability in Core (should be disabled when Bean Validation is on): enabled
2016-07-11 19:33:04.218 DEBUG 17179 --- [main] org.hibernate.cfg.SettingsFactory        : Allow initialization of lazy state outside session : : disabled
2016-07-11 19:33:04.218 DEBUG 17179 --- [main] org.hibernate.cfg.SettingsFactory        : JTA Track by Thread: enabled
2016-07-11 19:33:04.227 DEBUG 17179 --- [main] o.hibernate.internal.SessionFactoryImpl  : Building session factory
2016-07-11 19:33:04.240 DEBUG 17179 --- [main] o.hibernate.internal.SessionFactoryImpl  : Session factory constructed with filter configurations : {}
2016-07-11 19:33:04.241 DEBUG 17179 --- [main] o.hibernate.internal.SessionFactoryImpl  : Instantiating session factory with properties: {java.runtime.name=OpenJDK Runtime Environment, sun.boot.library.path=/usr/lib/jvm/java-8-openjdk-amd64/jre/lib/amd64, java.vm.version=25.91-b14, java.vm.vendor=Oracle Corporation, java.vendor.url=http://java.oracle.com/, path.separator=:, java.vm.name=OpenJDK 64-Bit Server VM, file.encoding.pkg=sun.io, idea.launcher.port=7532, user.country=FR, sun.java.launcher=SUN_STANDARD, sun.os.patch.level=unknown, hibernate.ejb.naming_strategy=org.springframework.boot.orm.jpa.hibernate.SpringNamingStrategy, java.vm.specification.name=Java Virtual Machine Specification, user.dir=/home/ileossa/workspace/HomeWorkOrganizer, PID=17179, javax.persistence.sharedCache.mode=UNSPECIFIED, java.runtime.version=1.8.0_91-8u91-b14-0ubuntu4~14.04-b14, java.awt.graphicsenv=sun.awt.X11GraphicsEnvironment, java.endorsed.dirs=/usr/lib/jvm/java-8-openjdk-amd64/jre/lib/endorsed, os.arch=amd64, org.jboss.logging.provider=slf4j, java.io.tmpdir=/tmp, line.separator=
, java.vm.specification.vendor=Oracle Corporation, os.name=Linux, sun.jnu.encoding=UTF-8, java.library.path=/opt/idea-IU-143.2287.1/bin::/usr/java/packages/lib/amd64:/usr/lib/x86_64-linux-gnu/jni:/lib/x86_64-linux-gnu:/usr/lib/x86_64-linux-gnu:/usr/lib/jni:/lib:/usr/lib, spring.beaninfo.ignore=true, hibernate.ejb.persistenceUnitName=default, java.specification.name=Java Platform API Specification, java.class.version=52.0, hibernate.transaction.jta.platform=org.hibernate.engine.transaction.jta.platform.internal.NoJtaPlatform@40ed1802, sun.management.compiler=HotSpot 64-Bit Tiered Compilers, os.version=3.13.0-91-generic, LOG_FILE=LOGS/Home Work Organizerbba986e8ccda5b511e582572983619a6.log, user.home=/home/ileossa, catalina.useNaming=false, user.timezone=Europe/Paris, java.awt.printerjob=sun.print.PSPrinterJob, java.specification.version=1.8, idea.launcher.bin.path=/opt/idea-IU-143.2287.1/bin, file.encoding=UTF-8, javax.persistence.nonJtaDataSource=org.apache.tomcat.jdbc.pool.DataSource@751ae8a4{ConnectionPool[defaultAutoCommit=null; defaultReadOnly=null; defaultTransactionIsolation=-1; defaultCatalog=null; driverClassName=org.h2.Driver; maxActive=100; maxIdle=100; minIdle=10; initialSize=10; maxWait=30000; testOnBorrow=false; testOnReturn=false; timeBetweenEvictionRunsMillis=5000; numTestsPerEvictionRun=0; minEvictableIdleTimeMillis=60000; testWhileIdle=false; testOnConnect=false; password=********; url=jdbc:h2:mem:testdb;DB_CLOSE_DELAY=-1;DB_CLOSE_ON_EXIT=FALSE; username=sa; validationQuery=null; validationQueryTimeout=-1; validatorClassName=null; validationInterval=30000; accessToUnderlyingConnectionAllowed=true; removeAbandoned=false; removeAbandonedTimeout=60; logAbandoned=false; connectionProperties=null; initSQL=null; jdbcInterceptors=null; jmxEnabled=true; fairQueue=true; useEquals=true; abandonWhenPercentageFull=0; maxAge=0; useLock=false; dataSource=null; dataSourceJNDI=null; suspectTimeout=0; alternateUsernameAllowed=false; commitOnReturn=false; rollbackOnReturn=false; useDisposableConnectionFacade=true; logValidationErrors=false; propagateInterruptState=false; ignoreExceptionOnPreLoad=false; }, catalina.home=/tmp/tomcat.8143841753520679771.8080, user.name=ileossa, java.class.path=/usr/lib/jvm/java-8-openjdk-amd64/jre/lib/charsets.jar:/usr/lib/jvm/java-8-openjdk-amd64/jre/lib/ext/cldrdata.jar:/usr/lib/jvm/java-8-openjdk-amd64/jre/lib/ext/dnsns.jar:/usr/lib/jvm/java-8-openjdk-amd64/jre/lib/ext/icedtea-sound.jar:/usr/lib/jvm/java-8-openjdk-amd64/jre/lib/ext/jaccess.jar:/usr/lib/jvm/java-8-openjdk-amd64/jre/lib/ext/java-atk-wrapper.jar:/usr/lib/jvm/java-8-openjdk-amd64/jre/lib/ext/localedata.jar:/usr/lib/jvm/java-8-openjdk-amd64/jre/lib/ext/nashorn.jar:/usr/lib/jvm/java-8-openjdk-amd64/jre/lib/ext/sunec.jar:/usr/lib/jvm/java-8-openjdk-amd64/jre/lib/ext/sunjce_provider.jar:/usr/lib/jvm/java-8-openjdk-amd64/jre/lib/ext/sunpkcs11.jar:/usr/lib/jvm/java-8-openjdk-amd64/jre/lib/ext/zipfs.jar:/usr/lib/jvm/java-8-openjdk-amd64/jre/lib/jce.jar:/usr/lib/jvm/java-8-openjdk-amd64/jre/lib/jsse.jar:/usr/lib/jvm/java-8-openjdk-amd64/jre/lib/management-agent.jar:/usr/lib/jvm/java-8-openjdk-amd64/jre/lib/resources.jar:/usr/lib/jvm/java-8-openjdk-amd64/jre/lib/rt.jar:/home/ileossa/workspace/HomeWorkOrganizer/target/classes:/home/ileossa/.m2/repository/org/springframework/boot/spring-boot-starter-web/1.3.5.RELEASE/spring-boot-starter-web-1.3.5.RELEASE.jar:/home/ileossa/.m2/repository/org/springframework/boot/spring-boot-starter/1.3.5.RELEASE/spring-boot-starter-1.3.5.RELEASE.jar:/home/ileossa/.m2/repository/org/springframework/boot/spring-boot/1.3.5.RELEASE/spring-boot-1.3.5.RELEASE.jar:/home/ileossa/.m2/repository/org/springframework/boot/spring-boot-autoconfigure/1.3.5.RELEASE/spring-boot-autoconfigure-1.3.5.RELEASE.jar:/home/ileossa/.m2/repository/org/springframework/boot/spring-boot-starter-logging/1.3.5.RELEASE/spring-boot-starter-logging-1.3.5.RELEASE.jar:/home/ileossa/.m2/repository/ch/qos/logback/logback-classic/1.1.7/logback-classic-1.1.7.jar:/home/ileossa/.m2/repository/ch/qos/logback/logback-core/1.1.7/logback-core-1.1.7.jar:/home/ileossa/.m2/repository/org/slf4j/jul-to-slf4j/1.7.21/jul-to-slf4j-1.7.21.jar:/home/ileossa/.m2/repository/org/slf4j/log4j-over-slf4j/1.7.21/log4j-over-slf4j-1.7.21.jar:/home/ileossa/.m2/repository/org/yaml/snakeyaml/1.16/snakeyaml-1.16.jar:/home/ileossa/.m2/repository/org/springframework/boot/spring-boot-starter-tomcat/1.3.5.RELEASE/spring-boot-starter-tomcat-1.3.5.RELEASE.jar:/home/ileossa/.m2/repository/org/apache/tomcat/embed/tomcat-embed-core/8.0.33/tomcat-embed-core-8.0.33.jar:/home/ileossa/.m2/repository/org/apache/tomcat/embed/tomcat-embed-el/8.0.33/tomcat-embed-el-8.0.33.jar:/home/ileossa/.m2/repository/org/apache/tomcat/embed/tomcat-embed-logging-juli/8.0.33/tomcat-embed-logging-juli-8.0.33.jar:/home/ileossa/.m2/repository/org/apache/tomcat/embed/tomcat-embed-websocket/8.0.33/tomcat-embed-websocket-8.0.33.jar:/home/ileossa/.m2/repository/org/springframework/boot/spring-boot-starter-validation/1.3.5.RELEASE/spring-boot-starter-validation-1.3.5.RELEASE.jar:/home/ileossa/.m2/repository/org/hibernate/hibernate-validator/5.2.4.Final/hibernate-validator-5.2.4.Final.jar:/home/ileossa/.m2/repository/javax/validation/validation-api/1.1.0.Final/validation-api-1.1.0.Final.jar:/home/ileossa/.m2/repository/com/fasterxml/jackson/core/jackson-databind/2.6.6/jackson-databind-2.6.6.jar:/home/ileossa/.m2/repository/com/fasterxml/jackson/core/jackson-annotations/2.6.6/jackson-annotations-2.6.6.jar:/home/ileossa/.m2/repository/com/fasterxml/jackson/core/jackson-core/2.6.6/jackson-core-2.6.6.jar:/home/ileossa/.m2/repository/org/springframework/spring-web/4.2.6.RELEASE/spring-web-4.2.6.RELEASE.jar:/home/ileossa/.m2/repository/org/springframework/spring-aop/4.2.6.RELEASE/spring-aop-4.2.6.RELEASE.jar:/home/ileossa/.m2/repository/aopalliance/aopalliance/1.0/aopalliance-1.0.jar:/home/ileossa/.m2/repository/org/springframework/spring-beans/4.2.6.RELEASE/spring-beans-4.2.6.RELEASE.jar:/home/ileossa/.m2/repository/org/springframework/spring-context/4.2.6.RELEASE/spring-context-4.2.6.RELEASE.jar:/home/ileossa/.m2/repository/org/springframework/spring-webmvc/4.2.6.RELEASE/spring-webmvc-4.2.6.RELEASE.jar:/home/ileossa/.m2/repository/org/springframework/spring-expression/4.2.6.RELEASE/spring-expression-4.2.6.RELEASE.jar:/home/ileossa/.m2/repository/org/springframework/boot/spring-boot-starter-data-jpa/1.3.5.RELEASE/spring-boot-starter-data-jpa-1.3.5.RELEASE.jar:/home/ileossa/.m2/repository/org/springframework/boot/spring-boot-starter-aop/1.3.5.RELEASE/spring-boot-starter-aop-1.3.5.RELEASE.jar:/home/ileossa/.m2/repository/org/aspectj/aspectjweaver/1.8.9/aspectjweaver-1.8.9.jar:/home/ileossa/.m2/repository/org/hibernate/hibernate-entitymanager/4.3.11.Final/hibernate-entitymanager-4.3.11.Final.jar:/home/ileossa/.m2/repository/org/jboss/logging/jboss-logging/3.3.0.Final/jboss-logging-3.3.0.Final.jar:/home/ileossa/.m2/repository/org/jboss/logging/jboss-logging-annotations/1.2.0.Beta1/jboss-logging-annotations-1.2.0.Beta1.jar:/home/ileossa/.m2/repository/org/hibernate/hibernate-core/4.3.11.Final/hibernate-core-4.3.11.Final.jar:/home/ileossa/.m2/repository/antlr/antlr/2.7.7/antlr-2.7.7.jar:/home/ileossa/.m2/repository/org/jboss/jandex/1.1.0.Final/jandex-1.1.0.Final.jar:/home/ileossa/.m2/repository/dom4j/dom4j/1.6.1/dom4j-1.6.1.jar:/home/ileossa/.m2/repository/xml-apis/xml-apis/1.0.b2/xml-apis-1.0.b2.jar:/home/ileossa/.m2/repository/org/hibernate/common/hibernate-commons-annotations/4.0.5.Final/hibernate-commons-annotations-4.0.5.Final.jar:/home/ileossa/.m2/repository/org/hibernate/javax/persistence/hibernate-jpa-2.1-api/1.0.0.Final/hibernate-jpa-2.1-api-1.0.0.Final.jar:/home/ileossa/.m2/repository/org/javassist/javassist/3.18.1-GA/javassist-3.18.1-GA.jar:/home/ileossa/.m2/repository/javax/transaction/javax.transaction-api/1.2/javax.transaction-api-1.2.jar:/home/ileossa/.m2/repository/org/springframework/data/spring-data-jpa/1.9.4.RELEASE/spring-data-jpa-1.9.4.RELEASE.jar:/home/ileossa/.m2/repository/org/springframework/data/spring-data-commons/1.11.4.RELEASE/spring-data-commons-1.11.4.RELEASE.jar:/home/ileossa/.m2/repository/org/springframework/spring-orm/4.2.6.RELEASE/spring-orm-4.2.6.RELEASE.jar:/home/ileossa/.m2/repository/org/springframework/spring-tx/4.2.6.RELEASE/spring-tx-4.2.6.RELEASE.jar:/home/ileossa/.m2/repository/org/slf4j/jcl-over-slf4j/1.7.21/jcl-over-slf4j-1.7.21.jar:/home/ileossa/.m2/repository/org/springframework/spring-aspects/4.2.6.RELEASE/spring-aspects-4.2.6.RELEASE.jar:/home/ileossa/.m2/repository/org/hsqldb/hsqldb/2.3.3/hsqldb-2.3.3.jar:/home/ileossa/.m2/repository/org/springframework/boot/spring-boot-starter-jdbc/1.3.3.RELEASE/spring-boot-starter-jdbc-1.3.3.RELEASE.jar:/home/ileossa/.m2/repository/org/apache/tomcat/tomcat-jdbc/8.0.33/tomcat-jdbc-8.0.33.jar:/home/ileossa/.m2/repository/org/apache/tomcat/tomcat-juli/8.0.33/tomcat-juli-8.0.33.jar:/home/ileossa/.m2/repository/org/springframework/spring-jdbc/4.2.6.RELEASE/spring-jdbc-4.2.6.RELEASE.jar:/home/ileossa/.m2/repository/org/postgresql/postgresql/9.4-1201-jdbc4/postgresql-9.4-1201-jdbc4.jar:/home/ileossa/.m2/repository/com/h2database/h2/1.4.191/h2-1.4.191.jar:/home/ileossa/.m2/repository/org/hamcrest/hamcrest-core/1.3/hamcrest-core-1.3.jar:/home/ileossa/.m2/repository/org/springframework/spring-core/4.2.6.RELEASE/spring-core-4.2.6.RELEASE.jar:/home/ileossa/.m2/repository/junit/junit/4.10/junit-4.10.jar:/home/ileossa/.m2/repository/org/projectlombok/lombok/1.16.6/lombok-1.16.6.jar:/home/ileossa/.m2/repository/io/springfox/springfox-swagger2/2.4.0/springfox-swagger2-2.4.0.jar:/home/ileossa/.m2/repository/io/swagger/swagger-annotations/1.5.6/swagger-annotations-1.5.6.jar:/home/ileossa/.m2/repository/io/swagger/swagger-models/1.5.6/swagger-models-1.5.6.jar:/home/ileossa/.m2/repository/io/springfox/springfox-spi/2.4.0/springfox-spi-2.4.0.jar:/home/ileossa/.m2/repository/io/springfox/springfox-core/2.4.0/springfox-core-2.4.0.jar:/home/ileossa/.m2/repository/io/springfox/springfox-schema/2.4.0/springfox-schema-2.4.0.jar:/home/ileossa/.m2/repository/io/springfox/springfox-swagger-common/2.4.0/springfox-swagger-common-2.4.0.jar:/home/ileossa/.m2/repository/io/springfox/springfox-spring-web/2.4.0/springfox-spring-web-2.4.0.jar:/home/ileossa/.m2/repository/com/google/guava/guava/18.0/guava-18.0.jar:/home/ileossa/.m2/repository/com/fasterxml/classmate/1.3.1/classmate-1.3.1.jar:/home/ileossa/.m2/repository/org/slf4j/slf4j-api/1.7.21/slf4j-api-1.7.21.jar:/home/ileossa/.m2/repository/org/springframework/plugin/spring-plugin-core/1.2.0.RELEASE/spring-plugin-core-1.2.0.RELEASE.jar:/home/ileossa/.m2/repository/org/springframework/plugin/spring-plugin-metadata/1.2.0.RELEASE/spring-plugin-metadata-1.2.0.RELEASE.jar:/home/ileossa/.m2/repository/io/springfox/springfox-swagger-ui/2.2.2/springfox-swagger-ui-2.2.2.jar:/opt/idea-IU-143.2287.1/lib/idea_rt.jar, hibernate.bytecode.use_reflection_optimizer=false, hibernate.show_sql=true, javax.persistence.validation.mode=AUTO, java.vm.specification.version=1.8, sun.arch.data.model=64, java.home=/usr/lib/jvm/java-8-openjdk-amd64/jre, sun.java.command=com.intellij.rt.execution.application.AppMain com.ileossa.hwo.LauncherApp --spring.output.ansi.enabled=always, java.specification.vendor=Oracle Corporation, user.language=fr, awt.toolkit=sun.awt.X11.XToolkit, java.vm.info=mixed mode, java.version=1.8.0_91, java.ext.dirs=/usr/lib/jvm/java-8-openjdk-amd64/jre/lib/ext:/usr/java/packages/lib/ext, sun.boot.class.path=/usr/lib/jvm/java-8-openjdk-amd64/jre/lib/resources.jar:/usr/lib/jvm/java-8-openjdk-amd64/jre/lib/rt.jar:/usr/lib/jvm/java-8-openjdk-amd64/jre/lib/sunrsasign.jar:/usr/lib/jvm/java-8-openjdk-amd64/jre/lib/jsse.jar:/usr/lib/jvm/java-8-openjdk-amd64/jre/lib/jce.jar:/usr/lib/jvm/java-8-openjdk-amd64/jre/lib/charsets.jar:/usr/lib/jvm/java-8-openjdk-amd64/jre/lib/jfr.jar:/usr/lib/jvm/java-8-openjdk-amd64/jre/classes, java.vendor=Oracle Corporation, java.awt.headless=true, catalina.base=/tmp/tomcat.8143841753520679771.8080, file.separator=/, java.vendor.url.bug=http://bugreport.sun.com/bugreport/, hibernate.hbm2ddl.auto=create-drop, sun.cpu.endian=little, sun.io.unicode.encoding=UnicodeLittle, sun.desktop=gnome, sun.cpu.isalist=}
2016-07-11 19:33:04.258 DEBUG 17179 --- [main] o.h.v.i.e.r.DefaultTraversableResolver   : Found javax.persistence.Persistence on classpath containing 'getPersistenceUtil'. Assuming JPA 2 environment. Trying to instantiate JPA aware TraversableResolver
2016-07-11 19:33:04.259 DEBUG 17179 --- [main] o.h.v.i.e.r.DefaultTraversableResolver   : Instantiated JPA aware TraversableResolver of type org.hibernate.validator.internal.engine.resolver.JPATraversableResolver.
2016-07-11 19:33:04.259 DEBUG 17179 --- [main] o.h.v.internal.xml.ValidationXmlParser   : Trying to load META-INF/validation.xml for XML based Validator configuration.
2016-07-11 19:33:04.259 DEBUG 17179 --- [main] o.h.v.internal.xml.ResourceLoaderHelper  : Trying to load META-INF/validation.xml via TCCL
2016-07-11 19:33:04.259 DEBUG 17179 --- [main] o.h.v.internal.xml.ResourceLoaderHelper  : Trying to load META-INF/validation.xml via Hibernate Validator's class loader
2016-07-11 19:33:04.259 DEBUG 17179 --- [main] o.h.v.internal.xml.ValidationXmlParser   : No META-INF/validation.xml found. Using annotation based configuration only.
2016-07-11 19:33:04.288 DEBUG 17179 --- [main] org.hibernate.secure.spi.JaccIntegrator  : Skipping JACC integration as it was not enabled
2016-07-11 19:33:04.290 DEBUG 17179 --- [main] org.hibernate.engine.spi.CascadeStyles   : External cascade style regsitration [persist : STYLE_PERSIST_SKIPLAZY] overrode base registration [STYLE_PERSIST]
2016-07-11 19:33:04.304 DEBUG 17179 --- [main] o.h.internal.SessionFactoryRegistry      : Initializing SessionFactoryRegistry : org.hibernate.internal.SessionFactoryRegistry@4f7be6c8
2016-07-11 19:33:04.304 DEBUG 17179 --- [main] o.h.internal.SessionFactoryRegistry      : Registering SessionFactory: 21aa58d6-b7e8-445b-b4f3-a596144bf294 (<unnamed>)
2016-07-11 19:33:04.304 DEBUG 17179 --- [main] o.h.internal.SessionFactoryRegistry      : Not binding SessionFactory to JNDI, no JNDI name configured
2016-07-11 19:33:04.304 DEBUG 17179 --- [main] o.hibernate.internal.SessionFactoryImpl  : Instantiated session factory
2016-07-11 19:33:04.310 DEBUG 17179 --- [main] org.hibernate.cfg.Configuration          : Processing hbm.xml files
2016-07-11 19:33:04.310 DEBUG 17179 --- [main] org.hibernate.cfg.Configuration          : Process annotated classes
2016-07-11 19:33:04.310 DEBUG 17179 --- [main] org.hibernate.cfg.Configuration          : Processing fk mappings (*ToOne and JoinedSubclass)
2016-07-11 19:33:04.310 DEBUG 17179 --- [main] org.hibernate.cfg.Configuration          : Processing extends queue
2016-07-11 19:33:04.310 DEBUG 17179 --- [main] org.hibernate.cfg.Configuration          : Processing extends queue
2016-07-11 19:33:04.310 DEBUG 17179 --- [main] org.hibernate.cfg.Configuration          : Processing collection mappings
2016-07-11 19:33:04.310 DEBUG 17179 --- [main] org.hibernate.cfg.Configuration          : Processing native query and ResultSetMapping mappings
2016-07-11 19:33:04.310 DEBUG 17179 --- [main] org.hibernate.cfg.Configuration          : Processing association property references
2016-07-11 19:33:04.310 DEBUG 17179 --- [main] org.hibernate.cfg.Configuration          : Creating tables' unique integer identifiers
2016-07-11 19:33:04.310 DEBUG 17179 --- [main] org.hibernate.cfg.Configuration          : Processing foreign key constraints
2016-07-11 19:33:04.310 DEBUG 17179 --- [main] org.hibernate.cfg.Configuration          : Processing hbm.xml files
2016-07-11 19:33:04.310 DEBUG 17179 --- [main] org.hibernate.cfg.Configuration          : Process annotated classes
2016-07-11 19:33:04.311 DEBUG 17179 --- [main] org.hibernate.cfg.Configuration          : Processing fk mappings (*ToOne and JoinedSubclass)
2016-07-11 19:33:04.311 DEBUG 17179 --- [main] org.hibernate.cfg.Configuration          : Processing extends queue
2016-07-11 19:33:04.311 DEBUG 17179 --- [main] org.hibernate.cfg.Configuration          : Processing extends queue
2016-07-11 19:33:04.311 DEBUG 17179 --- [main] org.hibernate.cfg.Configuration          : Processing collection mappings
2016-07-11 19:33:04.311 DEBUG 17179 --- [main] org.hibernate.cfg.Configuration          : Processing native query and ResultSetMapping mappings
2016-07-11 19:33:04.311 DEBUG 17179 --- [main] org.hibernate.cfg.Configuration          : Processing association property references
2016-07-11 19:33:04.311 DEBUG 17179 --- [main] org.hibernate.cfg.Configuration          : Creating tables' unique integer identifiers
2016-07-11 19:33:04.311 DEBUG 17179 --- [main] org.hibernate.cfg.Configuration          : Processing foreign key constraints
2016-07-11 19:33:04.312  INFO 17179 --- [main] org.hibernate.tool.hbm2ddl.SchemaExport  : HHH000227: Running hbm2ddl schema export
2016-07-11 19:33:04.313 DEBUG 17179 --- [main] org.hibernate.tool.hbm2ddl.SchemaExport  : Import file not found: /import.sql
2016-07-11 19:33:04.314  INFO 17179 --- [main] org.hibernate.tool.hbm2ddl.SchemaExport  : HHH000230: Schema export complete
2016-07-11 19:33:04.315 DEBUG 17179 --- [main] org.hibernate.cfg.Configuration          : Processing hbm.xml files
2016-07-11 19:33:04.315 DEBUG 17179 --- [main] org.hibernate.cfg.Configuration          : Process annotated classes
2016-07-11 19:33:04.315 DEBUG 17179 --- [main] org.hibernate.cfg.Configuration          : Processing fk mappings (*ToOne and JoinedSubclass)
2016-07-11 19:33:04.315 DEBUG 17179 --- [main] org.hibernate.cfg.Configuration          : Processing extends queue
2016-07-11 19:33:04.315 DEBUG 17179 --- [main] org.hibernate.cfg.Configuration          : Processing extends queue
2016-07-11 19:33:04.315 DEBUG 17179 --- [main] org.hibernate.cfg.Configuration          : Processing collection mappings
2016-07-11 19:33:04.315 DEBUG 17179 --- [main] org.hibernate.cfg.Configuration          : Processing native query and ResultSetMapping mappings
2016-07-11 19:33:04.315 DEBUG 17179 --- [main] org.hibernate.cfg.Configuration          : Processing association property references
2016-07-11 19:33:04.315 DEBUG 17179 --- [main] org.hibernate.cfg.Configuration          : Creating tables' unique integer identifiers
2016-07-11 19:33:04.315 DEBUG 17179 --- [main] org.hibernate.cfg.Configuration          : Processing foreign key constraints
2016-07-11 19:33:04.315 DEBUG 17179 --- [main] org.hibernate.cfg.Configuration          : Processing hbm.xml files
2016-07-11 19:33:04.315 DEBUG 17179 --- [main] org.hibernate.cfg.Configuration          : Process annotated classes
2016-07-11 19:33:04.315 DEBUG 17179 --- [main] org.hibernate.cfg.Configuration          : Processing fk mappings (*ToOne and JoinedSubclass)
2016-07-11 19:33:04.315 DEBUG 17179 --- [main] org.hibernate.cfg.Configuration          : Processing extends queue
2016-07-11 19:33:04.315 DEBUG 17179 --- [main] org.hibernate.cfg.Configuration          : Processing extends queue
2016-07-11 19:33:04.315 DEBUG 17179 --- [main] org.hibernate.cfg.Configuration          : Processing collection mappings
2016-07-11 19:33:04.315 DEBUG 17179 --- [main] org.hibernate.cfg.Configuration          : Processing native query and ResultSetMapping mappings
2016-07-11 19:33:04.315 DEBUG 17179 --- [main] org.hibernate.cfg.Configuration          : Processing association property references
2016-07-11 19:33:04.315 DEBUG 17179 --- [main] org.hibernate.cfg.Configuration          : Creating tables' unique integer identifiers
2016-07-11 19:33:04.315 DEBUG 17179 --- [main] org.hibernate.cfg.Configuration          : Processing foreign key constraints
2016-07-11 19:33:04.315 DEBUG 17179 --- [main] o.h.internal.NamedQueryRepository        : Checking 0 named HQL queries
2016-07-11 19:33:04.316 DEBUG 17179 --- [main] o.h.internal.NamedQueryRepository        : Checking 0 named SQL queries
2016-07-11 19:33:04.321 DEBUG 17179 --- [main] o.h.stat.internal.StatisticsInitiator    : Statistics initialized [enabled=false]
2016-07-11 19:33:04.336 DEBUG 17179 --- [main] o.h.j.i.schemagen.JpaSchemaGenerator     : No actions specified; doing nothing
2016-07-11 19:33:04.415 DEBUG 17179 --- [main] o.h.j.i.EntityManagerFactoryRegistry     : Initializing EntityManagerFactoryRegistry : org.hibernate.jpa.internal.EntityManagerFactoryRegistry@7fd99443
2016-07-11 19:33:04.415 DEBUG 17179 --- [main] o.h.j.i.EntityManagerFactoryRegistry     : Registering EntityManagerFactory: default 
2016-07-11 19:33:04.450  WARN 17179 --- [main] ationConfigEmbeddedWebApplicationContext : Exception encountered during context initialization - cancelling refresh attempt: org.springframework.beans.factory.BeanCreationException: Error creating bean with name 'userController': Injection of autowired dependencies failed; nested exception is org.springframework.beans.factory.BeanCreationException: Could not autowire field: private user.repositorys.UserRepository user.controllers.UserController.userRepository; nested exception is org.springframework.beans.factory.NoSuchBeanDefinitionException: No qualifying bean of type [user.repositorys.UserRepository] found for dependency: expected at least 1 bean which qualifies as autowire candidate for this dependency. Dependency annotations: {@org.springframework.beans.factory.annotation.Autowired(required=true)}
2016-07-11 19:33:04.466  INFO 17179 --- [main] j.LocalContainerEntityManagerFactoryBean : Closing JPA EntityManagerFactory for persistence unit 'default'
2016-07-11 19:33:04.467 DEBUG 17179 --- [main] o.hibernate.internal.SessionFactoryImpl  : HHH000031: Closing
2016-07-11 19:33:04.467  INFO 17179 --- [main] org.hibernate.tool.hbm2ddl.SchemaExport  : HHH000227: Running hbm2ddl schema export
2016-07-11 19:33:04.467 DEBUG 17179 --- [main] org.hibernate.tool.hbm2ddl.SchemaExport  : Import file not found: /import.sql
2016-07-11 19:33:04.467  INFO 17179 --- [main] org.hibernate.tool.hbm2ddl.SchemaExport  : HHH000230: Schema export complete
2016-07-11 19:33:04.468 DEBUG 17179 --- [main] o.h.s.i.AbstractServiceRegistryImpl      : Implicitly destroying ServiceRegistry on de-registration of all child ServiceRegistries
2016-07-11 19:33:04.468 DEBUG 17179 --- [main] o.h.b.r.i.BootstrapServiceRegistryImpl   : Implicitly destroying Boot-strap registry on de-registration of all child ServiceRegistries
2016-07-11 19:33:04.468 DEBUG 17179 --- [main] o.h.j.i.EntityManagerFactoryRegistry     : Remove: name=default
2016-07-11 19:33:04.472  INFO 17179 --- [main] o.apache.catalina.core.StandardService   : Stopping service Tomcat
2016-07-11 19:33:04.488 ERROR 17179 --- [main] o.s.boot.SpringApplication               : Application startup failed

org.springframework.beans.factory.BeanCreationException: Error creating bean with name 'userController': Injection of autowired dependencies failed; nested exception is org.springframework.beans.factory.BeanCreationException: Could not autowire field: private user.repositorys.UserRepository user.controllers.UserController.userRepository; nested exception is org.springframework.beans.factory.NoSuchBeanDefinitionException: No qualifying bean of type [user.repositorys.UserRepository] found for dependency: expected at least 1 bean which qualifies as autowire candidate for this dependency. Dependency annotations: {@org.springframework.beans.factory.annotation.Autowired(required=true)}
	at org.springframework.beans.factory.annotation.AutowiredAnnotationBeanPostProcessor.postProcessPropertyValues(AutowiredAnnotationBeanPostProcessor.java:334) ~[spring-beans-4.2.6.RELEASE.jar:4.2.6.RELEASE]
	at org.springframework.beans.factory.support.AbstractAutowireCapableBeanFactory.populateBean(AbstractAutowireCapableBeanFactory.java:1214) ~[spring-beans-4.2.6.RELEASE.jar:4.2.6.RELEASE]
	at org.springframework.beans.factory.support.AbstractAutowireCapableBeanFactory.doCreateBean(AbstractAutowireCapableBeanFactory.java:543) ~[spring-beans-4.2.6.RELEASE.jar:4.2.6.RELEASE]
	at org.springframework.beans.factory.support.AbstractAutowireCapableBeanFactory.createBean(AbstractAutowireCapableBeanFactory.java:482) ~[spring-beans-4.2.6.RELEASE.jar:4.2.6.RELEASE]
	at org.springframework.beans.factory.support.AbstractBeanFactory$1.getObject(AbstractBeanFactory.java:306) ~[spring-beans-4.2.6.RELEASE.jar:4.2.6.RELEASE]
	at org.springframework.beans.factory.support.DefaultSingletonBeanRegistry.getSingleton(DefaultSingletonBeanRegistry.java:230) ~[spring-beans-4.2.6.RELEASE.jar:4.2.6.RELEASE]
	at org.springframework.beans.factory.support.AbstractBeanFactory.doGetBean(AbstractBeanFactory.java:302) ~[spring-beans-4.2.6.RELEASE.jar:4.2.6.RELEASE]
	at org.springframework.beans.factory.support.AbstractBeanFactory.getBean(AbstractBeanFactory.java:197) ~[spring-beans-4.2.6.RELEASE.jar:4.2.6.RELEASE]
	at org.springframework.beans.factory.support.DefaultListableBeanFactory.preInstantiateSingletons(DefaultListableBeanFactory.java:772) ~[spring-beans-4.2.6.RELEASE.jar:4.2.6.RELEASE]
	at org.springframework.context.support.AbstractApplicationContext.finishBeanFactoryInitialization(AbstractApplicationContext.java:839) ~[spring-context-4.2.6.RELEASE.jar:4.2.6.RELEASE]
	at org.springframework.context.support.AbstractApplicationContext.refresh(AbstractApplicationContext.java:538) ~[spring-context-4.2.6.RELEASE.jar:4.2.6.RELEASE]
	at org.springframework.boot.context.embedded.EmbeddedWebApplicationContext.refresh(EmbeddedWebApplicationContext.java:118) ~[spring-boot-1.3.5.RELEASE.jar:1.3.5.RELEASE]
	at org.springframework.boot.SpringApplication.refresh(SpringApplication.java:766) ~[spring-boot-1.3.5.RELEASE.jar:1.3.5.RELEASE]
	at org.springframework.boot.SpringApplication.createAndRefreshContext(SpringApplication.java:361) ~[spring-boot-1.3.5.RELEASE.jar:1.3.5.RELEASE]
	at org.springframework.boot.SpringApplication.run(SpringApplication.java:307) ~[spring-boot-1.3.5.RELEASE.jar:1.3.5.RELEASE]
	at org.springframework.boot.builder.SpringApplicationBuilder.run(SpringApplicationBuilder.java:134) [spring-boot-1.3.5.RELEASE.jar:1.3.5.RELEASE]
	at com.ileossa.hwo.LauncherApp.main(LauncherApp.java:35) [classes/:na]
	at sun.reflect.NativeMethodAccessorImpl.invoke0(Native Method) ~[na:1.8.0_91]
	at sun.reflect.NativeMethodAccessorImpl.invoke(NativeMethodAccessorImpl.java:62) ~[na:1.8.0_91]
	at sun.reflect.DelegatingMethodAccessorImpl.invoke(DelegatingMethodAccessorImpl.java:43) ~[na:1.8.0_91]
	at java.lang.reflect.Method.invoke(Method.java:498) ~[na:1.8.0_91]
	at com.intellij.rt.execution.application.AppMain.main(AppMain.java:144) [idea_rt.jar:na]
Caused by: org.springframework.beans.factory.BeanCreationException: Could not autowire field: private user.repositorys.UserRepository user.controllers.UserController.userRepository; nested exception is org.springframework.beans.factory.NoSuchBeanDefinitionException: No qualifying bean of type [user.repositorys.UserRepository] found for dependency: expected at least 1 bean which qualifies as autowire candidate for this dependency. Dependency annotations: {@org.springframework.beans.factory.annotation.Autowired(required=true)}
	at org.springframework.beans.factory.annotation.AutowiredAnnotationBeanPostProcessor$AutowiredFieldElement.inject(AutowiredAnnotationBeanPostProcessor.java:573) ~[spring-beans-4.2.6.RELEASE.jar:4.2.6.RELEASE]
	at org.springframework.beans.factory.annotation.InjectionMetadata.inject(InjectionMetadata.java:88) ~[spring-beans-4.2.6.RELEASE.jar:4.2.6.RELEASE]
	at org.springframework.beans.factory.annotation.AutowiredAnnotationBeanPostProcessor.postProcessPropertyValues(AutowiredAnnotationBeanPostProcessor.java:331) ~[spring-beans-4.2.6.RELEASE.jar:4.2.6.RELEASE]
	... 21 common frames omitted
Caused by: org.springframework.beans.factory.NoSuchBeanDefinitionException: No qualifying bean of type [user.repositorys.UserRepository] found for dependency: expected at least 1 bean which qualifies as autowire candidate for this dependency. Dependency annotations: {@org.springframework.beans.factory.annotation.Autowired(required=true)}
	at org.springframework.beans.factory.support.DefaultListableBeanFactory.raiseNoSuchBeanDefinitionException(DefaultListableBeanFactory.java:1373) ~[spring-beans-4.2.6.RELEASE.jar:4.2.6.RELEASE]
	at org.springframework.beans.factory.support.DefaultListableBeanFactory.doResolveDependency(DefaultListableBeanFactory.java:1119) ~[spring-beans-4.2.6.RELEASE.jar:4.2.6.RELEASE]
	at org.springframework.beans.factory.support.DefaultListableBeanFactory.resolveDependency(DefaultListableBeanFactory.java:1014) ~[spring-beans-4.2.6.RELEASE.jar:4.2.6.RELEASE]
	at org.springframework.beans.factory.annotation.AutowiredAnnotationBeanPostProcessor$AutowiredFieldElement.inject(AutowiredAnnotationBeanPostProcessor.java:545) ~[spring-beans-4.2.6.RELEASE.jar:4.2.6.RELEASE]
	... 23 common frames omitted

2016-07-11 19:33:04.491  INFO 17179 --- [main] .b.l.ClasspathLoggingApplicationListener : Application failed to start with classpath: [file:/usr/lib/jvm/java-8-openjdk-amd64/jre/lib/charsets.jar, file:/usr/lib/jvm/java-8-openjdk-amd64/jre/lib/ext/cldrdata.jar, file:/usr/lib/jvm/java-8-openjdk-amd64/jre/lib/ext/dnsns.jar, file:/usr/lib/jvm/java-8-openjdk-amd64/jre/lib/ext/icedtea-sound.jar, file:/usr/lib/jvm/java-8-openjdk-amd64/jre/lib/ext/jaccess.jar, file:/usr/lib/jvm/java-8-openjdk-amd64/jre/lib/ext/java-atk-wrapper.jar, file:/usr/lib/jvm/java-8-openjdk-amd64/jre/lib/ext/localedata.jar, file:/usr/lib/jvm/java-8-openjdk-amd64/jre/lib/ext/nashorn.jar, file:/usr/lib/jvm/java-8-openjdk-amd64/jre/lib/ext/sunec.jar, file:/usr/lib/jvm/java-8-openjdk-amd64/jre/lib/ext/sunjce_provider.jar, file:/usr/lib/jvm/java-8-openjdk-amd64/jre/lib/ext/sunpkcs11.jar, file:/usr/lib/jvm/java-8-openjdk-amd64/jre/lib/ext/zipfs.jar, file:/usr/lib/jvm/java-8-openjdk-amd64/jre/lib/jce.jar, file:/usr/lib/jvm/java-8-openjdk-amd64/jre/lib/jsse.jar, file:/usr/lib/jvm/java-8-openjdk-amd64/jre/lib/management-agent.jar, file:/usr/lib/jvm/java-8-openjdk-amd64/jre/lib/resources.jar, file:/usr/lib/jvm/java-8-openjdk-amd64/jre/lib/rt.jar, file:/home/ileossa/workspace/HomeWorkOrganizer/target/classes/, file:/home/ileossa/.m2/repository/org/springframework/boot/spring-boot-starter-web/1.3.5.RELEASE/spring-boot-starter-web-1.3.5.RELEASE.jar, file:/home/ileossa/.m2/repository/org/springframework/boot/spring-boot-starter/1.3.5.RELEASE/spring-boot-starter-1.3.5.RELEASE.jar, file:/home/ileossa/.m2/repository/org/springframework/boot/spring-boot/1.3.5.RELEASE/spring-boot-1.3.5.RELEASE.jar, file:/home/ileossa/.m2/repository/org/springframework/boot/spring-boot-autoconfigure/1.3.5.RELEASE/spring-boot-autoconfigure-1.3.5.RELEASE.jar, file:/home/ileossa/.m2/repository/org/springframework/boot/spring-boot-starter-logging/1.3.5.RELEASE/spring-boot-starter-logging-1.3.5.RELEASE.jar, file:/home/ileossa/.m2/repository/ch/qos/logback/logback-classic/1.1.7/logback-classic-1.1.7.jar, file:/home/ileossa/.m2/repository/ch/qos/logback/logback-core/1.1.7/logback-core-1.1.7.jar, file:/home/ileossa/.m2/repository/org/slf4j/jul-to-slf4j/1.7.21/jul-to-slf4j-1.7.21.jar, file:/home/ileossa/.m2/repository/org/slf4j/log4j-over-slf4j/1.7.21/log4j-over-slf4j-1.7.21.jar, file:/home/ileossa/.m2/repository/org/yaml/snakeyaml/1.16/snakeyaml-1.16.jar, file:/home/ileossa/.m2/repository/org/springframework/boot/spring-boot-starter-tomcat/1.3.5.RELEASE/spring-boot-starter-tomcat-1.3.5.RELEASE.jar, file:/home/ileossa/.m2/repository/org/apache/tomcat/embed/tomcat-embed-core/8.0.33/tomcat-embed-core-8.0.33.jar, file:/home/ileossa/.m2/repository/org/apache/tomcat/embed/tomcat-embed-el/8.0.33/tomcat-embed-el-8.0.33.jar, file:/home/ileossa/.m2/repository/org/apache/tomcat/embed/tomcat-embed-logging-juli/8.0.33/tomcat-embed-logging-juli-8.0.33.jar, file:/home/ileossa/.m2/repository/org/apache/tomcat/embed/tomcat-embed-websocket/8.0.33/tomcat-embed-websocket-8.0.33.jar, file:/home/ileossa/.m2/repository/org/springframework/boot/spring-boot-starter-validation/1.3.5.RELEASE/spring-boot-starter-validation-1.3.5.RELEASE.jar, file:/home/ileossa/.m2/repository/org/hibernate/hibernate-validator/5.2.4.Final/hibernate-validator-5.2.4.Final.jar, file:/home/ileossa/.m2/repository/javax/validation/validation-api/1.1.0.Final/validation-api-1.1.0.Final.jar, file:/home/ileossa/.m2/repository/com/fasterxml/jackson/core/jackson-databind/2.6.6/jackson-databind-2.6.6.jar, file:/home/ileossa/.m2/repository/com/fasterxml/jackson/core/jackson-annotations/2.6.6/jackson-annotations-2.6.6.jar, file:/home/ileossa/.m2/repository/com/fasterxml/jackson/core/jackson-core/2.6.6/jackson-core-2.6.6.jar, file:/home/ileossa/.m2/repository/org/springframework/spring-web/4.2.6.RELEASE/spring-web-4.2.6.RELEASE.jar, file:/home/ileossa/.m2/repository/org/springframework/spring-aop/4.2.6.RELEASE/spring-aop-4.2.6.RELEASE.jar, file:/home/ileossa/.m2/repository/aopalliance/aopalliance/1.0/aopalliance-1.0.jar, file:/home/ileossa/.m2/repository/org/springframework/spring-beans/4.2.6.RELEASE/spring-beans-4.2.6.RELEASE.jar, file:/home/ileossa/.m2/repository/org/springframework/spring-context/4.2.6.RELEASE/spring-context-4.2.6.RELEASE.jar, file:/home/ileossa/.m2/repository/org/springframework/spring-webmvc/4.2.6.RELEASE/spring-webmvc-4.2.6.RELEASE.jar, file:/home/ileossa/.m2/repository/org/springframework/spring-expression/4.2.6.RELEASE/spring-expression-4.2.6.RELEASE.jar, file:/home/ileossa/.m2/repository/org/springframework/boot/spring-boot-starter-data-jpa/1.3.5.RELEASE/spring-boot-starter-data-jpa-1.3.5.RELEASE.jar, file:/home/ileossa/.m2/repository/org/springframework/boot/spring-boot-starter-aop/1.3.5.RELEASE/spring-boot-starter-aop-1.3.5.RELEASE.jar, file:/home/ileossa/.m2/repository/org/aspectj/aspectjweaver/1.8.9/aspectjweaver-1.8.9.jar, file:/home/ileossa/.m2/repository/org/hibernate/hibernate-entitymanager/4.3.11.Final/hibernate-entitymanager-4.3.11.Final.jar, file:/home/ileossa/.m2/repository/org/jboss/logging/jboss-logging/3.3.0.Final/jboss-logging-3.3.0.Final.jar, file:/home/ileossa/.m2/repository/org/jboss/logging/jboss-logging-annotations/1.2.0.Beta1/jboss-logging-annotations-1.2.0.Beta1.jar, file:/home/ileossa/.m2/repository/org/hibernate/hibernate-core/4.3.11.Final/hibernate-core-4.3.11.Final.jar, file:/home/ileossa/.m2/repository/antlr/antlr/2.7.7/antlr-2.7.7.jar, file:/home/ileossa/.m2/repository/org/jboss/jandex/1.1.0.Final/jandex-1.1.0.Final.jar, file:/home/ileossa/.m2/repository/dom4j/dom4j/1.6.1/dom4j-1.6.1.jar, file:/home/ileossa/.m2/repository/xml-apis/xml-apis/1.0.b2/xml-apis-1.0.b2.jar, file:/home/ileossa/.m2/repository/org/hibernate/common/hibernate-commons-annotations/4.0.5.Final/hibernate-commons-annotations-4.0.5.Final.jar, file:/home/ileossa/.m2/repository/org/hibernate/javax/persistence/hibernate-jpa-2.1-api/1.0.0.Final/hibernate-jpa-2.1-api-1.0.0.Final.jar, file:/home/ileossa/.m2/repository/org/javassist/javassist/3.18.1-GA/javassist-3.18.1-GA.jar, file:/home/ileossa/.m2/repository/javax/transaction/javax.transaction-api/1.2/javax.transaction-api-1.2.jar, file:/home/ileossa/.m2/repository/org/springframework/data/spring-data-jpa/1.9.4.RELEASE/spring-data-jpa-1.9.4.RELEASE.jar, file:/home/ileossa/.m2/repository/org/springframework/data/spring-data-commons/1.11.4.RELEASE/spring-data-commons-1.11.4.RELEASE.jar, file:/home/ileossa/.m2/repository/org/springframework/spring-orm/4.2.6.RELEASE/spring-orm-4.2.6.RELEASE.jar, file:/home/ileossa/.m2/repository/org/springframework/spring-tx/4.2.6.RELEASE/spring-tx-4.2.6.RELEASE.jar, file:/home/ileossa/.m2/repository/org/slf4j/jcl-over-slf4j/1.7.21/jcl-over-slf4j-1.7.21.jar, file:/home/ileossa/.m2/repository/org/springframework/spring-aspects/4.2.6.RELEASE/spring-aspects-4.2.6.RELEASE.jar, file:/home/ileossa/.m2/repository/org/hsqldb/hsqldb/2.3.3/hsqldb-2.3.3.jar, file:/home/ileossa/.m2/repository/org/springframework/boot/spring-boot-starter-jdbc/1.3.3.RELEASE/spring-boot-starter-jdbc-1.3.3.RELEASE.jar, file:/home/ileossa/.m2/repository/org/apache/tomcat/tomcat-jdbc/8.0.33/tomcat-jdbc-8.0.33.jar, file:/home/ileossa/.m2/repository/org/apache/tomcat/tomcat-juli/8.0.33/tomcat-juli-8.0.33.jar, file:/home/ileossa/.m2/repository/org/springframework/spring-jdbc/4.2.6.RELEASE/spring-jdbc-4.2.6.RELEASE.jar, file:/home/ileossa/.m2/repository/org/postgresql/postgresql/9.4-1201-jdbc4/postgresql-9.4-1201-jdbc4.jar, file:/home/ileossa/.m2/repository/com/h2database/h2/1.4.191/h2-1.4.191.jar, file:/home/ileossa/.m2/repository/org/hamcrest/hamcrest-core/1.3/hamcrest-core-1.3.jar, file:/home/ileossa/.m2/repository/org/springframework/spring-core/4.2.6.RELEASE/spring-core-4.2.6.RELEASE.jar, file:/home/ileossa/.m2/repository/junit/junit/4.10/junit-4.10.jar, file:/home/ileossa/.m2/repository/org/projectlombok/lombok/1.16.6/lombok-1.16.6.jar, file:/home/ileossa/.m2/repository/io/springfox/springfox-swagger2/2.4.0/springfox-swagger2-2.4.0.jar, file:/home/ileossa/.m2/repository/io/swagger/swagger-annotations/1.5.6/swagger-annotations-1.5.6.jar, file:/home/ileossa/.m2/repository/io/swagger/swagger-models/1.5.6/swagger-models-1.5.6.jar, file:/home/ileossa/.m2/repository/io/springfox/springfox-spi/2.4.0/springfox-spi-2.4.0.jar, file:/home/ileossa/.m2/repository/io/springfox/springfox-core/2.4.0/springfox-core-2.4.0.jar, file:/home/ileossa/.m2/repository/io/springfox/springfox-schema/2.4.0/springfox-schema-2.4.0.jar, file:/home/ileossa/.m2/repository/io/springfox/springfox-swagger-common/2.4.0/springfox-swagger-common-2.4.0.jar, file:/home/ileossa/.m2/repository/io/springfox/springfox-spring-web/2.4.0/springfox-spring-web-2.4.0.jar, file:/home/ileossa/.m2/repository/com/google/guava/guava/18.0/guava-18.0.jar, file:/home/ileossa/.m2/repository/com/fasterxml/classmate/1.3.1/classmate-1.3.1.jar, file:/home/ileossa/.m2/repository/org/slf4j/slf4j-api/1.7.21/slf4j-api-1.7.21.jar, file:/home/ileossa/.m2/repository/org/springframework/plugin/spring-plugin-core/1.2.0.RELEASE/spring-plugin-core-1.2.0.RELEASE.jar, file:/home/ileossa/.m2/repository/org/springframework/plugin/spring-plugin-metadata/1.2.0.RELEASE/spring-plugin-metadata-1.2.0.RELEASE.jar, file:/home/ileossa/.m2/repository/io/springfox/springfox-swagger-ui/2.2.2/springfox-swagger-ui-2.2.2.jar, file:/opt/idea-IU-143.2287.1/lib/idea_rt.jar]
