2016-07-15 16:52:50.845 ERROR 4690 --- [restartedMain] o.s.b.l.LoggingApplicationListener       : Cannot set level: WARM for 'com.ileossa.controller.PlaylistController'
2016-07-15 16:52:51.038 DEBUG 4690 --- [restartedMain] o.s.w.c.s.StandardServletEnvironment     : Adding [servletConfigInitParams] PropertySource with lowest search precedence
2016-07-15 16:52:51.041 DEBUG 4690 --- [restartedMain] o.s.w.c.s.StandardServletEnvironment     : Adding [servletContextInitParams] PropertySource with lowest search precedence
2016-07-15 16:52:51.042 DEBUG 4690 --- [restartedMain] o.s.w.c.s.StandardServletEnvironment     : Adding [systemProperties] PropertySource with lowest search precedence
2016-07-15 16:52:51.043 DEBUG 4690 --- [restartedMain] o.s.w.c.s.StandardServletEnvironment     : Adding [systemEnvironment] PropertySource with lowest search precedence
2016-07-15 16:52:51.045 DEBUG 4690 --- [restartedMain] o.s.w.c.s.StandardServletEnvironment     : Initialized StandardServletEnvironment with PropertySources [servletConfigInitParams,servletContextInitParams,systemProperties,systemEnvironment]
2016-07-15 16:52:51.166  INFO 4690 --- [restartedMain] com.ileossa.hwo.LauncherApp              : Starting LauncherApp on ileossa-laptop14 with PID 4690 (/home/ileossa/workspace/HomeWorkOrganizer/target/classes started by ileossa in /home/ileossa/workspace/HomeWorkOrganizer)
2016-07-15 16:52:51.167  INFO 4690 --- [restartedMain] com.ileossa.hwo.LauncherApp              : The following profiles are active: dev
2016-07-15 16:52:51.973  INFO 4690 --- [restartedMain] ationConfigEmbeddedWebApplicationContext : Refreshing org.springframework.boot.context.embedded.AnnotationConfigEmbeddedWebApplicationContext@327ed621: startup date [Fri Jul 15 16:52:51 CEST 2016]; root of context hierarchy
2016-07-15 16:52:53.928 DEBUG 4690 --- [restartedMain] o.s.w.c.s.StandardServletEnvironment     : Adding [applicationConfig: [classpath:/application.yml]#dev] PropertySource with search precedence immediately lower than [applicationConfigurationProperties]
2016-07-15 16:52:53.929 DEBUG 4690 --- [restartedMain] o.s.w.c.s.StandardServletEnvironment     : Adding [applicationConfig: [classpath:/application.yml]] PropertySource with search precedence immediately lower than [applicationConfig: [classpath:/application.yml]#dev]
2016-07-15 16:52:53.929 DEBUG 4690 --- [restartedMain] o.s.w.c.s.StandardServletEnvironment     : Removing [applicationConfigurationProperties] PropertySource
2016-07-15 16:52:53.929 DEBUG 4690 --- [restartedMain] o.s.w.c.s.StandardServletEnvironment     : Removing [defaultProperties] PropertySource
2016-07-15 16:52:54.045  INFO 4690 --- [restartedMain] trationDelegate$BeanPostProcessorChecker : Bean 'org.springframework.transaction.annotation.ProxyTransactionManagementConfiguration' of type [class org.springframework.transaction.annotation.ProxyTransactionManagementConfiguration$$EnhancerBySpringCGLIB$$e2b26d8d] is not eligible for getting processed by all BeanPostProcessors (for example: not eligible for auto-proxying)
2016-07-15 16:52:54.667  INFO 4690 --- [restartedMain] s.b.c.e.t.TomcatEmbeddedServletContainer : Tomcat initialized with port(s): 8080 (http)
2016-07-15 16:52:54.685  INFO 4690 --- [restartedMain] o.apache.catalina.core.StandardService   : Starting service Tomcat
2016-07-15 16:52:54.687  INFO 4690 --- [restartedMain] org.apache.catalina.core.StandardEngine  : Starting Servlet Engine: Apache Tomcat/8.0.33
2016-07-15 16:52:54.828  INFO 4690 --- [localhost-startStop-1] o.a.c.c.C.[Tomcat].[localhost].[/]       : Initializing Spring embedded WebApplicationContext
2016-07-15 16:52:54.829 DEBUG 4690 --- [localhost-startStop-1] o.s.web.context.ContextLoader            : Published root WebApplicationContext as ServletContext attribute with name [org.springframework.web.context.WebApplicationContext.ROOT]
2016-07-15 16:52:54.829  INFO 4690 --- [localhost-startStop-1] o.s.web.context.ContextLoader            : Root WebApplicationContext: initialization completed in 2859 ms
2016-07-15 16:52:55.215 DEBUG 4690 --- [localhost-startStop-1] o.s.w.c.s.StandardServletEnvironment     : Adding [servletConfigInitParams] PropertySource with lowest search precedence
2016-07-15 16:52:55.215 DEBUG 4690 --- [localhost-startStop-1] o.s.w.c.s.StandardServletEnvironment     : Adding [servletContextInitParams] PropertySource with lowest search precedence
2016-07-15 16:52:55.215 DEBUG 4690 --- [localhost-startStop-1] o.s.w.c.s.StandardServletEnvironment     : Adding [systemProperties] PropertySource with lowest search precedence
2016-07-15 16:52:55.216 DEBUG 4690 --- [localhost-startStop-1] o.s.w.c.s.StandardServletEnvironment     : Adding [systemEnvironment] PropertySource with lowest search precedence
2016-07-15 16:52:55.216 DEBUG 4690 --- [localhost-startStop-1] o.s.w.c.s.StandardServletEnvironment     : Initialized StandardServletEnvironment with PropertySources [servletConfigInitParams,servletContextInitParams,systemProperties,systemEnvironment]
2016-07-15 16:52:55.228 DEBUG 4690 --- [localhost-startStop-1] o.s.w.c.s.StandardServletEnvironment     : Adding [servletConfigInitParams] PropertySource with lowest search precedence
2016-07-15 16:52:55.228 DEBUG 4690 --- [localhost-startStop-1] o.s.w.c.s.StandardServletEnvironment     : Adding [servletContextInitParams] PropertySource with lowest search precedence
2016-07-15 16:52:55.228 DEBUG 4690 --- [localhost-startStop-1] o.s.w.c.s.StandardServletEnvironment     : Adding [systemProperties] PropertySource with lowest search precedence
2016-07-15 16:52:55.228 DEBUG 4690 --- [localhost-startStop-1] o.s.w.c.s.StandardServletEnvironment     : Adding [systemEnvironment] PropertySource with lowest search precedence
2016-07-15 16:52:55.228 DEBUG 4690 --- [localhost-startStop-1] o.s.w.c.s.StandardServletEnvironment     : Initialized StandardServletEnvironment with PropertySources [servletConfigInitParams,servletContextInitParams,systemProperties,systemEnvironment]
2016-07-15 16:52:55.232 DEBUG 4690 --- [localhost-startStop-1] o.s.w.c.s.StandardServletEnvironment     : Adding [servletConfigInitParams] PropertySource with lowest search precedence
2016-07-15 16:52:55.232 DEBUG 4690 --- [localhost-startStop-1] o.s.w.c.s.StandardServletEnvironment     : Adding [servletContextInitParams] PropertySource with lowest search precedence
2016-07-15 16:52:55.232 DEBUG 4690 --- [localhost-startStop-1] o.s.w.c.s.StandardServletEnvironment     : Adding [systemProperties] PropertySource with lowest search precedence
2016-07-15 16:52:55.232 DEBUG 4690 --- [localhost-startStop-1] o.s.w.c.s.StandardServletEnvironment     : Adding [systemEnvironment] PropertySource with lowest search precedence
2016-07-15 16:52:55.233 DEBUG 4690 --- [localhost-startStop-1] o.s.w.c.s.StandardServletEnvironment     : Initialized StandardServletEnvironment with PropertySources [servletConfigInitParams,servletContextInitParams,systemProperties,systemEnvironment]
2016-07-15 16:52:55.244 DEBUG 4690 --- [localhost-startStop-1] o.s.w.c.s.StandardServletEnvironment     : Adding [servletConfigInitParams] PropertySource with lowest search precedence
2016-07-15 16:52:55.244 DEBUG 4690 --- [localhost-startStop-1] o.s.w.c.s.StandardServletEnvironment     : Adding [servletContextInitParams] PropertySource with lowest search precedence
2016-07-15 16:52:55.244 DEBUG 4690 --- [localhost-startStop-1] o.s.w.c.s.StandardServletEnvironment     : Adding [systemProperties] PropertySource with lowest search precedence
2016-07-15 16:52:55.244 DEBUG 4690 --- [localhost-startStop-1] o.s.w.c.s.StandardServletEnvironment     : Adding [systemEnvironment] PropertySource with lowest search precedence
2016-07-15 16:52:55.244 DEBUG 4690 --- [localhost-startStop-1] o.s.w.c.s.StandardServletEnvironment     : Initialized StandardServletEnvironment with PropertySources [servletConfigInitParams,servletContextInitParams,systemProperties,systemEnvironment]
2016-07-15 16:52:55.258  INFO 4690 --- [localhost-startStop-1] o.s.b.c.e.ServletRegistrationBean        : Mapping servlet: 'dispatcherServlet' to [/]
2016-07-15 16:52:55.260  INFO 4690 --- [localhost-startStop-1] o.s.b.c.e.ServletRegistrationBean        : Mapping servlet: 'webServlet' to [/h2-console/*]
2016-07-15 16:52:55.264  INFO 4690 --- [localhost-startStop-1] o.s.b.c.embedded.FilterRegistrationBean  : Mapping filter: 'characterEncodingFilter' to: [/*]
2016-07-15 16:52:55.264  INFO 4690 --- [localhost-startStop-1] o.s.b.c.embedded.FilterRegistrationBean  : Mapping filter: 'hiddenHttpMethodFilter' to: [/*]
2016-07-15 16:52:55.264  INFO 4690 --- [localhost-startStop-1] o.s.b.c.embedded.FilterRegistrationBean  : Mapping filter: 'httpPutFormContentFilter' to: [/*]
2016-07-15 16:52:55.265  INFO 4690 --- [localhost-startStop-1] o.s.b.c.embedded.FilterRegistrationBean  : Mapping filter: 'requestContextFilter' to: [/*]
2016-07-15 16:52:55.319 DEBUG 4690 --- [restartedMain] o.s.w.c.s.StandardServletEnvironment     : Replacing [servletContextInitParams] PropertySource with [servletContextInitParams]
2016-07-15 16:52:56.072  INFO 4690 --- [restartedMain] j.LocalContainerEntityManagerFactoryBean : Building JPA container EntityManagerFactory for persistence unit 'default'
2016-07-15 16:52:58.351  INFO 4690 --- [restartedMain] s.w.s.m.m.a.RequestMappingHandlerAdapter : Looking for @ControllerAdvice: org.springframework.boot.context.embedded.AnnotationConfigEmbeddedWebApplicationContext@327ed621: startup date [Fri Jul 15 16:52:51 CEST 2016]; root of context hierarchy
2016-07-15 16:52:58.431 DEBUG 4690 --- [restartedMain] s.w.s.m.m.a.RequestMappingHandlerMapping : Looking for request mappings in application context: org.springframework.boot.context.embedded.AnnotationConfigEmbeddedWebApplicationContext@327ed621: startup date [Fri Jul 15 16:52:51 CEST 2016]; root of context hierarchy
2016-07-15 16:52:58.441 DEBUG 4690 --- [restartedMain] s.w.s.m.m.a.RequestMappingHandlerMapping : 4 request handler methods found on class com.ileossa.hwo.controller.ActuController: {public void com.ileossa.hwo.controller.ActuController.deleteActu(long) throws com.ileossa.hwo.exceptions.ActuNotFoundException={[/actus],methods=[DELETE]}, public java.util.List com.ileossa.hwo.controller.ActuController.listActu(java.lang.String)={[/actus],methods=[GET]}, public com.ileossa.hwo.model.ActuModel com.ileossa.hwo.controller.ActuController.createActu(java.lang.String,java.lang.String,java.lang.String)={[/actus],methods=[POST]}, public com.ileossa.hwo.model.ActuModel com.ileossa.hwo.controller.ActuController.updateActu(long,java.lang.String,java.lang.String) throws com.ileossa.hwo.exceptions.ActuNotFoundException={[/actus],methods=[PUT]}}
2016-07-15 16:52:58.441  INFO 4690 --- [restartedMain] s.w.s.m.m.a.RequestMappingHandlerMapping : Mapped "{[/actus],methods=[DELETE]}" onto public void com.ileossa.hwo.controller.ActuController.deleteActu(long) throws com.ileossa.hwo.exceptions.ActuNotFoundException
2016-07-15 16:52:58.442  INFO 4690 --- [restartedMain] s.w.s.m.m.a.RequestMappingHandlerMapping : Mapped "{[/actus],methods=[GET]}" onto public java.util.List<com.ileossa.hwo.model.ActuModel> com.ileossa.hwo.controller.ActuController.listActu(java.lang.String)
2016-07-15 16:52:58.443  INFO 4690 --- [restartedMain] s.w.s.m.m.a.RequestMappingHandlerMapping : Mapped "{[/actus],methods=[POST]}" onto public com.ileossa.hwo.model.ActuModel com.ileossa.hwo.controller.ActuController.createActu(java.lang.String,java.lang.String,java.lang.String)
2016-07-15 16:52:58.443  INFO 4690 --- [restartedMain] s.w.s.m.m.a.RequestMappingHandlerMapping : Mapped "{[/actus],methods=[PUT]}" onto public com.ileossa.hwo.model.ActuModel com.ileossa.hwo.controller.ActuController.updateActu(long,java.lang.String,java.lang.String) throws com.ileossa.hwo.exceptions.ActuNotFoundException
2016-07-15 16:52:58.447 DEBUG 4690 --- [restartedMain] s.w.s.m.m.a.RequestMappingHandlerMapping : 4 request handler methods found on class com.ileossa.hwo.controller.EventController: {public com.ileossa.hwo.model.EventModel com.ileossa.hwo.controller.EventController.createEvent(java.lang.String,java.lang.String,java.lang.String,java.lang.String,java.lang.String,java.lang.String)={[/event],methods=[POST]}, public com.ileossa.hwo.model.EventModel com.ileossa.hwo.controller.EventController.updateEvent(java.lang.String,long,java.lang.String,java.lang.String,java.lang.String,java.lang.String,java.lang.String) throws com.ileossa.hwo.exceptions.EventNotFoundException={[/event],methods=[PUT]}, public void com.ileossa.hwo.controller.EventController.deleteEvent(long)={[/event],methods=[DELETE]}, public java.util.List com.ileossa.hwo.controller.EventController.listEvent(java.lang.String)={[/event],methods=[GET]}}
2016-07-15 16:52:58.447  INFO 4690 --- [restartedMain] s.w.s.m.m.a.RequestMappingHandlerMapping : Mapped "{[/event],methods=[POST]}" onto public com.ileossa.hwo.model.EventModel com.ileossa.hwo.controller.EventController.createEvent(java.lang.String,java.lang.String,java.lang.String,java.lang.String,java.lang.String,java.lang.String)
2016-07-15 16:52:58.447  INFO 4690 --- [restartedMain] s.w.s.m.m.a.RequestMappingHandlerMapping : Mapped "{[/event],methods=[PUT]}" onto public com.ileossa.hwo.model.EventModel com.ileossa.hwo.controller.EventController.updateEvent(java.lang.String,long,java.lang.String,java.lang.String,java.lang.String,java.lang.String,java.lang.String) throws com.ileossa.hwo.exceptions.EventNotFoundException
2016-07-15 16:52:58.447  INFO 4690 --- [restartedMain] s.w.s.m.m.a.RequestMappingHandlerMapping : Mapped "{[/event],methods=[DELETE]}" onto public void com.ileossa.hwo.controller.EventController.deleteEvent(long)
2016-07-15 16:52:58.448  INFO 4690 --- [restartedMain] s.w.s.m.m.a.RequestMappingHandlerMapping : Mapped "{[/event],methods=[GET]}" onto public java.util.List<com.ileossa.hwo.model.EventModel> com.ileossa.hwo.controller.EventController.listEvent(java.lang.String)
2016-07-15 16:52:58.448 DEBUG 4690 --- [restartedMain] s.w.s.m.m.a.RequestMappingHandlerMapping : 2 request handler methods found on class com.ileossa.hwo.controller.ForumController: {public com.ileossa.hwo.model.ForumModel com.ileossa.hwo.controller.ForumController.createForum(java.lang.String,java.lang.String)={[/forum],methods=[POST]}, public java.util.List com.ileossa.hwo.controller.ForumController.getListDiscussion(java.lang.String)={[/forum],methods=[GET]}}
2016-07-15 16:52:58.449  INFO 4690 --- [restartedMain] s.w.s.m.m.a.RequestMappingHandlerMapping : Mapped "{[/forum],methods=[POST]}" onto public com.ileossa.hwo.model.ForumModel com.ileossa.hwo.controller.ForumController.createForum(java.lang.String,java.lang.String)
2016-07-15 16:52:58.449  INFO 4690 --- [restartedMain] s.w.s.m.m.a.RequestMappingHandlerMapping : Mapped "{[/forum],methods=[GET]}" onto public java.util.List<com.ileossa.hwo.model.ForumModel> com.ileossa.hwo.controller.ForumController.getListDiscussion(java.lang.String)
2016-07-15 16:52:58.449 DEBUG 4690 --- [restartedMain] s.w.s.m.m.a.RequestMappingHandlerMapping : 1 request handler methods found on class com.ileossa.hwo.controller.HomeController: {public java.lang.String com.ileossa.hwo.controller.HomeController.homePage()={[/],methods=[GET]}}
2016-07-15 16:52:58.450  INFO 4690 --- [restartedMain] s.w.s.m.m.a.RequestMappingHandlerMapping : Mapped "{[/],methods=[GET]}" onto public java.lang.String com.ileossa.hwo.controller.HomeController.homePage()
2016-07-15 16:52:58.452 DEBUG 4690 --- [restartedMain] s.w.s.m.m.a.RequestMappingHandlerMapping : 7 request handler methods found on class com.ileossa.hwo.controller.UserController: {public java.util.List com.ileossa.hwo.controller.UserController.listMemberGroup(java.lang.String)={[/user],methods=[GET]}, public com.ileossa.hwo.model.UserModel com.ileossa.hwo.controller.UserController.getUser(long) throws com.ileossa.hwo.exceptions.UserNotFoundException={[/user/{id}],methods=[GET]}, public com.ileossa.hwo.model.UserModel com.ileossa.hwo.controller.UserController.connectUser(java.lang.String,java.lang.String) throws com.ileossa.hwo.exceptions.UserNotFoundException={[/user/authenticate],methods=[POST]}, public com.ileossa.hwo.model.UserModel com.ileossa.hwo.controller.UserController.newUser(java.lang.String,java.lang.String,java.lang.String,java.lang.String) throws com.ileossa.hwo.exceptions.UserCreateException={[/user],methods=[POST]}, public com.ileossa.hwo.model.UserModel com.ileossa.hwo.controller.UserController.promoteUser(long,java.lang.String,java.lang.String) throws com.ileossa.hwo.exceptions.UserErrorPatch={[/user/promote],methods=[POST]}, public com.ileossa.hwo.model.UserModel com.ileossa.hwo.controller.UserController.banUser(java.lang.String) throws com.ileossa.hwo.exceptions.UserNotFoundException={[/user/ban],methods=[POST]}, public com.ileossa.hwo.model.UserModel com.ileossa.hwo.controller.UserController.userChangePassword(long,java.lang.String,java.lang.String) throws com.ileossa.hwo.exceptions.UserNotFoundException,com.ileossa.hwo.exceptions.UserErrorPatch={[/user],methods=[PUT]}}
2016-07-15 16:52:58.452  INFO 4690 --- [restartedMain] s.w.s.m.m.a.RequestMappingHandlerMapping : Mapped "{[/user],methods=[GET]}" onto public java.util.List<com.ileossa.hwo.model.UserModel> com.ileossa.hwo.controller.UserController.listMemberGroup(java.lang.String)
2016-07-15 16:52:58.452  INFO 4690 --- [restartedMain] s.w.s.m.m.a.RequestMappingHandlerMapping : Mapped "{[/user/{id}],methods=[GET]}" onto public com.ileossa.hwo.model.UserModel com.ileossa.hwo.controller.UserController.getUser(long) throws com.ileossa.hwo.exceptions.UserNotFoundException
2016-07-15 16:52:58.453  INFO 4690 --- [restartedMain] s.w.s.m.m.a.RequestMappingHandlerMapping : Mapped "{[/user/authenticate],methods=[POST]}" onto public com.ileossa.hwo.model.UserModel com.ileossa.hwo.controller.UserController.connectUser(java.lang.String,java.lang.String) throws com.ileossa.hwo.exceptions.UserNotFoundException
2016-07-15 16:52:58.453  INFO 4690 --- [restartedMain] s.w.s.m.m.a.RequestMappingHandlerMapping : Mapped "{[/user],methods=[POST]}" onto public com.ileossa.hwo.model.UserModel com.ileossa.hwo.controller.UserController.newUser(java.lang.String,java.lang.String,java.lang.String,java.lang.String) throws com.ileossa.hwo.exceptions.UserCreateException
2016-07-15 16:52:58.453  INFO 4690 --- [restartedMain] s.w.s.m.m.a.RequestMappingHandlerMapping : Mapped "{[/user/promote],methods=[POST]}" onto public com.ileossa.hwo.model.UserModel com.ileossa.hwo.controller.UserController.promoteUser(long,java.lang.String,java.lang.String) throws com.ileossa.hwo.exceptions.UserErrorPatch
2016-07-15 16:52:58.453  INFO 4690 --- [restartedMain] s.w.s.m.m.a.RequestMappingHandlerMapping : Mapped "{[/user/ban],methods=[POST]}" onto public com.ileossa.hwo.model.UserModel com.ileossa.hwo.controller.UserController.banUser(java.lang.String) throws com.ileossa.hwo.exceptions.UserNotFoundException
2016-07-15 16:52:58.453  INFO 4690 --- [restartedMain] s.w.s.m.m.a.RequestMappingHandlerMapping : Mapped "{[/user],methods=[PUT]}" onto public com.ileossa.hwo.model.UserModel com.ileossa.hwo.controller.UserController.userChangePassword(long,java.lang.String,java.lang.String) throws com.ileossa.hwo.exceptions.UserNotFoundException,com.ileossa.hwo.exceptions.UserErrorPatch
2016-07-15 16:52:58.454 DEBUG 4690 --- [restartedMain] s.w.s.m.m.a.RequestMappingHandlerMapping : 3 request handler methods found on class com.ileossa.hwo.controller.DiscussionController: {public com.ileossa.hwo.model.DiscussionModel com.ileossa.hwo.controller.DiscussionController.createDiscussion(long,java.lang.String,java.lang.String,java.lang.String,long)={[/discussion],methods=[POST]}, public com.ileossa.hwo.model.DiscussionModel com.ileossa.hwo.controller.DiscussionController.getDiscussion(long) throws com.ileossa.hwo.exceptions.DiscussionNotFroundException={[/discussion/{id}],methods=[GET]}, public java.util.List com.ileossa.hwo.controller.DiscussionController.getListDiscussion(long)={[/discussion],methods=[GET]}}
2016-07-15 16:52:58.455  INFO 4690 --- [restartedMain] s.w.s.m.m.a.RequestMappingHandlerMapping : Mapped "{[/discussion],methods=[POST]}" onto public com.ileossa.hwo.model.DiscussionModel com.ileossa.hwo.controller.DiscussionController.createDiscussion(long,java.lang.String,java.lang.String,java.lang.String,long)
2016-07-15 16:52:58.455  INFO 4690 --- [restartedMain] s.w.s.m.m.a.RequestMappingHandlerMapping : Mapped "{[/discussion/{id}],methods=[GET]}" onto public com.ileossa.hwo.model.DiscussionModel com.ileossa.hwo.controller.DiscussionController.getDiscussion(long) throws com.ileossa.hwo.exceptions.DiscussionNotFroundException
2016-07-15 16:52:58.455  INFO 4690 --- [restartedMain] s.w.s.m.m.a.RequestMappingHandlerMapping : Mapped "{[/discussion],methods=[GET]}" onto public java.util.List<com.ileossa.hwo.model.DiscussionModel> com.ileossa.hwo.controller.DiscussionController.getListDiscussion(long)
2016-07-15 16:52:58.456 DEBUG 4690 --- [restartedMain] s.w.s.m.m.a.RequestMappingHandlerMapping : 2 request handler methods found on class com.ileossa.hwo.controller.ReponseController: {public com.ileossa.hwo.model.ResponseModel com.ileossa.hwo.controller.ReponseController.createReponse(long,long,java.lang.String,java.lang.String)={[/reponse],methods=[POST]}, public java.util.List com.ileossa.hwo.controller.ReponseController.getListDiscussion(long)={[/reponse],methods=[GET]}}
2016-07-15 16:52:58.456  INFO 4690 --- [restartedMain] s.w.s.m.m.a.RequestMappingHandlerMapping : Mapped "{[/reponse],methods=[POST]}" onto public com.ileossa.hwo.model.ResponseModel com.ileossa.hwo.controller.ReponseController.createReponse(long,long,java.lang.String,java.lang.String)
2016-07-15 16:52:58.457  INFO 4690 --- [restartedMain] s.w.s.m.m.a.RequestMappingHandlerMapping : Mapped "{[/reponse],methods=[GET]}" onto public java.util.List<com.ileossa.hwo.model.ResponseModel> com.ileossa.hwo.controller.ReponseController.getListDiscussion(long)
2016-07-15 16:52:58.458 DEBUG 4690 --- [restartedMain] s.w.s.m.m.a.RequestMappingHandlerMapping : 4 request handler methods found on class com.ileossa.hwo.controller.DocumentController: {public java.util.List com.ileossa.hwo.controller.DocumentController.getListFileWith(java.lang.String)={[/documents],methods=[GET]}, public com.ileossa.hwo.model.DocumentModel com.ileossa.hwo.controller.DocumentController.handleFileUpload(org.springframework.web.multipart.MultipartFile,java.lang.String) throws com.ileossa.hwo.exceptions.EmptyFile,com.ileossa.hwo.exceptions.FailToUploadException={[/documents],methods=[POST]}, public java.io.File[] com.ileossa.hwo.controller.DocumentController.listFiles()={[/documents/debug],methods=[GET]}, public org.springframework.http.ResponseEntity com.ileossa.hwo.controller.DocumentController.getFile(java.lang.String)={[/documents/{filename:.+}],methods=[GET]}}
2016-07-15 16:52:58.458  INFO 4690 --- [restartedMain] s.w.s.m.m.a.RequestMappingHandlerMapping : Mapped "{[/documents],methods=[GET]}" onto public java.util.List<com.ileossa.hwo.model.DocumentModel> com.ileossa.hwo.controller.DocumentController.getListFileWith(java.lang.String)
2016-07-15 16:52:58.459  INFO 4690 --- [restartedMain] s.w.s.m.m.a.RequestMappingHandlerMapping : Mapped "{[/documents],methods=[POST]}" onto public com.ileossa.hwo.model.DocumentModel com.ileossa.hwo.controller.DocumentController.handleFileUpload(org.springframework.web.multipart.MultipartFile,java.lang.String) throws com.ileossa.hwo.exceptions.EmptyFile,com.ileossa.hwo.exceptions.FailToUploadException
2016-07-15 16:52:58.459  INFO 4690 --- [restartedMain] s.w.s.m.m.a.RequestMappingHandlerMapping : Mapped "{[/documents/debug],methods=[GET]}" onto public java.io.File[] com.ileossa.hwo.controller.DocumentController.listFiles()
2016-07-15 16:52:58.459  INFO 4690 --- [restartedMain] s.w.s.m.m.a.RequestMappingHandlerMapping : Mapped "{[/documents/{filename:.+}],methods=[GET]}" onto public org.springframework.http.ResponseEntity<?> com.ileossa.hwo.controller.DocumentController.getFile(java.lang.String)
2016-07-15 16:52:58.461 DEBUG 4690 --- [restartedMain] s.w.s.m.m.a.RequestMappingHandlerMapping : 2 request handler methods found on class org.springframework.boot.autoconfigure.web.BasicErrorController: {public org.springframework.web.servlet.ModelAndView org.springframework.boot.autoconfigure.web.BasicErrorController.errorHtml(javax.servlet.http.HttpServletRequest,javax.servlet.http.HttpServletResponse)={[/error],produces=[text/html]}, public org.springframework.http.ResponseEntity org.springframework.boot.autoconfigure.web.BasicErrorController.error(javax.servlet.http.HttpServletRequest)={[/error]}}
2016-07-15 16:52:58.461  INFO 4690 --- [restartedMain] s.w.s.m.m.a.RequestMappingHandlerMapping : Mapped "{[/error],produces=[text/html]}" onto public org.springframework.web.servlet.ModelAndView org.springframework.boot.autoconfigure.web.BasicErrorController.errorHtml(javax.servlet.http.HttpServletRequest,javax.servlet.http.HttpServletResponse)
2016-07-15 16:52:58.462  INFO 4690 --- [restartedMain] s.w.s.m.m.a.RequestMappingHandlerMapping : Mapped "{[/error]}" onto public org.springframework.http.ResponseEntity<java.util.Map<java.lang.String, java.lang.Object>> org.springframework.boot.autoconfigure.web.BasicErrorController.error(javax.servlet.http.HttpServletRequest)
2016-07-15 16:52:58.484 DEBUG 4690 --- [restartedMain] o.s.w.s.h.BeanNameUrlHandlerMapping      : Looking for URL mappings in application context: org.springframework.boot.context.embedded.AnnotationConfigEmbeddedWebApplicationContext@327ed621: startup date [Fri Jul 15 16:52:51 CEST 2016]; root of context hierarchy
2016-07-15 16:52:58.485 DEBUG 4690 --- [restartedMain] o.s.w.s.h.BeanNameUrlHandlerMapping      : Rejected bean name 'org.springframework.context.annotation.internalConfigurationAnnotationProcessor': no URL paths identified
2016-07-15 16:52:58.485 DEBUG 4690 --- [restartedMain] o.s.w.s.h.BeanNameUrlHandlerMapping      : Rejected bean name 'org.springframework.context.annotation.internalAutowiredAnnotationProcessor': no URL paths identified
2016-07-15 16:52:58.485 DEBUG 4690 --- [restartedMain] o.s.w.s.h.BeanNameUrlHandlerMapping      : Rejected bean name 'org.springframework.context.annotation.internalRequiredAnnotationProcessor': no URL paths identified
2016-07-15 16:52:58.485 DEBUG 4690 --- [restartedMain] o.s.w.s.h.BeanNameUrlHandlerMapping      : Rejected bean name 'org.springframework.context.annotation.internalCommonAnnotationProcessor': no URL paths identified
2016-07-15 16:52:58.485 DEBUG 4690 --- [restartedMain] o.s.w.s.h.BeanNameUrlHandlerMapping      : Rejected bean name 'org.springframework.context.annotation.internalPersistenceAnnotationProcessor': no URL paths identified
2016-07-15 16:52:58.485 DEBUG 4690 --- [restartedMain] o.s.w.s.h.BeanNameUrlHandlerMapping      : Rejected bean name 'org.springframework.context.event.internalEventListenerProcessor': no URL paths identified
2016-07-15 16:52:58.486 DEBUG 4690 --- [restartedMain] o.s.w.s.h.BeanNameUrlHandlerMapping      : Rejected bean name 'org.springframework.context.event.internalEventListenerFactory': no URL paths identified
2016-07-15 16:52:58.486 DEBUG 4690 --- [restartedMain] o.s.w.s.h.BeanNameUrlHandlerMapping      : Rejected bean name 'launcherApp': no URL paths identified
2016-07-15 16:52:58.486 DEBUG 4690 --- [restartedMain] o.s.w.s.h.BeanNameUrlHandlerMapping      : Rejected bean name 'org.springframework.context.annotation.ConfigurationClassPostProcessor.importAwareProcessor': no URL paths identified
2016-07-15 16:52:58.486 DEBUG 4690 --- [restartedMain] o.s.w.s.h.BeanNameUrlHandlerMapping      : Rejected bean name 'org.springframework.context.annotation.ConfigurationClassPostProcessor.enhancedConfigurationProcessor': no URL paths identified
2016-07-15 16:52:58.486 DEBUG 4690 --- [restartedMain] o.s.w.s.h.BeanNameUrlHandlerMapping      : Rejected bean name 'actuController': no URL paths identified
2016-07-15 16:52:58.486 DEBUG 4690 --- [restartedMain] o.s.w.s.h.BeanNameUrlHandlerMapping      : Rejected bean name 'eventController': no URL paths identified
2016-07-15 16:52:58.486 DEBUG 4690 --- [restartedMain] o.s.w.s.h.BeanNameUrlHandlerMapping      : Rejected bean name 'forumController': no URL paths identified
2016-07-15 16:52:58.486 DEBUG 4690 --- [restartedMain] o.s.w.s.h.BeanNameUrlHandlerMapping      : Rejected bean name 'homeController': no URL paths identified
2016-07-15 16:52:58.486 DEBUG 4690 --- [restartedMain] o.s.w.s.h.BeanNameUrlHandlerMapping      : Rejected bean name 'userController': no URL paths identified
2016-07-15 16:52:58.486 DEBUG 4690 --- [restartedMain] o.s.w.s.h.BeanNameUrlHandlerMapping      : Rejected bean name 'discussionController': no URL paths identified
2016-07-15 16:52:58.486 DEBUG 4690 --- [restartedMain] o.s.w.s.h.BeanNameUrlHandlerMapping      : Rejected bean name 'reponseController': no URL paths identified
2016-07-15 16:52:58.487 DEBUG 4690 --- [restartedMain] o.s.w.s.h.BeanNameUrlHandlerMapping      : Rejected bean name 'documentController': no URL paths identified
2016-07-15 16:52:58.487 DEBUG 4690 --- [restartedMain] o.s.w.s.h.BeanNameUrlHandlerMapping      : Rejected bean name 'init': no URL paths identified
2016-07-15 16:52:58.487 DEBUG 4690 --- [restartedMain] o.s.w.s.h.BeanNameUrlHandlerMapping      : Rejected bean name 'org.springframework.boot.autoconfigure.AutoConfigurationPackages': no URL paths identified
2016-07-15 16:52:58.487 DEBUG 4690 --- [restartedMain] o.s.w.s.h.BeanNameUrlHandlerMapping      : Rejected bean name 'org.springframework.boot.autoconfigure.PropertyPlaceholderAutoConfiguration': no URL paths identified
2016-07-15 16:52:58.487 DEBUG 4690 --- [restartedMain] o.s.w.s.h.BeanNameUrlHandlerMapping      : Rejected bean name 'org.springframework.boot.autoconfigure.condition.BeanTypeRegistry': no URL paths identified
2016-07-15 16:52:58.487 DEBUG 4690 --- [restartedMain] o.s.w.s.h.BeanNameUrlHandlerMapping      : Rejected bean name 'propertySourcesPlaceholderConfigurer': no URL paths identified
2016-07-15 16:52:58.487 DEBUG 4690 --- [restartedMain] o.s.w.s.h.BeanNameUrlHandlerMapping      : Rejected bean name 'org.springframework.boot.autoconfigure.websocket.WebSocketAutoConfiguration$TomcatWebSocketConfiguration': no URL paths identified
2016-07-15 16:52:58.487 DEBUG 4690 --- [restartedMain] o.s.w.s.h.BeanNameUrlHandlerMapping      : Rejected bean name 'websocketContainerCustomizer': no URL paths identified
2016-07-15 16:52:58.487 DEBUG 4690 --- [restartedMain] o.s.w.s.h.BeanNameUrlHandlerMapping      : Rejected bean name 'org.springframework.boot.autoconfigure.websocket.WebSocketAutoConfiguration': no URL paths identified
2016-07-15 16:52:58.487 DEBUG 4690 --- [restartedMain] o.s.w.s.h.BeanNameUrlHandlerMapping      : Rejected bean name 'org.springframework.boot.autoconfigure.web.EmbeddedServletContainerAutoConfiguration$EmbeddedTomcat': no URL paths identified
2016-07-15 16:52:58.487 DEBUG 4690 --- [restartedMain] o.s.w.s.h.BeanNameUrlHandlerMapping      : Rejected bean name 'tomcatEmbeddedServletContainerFactory': no URL paths identified
2016-07-15 16:52:58.487 DEBUG 4690 --- [restartedMain] o.s.w.s.h.BeanNameUrlHandlerMapping      : Rejected bean name 'org.springframework.boot.autoconfigure.web.EmbeddedServletContainerAutoConfiguration': no URL paths identified
2016-07-15 16:52:58.487 DEBUG 4690 --- [restartedMain] o.s.w.s.h.BeanNameUrlHandlerMapping      : Rejected bean name 'embeddedServletContainerCustomizerBeanPostProcessor': no URL paths identified
2016-07-15 16:52:58.487 DEBUG 4690 --- [restartedMain] o.s.w.s.h.BeanNameUrlHandlerMapping      : Rejected bean name 'org.springframework.boot.autoconfigure.web.DispatcherServletAutoConfiguration$DispatcherServletConfiguration': no URL paths identified
2016-07-15 16:52:58.487 DEBUG 4690 --- [restartedMain] o.s.w.s.h.BeanNameUrlHandlerMapping      : Rejected bean name 'dispatcherServlet': no URL paths identified
2016-07-15 16:52:58.488 DEBUG 4690 --- [restartedMain] o.s.w.s.h.BeanNameUrlHandlerMapping      : Rejected bean name 'dispatcherServletRegistration': no URL paths identified
2016-07-15 16:52:58.488 DEBUG 4690 --- [restartedMain] o.s.w.s.h.BeanNameUrlHandlerMapping      : Rejected bean name 'spring.mvc.CONFIGURATION_PROPERTIES': no URL paths identified
2016-07-15 16:52:58.488 DEBUG 4690 --- [restartedMain] o.s.w.s.h.BeanNameUrlHandlerMapping      : Rejected bean name 'org.springframework.boot.context.properties.ConfigurationPropertiesBindingPostProcessor': no URL paths identified
2016-07-15 16:52:58.488 DEBUG 4690 --- [restartedMain] o.s.w.s.h.BeanNameUrlHandlerMapping      : Rejected bean name 'org.springframework.boot.context.properties.ConfigurationPropertiesBindingPostProcessor.store': no URL paths identified
2016-07-15 16:52:58.488 DEBUG 4690 --- [restartedMain] o.s.w.s.h.BeanNameUrlHandlerMapping      : Rejected bean name 'org.springframework.boot.autoconfigure.web.DispatcherServletAutoConfiguration': no URL paths identified
2016-07-15 16:52:58.488 DEBUG 4690 --- [restartedMain] o.s.w.s.h.BeanNameUrlHandlerMapping      : Rejected bean name 'org.springframework.boot.autoconfigure.web.ErrorMvcAutoConfiguration$WhitelabelErrorViewConfiguration': no URL paths identified
2016-07-15 16:52:58.488 DEBUG 4690 --- [restartedMain] o.s.w.s.h.BeanNameUrlHandlerMapping      : Rejected bean name 'error': no URL paths identified
2016-07-15 16:52:58.488 DEBUG 4690 --- [restartedMain] o.s.w.s.h.BeanNameUrlHandlerMapping      : Rejected bean name 'beanNameViewResolver': no URL paths identified
2016-07-15 16:52:58.488 DEBUG 4690 --- [restartedMain] o.s.w.s.h.BeanNameUrlHandlerMapping      : Rejected bean name 'org.springframework.boot.autoconfigure.web.ErrorMvcAutoConfiguration': no URL paths identified
2016-07-15 16:52:58.488 DEBUG 4690 --- [restartedMain] o.s.w.s.h.BeanNameUrlHandlerMapping      : Rejected bean name 'errorAttributes': no URL paths identified
2016-07-15 16:52:58.488 DEBUG 4690 --- [restartedMain] o.s.w.s.h.BeanNameUrlHandlerMapping      : Rejected bean name 'basicErrorController': no URL paths identified
2016-07-15 16:52:58.488 DEBUG 4690 --- [restartedMain] o.s.w.s.h.BeanNameUrlHandlerMapping      : Rejected bean name 'errorPageCustomizer': no URL paths identified
2016-07-15 16:52:58.488 DEBUG 4690 --- [restartedMain] o.s.w.s.h.BeanNameUrlHandlerMapping      : Rejected bean name 'preserveErrorControllerTargetClassPostProcessor': no URL paths identified
2016-07-15 16:52:58.489 DEBUG 4690 --- [restartedMain] o.s.w.s.h.BeanNameUrlHandlerMapping      : Rejected bean name 'org.springframework.boot.autoconfigure.web.WebMvcAutoConfiguration$EnableWebMvcConfiguration': no URL paths identified
2016-07-15 16:52:58.489 DEBUG 4690 --- [restartedMain] o.s.w.s.h.BeanNameUrlHandlerMapping      : Rejected bean name 'requestMappingHandlerAdapter': no URL paths identified
2016-07-15 16:52:58.489 DEBUG 4690 --- [restartedMain] o.s.w.s.h.BeanNameUrlHandlerMapping      : Rejected bean name 'requestMappingHandlerMapping': no URL paths identified
2016-07-15 16:52:58.489 DEBUG 4690 --- [restartedMain] o.s.w.s.h.BeanNameUrlHandlerMapping      : Rejected bean name 'mvcContentNegotiationManager': no URL paths identified
2016-07-15 16:52:58.489 DEBUG 4690 --- [restartedMain] o.s.w.s.h.BeanNameUrlHandlerMapping      : Rejected bean name 'viewControllerHandlerMapping': no URL paths identified
2016-07-15 16:52:58.489 DEBUG 4690 --- [restartedMain] o.s.w.s.h.BeanNameUrlHandlerMapping      : Rejected bean name 'beanNameHandlerMapping': no URL paths identified
2016-07-15 16:52:58.489 DEBUG 4690 --- [restartedMain] o.s.w.s.h.BeanNameUrlHandlerMapping      : Rejected bean name 'resourceHandlerMapping': no URL paths identified
2016-07-15 16:52:58.489 DEBUG 4690 --- [restartedMain] o.s.w.s.h.BeanNameUrlHandlerMapping      : Rejected bean name 'mvcResourceUrlProvider': no URL paths identified
2016-07-15 16:52:58.489 DEBUG 4690 --- [restartedMain] o.s.w.s.h.BeanNameUrlHandlerMapping      : Rejected bean name 'defaultServletHandlerMapping': no URL paths identified
2016-07-15 16:52:58.489 DEBUG 4690 --- [restartedMain] o.s.w.s.h.BeanNameUrlHandlerMapping      : Rejected bean name 'mvcConversionService': no URL paths identified
2016-07-15 16:52:58.489 DEBUG 4690 --- [restartedMain] o.s.w.s.h.BeanNameUrlHandlerMapping      : Rejected bean name 'mvcValidator': no URL paths identified
2016-07-15 16:52:58.489 DEBUG 4690 --- [restartedMain] o.s.w.s.h.BeanNameUrlHandlerMapping      : Rejected bean name 'mvcPathMatcher': no URL paths identified
2016-07-15 16:52:58.489 DEBUG 4690 --- [restartedMain] o.s.w.s.h.BeanNameUrlHandlerMapping      : Rejected bean name 'mvcUrlPathHelper': no URL paths identified
2016-07-15 16:52:58.489 DEBUG 4690 --- [restartedMain] o.s.w.s.h.BeanNameUrlHandlerMapping      : Rejected bean name 'mvcUriComponentsContributor': no URL paths identified
2016-07-15 16:52:58.489 DEBUG 4690 --- [restartedMain] o.s.w.s.h.BeanNameUrlHandlerMapping      : Rejected bean name 'httpRequestHandlerAdapter': no URL paths identified
2016-07-15 16:52:58.489 DEBUG 4690 --- [restartedMain] o.s.w.s.h.BeanNameUrlHandlerMapping      : Rejected bean name 'simpleControllerHandlerAdapter': no URL paths identified
2016-07-15 16:52:58.490 DEBUG 4690 --- [restartedMain] o.s.w.s.h.BeanNameUrlHandlerMapping      : Rejected bean name 'handlerExceptionResolver': no URL paths identified
2016-07-15 16:52:58.490 DEBUG 4690 --- [restartedMain] o.s.w.s.h.BeanNameUrlHandlerMapping      : Rejected bean name 'mvcViewResolver': no URL paths identified
2016-07-15 16:52:58.490 DEBUG 4690 --- [restartedMain] o.s.w.s.h.BeanNameUrlHandlerMapping      : Rejected bean name 'org.springframework.boot.autoconfigure.web.WebMvcAutoConfiguration$WebMvcAutoConfigurationAdapter$FaviconConfiguration': no URL paths identified
2016-07-15 16:52:58.490 DEBUG 4690 --- [restartedMain] o.s.w.s.h.BeanNameUrlHandlerMapping      : Rejected bean name 'faviconHandlerMapping': no URL paths identified
2016-07-15 16:52:58.490 DEBUG 4690 --- [restartedMain] o.s.w.s.h.BeanNameUrlHandlerMapping      : Rejected bean name 'faviconRequestHandler': no URL paths identified
2016-07-15 16:52:58.490 DEBUG 4690 --- [restartedMain] o.s.w.s.h.BeanNameUrlHandlerMapping      : Rejected bean name 'org.springframework.boot.autoconfigure.web.WebMvcAutoConfiguration$WebMvcAutoConfigurationAdapter': no URL paths identified
2016-07-15 16:52:58.490 DEBUG 4690 --- [restartedMain] o.s.w.s.h.BeanNameUrlHandlerMapping      : Rejected bean name 'defaultViewResolver': no URL paths identified
2016-07-15 16:52:58.490 DEBUG 4690 --- [restartedMain] o.s.w.s.h.BeanNameUrlHandlerMapping      : Rejected bean name 'requestContextFilter': no URL paths identified
2016-07-15 16:52:58.490 DEBUG 4690 --- [restartedMain] o.s.w.s.h.BeanNameUrlHandlerMapping      : Rejected bean name 'viewResolver': no URL paths identified
2016-07-15 16:52:58.490 DEBUG 4690 --- [restartedMain] o.s.w.s.h.BeanNameUrlHandlerMapping      : Rejected bean name 'spring.resources.CONFIGURATION_PROPERTIES': no URL paths identified
2016-07-15 16:52:58.490 DEBUG 4690 --- [restartedMain] o.s.w.s.h.BeanNameUrlHandlerMapping      : Rejected bean name 'org.springframework.boot.autoconfigure.web.WebMvcAutoConfiguration': no URL paths identified
2016-07-15 16:52:58.490 DEBUG 4690 --- [restartedMain] o.s.w.s.h.BeanNameUrlHandlerMapping      : Rejected bean name 'hiddenHttpMethodFilter': no URL paths identified
2016-07-15 16:52:58.490 DEBUG 4690 --- [restartedMain] o.s.w.s.h.BeanNameUrlHandlerMapping      : Rejected bean name 'httpPutFormContentFilter': no URL paths identified
2016-07-15 16:52:58.490 DEBUG 4690 --- [restartedMain] o.s.w.s.h.BeanNameUrlHandlerMapping      : Rejected bean name 'org.springframework.boot.autoconfigure.jmx.JmxAutoConfiguration': no URL paths identified
2016-07-15 16:52:58.490 DEBUG 4690 --- [restartedMain] o.s.w.s.h.BeanNameUrlHandlerMapping      : Rejected bean name 'mbeanExporter': no URL paths identified
2016-07-15 16:52:58.490 DEBUG 4690 --- [restartedMain] o.s.w.s.h.BeanNameUrlHandlerMapping      : Rejected bean name 'objectNamingStrategy': no URL paths identified
2016-07-15 16:52:58.491 DEBUG 4690 --- [restartedMain] o.s.w.s.h.BeanNameUrlHandlerMapping      : Rejected bean name 'mbeanServer': no URL paths identified
2016-07-15 16:52:58.491 DEBUG 4690 --- [restartedMain] o.s.w.s.h.BeanNameUrlHandlerMapping      : Rejected bean name 'org.springframework.boot.autoconfigure.aop.AopAutoConfiguration$JdkDynamicAutoProxyConfiguration': no URL paths identified
2016-07-15 16:52:58.491 DEBUG 4690 --- [restartedMain] o.s.w.s.h.BeanNameUrlHandlerMapping      : Rejected bean name 'org.springframework.aop.config.internalAutoProxyCreator': no URL paths identified
2016-07-15 16:52:58.491 DEBUG 4690 --- [restartedMain] o.s.w.s.h.BeanNameUrlHandlerMapping      : Rejected bean name 'org.springframework.boot.autoconfigure.aop.AopAutoConfiguration': no URL paths identified
2016-07-15 16:52:58.491 DEBUG 4690 --- [restartedMain] o.s.w.s.h.BeanNameUrlHandlerMapping      : Rejected bean name 'org.springframework.boot.autoconfigure.transaction.jta.JtaAutoConfiguration': no URL paths identified
2016-07-15 16:52:58.491 DEBUG 4690 --- [restartedMain] o.s.w.s.h.BeanNameUrlHandlerMapping      : Rejected bean name 'spring.jta.CONFIGURATION_PROPERTIES': no URL paths identified
2016-07-15 16:52:58.491 DEBUG 4690 --- [restartedMain] o.s.w.s.h.BeanNameUrlHandlerMapping      : Rejected bean name 'org.springframework.boot.autoconfigure.jdbc.DataSourceAutoConfiguration$JdbcTemplateConfiguration': no URL paths identified
2016-07-15 16:52:58.491 DEBUG 4690 --- [restartedMain] o.s.w.s.h.BeanNameUrlHandlerMapping      : Rejected bean name 'jdbcTemplate': no URL paths identified
2016-07-15 16:52:58.491 DEBUG 4690 --- [restartedMain] o.s.w.s.h.BeanNameUrlHandlerMapping      : Rejected bean name 'namedParameterJdbcTemplate': no URL paths identified
2016-07-15 16:52:58.491 DEBUG 4690 --- [restartedMain] o.s.w.s.h.BeanNameUrlHandlerMapping      : Rejected bean name 'org.springframework.boot.autoconfigure.jdbc.DataSourceAutoConfiguration$NonEmbeddedConfiguration': no URL paths identified
2016-07-15 16:52:58.491 DEBUG 4690 --- [restartedMain] o.s.w.s.h.BeanNameUrlHandlerMapping      : Rejected bean name 'dataSource': no URL paths identified
2016-07-15 16:52:58.491 DEBUG 4690 --- [restartedMain] o.s.w.s.h.BeanNameUrlHandlerMapping      : Rejected bean name 'org.springframework.boot.autoconfigure.jdbc.DataSourceAutoConfiguration$DataSourceInitializerConfiguration': no URL paths identified
2016-07-15 16:52:58.491 DEBUG 4690 --- [restartedMain] o.s.w.s.h.BeanNameUrlHandlerMapping      : Rejected bean name 'dataSourceInitializer': no URL paths identified
2016-07-15 16:52:58.491 DEBUG 4690 --- [restartedMain] o.s.w.s.h.BeanNameUrlHandlerMapping      : Rejected bean name 'org.springframework.boot.autoconfigure.jdbc.metadata.DataSourcePoolMetadataProvidersConfiguration$TomcatDataSourcePoolMetadataProviderConfiguration': no URL paths identified
2016-07-15 16:52:58.491 DEBUG 4690 --- [restartedMain] o.s.w.s.h.BeanNameUrlHandlerMapping      : Rejected bean name 'tomcatPoolDataSourceMetadataProvider': no URL paths identified
2016-07-15 16:52:58.492 DEBUG 4690 --- [restartedMain] o.s.w.s.h.BeanNameUrlHandlerMapping      : Rejected bean name 'org.springframework.boot.autoconfigure.jdbc.metadata.DataSourcePoolMetadataProvidersConfiguration': no URL paths identified
2016-07-15 16:52:58.492 DEBUG 4690 --- [restartedMain] o.s.w.s.h.BeanNameUrlHandlerMapping      : Rejected bean name 'org.springframework.boot.autoconfigure.jdbc.DataSourceAutoConfiguration': no URL paths identified
2016-07-15 16:52:58.492 DEBUG 4690 --- [restartedMain] o.s.w.s.h.BeanNameUrlHandlerMapping      : Rejected bean name 'spring.datasource.CONFIGURATION_PROPERTIES': no URL paths identified
2016-07-15 16:52:58.492 DEBUG 4690 --- [restartedMain] o.s.w.s.h.BeanNameUrlHandlerMapping      : Rejected bean name 'dataSourceInitializerPostProcessor': no URL paths identified
2016-07-15 16:52:58.492 DEBUG 4690 --- [restartedMain] o.s.w.s.h.BeanNameUrlHandlerMapping      : Rejected bean name 'org.springframework.boot.autoconfigure.orm.jpa.JpaBaseConfiguration$JpaWebConfiguration$JpaWebMvcConfiguration': no URL paths identified
2016-07-15 16:52:58.492 DEBUG 4690 --- [restartedMain] o.s.w.s.h.BeanNameUrlHandlerMapping      : Rejected bean name 'openEntityManagerInViewInterceptor': no URL paths identified
2016-07-15 16:52:58.492 DEBUG 4690 --- [restartedMain] o.s.w.s.h.BeanNameUrlHandlerMapping      : Rejected bean name 'org.springframework.boot.autoconfigure.orm.jpa.JpaBaseConfiguration$JpaWebConfiguration': no URL paths identified
2016-07-15 16:52:58.492 DEBUG 4690 --- [restartedMain] o.s.w.s.h.BeanNameUrlHandlerMapping      : Rejected bean name 'org.springframework.boot.autoconfigure.orm.jpa.HibernateJpaAutoConfiguration': no URL paths identified
2016-07-15 16:52:58.492 DEBUG 4690 --- [restartedMain] o.s.w.s.h.BeanNameUrlHandlerMapping      : Rejected bean name 'transactionManager': no URL paths identified
2016-07-15 16:52:58.492 DEBUG 4690 --- [restartedMain] o.s.w.s.h.BeanNameUrlHandlerMapping      : Rejected bean name 'jpaVendorAdapter': no URL paths identified
2016-07-15 16:52:58.492 DEBUG 4690 --- [restartedMain] o.s.w.s.h.BeanNameUrlHandlerMapping      : Rejected bean name 'entityManagerFactoryBuilder': no URL paths identified
2016-07-15 16:52:58.492 DEBUG 4690 --- [restartedMain] o.s.w.s.h.BeanNameUrlHandlerMapping      : Rejected bean name 'entityManagerFactory': no URL paths identified
2016-07-15 16:52:58.492 DEBUG 4690 --- [restartedMain] o.s.w.s.h.BeanNameUrlHandlerMapping      : Rejected bean name 'spring.jpa.CONFIGURATION_PROPERTIES': no URL paths identified
2016-07-15 16:52:58.492 DEBUG 4690 --- [restartedMain] o.s.w.s.h.BeanNameUrlHandlerMapping      : Rejected bean name 'dataSourceInitializedPublisher': no URL paths identified
2016-07-15 16:52:58.492 DEBUG 4690 --- [restartedMain] o.s.w.s.h.BeanNameUrlHandlerMapping      : Rejected bean name 'org.springframework.boot.autoconfigure.context.ConfigurationPropertiesAutoConfiguration': no URL paths identified
2016-07-15 16:52:58.493 DEBUG 4690 --- [restartedMain] o.s.w.s.h.BeanNameUrlHandlerMapping      : Rejected bean name 'org.springframework.boot.autoconfigure.dao.PersistenceExceptionTranslationAutoConfiguration': no URL paths identified
2016-07-15 16:52:58.493 DEBUG 4690 --- [restartedMain] o.s.w.s.h.BeanNameUrlHandlerMapping      : Rejected bean name 'persistenceExceptionTranslationPostProcessor': no URL paths identified
2016-07-15 16:52:58.493 DEBUG 4690 --- [restartedMain] o.s.w.s.h.BeanNameUrlHandlerMapping      : Rejected bean name 'org.springframework.boot.autoconfigure.data.jpa.JpaRepositoriesAutoConfiguration': no URL paths identified
2016-07-15 16:52:58.493 DEBUG 4690 --- [restartedMain] o.s.w.s.h.BeanNameUrlHandlerMapping      : Rejected bean name 'org.springframework.data.repository.core.support.RepositoryInterfaceAwareBeanPostProcessor': no URL paths identified
2016-07-15 16:52:58.493 DEBUG 4690 --- [restartedMain] o.s.w.s.h.BeanNameUrlHandlerMapping      : Rejected bean name 'emBeanDefinitionRegistrarPostProcessor': no URL paths identified
2016-07-15 16:52:58.493 DEBUG 4690 --- [restartedMain] o.s.w.s.h.BeanNameUrlHandlerMapping      : Rejected bean name 'jpaMappingContext': no URL paths identified
2016-07-15 16:52:58.493 DEBUG 4690 --- [restartedMain] o.s.w.s.h.BeanNameUrlHandlerMapping      : Rejected bean name 'jpaContext': no URL paths identified
2016-07-15 16:52:58.493 DEBUG 4690 --- [restartedMain] o.s.w.s.h.BeanNameUrlHandlerMapping      : Rejected bean name 'userRepository': no URL paths identified
2016-07-15 16:52:58.493 DEBUG 4690 --- [restartedMain] o.s.w.s.h.BeanNameUrlHandlerMapping      : Rejected bean name 'eventRepository': no URL paths identified
2016-07-15 16:52:58.493 DEBUG 4690 --- [restartedMain] o.s.w.s.h.BeanNameUrlHandlerMapping      : Rejected bean name 'documentRepository': no URL paths identified
2016-07-15 16:52:58.493 DEBUG 4690 --- [restartedMain] o.s.w.s.h.BeanNameUrlHandlerMapping      : Rejected bean name 'discusionRepository': no URL paths identified
2016-07-15 16:52:58.493 DEBUG 4690 --- [restartedMain] o.s.w.s.h.BeanNameUrlHandlerMapping      : Rejected bean name 'actuRepository': no URL paths identified
2016-07-15 16:52:58.493 DEBUG 4690 --- [restartedMain] o.s.w.s.h.BeanNameUrlHandlerMapping      : Rejected bean name 'forumRepository': no URL paths identified
2016-07-15 16:52:58.493 DEBUG 4690 --- [restartedMain] o.s.w.s.h.BeanNameUrlHandlerMapping      : Rejected bean name 'responseRepository': no URL paths identified
2016-07-15 16:52:58.493 DEBUG 4690 --- [restartedMain] o.s.w.s.h.BeanNameUrlHandlerMapping      : Rejected bean name 'org.springframework.boot.autoconfigure.jackson.JacksonAutoConfiguration$JacksonObjectMapperBuilderConfiguration': no URL paths identified
2016-07-15 16:52:58.494 DEBUG 4690 --- [restartedMain] o.s.w.s.h.BeanNameUrlHandlerMapping      : Rejected bean name 'jacksonObjectMapperBuilder': no URL paths identified
2016-07-15 16:52:58.494 DEBUG 4690 --- [restartedMain] o.s.w.s.h.BeanNameUrlHandlerMapping      : Rejected bean name 'spring.jackson.CONFIGURATION_PROPERTIES': no URL paths identified
2016-07-15 16:52:58.494 DEBUG 4690 --- [restartedMain] o.s.w.s.h.BeanNameUrlHandlerMapping      : Rejected bean name 'org.springframework.boot.autoconfigure.jackson.JacksonAutoConfiguration$JacksonObjectMapperConfiguration': no URL paths identified
2016-07-15 16:52:58.494 DEBUG 4690 --- [restartedMain] o.s.w.s.h.BeanNameUrlHandlerMapping      : Rejected bean name 'jacksonObjectMapper': no URL paths identified
2016-07-15 16:52:58.494 DEBUG 4690 --- [restartedMain] o.s.w.s.h.BeanNameUrlHandlerMapping      : Rejected bean name 'org.springframework.boot.autoconfigure.jackson.JacksonAutoConfiguration': no URL paths identified
2016-07-15 16:52:58.494 DEBUG 4690 --- [restartedMain] o.s.w.s.h.BeanNameUrlHandlerMapping      : Rejected bean name 'org.springframework.boot.autoconfigure.web.HttpMessageConvertersAutoConfiguration$StringHttpMessageConverterConfiguration': no URL paths identified
2016-07-15 16:52:58.494 DEBUG 4690 --- [restartedMain] o.s.w.s.h.BeanNameUrlHandlerMapping      : Rejected bean name 'stringHttpMessageConverter': no URL paths identified
2016-07-15 16:52:58.494 DEBUG 4690 --- [restartedMain] o.s.w.s.h.BeanNameUrlHandlerMapping      : Rejected bean name 'spring.http.encoding.CONFIGURATION_PROPERTIES': no URL paths identified
2016-07-15 16:52:58.494 DEBUG 4690 --- [restartedMain] o.s.w.s.h.BeanNameUrlHandlerMapping      : Rejected bean name 'org.springframework.boot.autoconfigure.web.JacksonHttpMessageConvertersConfiguration$MappingJackson2HttpMessageConverterConfiguration': no URL paths identified
2016-07-15 16:52:58.494 DEBUG 4690 --- [restartedMain] o.s.w.s.h.BeanNameUrlHandlerMapping      : Rejected bean name 'mappingJackson2HttpMessageConverter': no URL paths identified
2016-07-15 16:52:58.494 DEBUG 4690 --- [restartedMain] o.s.w.s.h.BeanNameUrlHandlerMapping      : Rejected bean name 'org.springframework.boot.autoconfigure.web.JacksonHttpMessageConvertersConfiguration': no URL paths identified
2016-07-15 16:52:58.494 DEBUG 4690 --- [restartedMain] o.s.w.s.h.BeanNameUrlHandlerMapping      : Rejected bean name 'org.springframework.boot.autoconfigure.web.HttpMessageConvertersAutoConfiguration': no URL paths identified
2016-07-15 16:52:58.494 DEBUG 4690 --- [restartedMain] o.s.w.s.h.BeanNameUrlHandlerMapping      : Rejected bean name 'messageConverters': no URL paths identified
2016-07-15 16:52:58.494 DEBUG 4690 --- [restartedMain] o.s.w.s.h.BeanNameUrlHandlerMapping      : Rejected bean name 'org.springframework.data.web.config.HateoasAwareSpringDataWebConfiguration': no URL paths identified
2016-07-15 16:52:58.494 DEBUG 4690 --- [restartedMain] o.s.w.s.h.BeanNameUrlHandlerMapping      : Rejected bean name 'pageableResolver': no URL paths identified
2016-07-15 16:52:58.495 DEBUG 4690 --- [restartedMain] o.s.w.s.h.BeanNameUrlHandlerMapping      : Rejected bean name 'sortResolver': no URL paths identified
2016-07-15 16:52:58.495 DEBUG 4690 --- [restartedMain] o.s.w.s.h.BeanNameUrlHandlerMapping      : Rejected bean name 'pagedResourcesAssembler': no URL paths identified
2016-07-15 16:52:58.495 DEBUG 4690 --- [restartedMain] o.s.w.s.h.BeanNameUrlHandlerMapping      : Rejected bean name 'pagedResourcesAssemblerArgumentResolver': no URL paths identified
2016-07-15 16:52:58.495 DEBUG 4690 --- [restartedMain] o.s.w.s.h.BeanNameUrlHandlerMapping      : Rejected bean name 'org.springframework.data.web.config.SpringDataJacksonConfiguration': no URL paths identified
2016-07-15 16:52:58.495 DEBUG 4690 --- [restartedMain] o.s.w.s.h.BeanNameUrlHandlerMapping      : Rejected bean name 'jacksonGeoModule': no URL paths identified
2016-07-15 16:52:58.495 DEBUG 4690 --- [restartedMain] o.s.w.s.h.BeanNameUrlHandlerMapping      : Rejected bean name 'org.springframework.boot.autoconfigure.data.web.SpringDataWebAutoConfiguration': no URL paths identified
2016-07-15 16:52:58.495 DEBUG 4690 --- [restartedMain] o.s.w.s.h.BeanNameUrlHandlerMapping      : Rejected bean name 'org.springframework.boot.autoconfigure.h2.H2ConsoleAutoConfiguration': no URL paths identified
2016-07-15 16:52:58.496 DEBUG 4690 --- [restartedMain] o.s.w.s.h.BeanNameUrlHandlerMapping      : Rejected bean name 'h2Console': no URL paths identified
2016-07-15 16:52:58.496 DEBUG 4690 --- [restartedMain] o.s.w.s.h.BeanNameUrlHandlerMapping      : Rejected bean name 'spring.h2.console.CONFIGURATION_PROPERTIES': no URL paths identified
2016-07-15 16:52:58.496 DEBUG 4690 --- [restartedMain] o.s.w.s.h.BeanNameUrlHandlerMapping      : Rejected bean name 'org.springframework.boot.autoconfigure.hateoas.HypermediaAutoConfiguration$EntityLinksConfiguration': no URL paths identified
2016-07-15 16:52:58.496 DEBUG 4690 --- [restartedMain] o.s.w.s.h.BeanNameUrlHandlerMapping      : Rejected bean name 'entityLinksPluginRegistry': no URL paths identified
2016-07-15 16:52:58.496 DEBUG 4690 --- [restartedMain] o.s.w.s.h.BeanNameUrlHandlerMapping      : Rejected bean name 'controllerEntityLinks': no URL paths identified
2016-07-15 16:52:58.496 DEBUG 4690 --- [restartedMain] o.s.w.s.h.BeanNameUrlHandlerMapping      : Rejected bean name 'delegatingEntityLinks': no URL paths identified
2016-07-15 16:52:58.496 DEBUG 4690 --- [restartedMain] o.s.w.s.h.BeanNameUrlHandlerMapping      : Rejected bean name 'org.springframework.hateoas.config.HateoasConfiguration': no URL paths identified
2016-07-15 16:52:58.496 DEBUG 4690 --- [restartedMain] o.s.w.s.h.BeanNameUrlHandlerMapping      : Rejected bean name 'linkRelationMessageSource': no URL paths identified
2016-07-15 16:52:58.496 DEBUG 4690 --- [restartedMain] o.s.w.s.h.BeanNameUrlHandlerMapping      : Rejected bean name 'org.springframework.boot.autoconfigure.hateoas.HypermediaAutoConfiguration$HypermediaConfiguration': no URL paths identified
2016-07-15 16:52:58.496 DEBUG 4690 --- [restartedMain] o.s.w.s.h.BeanNameUrlHandlerMapping      : Rejected bean name 'halObjectMapperConfigurer': no URL paths identified
2016-07-15 16:52:58.496 DEBUG 4690 --- [restartedMain] o.s.w.s.h.BeanNameUrlHandlerMapping      : Rejected bean name '_halObjectMapper': no URL paths identified
2016-07-15 16:52:58.496 DEBUG 4690 --- [restartedMain] o.s.w.s.h.BeanNameUrlHandlerMapping      : Rejected bean name 'org.springframework.hateoas.config.HypermediaSupportBeanDefinitionRegistrar$DefaultObjectMapperCustomizer#0': no URL paths identified
2016-07-15 16:52:58.496 DEBUG 4690 --- [restartedMain] o.s.w.s.h.BeanNameUrlHandlerMapping      : Rejected bean name 'org.springframework.hateoas.config.HypermediaSupportBeanDefinitionRegistrar$Jackson2ModuleRegisteringBeanPostProcessor#0': no URL paths identified
2016-07-15 16:52:58.496 DEBUG 4690 --- [restartedMain] o.s.w.s.h.BeanNameUrlHandlerMapping      : Rejected bean name '_linkDiscovererRegistry': no URL paths identified
2016-07-15 16:52:58.497 DEBUG 4690 --- [restartedMain] o.s.w.s.h.BeanNameUrlHandlerMapping      : Rejected bean name 'org.springframework.hateoas.LinkDiscoverers#0': no URL paths identified
2016-07-15 16:52:58.497 DEBUG 4690 --- [restartedMain] o.s.w.s.h.BeanNameUrlHandlerMapping      : Rejected bean name 'defaultRelProvider': no URL paths identified
2016-07-15 16:52:58.497 DEBUG 4690 --- [restartedMain] o.s.w.s.h.BeanNameUrlHandlerMapping      : Rejected bean name 'annotationRelProvider': no URL paths identified
2016-07-15 16:52:58.497 DEBUG 4690 --- [restartedMain] o.s.w.s.h.BeanNameUrlHandlerMapping      : Rejected bean name 'relProviderPluginRegistry': no URL paths identified
2016-07-15 16:52:58.498 DEBUG 4690 --- [restartedMain] o.s.w.s.h.BeanNameUrlHandlerMapping      : Rejected bean name '_relProvider': no URL paths identified
2016-07-15 16:52:58.498 DEBUG 4690 --- [restartedMain] o.s.w.s.h.BeanNameUrlHandlerMapping      : Rejected bean name 'org.springframework.boot.autoconfigure.hateoas.HypermediaHttpMessageConverterConfiguration': no URL paths identified
2016-07-15 16:52:58.498 DEBUG 4690 --- [restartedMain] o.s.w.s.h.BeanNameUrlHandlerMapping      : Rejected bean name 'halMessageConverterSupportedMediaTypeCustomizer': no URL paths identified
2016-07-15 16:52:58.498 DEBUG 4690 --- [restartedMain] o.s.w.s.h.BeanNameUrlHandlerMapping      : Rejected bean name 'org.springframework.boot.autoconfigure.hateoas.HypermediaAutoConfiguration': no URL paths identified
2016-07-15 16:52:58.498 DEBUG 4690 --- [restartedMain] o.s.w.s.h.BeanNameUrlHandlerMapping      : Rejected bean name 'spring.hateoas.CONFIGURATION_PROPERTIES': no URL paths identified
2016-07-15 16:52:58.498 DEBUG 4690 --- [restartedMain] o.s.w.s.h.BeanNameUrlHandlerMapping      : Rejected bean name 'org.springframework.transaction.annotation.ProxyTransactionManagementConfiguration': no URL paths identified
2016-07-15 16:52:58.498 DEBUG 4690 --- [restartedMain] o.s.w.s.h.BeanNameUrlHandlerMapping      : Rejected bean name 'org.springframework.transaction.config.internalTransactionAdvisor': no URL paths identified
2016-07-15 16:52:58.499 DEBUG 4690 --- [restartedMain] o.s.w.s.h.BeanNameUrlHandlerMapping      : Rejected bean name 'transactionAttributeSource': no URL paths identified
2016-07-15 16:52:58.499 DEBUG 4690 --- [restartedMain] o.s.w.s.h.BeanNameUrlHandlerMapping      : Rejected bean name 'transactionInterceptor': no URL paths identified
2016-07-15 16:52:58.499 DEBUG 4690 --- [restartedMain] o.s.w.s.h.BeanNameUrlHandlerMapping      : Rejected bean name 'org.springframework.transaction.config.internalTransactionalEventListenerFactory': no URL paths identified
2016-07-15 16:52:58.499 DEBUG 4690 --- [restartedMain] o.s.w.s.h.BeanNameUrlHandlerMapping      : Rejected bean name 'org.springframework.boot.autoconfigure.jdbc.DataSourceTransactionManagerAutoConfiguration$TransactionManagementConfiguration': no URL paths identified
2016-07-15 16:52:58.499 DEBUG 4690 --- [restartedMain] o.s.w.s.h.BeanNameUrlHandlerMapping      : Rejected bean name 'org.springframework.boot.autoconfigure.jdbc.DataSourceTransactionManagerAutoConfiguration': no URL paths identified
2016-07-15 16:52:58.499 DEBUG 4690 --- [restartedMain] o.s.w.s.h.BeanNameUrlHandlerMapping      : Rejected bean name 'org.springframework.boot.autoconfigure.thymeleaf.ThymeleafAutoConfiguration$ThymeleafResourceHandlingConfig': no URL paths identified
2016-07-15 16:52:58.499 DEBUG 4690 --- [restartedMain] o.s.w.s.h.BeanNameUrlHandlerMapping      : Rejected bean name 'org.springframework.boot.autoconfigure.thymeleaf.ThymeleafAutoConfiguration$ThymeleafViewResolverConfiguration': no URL paths identified
2016-07-15 16:52:58.499 DEBUG 4690 --- [restartedMain] o.s.w.s.h.BeanNameUrlHandlerMapping      : Rejected bean name 'thymeleafViewResolver': no URL paths identified
2016-07-15 16:52:58.499 DEBUG 4690 --- [restartedMain] o.s.w.s.h.BeanNameUrlHandlerMapping      : Rejected bean name 'org.springframework.boot.autoconfigure.thymeleaf.ThymeleafAutoConfiguration$ThymeleafWebLayoutConfiguration': no URL paths identified
2016-07-15 16:52:58.499 DEBUG 4690 --- [restartedMain] o.s.w.s.h.BeanNameUrlHandlerMapping      : Rejected bean name 'layoutDialect': no URL paths identified
2016-07-15 16:52:58.499 DEBUG 4690 --- [restartedMain] o.s.w.s.h.BeanNameUrlHandlerMapping      : Rejected bean name 'org.springframework.boot.autoconfigure.thymeleaf.ThymeleafAutoConfiguration$ThymeleafDefaultConfiguration': no URL paths identified
2016-07-15 16:52:58.499 DEBUG 4690 --- [restartedMain] o.s.w.s.h.BeanNameUrlHandlerMapping      : Rejected bean name 'templateEngine': no URL paths identified
2016-07-15 16:52:58.499 DEBUG 4690 --- [restartedMain] o.s.w.s.h.BeanNameUrlHandlerMapping      : Rejected bean name 'org.springframework.boot.autoconfigure.thymeleaf.ThymeleafAutoConfiguration$DefaultTemplateResolverConfiguration': no URL paths identified
2016-07-15 16:52:58.499 DEBUG 4690 --- [restartedMain] o.s.w.s.h.BeanNameUrlHandlerMapping      : Rejected bean name 'defaultTemplateResolver': no URL paths identified
2016-07-15 16:52:58.500 DEBUG 4690 --- [restartedMain] o.s.w.s.h.BeanNameUrlHandlerMapping      : Rejected bean name 'thymeleafResourceResolver': no URL paths identified
2016-07-15 16:52:58.500 DEBUG 4690 --- [restartedMain] o.s.w.s.h.BeanNameUrlHandlerMapping      : Rejected bean name 'org.springframework.boot.autoconfigure.thymeleaf.ThymeleafAutoConfiguration': no URL paths identified
2016-07-15 16:52:58.500 DEBUG 4690 --- [restartedMain] o.s.w.s.h.BeanNameUrlHandlerMapping      : Rejected bean name 'spring.thymeleaf.CONFIGURATION_PROPERTIES': no URL paths identified
2016-07-15 16:52:58.500 DEBUG 4690 --- [restartedMain] o.s.w.s.h.BeanNameUrlHandlerMapping      : Rejected bean name 'org.springframework.boot.autoconfigure.transaction.TransactionAutoConfiguration': no URL paths identified
2016-07-15 16:52:58.500 DEBUG 4690 --- [restartedMain] o.s.w.s.h.BeanNameUrlHandlerMapping      : Rejected bean name 'transactionTemplate': no URL paths identified
2016-07-15 16:52:58.500 DEBUG 4690 --- [restartedMain] o.s.w.s.h.BeanNameUrlHandlerMapping      : Rejected bean name 'org.springframework.boot.autoconfigure.web.HttpEncodingAutoConfiguration': no URL paths identified
2016-07-15 16:52:58.500 DEBUG 4690 --- [restartedMain] o.s.w.s.h.BeanNameUrlHandlerMapping      : Rejected bean name 'characterEncodingFilter': no URL paths identified
2016-07-15 16:52:58.500 DEBUG 4690 --- [restartedMain] o.s.w.s.h.BeanNameUrlHandlerMapping      : Rejected bean name 'org.springframework.boot.autoconfigure.web.MultipartAutoConfiguration': no URL paths identified
2016-07-15 16:52:58.500 DEBUG 4690 --- [restartedMain] o.s.w.s.h.BeanNameUrlHandlerMapping      : Rejected bean name 'multipartConfigElement': no URL paths identified
2016-07-15 16:52:58.500 DEBUG 4690 --- [restartedMain] o.s.w.s.h.BeanNameUrlHandlerMapping      : Rejected bean name 'multipartResolver': no URL paths identified
2016-07-15 16:52:58.500 DEBUG 4690 --- [restartedMain] o.s.w.s.h.BeanNameUrlHandlerMapping      : Rejected bean name 'multipart.CONFIGURATION_PROPERTIES': no URL paths identified
2016-07-15 16:52:58.500 DEBUG 4690 --- [restartedMain] o.s.w.s.h.BeanNameUrlHandlerMapping      : Rejected bean name 'org.springframework.boot.autoconfigure.web.ServerPropertiesAutoConfiguration': no URL paths identified
2016-07-15 16:52:58.500 DEBUG 4690 --- [restartedMain] o.s.w.s.h.BeanNameUrlHandlerMapping      : Rejected bean name 'serverProperties': no URL paths identified
2016-07-15 16:52:58.500 DEBUG 4690 --- [restartedMain] o.s.w.s.h.BeanNameUrlHandlerMapping      : Rejected bean name 'duplicateServerPropertiesDetector': no URL paths identified
2016-07-15 16:52:58.500 DEBUG 4690 --- [restartedMain] o.s.w.s.h.BeanNameUrlHandlerMapping      : Rejected bean name 'org.springframework.boot.devtools.autoconfigure.DevToolsDataSourceAutoConfiguration$DatabaseShutdownExecutorJpaDependencyConfiguration': no URL paths identified
2016-07-15 16:52:58.501 DEBUG 4690 --- [restartedMain] o.s.w.s.h.BeanNameUrlHandlerMapping      : Rejected bean name 'org.springframework.boot.devtools.autoconfigure.DevToolsDataSourceAutoConfiguration': no URL paths identified
2016-07-15 16:52:58.501 DEBUG 4690 --- [restartedMain] o.s.w.s.h.BeanNameUrlHandlerMapping      : Rejected bean name 'inMemoryDatabaseShutdownExecutor': no URL paths identified
2016-07-15 16:52:58.501 DEBUG 4690 --- [restartedMain] o.s.w.s.h.BeanNameUrlHandlerMapping      : Rejected bean name 'org.springframework.boot.devtools.autoconfigure.LocalDevToolsAutoConfiguration$RestartConfiguration': no URL paths identified
2016-07-15 16:52:58.501 DEBUG 4690 --- [restartedMain] o.s.w.s.h.BeanNameUrlHandlerMapping      : Rejected bean name 'classPathFileSystemWatcher': no URL paths identified
2016-07-15 16:52:58.501 DEBUG 4690 --- [restartedMain] o.s.w.s.h.BeanNameUrlHandlerMapping      : Rejected bean name 'classPathRestartStrategy': no URL paths identified
2016-07-15 16:52:58.501 DEBUG 4690 --- [restartedMain] o.s.w.s.h.BeanNameUrlHandlerMapping      : Rejected bean name 'hateoasObjenesisCacheDisabler': no URL paths identified
2016-07-15 16:52:58.501 DEBUG 4690 --- [restartedMain] o.s.w.s.h.BeanNameUrlHandlerMapping      : Rejected bean name 'fileSystemWatcherFactory': no URL paths identified
2016-07-15 16:52:58.501 DEBUG 4690 --- [restartedMain] o.s.w.s.h.BeanNameUrlHandlerMapping      : Rejected bean name 'org.springframework.boot.devtools.autoconfigure.LocalDevToolsAutoConfiguration$LiveReloadConfiguration': no URL paths identified
2016-07-15 16:52:58.501 DEBUG 4690 --- [restartedMain] o.s.w.s.h.BeanNameUrlHandlerMapping      : Rejected bean name 'liveReloadServer': no URL paths identified
2016-07-15 16:52:58.501 DEBUG 4690 --- [restartedMain] o.s.w.s.h.BeanNameUrlHandlerMapping      : Rejected bean name 'optionalLiveReloadServer': no URL paths identified
2016-07-15 16:52:58.501 DEBUG 4690 --- [restartedMain] o.s.w.s.h.BeanNameUrlHandlerMapping      : Rejected bean name 'org.springframework.boot.devtools.autoconfigure.LocalDevToolsAutoConfiguration': no URL paths identified
2016-07-15 16:52:58.501 DEBUG 4690 --- [restartedMain] o.s.w.s.h.BeanNameUrlHandlerMapping      : Rejected bean name 'spring.devtools.CONFIGURATION_PROPERTIES': no URL paths identified
2016-07-15 16:52:58.501 DEBUG 4690 --- [restartedMain] o.s.w.s.h.BeanNameUrlHandlerMapping      : Rejected bean name 'org.springframework.orm.jpa.SharedEntityManagerCreator#0': no URL paths identified
2016-07-15 16:52:58.501 DEBUG 4690 --- [restartedMain] o.s.w.s.h.BeanNameUrlHandlerMapping      : Rejected bean name 'autoConfigurationReport': no URL paths identified
2016-07-15 16:52:58.501 DEBUG 4690 --- [restartedMain] o.s.w.s.h.BeanNameUrlHandlerMapping      : Rejected bean name 'applicationEventMulticaster': no URL paths identified
2016-07-15 16:52:58.501 DEBUG 4690 --- [restartedMain] o.s.w.s.h.BeanNameUrlHandlerMapping      : Rejected bean name 'springApplicationArguments': no URL paths identified
2016-07-15 16:52:58.502 DEBUG 4690 --- [restartedMain] o.s.w.s.h.BeanNameUrlHandlerMapping      : Rejected bean name 'springBootLoggingSystem': no URL paths identified
2016-07-15 16:52:58.502 DEBUG 4690 --- [restartedMain] o.s.w.s.h.BeanNameUrlHandlerMapping      : Rejected bean name 'environment': no URL paths identified
2016-07-15 16:52:58.502 DEBUG 4690 --- [restartedMain] o.s.w.s.h.BeanNameUrlHandlerMapping      : Rejected bean name 'systemProperties': no URL paths identified
2016-07-15 16:52:58.502 DEBUG 4690 --- [restartedMain] o.s.w.s.h.BeanNameUrlHandlerMapping      : Rejected bean name 'systemEnvironment': no URL paths identified
2016-07-15 16:52:58.502 DEBUG 4690 --- [restartedMain] o.s.w.s.h.BeanNameUrlHandlerMapping      : Rejected bean name 'org.springframework.context.annotation.ConfigurationClassPostProcessor.importRegistry': no URL paths identified
2016-07-15 16:52:58.502 DEBUG 4690 --- [restartedMain] o.s.w.s.h.BeanNameUrlHandlerMapping      : Rejected bean name 'messageSource': no URL paths identified
2016-07-15 16:52:58.502 DEBUG 4690 --- [restartedMain] o.s.w.s.h.BeanNameUrlHandlerMapping      : Rejected bean name 'servletContext': no URL paths identified
2016-07-15 16:52:58.502 DEBUG 4690 --- [restartedMain] o.s.w.s.h.BeanNameUrlHandlerMapping      : Rejected bean name 'contextParameters': no URL paths identified
2016-07-15 16:52:58.502 DEBUG 4690 --- [restartedMain] o.s.w.s.h.BeanNameUrlHandlerMapping      : Rejected bean name 'contextAttributes': no URL paths identified
2016-07-15 16:52:58.520  INFO 4690 --- [restartedMain] o.s.w.s.handler.SimpleUrlHandlerMapping  : Mapped URL path [/webjars/**] onto handler of type [class org.springframework.web.servlet.resource.ResourceHttpRequestHandler]
2016-07-15 16:52:58.520  INFO 4690 --- [restartedMain] o.s.w.s.handler.SimpleUrlHandlerMapping  : Mapped URL path [/**] onto handler of type [class org.springframework.web.servlet.resource.ResourceHttpRequestHandler]
2016-07-15 16:52:58.534 DEBUG 4690 --- [restartedMain] .m.m.a.ExceptionHandlerExceptionResolver : Looking for exception mappings: org.springframework.boot.context.embedded.AnnotationConfigEmbeddedWebApplicationContext@327ed621: startup date [Fri Jul 15 16:52:51 CEST 2016]; root of context hierarchy
2016-07-15 16:52:58.561  INFO 4690 --- [restartedMain] o.s.w.s.handler.SimpleUrlHandlerMapping  : Mapped URL path [/**/favicon.ico] onto handler of type [class org.springframework.web.servlet.resource.ResourceHttpRequestHandler]
2016-07-15 16:52:58.631  WARN 4690 --- [restartedMain] o.s.b.a.t.ThymeleafAutoConfiguration     : Cannot find template location: classpath:/templates/ (please add some templates or check your Thymeleaf configuration)
2016-07-15 16:52:59.306  INFO 4690 --- [restartedMain] o.s.b.d.a.OptionalLiveReloadServer       : LiveReload server is running on port 35729
2016-07-15 16:52:59.379  INFO 4690 --- [restartedMain] o.s.j.e.a.AnnotationMBeanExporter        : Registering beans for JMX exposure on startup
2016-07-15 16:52:59.401 DEBUG 4690 --- [restartedMain] o.s.w.s.resource.ResourceUrlProvider     : Looking for resource handler mappings
2016-07-15 16:52:59.406 DEBUG 4690 --- [restartedMain] o.s.w.s.resource.ResourceUrlProvider     : Found resource handler mapping: URL pattern="/**/favicon.ico", locations=[ServletContext resource [/], class path resource [META-INF/resources/], class path resource [resources/], class path resource [static/], class path resource [public/], class path resource []], resolvers=[org.springframework.web.servlet.resource.PathResourceResolver@389648e6]
2016-07-15 16:52:59.406 DEBUG 4690 --- [restartedMain] o.s.w.s.resource.ResourceUrlProvider     : Found resource handler mapping: URL pattern="/webjars/**", locations=[class path resource [META-INF/resources/webjars/]], resolvers=[org.springframework.web.servlet.resource.PathResourceResolver@d77960d]
2016-07-15 16:52:59.406 DEBUG 4690 --- [restartedMain] o.s.w.s.resource.ResourceUrlProvider     : Found resource handler mapping: URL pattern="/**", locations=[ServletContext resource [/], class path resource [META-INF/resources/], class path resource [resources/], class path resource [static/], class path resource [public/]], resolvers=[org.springframework.web.servlet.resource.PathResourceResolver@75bfd8d9]
2016-07-15 16:52:59.471  INFO 4690 --- [restartedMain] s.b.c.e.t.TomcatEmbeddedServletContainer : Tomcat started on port(s): 8080 (http)
2016-07-15 16:52:59.472 DEBUG 4690 --- [restartedMain] o.s.w.c.s.StandardServletEnvironment     : Adding [server.ports] PropertySource with highest search precedence
2016-07-15 16:52:59.479  INFO 4690 --- [restartedMain] com.ileossa.hwo.LauncherApp              : Started LauncherApp in 9.201 seconds (JVM running for 10.268)
2016-07-15 16:53:04.928  INFO 4690 --- [Thread-9] ationConfigEmbeddedWebApplicationContext : Closing org.springframework.boot.context.embedded.AnnotationConfigEmbeddedWebApplicationContext@327ed621: startup date [Fri Jul 15 16:52:51 CEST 2016]; root of context hierarchy
2016-07-15 16:53:04.937  INFO 4690 --- [Thread-9] o.s.j.e.a.AnnotationMBeanExporter        : Unregistering JMX-exposed beans on shutdown
2016-07-15 16:53:04.944  INFO 4690 --- [Thread-9] j.LocalContainerEntityManagerFactoryBean : Closing JPA EntityManagerFactory for persistence unit 'default'
