2016-07-12 16:13:19.630 ERROR 9297 --- [restartedMain] o.s.b.l.LoggingApplicationListener       : Cannot set level: WARM for 'com.ileossa.controller.PlaylistController'
2016-07-12 16:13:19.841 DEBUG 9297 --- [restartedMain] o.s.w.c.s.StandardServletEnvironment     : Adding [servletConfigInitParams] PropertySource with lowest search precedence
2016-07-12 16:13:19.842 DEBUG 9297 --- [restartedMain] o.s.w.c.s.StandardServletEnvironment     : Adding [servletContextInitParams] PropertySource with lowest search precedence
2016-07-12 16:13:19.843 DEBUG 9297 --- [restartedMain] o.s.w.c.s.StandardServletEnvironment     : Adding [systemProperties] PropertySource with lowest search precedence
2016-07-12 16:13:19.843 DEBUG 9297 --- [restartedMain] o.s.w.c.s.StandardServletEnvironment     : Adding [systemEnvironment] PropertySource with lowest search precedence
2016-07-12 16:13:19.850 DEBUG 9297 --- [restartedMain] o.s.w.c.s.StandardServletEnvironment     : Initialized StandardServletEnvironment with PropertySources [servletConfigInitParams,servletContextInitParams,systemProperties,systemEnvironment]
2016-07-12 16:13:20.020  INFO 9297 --- [restartedMain] com.ileossa.hwo.LauncherApp              : Starting LauncherApp on ileossa-laptop14 with PID 9297 (/home/ileossa/workspace/HomeWorkOrganizer/target/classes started by ileossa in /home/ileossa/workspace/HomeWorkOrganizer)
2016-07-12 16:13:20.020  INFO 9297 --- [restartedMain] com.ileossa.hwo.LauncherApp              : The following profiles are active: dev
2016-07-12 16:13:21.120  INFO 9297 --- [restartedMain] ationConfigEmbeddedWebApplicationContext : Refreshing org.springframework.boot.context.embedded.AnnotationConfigEmbeddedWebApplicationContext@5c84d440: startup date [Tue Jul 12 16:13:21 CEST 2016]; root of context hierarchy
2016-07-12 16:13:24.829 DEBUG 9297 --- [restartedMain] o.s.w.c.s.StandardServletEnvironment     : Adding [applicationConfig: [classpath:/application.yml]#dev] PropertySource with search precedence immediately lower than [applicationConfigurationProperties]
2016-07-12 16:13:24.830 DEBUG 9297 --- [restartedMain] o.s.w.c.s.StandardServletEnvironment     : Adding [applicationConfig: [classpath:/application.yml]] PropertySource with search precedence immediately lower than [applicationConfig: [classpath:/application.yml]#dev]
2016-07-12 16:13:24.831 DEBUG 9297 --- [restartedMain] o.s.w.c.s.StandardServletEnvironment     : Removing [applicationConfigurationProperties] PropertySource
2016-07-12 16:13:24.831 DEBUG 9297 --- [restartedMain] o.s.w.c.s.StandardServletEnvironment     : Removing [defaultProperties] PropertySource
2016-07-12 16:13:25.117  INFO 9297 --- [restartedMain] trationDelegate$BeanPostProcessorChecker : Bean 'org.springframework.transaction.annotation.ProxyTransactionManagementConfiguration' of type [class org.springframework.transaction.annotation.ProxyTransactionManagementConfiguration$$EnhancerBySpringCGLIB$$1a0ca1c2] is not eligible for getting processed by all BeanPostProcessors (for example: not eligible for auto-proxying)
2016-07-12 16:13:26.052  INFO 9297 --- [restartedMain] s.b.c.e.t.TomcatEmbeddedServletContainer : Tomcat initialized with port(s): 8080 (http)
2016-07-12 16:13:26.079  INFO 9297 --- [restartedMain] o.apache.catalina.core.StandardService   : Starting service Tomcat
2016-07-12 16:13:26.081  INFO 9297 --- [restartedMain] org.apache.catalina.core.StandardEngine  : Starting Servlet Engine: Apache Tomcat/8.0.33
2016-07-12 16:13:26.288  INFO 9297 --- [localhost-startStop-1] o.a.c.c.C.[Tomcat].[localhost].[/]       : Initializing Spring embedded WebApplicationContext
2016-07-12 16:13:26.289 DEBUG 9297 --- [localhost-startStop-1] o.s.web.context.ContextLoader            : Published root WebApplicationContext as ServletContext attribute with name [org.springframework.web.context.WebApplicationContext.ROOT]
2016-07-12 16:13:26.290  INFO 9297 --- [localhost-startStop-1] o.s.web.context.ContextLoader            : Root WebApplicationContext: initialization completed in 5187 ms
2016-07-12 16:13:27.003 DEBUG 9297 --- [localhost-startStop-1] o.s.w.c.s.StandardServletEnvironment     : Adding [servletConfigInitParams] PropertySource with lowest search precedence
2016-07-12 16:13:27.004 DEBUG 9297 --- [localhost-startStop-1] o.s.w.c.s.StandardServletEnvironment     : Adding [servletContextInitParams] PropertySource with lowest search precedence
2016-07-12 16:13:27.006 DEBUG 9297 --- [localhost-startStop-1] o.s.w.c.s.StandardServletEnvironment     : Adding [systemProperties] PropertySource with lowest search precedence
2016-07-12 16:13:27.006 DEBUG 9297 --- [localhost-startStop-1] o.s.w.c.s.StandardServletEnvironment     : Adding [systemEnvironment] PropertySource with lowest search precedence
2016-07-12 16:13:27.007 DEBUG 9297 --- [localhost-startStop-1] o.s.w.c.s.StandardServletEnvironment     : Initialized StandardServletEnvironment with PropertySources [servletConfigInitParams,servletContextInitParams,systemProperties,systemEnvironment]
2016-07-12 16:13:27.035 DEBUG 9297 --- [localhost-startStop-1] o.s.w.c.s.StandardServletEnvironment     : Adding [servletConfigInitParams] PropertySource with lowest search precedence
2016-07-12 16:13:27.036 DEBUG 9297 --- [localhost-startStop-1] o.s.w.c.s.StandardServletEnvironment     : Adding [servletContextInitParams] PropertySource with lowest search precedence
2016-07-12 16:13:27.039 DEBUG 9297 --- [localhost-startStop-1] o.s.w.c.s.StandardServletEnvironment     : Adding [systemProperties] PropertySource with lowest search precedence
2016-07-12 16:13:27.040 DEBUG 9297 --- [localhost-startStop-1] o.s.w.c.s.StandardServletEnvironment     : Adding [systemEnvironment] PropertySource with lowest search precedence
2016-07-12 16:13:27.040 DEBUG 9297 --- [localhost-startStop-1] o.s.w.c.s.StandardServletEnvironment     : Initialized StandardServletEnvironment with PropertySources [servletConfigInitParams,servletContextInitParams,systemProperties,systemEnvironment]
2016-07-12 16:13:27.049 DEBUG 9297 --- [localhost-startStop-1] o.s.w.c.s.StandardServletEnvironment     : Adding [servletConfigInitParams] PropertySource with lowest search precedence
2016-07-12 16:13:27.050 DEBUG 9297 --- [localhost-startStop-1] o.s.w.c.s.StandardServletEnvironment     : Adding [servletContextInitParams] PropertySource with lowest search precedence
2016-07-12 16:13:27.051 DEBUG 9297 --- [localhost-startStop-1] o.s.w.c.s.StandardServletEnvironment     : Adding [systemProperties] PropertySource with lowest search precedence
2016-07-12 16:13:27.051 DEBUG 9297 --- [localhost-startStop-1] o.s.w.c.s.StandardServletEnvironment     : Adding [systemEnvironment] PropertySource with lowest search precedence
2016-07-12 16:13:27.051 DEBUG 9297 --- [localhost-startStop-1] o.s.w.c.s.StandardServletEnvironment     : Initialized StandardServletEnvironment with PropertySources [servletConfigInitParams,servletContextInitParams,systemProperties,systemEnvironment]
2016-07-12 16:13:27.084 DEBUG 9297 --- [localhost-startStop-1] o.s.w.c.s.StandardServletEnvironment     : Adding [servletConfigInitParams] PropertySource with lowest search precedence
2016-07-12 16:13:27.085 DEBUG 9297 --- [localhost-startStop-1] o.s.w.c.s.StandardServletEnvironment     : Adding [servletContextInitParams] PropertySource with lowest search precedence
2016-07-12 16:13:27.085 DEBUG 9297 --- [localhost-startStop-1] o.s.w.c.s.StandardServletEnvironment     : Adding [systemProperties] PropertySource with lowest search precedence
2016-07-12 16:13:27.086 DEBUG 9297 --- [localhost-startStop-1] o.s.w.c.s.StandardServletEnvironment     : Adding [systemEnvironment] PropertySource with lowest search precedence
2016-07-12 16:13:27.086 DEBUG 9297 --- [localhost-startStop-1] o.s.w.c.s.StandardServletEnvironment     : Initialized StandardServletEnvironment with PropertySources [servletConfigInitParams,servletContextInitParams,systemProperties,systemEnvironment]
2016-07-12 16:13:27.108  INFO 9297 --- [localhost-startStop-1] o.s.b.c.e.ServletRegistrationBean        : Mapping servlet: 'dispatcherServlet' to [/]
2016-07-12 16:13:27.111  INFO 9297 --- [localhost-startStop-1] o.s.b.c.e.ServletRegistrationBean        : Mapping servlet: 'webServlet' to [/h2-console/*]
2016-07-12 16:13:27.118  INFO 9297 --- [localhost-startStop-1] o.s.b.c.embedded.FilterRegistrationBean  : Mapping filter: 'characterEncodingFilter' to: [/*]
2016-07-12 16:13:27.119  INFO 9297 --- [localhost-startStop-1] o.s.b.c.embedded.FilterRegistrationBean  : Mapping filter: 'hiddenHttpMethodFilter' to: [/*]
2016-07-12 16:13:27.119  INFO 9297 --- [localhost-startStop-1] o.s.b.c.embedded.FilterRegistrationBean  : Mapping filter: 'httpPutFormContentFilter' to: [/*]
2016-07-12 16:13:27.120  INFO 9297 --- [localhost-startStop-1] o.s.b.c.embedded.FilterRegistrationBean  : Mapping filter: 'requestContextFilter' to: [/*]
2016-07-12 16:13:27.188 DEBUG 9297 --- [restartedMain] o.s.w.c.s.StandardServletEnvironment     : Replacing [servletContextInitParams] PropertySource with [servletContextInitParams]
2016-07-12 16:13:28.141  INFO 9297 --- [restartedMain] j.LocalContainerEntityManagerFactoryBean : Building JPA container EntityManagerFactory for persistence unit 'default'
2016-07-12 16:13:31.567  INFO 9297 --- [restartedMain] s.w.s.m.m.a.RequestMappingHandlerAdapter : Looking for @ControllerAdvice: org.springframework.boot.context.embedded.AnnotationConfigEmbeddedWebApplicationContext@5c84d440: startup date [Tue Jul 12 16:13:21 CEST 2016]; root of context hierarchy
2016-07-12 16:13:31.712 DEBUG 9297 --- [restartedMain] s.w.s.m.m.a.RequestMappingHandlerMapping : Looking for request mappings in application context: org.springframework.boot.context.embedded.AnnotationConfigEmbeddedWebApplicationContext@5c84d440: startup date [Tue Jul 12 16:13:21 CEST 2016]; root of context hierarchy
2016-07-12 16:13:31.739 DEBUG 9297 --- [restartedMain] s.w.s.m.m.a.RequestMappingHandlerMapping : 4 request handler methods found on class com.ileossa.hwo.controller.ActuController: {public void com.ileossa.hwo.controller.ActuController.deleteActu(long) throws com.ileossa.hwo.exceptions.ActuNotFoundException={[/actus],methods=[DELETE]}, public java.util.List com.ileossa.hwo.controller.ActuController.listActu(java.lang.String)={[/actus],methods=[GET]}, public com.ileossa.hwo.model.ActuModel com.ileossa.hwo.controller.ActuController.createActu(java.lang.String,java.lang.String,java.lang.String)={[/actus],methods=[POST]}, public com.ileossa.hwo.model.ActuModel com.ileossa.hwo.controller.ActuController.updateActu(long,java.lang.String,java.lang.String) throws com.ileossa.hwo.exceptions.ActuNotFoundException={[/actus],methods=[PUT]}}
2016-07-12 16:13:31.740  INFO 9297 --- [restartedMain] s.w.s.m.m.a.RequestMappingHandlerMapping : Mapped "{[/actus],methods=[DELETE]}" onto public void com.ileossa.hwo.controller.ActuController.deleteActu(long) throws com.ileossa.hwo.exceptions.ActuNotFoundException
2016-07-12 16:13:31.743  INFO 9297 --- [restartedMain] s.w.s.m.m.a.RequestMappingHandlerMapping : Mapped "{[/actus],methods=[GET]}" onto public java.util.List<com.ileossa.hwo.model.ActuModel> com.ileossa.hwo.controller.ActuController.listActu(java.lang.String)
2016-07-12 16:13:31.744  INFO 9297 --- [restartedMain] s.w.s.m.m.a.RequestMappingHandlerMapping : Mapped "{[/actus],methods=[POST]}" onto public com.ileossa.hwo.model.ActuModel com.ileossa.hwo.controller.ActuController.createActu(java.lang.String,java.lang.String,java.lang.String)
2016-07-12 16:13:31.746  INFO 9297 --- [restartedMain] s.w.s.m.m.a.RequestMappingHandlerMapping : Mapped "{[/actus],methods=[PUT]}" onto public com.ileossa.hwo.model.ActuModel com.ileossa.hwo.controller.ActuController.updateActu(long,java.lang.String,java.lang.String) throws com.ileossa.hwo.exceptions.ActuNotFoundException
2016-07-12 16:13:31.756 DEBUG 9297 --- [restartedMain] s.w.s.m.m.a.RequestMappingHandlerMapping : 4 request handler methods found on class com.ileossa.hwo.controller.EventController: {public com.ileossa.hwo.model.EventModel com.ileossa.hwo.controller.EventController.createEvent(java.lang.String,java.lang.String,java.lang.String,java.util.Date,java.lang.String)={[/event],methods=[POST]}, public com.ileossa.hwo.model.EventModel com.ileossa.hwo.controller.EventController.updateEvent(java.lang.String,long,java.lang.String,java.lang.String,java.util.Date,java.lang.String) throws com.ileossa.hwo.exceptions.EventNotFoundException={[/event],methods=[PUT]}, public void com.ileossa.hwo.controller.EventController.deleteEvent(long)={[/event],methods=[DELETE]}, public java.util.List com.ileossa.hwo.controller.EventController.listEvent(java.lang.String)={[/event],methods=[GET]}}
2016-07-12 16:13:31.757  INFO 9297 --- [restartedMain] s.w.s.m.m.a.RequestMappingHandlerMapping : Mapped "{[/event],methods=[POST]}" onto public com.ileossa.hwo.model.EventModel com.ileossa.hwo.controller.EventController.createEvent(java.lang.String,java.lang.String,java.lang.String,java.util.Date,java.lang.String)
2016-07-12 16:13:31.757  INFO 9297 --- [restartedMain] s.w.s.m.m.a.RequestMappingHandlerMapping : Mapped "{[/event],methods=[PUT]}" onto public com.ileossa.hwo.model.EventModel com.ileossa.hwo.controller.EventController.updateEvent(java.lang.String,long,java.lang.String,java.lang.String,java.util.Date,java.lang.String) throws com.ileossa.hwo.exceptions.EventNotFoundException
2016-07-12 16:13:31.758  INFO 9297 --- [restartedMain] s.w.s.m.m.a.RequestMappingHandlerMapping : Mapped "{[/event],methods=[DELETE]}" onto public void com.ileossa.hwo.controller.EventController.deleteEvent(long)
2016-07-12 16:13:31.758  INFO 9297 --- [restartedMain] s.w.s.m.m.a.RequestMappingHandlerMapping : Mapped "{[/event],methods=[GET]}" onto public java.util.List<com.ileossa.hwo.model.EventModel> com.ileossa.hwo.controller.EventController.listEvent(java.lang.String)
2016-07-12 16:13:31.760 DEBUG 9297 --- [restartedMain] s.w.s.m.m.a.RequestMappingHandlerMapping : 2 request handler methods found on class com.ileossa.hwo.controller.ForumController: {public com.ileossa.hwo.model.ForumModel com.ileossa.hwo.controller.ForumController.createForum(java.lang.String,java.lang.String)={[/forum],methods=[POST]}, public java.util.List com.ileossa.hwo.controller.ForumController.getListDiscussion(java.lang.String)={[/forum],methods=[GET]}}
2016-07-12 16:13:31.760  INFO 9297 --- [restartedMain] s.w.s.m.m.a.RequestMappingHandlerMapping : Mapped "{[/forum],methods=[POST]}" onto public com.ileossa.hwo.model.ForumModel com.ileossa.hwo.controller.ForumController.createForum(java.lang.String,java.lang.String)
2016-07-12 16:13:31.760  INFO 9297 --- [restartedMain] s.w.s.m.m.a.RequestMappingHandlerMapping : Mapped "{[/forum],methods=[GET]}" onto public java.util.List<com.ileossa.hwo.model.ForumModel> com.ileossa.hwo.controller.ForumController.getListDiscussion(java.lang.String)
2016-07-12 16:13:31.761 DEBUG 9297 --- [restartedMain] s.w.s.m.m.a.RequestMappingHandlerMapping : 1 request handler methods found on class com.ileossa.hwo.controller.HomeController: {public java.lang.String com.ileossa.hwo.controller.HomeController.homePage()={[],methods=[GET]}}
2016-07-12 16:13:31.762  INFO 9297 --- [restartedMain] s.w.s.m.m.a.RequestMappingHandlerMapping : Mapped "{[],methods=[GET]}" onto public java.lang.String com.ileossa.hwo.controller.HomeController.homePage()
2016-07-12 16:13:31.766 DEBUG 9297 --- [restartedMain] s.w.s.m.m.a.RequestMappingHandlerMapping : 7 request handler methods found on class com.ileossa.hwo.controller.UserController: {public com.ileossa.hwo.model.UserModel com.ileossa.hwo.controller.UserController.promoteUser(long,java.lang.String,java.lang.String) throws com.ileossa.hwo.exceptions.UserErrorPatch={[/user/promote],methods=[POST]}, public com.ileossa.hwo.model.UserModel com.ileossa.hwo.controller.UserController.banUser(java.lang.String) throws com.ileossa.hwo.exceptions.UserNotFoundException={[/user/ban],methods=[POST]}, public com.ileossa.hwo.model.UserModel com.ileossa.hwo.controller.UserController.userChangePassword(long,java.lang.String,java.lang.String) throws com.ileossa.hwo.exceptions.UserNotFoundException,com.ileossa.hwo.exceptions.UserErrorPatch={[/user],methods=[PUT]}, public com.ileossa.hwo.model.UserModel com.ileossa.hwo.controller.UserController.getUser(long) throws com.ileossa.hwo.exceptions.UserNotFoundException={[/user/{id}],methods=[GET]}, public com.ileossa.hwo.model.UserModel com.ileossa.hwo.controller.UserController.connectUser(java.lang.String,java.lang.String) throws com.ileossa.hwo.exceptions.UserNotFoundException={[/user/authenticate],methods=[POST]}, public com.ileossa.hwo.model.UserModel com.ileossa.hwo.controller.UserController.newUser(java.lang.String,java.lang.String,java.lang.String,java.lang.String)={[/user],methods=[POST]}, public java.util.List com.ileossa.hwo.controller.UserController.listMemberGroup(java.lang.String)={[/user],methods=[GET]}}
2016-07-12 16:13:31.767  INFO 9297 --- [restartedMain] s.w.s.m.m.a.RequestMappingHandlerMapping : Mapped "{[/user/promote],methods=[POST]}" onto public com.ileossa.hwo.model.UserModel com.ileossa.hwo.controller.UserController.promoteUser(long,java.lang.String,java.lang.String) throws com.ileossa.hwo.exceptions.UserErrorPatch
2016-07-12 16:13:31.768  INFO 9297 --- [restartedMain] s.w.s.m.m.a.RequestMappingHandlerMapping : Mapped "{[/user/ban],methods=[POST]}" onto public com.ileossa.hwo.model.UserModel com.ileossa.hwo.controller.UserController.banUser(java.lang.String) throws com.ileossa.hwo.exceptions.UserNotFoundException
2016-07-12 16:13:31.768  INFO 9297 --- [restartedMain] s.w.s.m.m.a.RequestMappingHandlerMapping : Mapped "{[/user],methods=[PUT]}" onto public com.ileossa.hwo.model.UserModel com.ileossa.hwo.controller.UserController.userChangePassword(long,java.lang.String,java.lang.String) throws com.ileossa.hwo.exceptions.UserNotFoundException,com.ileossa.hwo.exceptions.UserErrorPatch
2016-07-12 16:13:31.768  INFO 9297 --- [restartedMain] s.w.s.m.m.a.RequestMappingHandlerMapping : Mapped "{[/user/{id}],methods=[GET]}" onto public com.ileossa.hwo.model.UserModel com.ileossa.hwo.controller.UserController.getUser(long) throws com.ileossa.hwo.exceptions.UserNotFoundException
2016-07-12 16:13:31.769  INFO 9297 --- [restartedMain] s.w.s.m.m.a.RequestMappingHandlerMapping : Mapped "{[/user/authenticate],methods=[POST]}" onto public com.ileossa.hwo.model.UserModel com.ileossa.hwo.controller.UserController.connectUser(java.lang.String,java.lang.String) throws com.ileossa.hwo.exceptions.UserNotFoundException
2016-07-12 16:13:31.770  INFO 9297 --- [restartedMain] s.w.s.m.m.a.RequestMappingHandlerMapping : Mapped "{[/user],methods=[POST]}" onto public com.ileossa.hwo.model.UserModel com.ileossa.hwo.controller.UserController.newUser(java.lang.String,java.lang.String,java.lang.String,java.lang.String)
2016-07-12 16:13:31.771  INFO 9297 --- [restartedMain] s.w.s.m.m.a.RequestMappingHandlerMapping : Mapped "{[/user],methods=[GET]}" onto public java.util.List<com.ileossa.hwo.model.UserModel> com.ileossa.hwo.controller.UserController.listMemberGroup(java.lang.String)
2016-07-12 16:13:31.787 DEBUG 9297 --- [restartedMain] s.w.s.m.m.a.RequestMappingHandlerMapping : 2 request handler methods found on class com.ileossa.hwo.controller.DiscussionController: {public com.ileossa.hwo.model.DiscussionModel com.ileossa.hwo.controller.DiscussionController.createDiscussion(long,java.lang.String,java.lang.String,long)={[/discussion],methods=[POST]}, public java.util.List com.ileossa.hwo.controller.DiscussionController.getListDiscussion(long)={[/discussion],methods=[GET]}}
2016-07-12 16:13:31.788  INFO 9297 --- [restartedMain] s.w.s.m.m.a.RequestMappingHandlerMapping : Mapped "{[/discussion],methods=[POST]}" onto public com.ileossa.hwo.model.DiscussionModel com.ileossa.hwo.controller.DiscussionController.createDiscussion(long,java.lang.String,java.lang.String,long)
2016-07-12 16:13:31.788  INFO 9297 --- [restartedMain] s.w.s.m.m.a.RequestMappingHandlerMapping : Mapped "{[/discussion],methods=[GET]}" onto public java.util.List<com.ileossa.hwo.model.DiscussionModel> com.ileossa.hwo.controller.DiscussionController.getListDiscussion(long)
2016-07-12 16:13:31.790 DEBUG 9297 --- [restartedMain] s.w.s.m.m.a.RequestMappingHandlerMapping : 2 request handler methods found on class com.ileossa.hwo.controller.ReponseController: {public com.ileossa.hwo.model.ResponseModel com.ileossa.hwo.controller.ReponseController.createReponse(long,long,java.lang.String)={[/reponse],methods=[POST]}, public java.util.List com.ileossa.hwo.controller.ReponseController.getListDiscussion(long)={[/reponse],methods=[GET]}}
2016-07-12 16:13:31.790  INFO 9297 --- [restartedMain] s.w.s.m.m.a.RequestMappingHandlerMapping : Mapped "{[/reponse],methods=[POST]}" onto public com.ileossa.hwo.model.ResponseModel com.ileossa.hwo.controller.ReponseController.createReponse(long,long,java.lang.String)
2016-07-12 16:13:31.791  INFO 9297 --- [restartedMain] s.w.s.m.m.a.RequestMappingHandlerMapping : Mapped "{[/reponse],methods=[GET]}" onto public java.util.List<com.ileossa.hwo.model.ResponseModel> com.ileossa.hwo.controller.ReponseController.getListDiscussion(long)
2016-07-12 16:13:31.792 DEBUG 9297 --- [restartedMain] s.w.s.m.m.a.RequestMappingHandlerMapping : 2 request handler methods found on class com.ileossa.hwo.controller.DocumentController: {public com.ileossa.hwo.model.DocumentModel com.ileossa.hwo.controller.DocumentController.createDocument(java.lang.String,java.lang.String,java.io.File,java.lang.Boolean)={[/documents],methods=[POST]}, public java.lang.String com.ileossa.hwo.controller.DocumentController.handleFileUpload(org.springframework.web.multipart.MultipartFile,org.springframework.web.servlet.mvc.support.RedirectAttributes)={[/documents/],methods=[POST]}}
2016-07-12 16:13:31.793  INFO 9297 --- [restartedMain] s.w.s.m.m.a.RequestMappingHandlerMapping : Mapped "{[/documents],methods=[POST]}" onto public com.ileossa.hwo.model.DocumentModel com.ileossa.hwo.controller.DocumentController.createDocument(java.lang.String,java.lang.String,java.io.File,java.lang.Boolean)
2016-07-12 16:13:31.793  INFO 9297 --- [restartedMain] s.w.s.m.m.a.RequestMappingHandlerMapping : Mapped "{[/documents/],methods=[POST]}" onto public java.lang.String com.ileossa.hwo.controller.DocumentController.handleFileUpload(org.springframework.web.multipart.MultipartFile,org.springframework.web.servlet.mvc.support.RedirectAttributes)
2016-07-12 16:13:31.802 DEBUG 9297 --- [restartedMain] s.w.s.m.m.a.RequestMappingHandlerMapping : 2 request handler methods found on class org.springframework.boot.autoconfigure.web.BasicErrorController: {public org.springframework.web.servlet.ModelAndView org.springframework.boot.autoconfigure.web.BasicErrorController.errorHtml(javax.servlet.http.HttpServletRequest,javax.servlet.http.HttpServletResponse)={[/error],produces=[text/html]}, public org.springframework.http.ResponseEntity org.springframework.boot.autoconfigure.web.BasicErrorController.error(javax.servlet.http.HttpServletRequest)={[/error]}}
2016-07-12 16:13:31.805  INFO 9297 --- [restartedMain] s.w.s.m.m.a.RequestMappingHandlerMapping : Mapped "{[/error],produces=[text/html]}" onto public org.springframework.web.servlet.ModelAndView org.springframework.boot.autoconfigure.web.BasicErrorController.errorHtml(javax.servlet.http.HttpServletRequest,javax.servlet.http.HttpServletResponse)
2016-07-12 16:13:31.808  INFO 9297 --- [restartedMain] s.w.s.m.m.a.RequestMappingHandlerMapping : Mapped "{[/error]}" onto public org.springframework.http.ResponseEntity<java.util.Map<java.lang.String, java.lang.Object>> org.springframework.boot.autoconfigure.web.BasicErrorController.error(javax.servlet.http.HttpServletRequest)
2016-07-12 16:13:31.873 DEBUG 9297 --- [restartedMain] o.s.w.s.h.BeanNameUrlHandlerMapping      : Looking for URL mappings in application context: org.springframework.boot.context.embedded.AnnotationConfigEmbeddedWebApplicationContext@5c84d440: startup date [Tue Jul 12 16:13:21 CEST 2016]; root of context hierarchy
2016-07-12 16:13:31.875 DEBUG 9297 --- [restartedMain] o.s.w.s.h.BeanNameUrlHandlerMapping      : Rejected bean name 'org.springframework.context.annotation.internalConfigurationAnnotationProcessor': no URL paths identified
2016-07-12 16:13:31.877 DEBUG 9297 --- [restartedMain] o.s.w.s.h.BeanNameUrlHandlerMapping      : Rejected bean name 'org.springframework.context.annotation.internalAutowiredAnnotationProcessor': no URL paths identified
2016-07-12 16:13:31.877 DEBUG 9297 --- [restartedMain] o.s.w.s.h.BeanNameUrlHandlerMapping      : Rejected bean name 'org.springframework.context.annotation.internalRequiredAnnotationProcessor': no URL paths identified
2016-07-12 16:13:31.877 DEBUG 9297 --- [restartedMain] o.s.w.s.h.BeanNameUrlHandlerMapping      : Rejected bean name 'org.springframework.context.annotation.internalCommonAnnotationProcessor': no URL paths identified
2016-07-12 16:13:31.878 DEBUG 9297 --- [restartedMain] o.s.w.s.h.BeanNameUrlHandlerMapping      : Rejected bean name 'org.springframework.context.annotation.internalPersistenceAnnotationProcessor': no URL paths identified
2016-07-12 16:13:31.878 DEBUG 9297 --- [restartedMain] o.s.w.s.h.BeanNameUrlHandlerMapping      : Rejected bean name 'org.springframework.context.event.internalEventListenerProcessor': no URL paths identified
2016-07-12 16:13:31.880 DEBUG 9297 --- [restartedMain] o.s.w.s.h.BeanNameUrlHandlerMapping      : Rejected bean name 'org.springframework.context.event.internalEventListenerFactory': no URL paths identified
2016-07-12 16:13:31.884 DEBUG 9297 --- [restartedMain] o.s.w.s.h.BeanNameUrlHandlerMapping      : Rejected bean name 'launcherApp': no URL paths identified
2016-07-12 16:13:31.886 DEBUG 9297 --- [restartedMain] o.s.w.s.h.BeanNameUrlHandlerMapping      : Rejected bean name 'org.springframework.context.annotation.ConfigurationClassPostProcessor.importAwareProcessor': no URL paths identified
2016-07-12 16:13:31.886 DEBUG 9297 --- [restartedMain] o.s.w.s.h.BeanNameUrlHandlerMapping      : Rejected bean name 'org.springframework.context.annotation.ConfigurationClassPostProcessor.enhancedConfigurationProcessor': no URL paths identified
2016-07-12 16:13:31.886 DEBUG 9297 --- [restartedMain] o.s.w.s.h.BeanNameUrlHandlerMapping      : Rejected bean name 'actuController': no URL paths identified
2016-07-12 16:13:31.886 DEBUG 9297 --- [restartedMain] o.s.w.s.h.BeanNameUrlHandlerMapping      : Rejected bean name 'eventController': no URL paths identified
2016-07-12 16:13:31.886 DEBUG 9297 --- [restartedMain] o.s.w.s.h.BeanNameUrlHandlerMapping      : Rejected bean name 'forumController': no URL paths identified
2016-07-12 16:13:31.886 DEBUG 9297 --- [restartedMain] o.s.w.s.h.BeanNameUrlHandlerMapping      : Rejected bean name 'homeController': no URL paths identified
2016-07-12 16:13:31.887 DEBUG 9297 --- [restartedMain] o.s.w.s.h.BeanNameUrlHandlerMapping      : Rejected bean name 'userController': no URL paths identified
2016-07-12 16:13:31.887 DEBUG 9297 --- [restartedMain] o.s.w.s.h.BeanNameUrlHandlerMapping      : Rejected bean name 'discussionController': no URL paths identified
2016-07-12 16:13:31.887 DEBUG 9297 --- [restartedMain] o.s.w.s.h.BeanNameUrlHandlerMapping      : Rejected bean name 'reponseController': no URL paths identified
2016-07-12 16:13:31.887 DEBUG 9297 --- [restartedMain] o.s.w.s.h.BeanNameUrlHandlerMapping      : Rejected bean name 'documentController': no URL paths identified
2016-07-12 16:13:31.889 DEBUG 9297 --- [restartedMain] o.s.w.s.h.BeanNameUrlHandlerMapping      : Rejected bean name 'org.springframework.boot.autoconfigure.AutoConfigurationPackages': no URL paths identified
2016-07-12 16:13:31.890 DEBUG 9297 --- [restartedMain] o.s.w.s.h.BeanNameUrlHandlerMapping      : Rejected bean name 'org.springframework.boot.autoconfigure.PropertyPlaceholderAutoConfiguration': no URL paths identified
2016-07-12 16:13:31.890 DEBUG 9297 --- [restartedMain] o.s.w.s.h.BeanNameUrlHandlerMapping      : Rejected bean name 'org.springframework.boot.autoconfigure.condition.BeanTypeRegistry': no URL paths identified
2016-07-12 16:13:31.890 DEBUG 9297 --- [restartedMain] o.s.w.s.h.BeanNameUrlHandlerMapping      : Rejected bean name 'propertySourcesPlaceholderConfigurer': no URL paths identified
2016-07-12 16:13:31.890 DEBUG 9297 --- [restartedMain] o.s.w.s.h.BeanNameUrlHandlerMapping      : Rejected bean name 'org.springframework.boot.autoconfigure.websocket.WebSocketAutoConfiguration$TomcatWebSocketConfiguration': no URL paths identified
2016-07-12 16:13:31.890 DEBUG 9297 --- [restartedMain] o.s.w.s.h.BeanNameUrlHandlerMapping      : Rejected bean name 'websocketContainerCustomizer': no URL paths identified
2016-07-12 16:13:31.891 DEBUG 9297 --- [restartedMain] o.s.w.s.h.BeanNameUrlHandlerMapping      : Rejected bean name 'org.springframework.boot.autoconfigure.websocket.WebSocketAutoConfiguration': no URL paths identified
2016-07-12 16:13:31.891 DEBUG 9297 --- [restartedMain] o.s.w.s.h.BeanNameUrlHandlerMapping      : Rejected bean name 'org.springframework.boot.autoconfigure.web.EmbeddedServletContainerAutoConfiguration$EmbeddedTomcat': no URL paths identified
2016-07-12 16:13:31.891 DEBUG 9297 --- [restartedMain] o.s.w.s.h.BeanNameUrlHandlerMapping      : Rejected bean name 'tomcatEmbeddedServletContainerFactory': no URL paths identified
2016-07-12 16:13:31.891 DEBUG 9297 --- [restartedMain] o.s.w.s.h.BeanNameUrlHandlerMapping      : Rejected bean name 'org.springframework.boot.autoconfigure.web.EmbeddedServletContainerAutoConfiguration': no URL paths identified
2016-07-12 16:13:31.891 DEBUG 9297 --- [restartedMain] o.s.w.s.h.BeanNameUrlHandlerMapping      : Rejected bean name 'embeddedServletContainerCustomizerBeanPostProcessor': no URL paths identified
2016-07-12 16:13:31.891 DEBUG 9297 --- [restartedMain] o.s.w.s.h.BeanNameUrlHandlerMapping      : Rejected bean name 'org.springframework.boot.autoconfigure.web.DispatcherServletAutoConfiguration$DispatcherServletConfiguration': no URL paths identified
2016-07-12 16:13:31.891 DEBUG 9297 --- [restartedMain] o.s.w.s.h.BeanNameUrlHandlerMapping      : Rejected bean name 'dispatcherServlet': no URL paths identified
2016-07-12 16:13:31.891 DEBUG 9297 --- [restartedMain] o.s.w.s.h.BeanNameUrlHandlerMapping      : Rejected bean name 'dispatcherServletRegistration': no URL paths identified
2016-07-12 16:13:31.892 DEBUG 9297 --- [restartedMain] o.s.w.s.h.BeanNameUrlHandlerMapping      : Rejected bean name 'spring.mvc.CONFIGURATION_PROPERTIES': no URL paths identified
2016-07-12 16:13:31.892 DEBUG 9297 --- [restartedMain] o.s.w.s.h.BeanNameUrlHandlerMapping      : Rejected bean name 'org.springframework.boot.context.properties.ConfigurationPropertiesBindingPostProcessor': no URL paths identified
2016-07-12 16:13:31.892 DEBUG 9297 --- [restartedMain] o.s.w.s.h.BeanNameUrlHandlerMapping      : Rejected bean name 'org.springframework.boot.context.properties.ConfigurationPropertiesBindingPostProcessor.store': no URL paths identified
2016-07-12 16:13:31.892 DEBUG 9297 --- [restartedMain] o.s.w.s.h.BeanNameUrlHandlerMapping      : Rejected bean name 'org.springframework.boot.autoconfigure.web.DispatcherServletAutoConfiguration': no URL paths identified
2016-07-12 16:13:31.892 DEBUG 9297 --- [restartedMain] o.s.w.s.h.BeanNameUrlHandlerMapping      : Rejected bean name 'org.springframework.boot.autoconfigure.web.ErrorMvcAutoConfiguration$WhitelabelErrorViewConfiguration': no URL paths identified
2016-07-12 16:13:31.892 DEBUG 9297 --- [restartedMain] o.s.w.s.h.BeanNameUrlHandlerMapping      : Rejected bean name 'error': no URL paths identified
2016-07-12 16:13:31.892 DEBUG 9297 --- [restartedMain] o.s.w.s.h.BeanNameUrlHandlerMapping      : Rejected bean name 'beanNameViewResolver': no URL paths identified
2016-07-12 16:13:31.893 DEBUG 9297 --- [restartedMain] o.s.w.s.h.BeanNameUrlHandlerMapping      : Rejected bean name 'org.springframework.boot.autoconfigure.web.ErrorMvcAutoConfiguration': no URL paths identified
2016-07-12 16:13:31.893 DEBUG 9297 --- [restartedMain] o.s.w.s.h.BeanNameUrlHandlerMapping      : Rejected bean name 'errorAttributes': no URL paths identified
2016-07-12 16:13:31.893 DEBUG 9297 --- [restartedMain] o.s.w.s.h.BeanNameUrlHandlerMapping      : Rejected bean name 'basicErrorController': no URL paths identified
2016-07-12 16:13:31.894 DEBUG 9297 --- [restartedMain] o.s.w.s.h.BeanNameUrlHandlerMapping      : Rejected bean name 'errorPageCustomizer': no URL paths identified
2016-07-12 16:13:31.896 DEBUG 9297 --- [restartedMain] o.s.w.s.h.BeanNameUrlHandlerMapping      : Rejected bean name 'preserveErrorControllerTargetClassPostProcessor': no URL paths identified
2016-07-12 16:13:31.897 DEBUG 9297 --- [restartedMain] o.s.w.s.h.BeanNameUrlHandlerMapping      : Rejected bean name 'org.springframework.boot.autoconfigure.web.WebMvcAutoConfiguration$EnableWebMvcConfiguration': no URL paths identified
2016-07-12 16:13:31.897 DEBUG 9297 --- [restartedMain] o.s.w.s.h.BeanNameUrlHandlerMapping      : Rejected bean name 'requestMappingHandlerAdapter': no URL paths identified
2016-07-12 16:13:31.897 DEBUG 9297 --- [restartedMain] o.s.w.s.h.BeanNameUrlHandlerMapping      : Rejected bean name 'requestMappingHandlerMapping': no URL paths identified
2016-07-12 16:13:31.899 DEBUG 9297 --- [restartedMain] o.s.w.s.h.BeanNameUrlHandlerMapping      : Rejected bean name 'mvcContentNegotiationManager': no URL paths identified
2016-07-12 16:13:31.901 DEBUG 9297 --- [restartedMain] o.s.w.s.h.BeanNameUrlHandlerMapping      : Rejected bean name 'viewControllerHandlerMapping': no URL paths identified
2016-07-12 16:13:31.902 DEBUG 9297 --- [restartedMain] o.s.w.s.h.BeanNameUrlHandlerMapping      : Rejected bean name 'beanNameHandlerMapping': no URL paths identified
2016-07-12 16:13:31.903 DEBUG 9297 --- [restartedMain] o.s.w.s.h.BeanNameUrlHandlerMapping      : Rejected bean name 'resourceHandlerMapping': no URL paths identified
2016-07-12 16:13:31.903 DEBUG 9297 --- [restartedMain] o.s.w.s.h.BeanNameUrlHandlerMapping      : Rejected bean name 'mvcResourceUrlProvider': no URL paths identified
2016-07-12 16:13:31.903 DEBUG 9297 --- [restartedMain] o.s.w.s.h.BeanNameUrlHandlerMapping      : Rejected bean name 'defaultServletHandlerMapping': no URL paths identified
2016-07-12 16:13:31.903 DEBUG 9297 --- [restartedMain] o.s.w.s.h.BeanNameUrlHandlerMapping      : Rejected bean name 'mvcConversionService': no URL paths identified
2016-07-12 16:13:31.903 DEBUG 9297 --- [restartedMain] o.s.w.s.h.BeanNameUrlHandlerMapping      : Rejected bean name 'mvcValidator': no URL paths identified
2016-07-12 16:13:31.903 DEBUG 9297 --- [restartedMain] o.s.w.s.h.BeanNameUrlHandlerMapping      : Rejected bean name 'mvcPathMatcher': no URL paths identified
2016-07-12 16:13:31.904 DEBUG 9297 --- [restartedMain] o.s.w.s.h.BeanNameUrlHandlerMapping      : Rejected bean name 'mvcUrlPathHelper': no URL paths identified
2016-07-12 16:13:31.904 DEBUG 9297 --- [restartedMain] o.s.w.s.h.BeanNameUrlHandlerMapping      : Rejected bean name 'mvcUriComponentsContributor': no URL paths identified
2016-07-12 16:13:31.904 DEBUG 9297 --- [restartedMain] o.s.w.s.h.BeanNameUrlHandlerMapping      : Rejected bean name 'httpRequestHandlerAdapter': no URL paths identified
2016-07-12 16:13:31.904 DEBUG 9297 --- [restartedMain] o.s.w.s.h.BeanNameUrlHandlerMapping      : Rejected bean name 'simpleControllerHandlerAdapter': no URL paths identified
2016-07-12 16:13:31.904 DEBUG 9297 --- [restartedMain] o.s.w.s.h.BeanNameUrlHandlerMapping      : Rejected bean name 'handlerExceptionResolver': no URL paths identified
2016-07-12 16:13:31.904 DEBUG 9297 --- [restartedMain] o.s.w.s.h.BeanNameUrlHandlerMapping      : Rejected bean name 'mvcViewResolver': no URL paths identified
2016-07-12 16:13:31.905 DEBUG 9297 --- [restartedMain] o.s.w.s.h.BeanNameUrlHandlerMapping      : Rejected bean name 'org.springframework.boot.autoconfigure.web.WebMvcAutoConfiguration$WebMvcAutoConfigurationAdapter$FaviconConfiguration': no URL paths identified
2016-07-12 16:13:31.907 DEBUG 9297 --- [restartedMain] o.s.w.s.h.BeanNameUrlHandlerMapping      : Rejected bean name 'faviconHandlerMapping': no URL paths identified
2016-07-12 16:13:31.908 DEBUG 9297 --- [restartedMain] o.s.w.s.h.BeanNameUrlHandlerMapping      : Rejected bean name 'faviconRequestHandler': no URL paths identified
2016-07-12 16:13:31.908 DEBUG 9297 --- [restartedMain] o.s.w.s.h.BeanNameUrlHandlerMapping      : Rejected bean name 'org.springframework.boot.autoconfigure.web.WebMvcAutoConfiguration$WebMvcAutoConfigurationAdapter': no URL paths identified
2016-07-12 16:13:31.908 DEBUG 9297 --- [restartedMain] o.s.w.s.h.BeanNameUrlHandlerMapping      : Rejected bean name 'defaultViewResolver': no URL paths identified
2016-07-12 16:13:31.908 DEBUG 9297 --- [restartedMain] o.s.w.s.h.BeanNameUrlHandlerMapping      : Rejected bean name 'requestContextFilter': no URL paths identified
2016-07-12 16:13:31.908 DEBUG 9297 --- [restartedMain] o.s.w.s.h.BeanNameUrlHandlerMapping      : Rejected bean name 'viewResolver': no URL paths identified
2016-07-12 16:13:31.908 DEBUG 9297 --- [restartedMain] o.s.w.s.h.BeanNameUrlHandlerMapping      : Rejected bean name 'spring.resources.CONFIGURATION_PROPERTIES': no URL paths identified
2016-07-12 16:13:31.909 DEBUG 9297 --- [restartedMain] o.s.w.s.h.BeanNameUrlHandlerMapping      : Rejected bean name 'org.springframework.boot.autoconfigure.web.WebMvcAutoConfiguration': no URL paths identified
2016-07-12 16:13:31.909 DEBUG 9297 --- [restartedMain] o.s.w.s.h.BeanNameUrlHandlerMapping      : Rejected bean name 'hiddenHttpMethodFilter': no URL paths identified
2016-07-12 16:13:31.909 DEBUG 9297 --- [restartedMain] o.s.w.s.h.BeanNameUrlHandlerMapping      : Rejected bean name 'httpPutFormContentFilter': no URL paths identified
2016-07-12 16:13:31.909 DEBUG 9297 --- [restartedMain] o.s.w.s.h.BeanNameUrlHandlerMapping      : Rejected bean name 'org.springframework.boot.autoconfigure.jmx.JmxAutoConfiguration': no URL paths identified
2016-07-12 16:13:31.909 DEBUG 9297 --- [restartedMain] o.s.w.s.h.BeanNameUrlHandlerMapping      : Rejected bean name 'mbeanExporter': no URL paths identified
2016-07-12 16:13:31.909 DEBUG 9297 --- [restartedMain] o.s.w.s.h.BeanNameUrlHandlerMapping      : Rejected bean name 'objectNamingStrategy': no URL paths identified
2016-07-12 16:13:31.909 DEBUG 9297 --- [restartedMain] o.s.w.s.h.BeanNameUrlHandlerMapping      : Rejected bean name 'mbeanServer': no URL paths identified
2016-07-12 16:13:31.909 DEBUG 9297 --- [restartedMain] o.s.w.s.h.BeanNameUrlHandlerMapping      : Rejected bean name 'org.springframework.boot.autoconfigure.aop.AopAutoConfiguration$JdkDynamicAutoProxyConfiguration': no URL paths identified
2016-07-12 16:13:31.910 DEBUG 9297 --- [restartedMain] o.s.w.s.h.BeanNameUrlHandlerMapping      : Rejected bean name 'org.springframework.aop.config.internalAutoProxyCreator': no URL paths identified
2016-07-12 16:13:31.910 DEBUG 9297 --- [restartedMain] o.s.w.s.h.BeanNameUrlHandlerMapping      : Rejected bean name 'org.springframework.boot.autoconfigure.aop.AopAutoConfiguration': no URL paths identified
2016-07-12 16:13:31.910 DEBUG 9297 --- [restartedMain] o.s.w.s.h.BeanNameUrlHandlerMapping      : Rejected bean name 'org.springframework.boot.autoconfigure.transaction.jta.JtaAutoConfiguration': no URL paths identified
2016-07-12 16:13:31.910 DEBUG 9297 --- [restartedMain] o.s.w.s.h.BeanNameUrlHandlerMapping      : Rejected bean name 'spring.jta.CONFIGURATION_PROPERTIES': no URL paths identified
2016-07-12 16:13:31.910 DEBUG 9297 --- [restartedMain] o.s.w.s.h.BeanNameUrlHandlerMapping      : Rejected bean name 'org.springframework.boot.autoconfigure.jdbc.DataSourceAutoConfiguration$JdbcTemplateConfiguration': no URL paths identified
2016-07-12 16:13:31.910 DEBUG 9297 --- [restartedMain] o.s.w.s.h.BeanNameUrlHandlerMapping      : Rejected bean name 'jdbcTemplate': no URL paths identified
2016-07-12 16:13:31.911 DEBUG 9297 --- [restartedMain] o.s.w.s.h.BeanNameUrlHandlerMapping      : Rejected bean name 'namedParameterJdbcTemplate': no URL paths identified
2016-07-12 16:13:31.911 DEBUG 9297 --- [restartedMain] o.s.w.s.h.BeanNameUrlHandlerMapping      : Rejected bean name 'org.springframework.boot.autoconfigure.jdbc.DataSourceAutoConfiguration$NonEmbeddedConfiguration': no URL paths identified
2016-07-12 16:13:31.911 DEBUG 9297 --- [restartedMain] o.s.w.s.h.BeanNameUrlHandlerMapping      : Rejected bean name 'dataSource': no URL paths identified
2016-07-12 16:13:31.911 DEBUG 9297 --- [restartedMain] o.s.w.s.h.BeanNameUrlHandlerMapping      : Rejected bean name 'org.springframework.boot.autoconfigure.jdbc.DataSourceAutoConfiguration$DataSourceInitializerConfiguration': no URL paths identified
2016-07-12 16:13:31.911 DEBUG 9297 --- [restartedMain] o.s.w.s.h.BeanNameUrlHandlerMapping      : Rejected bean name 'dataSourceInitializer': no URL paths identified
2016-07-12 16:13:31.911 DEBUG 9297 --- [restartedMain] o.s.w.s.h.BeanNameUrlHandlerMapping      : Rejected bean name 'org.springframework.boot.autoconfigure.jdbc.metadata.DataSourcePoolMetadataProvidersConfiguration$TomcatDataSourcePoolMetadataProviderConfiguration': no URL paths identified
2016-07-12 16:13:31.911 DEBUG 9297 --- [restartedMain] o.s.w.s.h.BeanNameUrlHandlerMapping      : Rejected bean name 'tomcatPoolDataSourceMetadataProvider': no URL paths identified
2016-07-12 16:13:31.912 DEBUG 9297 --- [restartedMain] o.s.w.s.h.BeanNameUrlHandlerMapping      : Rejected bean name 'org.springframework.boot.autoconfigure.jdbc.metadata.DataSourcePoolMetadataProvidersConfiguration': no URL paths identified
2016-07-12 16:13:31.912 DEBUG 9297 --- [restartedMain] o.s.w.s.h.BeanNameUrlHandlerMapping      : Rejected bean name 'org.springframework.boot.autoconfigure.jdbc.DataSourceAutoConfiguration': no URL paths identified
2016-07-12 16:13:31.912 DEBUG 9297 --- [restartedMain] o.s.w.s.h.BeanNameUrlHandlerMapping      : Rejected bean name 'spring.datasource.CONFIGURATION_PROPERTIES': no URL paths identified
2016-07-12 16:13:31.912 DEBUG 9297 --- [restartedMain] o.s.w.s.h.BeanNameUrlHandlerMapping      : Rejected bean name 'dataSourceInitializerPostProcessor': no URL paths identified
2016-07-12 16:13:31.912 DEBUG 9297 --- [restartedMain] o.s.w.s.h.BeanNameUrlHandlerMapping      : Rejected bean name 'org.springframework.boot.autoconfigure.orm.jpa.JpaBaseConfiguration$JpaWebConfiguration$JpaWebMvcConfiguration': no URL paths identified
2016-07-12 16:13:31.912 DEBUG 9297 --- [restartedMain] o.s.w.s.h.BeanNameUrlHandlerMapping      : Rejected bean name 'openEntityManagerInViewInterceptor': no URL paths identified
2016-07-12 16:13:31.912 DEBUG 9297 --- [restartedMain] o.s.w.s.h.BeanNameUrlHandlerMapping      : Rejected bean name 'org.springframework.boot.autoconfigure.orm.jpa.JpaBaseConfiguration$JpaWebConfiguration': no URL paths identified
2016-07-12 16:13:31.913 DEBUG 9297 --- [restartedMain] o.s.w.s.h.BeanNameUrlHandlerMapping      : Rejected bean name 'org.springframework.boot.autoconfigure.orm.jpa.HibernateJpaAutoConfiguration': no URL paths identified
2016-07-12 16:13:31.913 DEBUG 9297 --- [restartedMain] o.s.w.s.h.BeanNameUrlHandlerMapping      : Rejected bean name 'transactionManager': no URL paths identified
2016-07-12 16:13:31.913 DEBUG 9297 --- [restartedMain] o.s.w.s.h.BeanNameUrlHandlerMapping      : Rejected bean name 'jpaVendorAdapter': no URL paths identified
2016-07-12 16:13:31.913 DEBUG 9297 --- [restartedMain] o.s.w.s.h.BeanNameUrlHandlerMapping      : Rejected bean name 'entityManagerFactoryBuilder': no URL paths identified
2016-07-12 16:13:31.913 DEBUG 9297 --- [restartedMain] o.s.w.s.h.BeanNameUrlHandlerMapping      : Rejected bean name 'entityManagerFactory': no URL paths identified
2016-07-12 16:13:31.913 DEBUG 9297 --- [restartedMain] o.s.w.s.h.BeanNameUrlHandlerMapping      : Rejected bean name 'spring.jpa.CONFIGURATION_PROPERTIES': no URL paths identified
2016-07-12 16:13:31.913 DEBUG 9297 --- [restartedMain] o.s.w.s.h.BeanNameUrlHandlerMapping      : Rejected bean name 'dataSourceInitializedPublisher': no URL paths identified
2016-07-12 16:13:31.914 DEBUG 9297 --- [restartedMain] o.s.w.s.h.BeanNameUrlHandlerMapping      : Rejected bean name 'org.springframework.boot.autoconfigure.context.ConfigurationPropertiesAutoConfiguration': no URL paths identified
2016-07-12 16:13:31.914 DEBUG 9297 --- [restartedMain] o.s.w.s.h.BeanNameUrlHandlerMapping      : Rejected bean name 'org.springframework.boot.autoconfigure.dao.PersistenceExceptionTranslationAutoConfiguration': no URL paths identified
2016-07-12 16:13:31.914 DEBUG 9297 --- [restartedMain] o.s.w.s.h.BeanNameUrlHandlerMapping      : Rejected bean name 'persistenceExceptionTranslationPostProcessor': no URL paths identified
2016-07-12 16:13:31.914 DEBUG 9297 --- [restartedMain] o.s.w.s.h.BeanNameUrlHandlerMapping      : Rejected bean name 'org.springframework.boot.autoconfigure.data.jpa.JpaRepositoriesAutoConfiguration': no URL paths identified
2016-07-12 16:13:31.914 DEBUG 9297 --- [restartedMain] o.s.w.s.h.BeanNameUrlHandlerMapping      : Rejected bean name 'org.springframework.data.repository.core.support.RepositoryInterfaceAwareBeanPostProcessor': no URL paths identified
2016-07-12 16:13:31.914 DEBUG 9297 --- [restartedMain] o.s.w.s.h.BeanNameUrlHandlerMapping      : Rejected bean name 'emBeanDefinitionRegistrarPostProcessor': no URL paths identified
2016-07-12 16:13:31.914 DEBUG 9297 --- [restartedMain] o.s.w.s.h.BeanNameUrlHandlerMapping      : Rejected bean name 'jpaMappingContext': no URL paths identified
2016-07-12 16:13:31.914 DEBUG 9297 --- [restartedMain] o.s.w.s.h.BeanNameUrlHandlerMapping      : Rejected bean name 'jpaContext': no URL paths identified
2016-07-12 16:13:31.915 DEBUG 9297 --- [restartedMain] o.s.w.s.h.BeanNameUrlHandlerMapping      : Rejected bean name 'eventRepository': no URL paths identified
2016-07-12 16:13:31.915 DEBUG 9297 --- [restartedMain] o.s.w.s.h.BeanNameUrlHandlerMapping      : Rejected bean name 'forumRepository': no URL paths identified
2016-07-12 16:13:31.915 DEBUG 9297 --- [restartedMain] o.s.w.s.h.BeanNameUrlHandlerMapping      : Rejected bean name 'documentRepository': no URL paths identified
2016-07-12 16:13:31.915 DEBUG 9297 --- [restartedMain] o.s.w.s.h.BeanNameUrlHandlerMapping      : Rejected bean name 'actuRepository': no URL paths identified
2016-07-12 16:13:31.915 DEBUG 9297 --- [restartedMain] o.s.w.s.h.BeanNameUrlHandlerMapping      : Rejected bean name 'userRepository': no URL paths identified
2016-07-12 16:13:31.915 DEBUG 9297 --- [restartedMain] o.s.w.s.h.BeanNameUrlHandlerMapping      : Rejected bean name 'responseRepository': no URL paths identified
2016-07-12 16:13:31.915 DEBUG 9297 --- [restartedMain] o.s.w.s.h.BeanNameUrlHandlerMapping      : Rejected bean name 'discusionRepository': no URL paths identified
2016-07-12 16:13:31.915 DEBUG 9297 --- [restartedMain] o.s.w.s.h.BeanNameUrlHandlerMapping      : Rejected bean name 'org.springframework.boot.autoconfigure.jackson.JacksonAutoConfiguration$JacksonObjectMapperBuilderConfiguration': no URL paths identified
2016-07-12 16:13:31.915 DEBUG 9297 --- [restartedMain] o.s.w.s.h.BeanNameUrlHandlerMapping      : Rejected bean name 'jacksonObjectMapperBuilder': no URL paths identified
2016-07-12 16:13:31.916 DEBUG 9297 --- [restartedMain] o.s.w.s.h.BeanNameUrlHandlerMapping      : Rejected bean name 'spring.jackson.CONFIGURATION_PROPERTIES': no URL paths identified
2016-07-12 16:13:31.916 DEBUG 9297 --- [restartedMain] o.s.w.s.h.BeanNameUrlHandlerMapping      : Rejected bean name 'org.springframework.boot.autoconfigure.jackson.JacksonAutoConfiguration$JacksonObjectMapperConfiguration': no URL paths identified
2016-07-12 16:13:31.917 DEBUG 9297 --- [restartedMain] o.s.w.s.h.BeanNameUrlHandlerMapping      : Rejected bean name 'jacksonObjectMapper': no URL paths identified
2016-07-12 16:13:31.917 DEBUG 9297 --- [restartedMain] o.s.w.s.h.BeanNameUrlHandlerMapping      : Rejected bean name 'org.springframework.boot.autoconfigure.jackson.JacksonAutoConfiguration': no URL paths identified
2016-07-12 16:13:31.918 DEBUG 9297 --- [restartedMain] o.s.w.s.h.BeanNameUrlHandlerMapping      : Rejected bean name 'org.springframework.boot.autoconfigure.web.HttpMessageConvertersAutoConfiguration$StringHttpMessageConverterConfiguration': no URL paths identified
2016-07-12 16:13:31.918 DEBUG 9297 --- [restartedMain] o.s.w.s.h.BeanNameUrlHandlerMapping      : Rejected bean name 'stringHttpMessageConverter': no URL paths identified
2016-07-12 16:13:31.918 DEBUG 9297 --- [restartedMain] o.s.w.s.h.BeanNameUrlHandlerMapping      : Rejected bean name 'spring.http.encoding.CONFIGURATION_PROPERTIES': no URL paths identified
2016-07-12 16:13:31.918 DEBUG 9297 --- [restartedMain] o.s.w.s.h.BeanNameUrlHandlerMapping      : Rejected bean name 'org.springframework.boot.autoconfigure.web.JacksonHttpMessageConvertersConfiguration$MappingJackson2HttpMessageConverterConfiguration': no URL paths identified
2016-07-12 16:13:31.919 DEBUG 9297 --- [restartedMain] o.s.w.s.h.BeanNameUrlHandlerMapping      : Rejected bean name 'mappingJackson2HttpMessageConverter': no URL paths identified
2016-07-12 16:13:31.919 DEBUG 9297 --- [restartedMain] o.s.w.s.h.BeanNameUrlHandlerMapping      : Rejected bean name 'org.springframework.boot.autoconfigure.web.JacksonHttpMessageConvertersConfiguration': no URL paths identified
2016-07-12 16:13:31.919 DEBUG 9297 --- [restartedMain] o.s.w.s.h.BeanNameUrlHandlerMapping      : Rejected bean name 'org.springframework.boot.autoconfigure.web.HttpMessageConvertersAutoConfiguration': no URL paths identified
2016-07-12 16:13:31.919 DEBUG 9297 --- [restartedMain] o.s.w.s.h.BeanNameUrlHandlerMapping      : Rejected bean name 'messageConverters': no URL paths identified
2016-07-12 16:13:31.919 DEBUG 9297 --- [restartedMain] o.s.w.s.h.BeanNameUrlHandlerMapping      : Rejected bean name 'org.springframework.data.web.config.HateoasAwareSpringDataWebConfiguration': no URL paths identified
2016-07-12 16:13:31.919 DEBUG 9297 --- [restartedMain] o.s.w.s.h.BeanNameUrlHandlerMapping      : Rejected bean name 'pageableResolver': no URL paths identified
2016-07-12 16:13:31.919 DEBUG 9297 --- [restartedMain] o.s.w.s.h.BeanNameUrlHandlerMapping      : Rejected bean name 'sortResolver': no URL paths identified
2016-07-12 16:13:31.919 DEBUG 9297 --- [restartedMain] o.s.w.s.h.BeanNameUrlHandlerMapping      : Rejected bean name 'pagedResourcesAssembler': no URL paths identified
2016-07-12 16:13:31.919 DEBUG 9297 --- [restartedMain] o.s.w.s.h.BeanNameUrlHandlerMapping      : Rejected bean name 'pagedResourcesAssemblerArgumentResolver': no URL paths identified
2016-07-12 16:13:31.920 DEBUG 9297 --- [restartedMain] o.s.w.s.h.BeanNameUrlHandlerMapping      : Rejected bean name 'org.springframework.data.web.config.SpringDataJacksonConfiguration': no URL paths identified
2016-07-12 16:13:31.920 DEBUG 9297 --- [restartedMain] o.s.w.s.h.BeanNameUrlHandlerMapping      : Rejected bean name 'jacksonGeoModule': no URL paths identified
2016-07-12 16:13:31.920 DEBUG 9297 --- [restartedMain] o.s.w.s.h.BeanNameUrlHandlerMapping      : Rejected bean name 'org.springframework.boot.autoconfigure.data.web.SpringDataWebAutoConfiguration': no URL paths identified
2016-07-12 16:13:31.920 DEBUG 9297 --- [restartedMain] o.s.w.s.h.BeanNameUrlHandlerMapping      : Rejected bean name 'org.springframework.boot.autoconfigure.h2.H2ConsoleAutoConfiguration': no URL paths identified
2016-07-12 16:13:31.920 DEBUG 9297 --- [restartedMain] o.s.w.s.h.BeanNameUrlHandlerMapping      : Rejected bean name 'h2Console': no URL paths identified
2016-07-12 16:13:31.920 DEBUG 9297 --- [restartedMain] o.s.w.s.h.BeanNameUrlHandlerMapping      : Rejected bean name 'spring.h2.console.CONFIGURATION_PROPERTIES': no URL paths identified
2016-07-12 16:13:31.920 DEBUG 9297 --- [restartedMain] o.s.w.s.h.BeanNameUrlHandlerMapping      : Rejected bean name 'org.springframework.boot.autoconfigure.hateoas.HypermediaAutoConfiguration$EntityLinksConfiguration': no URL paths identified
2016-07-12 16:13:31.920 DEBUG 9297 --- [restartedMain] o.s.w.s.h.BeanNameUrlHandlerMapping      : Rejected bean name 'entityLinksPluginRegistry': no URL paths identified
2016-07-12 16:13:31.920 DEBUG 9297 --- [restartedMain] o.s.w.s.h.BeanNameUrlHandlerMapping      : Rejected bean name 'controllerEntityLinks': no URL paths identified
2016-07-12 16:13:31.920 DEBUG 9297 --- [restartedMain] o.s.w.s.h.BeanNameUrlHandlerMapping      : Rejected bean name 'delegatingEntityLinks': no URL paths identified
2016-07-12 16:13:31.921 DEBUG 9297 --- [restartedMain] o.s.w.s.h.BeanNameUrlHandlerMapping      : Rejected bean name 'org.springframework.hateoas.config.HateoasConfiguration': no URL paths identified
2016-07-12 16:13:31.921 DEBUG 9297 --- [restartedMain] o.s.w.s.h.BeanNameUrlHandlerMapping      : Rejected bean name 'linkRelationMessageSource': no URL paths identified
2016-07-12 16:13:31.921 DEBUG 9297 --- [restartedMain] o.s.w.s.h.BeanNameUrlHandlerMapping      : Rejected bean name 'org.springframework.boot.autoconfigure.hateoas.HypermediaAutoConfiguration$HypermediaConfiguration': no URL paths identified
2016-07-12 16:13:31.921 DEBUG 9297 --- [restartedMain] o.s.w.s.h.BeanNameUrlHandlerMapping      : Rejected bean name 'halObjectMapperConfigurer': no URL paths identified
2016-07-12 16:13:31.921 DEBUG 9297 --- [restartedMain] o.s.w.s.h.BeanNameUrlHandlerMapping      : Rejected bean name '_halObjectMapper': no URL paths identified
2016-07-12 16:13:31.921 DEBUG 9297 --- [restartedMain] o.s.w.s.h.BeanNameUrlHandlerMapping      : Rejected bean name 'org.springframework.hateoas.config.HypermediaSupportBeanDefinitionRegistrar$DefaultObjectMapperCustomizer#0': no URL paths identified
2016-07-12 16:13:31.921 DEBUG 9297 --- [restartedMain] o.s.w.s.h.BeanNameUrlHandlerMapping      : Rejected bean name 'org.springframework.hateoas.config.HypermediaSupportBeanDefinitionRegistrar$Jackson2ModuleRegisteringBeanPostProcessor#0': no URL paths identified
2016-07-12 16:13:31.921 DEBUG 9297 --- [restartedMain] o.s.w.s.h.BeanNameUrlHandlerMapping      : Rejected bean name '_linkDiscovererRegistry': no URL paths identified
2016-07-12 16:13:31.921 DEBUG 9297 --- [restartedMain] o.s.w.s.h.BeanNameUrlHandlerMapping      : Rejected bean name 'org.springframework.hateoas.LinkDiscoverers#0': no URL paths identified
2016-07-12 16:13:31.922 DEBUG 9297 --- [restartedMain] o.s.w.s.h.BeanNameUrlHandlerMapping      : Rejected bean name 'defaultRelProvider': no URL paths identified
2016-07-12 16:13:31.922 DEBUG 9297 --- [restartedMain] o.s.w.s.h.BeanNameUrlHandlerMapping      : Rejected bean name 'annotationRelProvider': no URL paths identified
2016-07-12 16:13:31.922 DEBUG 9297 --- [restartedMain] o.s.w.s.h.BeanNameUrlHandlerMapping      : Rejected bean name 'relProviderPluginRegistry': no URL paths identified
2016-07-12 16:13:31.922 DEBUG 9297 --- [restartedMain] o.s.w.s.h.BeanNameUrlHandlerMapping      : Rejected bean name '_relProvider': no URL paths identified
2016-07-12 16:13:31.922 DEBUG 9297 --- [restartedMain] o.s.w.s.h.BeanNameUrlHandlerMapping      : Rejected bean name 'org.springframework.boot.autoconfigure.hateoas.HypermediaHttpMessageConverterConfiguration': no URL paths identified
2016-07-12 16:13:31.922 DEBUG 9297 --- [restartedMain] o.s.w.s.h.BeanNameUrlHandlerMapping      : Rejected bean name 'halMessageConverterSupportedMediaTypeCustomizer': no URL paths identified
2016-07-12 16:13:31.922 DEBUG 9297 --- [restartedMain] o.s.w.s.h.BeanNameUrlHandlerMapping      : Rejected bean name 'org.springframework.boot.autoconfigure.hateoas.HypermediaAutoConfiguration': no URL paths identified
2016-07-12 16:13:31.922 DEBUG 9297 --- [restartedMain] o.s.w.s.h.BeanNameUrlHandlerMapping      : Rejected bean name 'spring.hateoas.CONFIGURATION_PROPERTIES': no URL paths identified
2016-07-12 16:13:31.922 DEBUG 9297 --- [restartedMain] o.s.w.s.h.BeanNameUrlHandlerMapping      : Rejected bean name 'org.springframework.transaction.annotation.ProxyTransactionManagementConfiguration': no URL paths identified
2016-07-12 16:13:31.922 DEBUG 9297 --- [restartedMain] o.s.w.s.h.BeanNameUrlHandlerMapping      : Rejected bean name 'org.springframework.transaction.config.internalTransactionAdvisor': no URL paths identified
2016-07-12 16:13:31.923 DEBUG 9297 --- [restartedMain] o.s.w.s.h.BeanNameUrlHandlerMapping      : Rejected bean name 'transactionAttributeSource': no URL paths identified
2016-07-12 16:13:31.923 DEBUG 9297 --- [restartedMain] o.s.w.s.h.BeanNameUrlHandlerMapping      : Rejected bean name 'transactionInterceptor': no URL paths identified
2016-07-12 16:13:31.923 DEBUG 9297 --- [restartedMain] o.s.w.s.h.BeanNameUrlHandlerMapping      : Rejected bean name 'org.springframework.transaction.config.internalTransactionalEventListenerFactory': no URL paths identified
2016-07-12 16:13:31.924 DEBUG 9297 --- [restartedMain] o.s.w.s.h.BeanNameUrlHandlerMapping      : Rejected bean name 'org.springframework.boot.autoconfigure.jdbc.DataSourceTransactionManagerAutoConfiguration$TransactionManagementConfiguration': no URL paths identified
2016-07-12 16:13:31.924 DEBUG 9297 --- [restartedMain] o.s.w.s.h.BeanNameUrlHandlerMapping      : Rejected bean name 'org.springframework.boot.autoconfigure.jdbc.DataSourceTransactionManagerAutoConfiguration': no URL paths identified
2016-07-12 16:13:31.924 DEBUG 9297 --- [restartedMain] o.s.w.s.h.BeanNameUrlHandlerMapping      : Rejected bean name 'org.springframework.boot.autoconfigure.thymeleaf.ThymeleafAutoConfiguration$ThymeleafResourceHandlingConfig': no URL paths identified
2016-07-12 16:13:31.924 DEBUG 9297 --- [restartedMain] o.s.w.s.h.BeanNameUrlHandlerMapping      : Rejected bean name 'org.springframework.boot.autoconfigure.thymeleaf.ThymeleafAutoConfiguration$ThymeleafViewResolverConfiguration': no URL paths identified
2016-07-12 16:13:31.924 DEBUG 9297 --- [restartedMain] o.s.w.s.h.BeanNameUrlHandlerMapping      : Rejected bean name 'thymeleafViewResolver': no URL paths identified
2016-07-12 16:13:31.924 DEBUG 9297 --- [restartedMain] o.s.w.s.h.BeanNameUrlHandlerMapping      : Rejected bean name 'org.springframework.boot.autoconfigure.thymeleaf.ThymeleafAutoConfiguration$ThymeleafWebLayoutConfiguration': no URL paths identified
2016-07-12 16:13:31.924 DEBUG 9297 --- [restartedMain] o.s.w.s.h.BeanNameUrlHandlerMapping      : Rejected bean name 'layoutDialect': no URL paths identified
2016-07-12 16:13:31.924 DEBUG 9297 --- [restartedMain] o.s.w.s.h.BeanNameUrlHandlerMapping      : Rejected bean name 'org.springframework.boot.autoconfigure.thymeleaf.ThymeleafAutoConfiguration$ThymeleafDefaultConfiguration': no URL paths identified
2016-07-12 16:13:31.925 DEBUG 9297 --- [restartedMain] o.s.w.s.h.BeanNameUrlHandlerMapping      : Rejected bean name 'templateEngine': no URL paths identified
2016-07-12 16:13:31.925 DEBUG 9297 --- [restartedMain] o.s.w.s.h.BeanNameUrlHandlerMapping      : Rejected bean name 'org.springframework.boot.autoconfigure.thymeleaf.ThymeleafAutoConfiguration$DefaultTemplateResolverConfiguration': no URL paths identified
2016-07-12 16:13:31.925 DEBUG 9297 --- [restartedMain] o.s.w.s.h.BeanNameUrlHandlerMapping      : Rejected bean name 'defaultTemplateResolver': no URL paths identified
2016-07-12 16:13:31.925 DEBUG 9297 --- [restartedMain] o.s.w.s.h.BeanNameUrlHandlerMapping      : Rejected bean name 'thymeleafResourceResolver': no URL paths identified
2016-07-12 16:13:31.925 DEBUG 9297 --- [restartedMain] o.s.w.s.h.BeanNameUrlHandlerMapping      : Rejected bean name 'org.springframework.boot.autoconfigure.thymeleaf.ThymeleafAutoConfiguration': no URL paths identified
2016-07-12 16:13:31.925 DEBUG 9297 --- [restartedMain] o.s.w.s.h.BeanNameUrlHandlerMapping      : Rejected bean name 'spring.thymeleaf.CONFIGURATION_PROPERTIES': no URL paths identified
2016-07-12 16:13:31.925 DEBUG 9297 --- [restartedMain] o.s.w.s.h.BeanNameUrlHandlerMapping      : Rejected bean name 'org.springframework.boot.autoconfigure.transaction.TransactionAutoConfiguration': no URL paths identified
2016-07-12 16:13:31.930 DEBUG 9297 --- [restartedMain] o.s.w.s.h.BeanNameUrlHandlerMapping      : Rejected bean name 'transactionTemplate': no URL paths identified
2016-07-12 16:13:31.931 DEBUG 9297 --- [restartedMain] o.s.w.s.h.BeanNameUrlHandlerMapping      : Rejected bean name 'org.springframework.boot.autoconfigure.web.HttpEncodingAutoConfiguration': no URL paths identified
2016-07-12 16:13:31.931 DEBUG 9297 --- [restartedMain] o.s.w.s.h.BeanNameUrlHandlerMapping      : Rejected bean name 'characterEncodingFilter': no URL paths identified
2016-07-12 16:13:31.931 DEBUG 9297 --- [restartedMain] o.s.w.s.h.BeanNameUrlHandlerMapping      : Rejected bean name 'org.springframework.boot.autoconfigure.web.MultipartAutoConfiguration': no URL paths identified
2016-07-12 16:13:31.931 DEBUG 9297 --- [restartedMain] o.s.w.s.h.BeanNameUrlHandlerMapping      : Rejected bean name 'multipartConfigElement': no URL paths identified
2016-07-12 16:13:31.931 DEBUG 9297 --- [restartedMain] o.s.w.s.h.BeanNameUrlHandlerMapping      : Rejected bean name 'multipartResolver': no URL paths identified
2016-07-12 16:13:31.931 DEBUG 9297 --- [restartedMain] o.s.w.s.h.BeanNameUrlHandlerMapping      : Rejected bean name 'multipart.CONFIGURATION_PROPERTIES': no URL paths identified
2016-07-12 16:13:31.931 DEBUG 9297 --- [restartedMain] o.s.w.s.h.BeanNameUrlHandlerMapping      : Rejected bean name 'org.springframework.boot.autoconfigure.web.ServerPropertiesAutoConfiguration': no URL paths identified
2016-07-12 16:13:31.931 DEBUG 9297 --- [restartedMain] o.s.w.s.h.BeanNameUrlHandlerMapping      : Rejected bean name 'serverProperties': no URL paths identified
2016-07-12 16:13:31.931 DEBUG 9297 --- [restartedMain] o.s.w.s.h.BeanNameUrlHandlerMapping      : Rejected bean name 'duplicateServerPropertiesDetector': no URL paths identified
2016-07-12 16:13:31.931 DEBUG 9297 --- [restartedMain] o.s.w.s.h.BeanNameUrlHandlerMapping      : Rejected bean name 'org.springframework.boot.devtools.autoconfigure.DevToolsDataSourceAutoConfiguration$DatabaseShutdownExecutorJpaDependencyConfiguration': no URL paths identified
2016-07-12 16:13:31.932 DEBUG 9297 --- [restartedMain] o.s.w.s.h.BeanNameUrlHandlerMapping      : Rejected bean name 'org.springframework.boot.devtools.autoconfigure.DevToolsDataSourceAutoConfiguration': no URL paths identified
2016-07-12 16:13:31.932 DEBUG 9297 --- [restartedMain] o.s.w.s.h.BeanNameUrlHandlerMapping      : Rejected bean name 'inMemoryDatabaseShutdownExecutor': no URL paths identified
2016-07-12 16:13:31.932 DEBUG 9297 --- [restartedMain] o.s.w.s.h.BeanNameUrlHandlerMapping      : Rejected bean name 'org.springframework.boot.devtools.autoconfigure.LocalDevToolsAutoConfiguration$RestartConfiguration': no URL paths identified
2016-07-12 16:13:31.936 DEBUG 9297 --- [restartedMain] o.s.w.s.h.BeanNameUrlHandlerMapping      : Rejected bean name 'classPathFileSystemWatcher': no URL paths identified
2016-07-12 16:13:31.936 DEBUG 9297 --- [restartedMain] o.s.w.s.h.BeanNameUrlHandlerMapping      : Rejected bean name 'classPathRestartStrategy': no URL paths identified
2016-07-12 16:13:31.936 DEBUG 9297 --- [restartedMain] o.s.w.s.h.BeanNameUrlHandlerMapping      : Rejected bean name 'hateoasObjenesisCacheDisabler': no URL paths identified
2016-07-12 16:13:31.936 DEBUG 9297 --- [restartedMain] o.s.w.s.h.BeanNameUrlHandlerMapping      : Rejected bean name 'fileSystemWatcherFactory': no URL paths identified
2016-07-12 16:13:31.936 DEBUG 9297 --- [restartedMain] o.s.w.s.h.BeanNameUrlHandlerMapping      : Rejected bean name 'org.springframework.boot.devtools.autoconfigure.LocalDevToolsAutoConfiguration$LiveReloadConfiguration': no URL paths identified
2016-07-12 16:13:31.936 DEBUG 9297 --- [restartedMain] o.s.w.s.h.BeanNameUrlHandlerMapping      : Rejected bean name 'liveReloadServer': no URL paths identified
2016-07-12 16:13:31.936 DEBUG 9297 --- [restartedMain] o.s.w.s.h.BeanNameUrlHandlerMapping      : Rejected bean name 'optionalLiveReloadServer': no URL paths identified
2016-07-12 16:13:31.937 DEBUG 9297 --- [restartedMain] o.s.w.s.h.BeanNameUrlHandlerMapping      : Rejected bean name 'org.springframework.boot.devtools.autoconfigure.LocalDevToolsAutoConfiguration': no URL paths identified
2016-07-12 16:13:31.937 DEBUG 9297 --- [restartedMain] o.s.w.s.h.BeanNameUrlHandlerMapping      : Rejected bean name 'spring.devtools.CONFIGURATION_PROPERTIES': no URL paths identified
2016-07-12 16:13:31.937 DEBUG 9297 --- [restartedMain] o.s.w.s.h.BeanNameUrlHandlerMapping      : Rejected bean name 'org.springframework.orm.jpa.SharedEntityManagerCreator#0': no URL paths identified
2016-07-12 16:13:31.937 DEBUG 9297 --- [restartedMain] o.s.w.s.h.BeanNameUrlHandlerMapping      : Rejected bean name 'autoConfigurationReport': no URL paths identified
2016-07-12 16:13:31.938 DEBUG 9297 --- [restartedMain] o.s.w.s.h.BeanNameUrlHandlerMapping      : Rejected bean name 'applicationEventMulticaster': no URL paths identified
2016-07-12 16:13:31.938 DEBUG 9297 --- [restartedMain] o.s.w.s.h.BeanNameUrlHandlerMapping      : Rejected bean name 'springApplicationArguments': no URL paths identified
2016-07-12 16:13:31.938 DEBUG 9297 --- [restartedMain] o.s.w.s.h.BeanNameUrlHandlerMapping      : Rejected bean name 'springBootLoggingSystem': no URL paths identified
2016-07-12 16:13:31.940 DEBUG 9297 --- [restartedMain] o.s.w.s.h.BeanNameUrlHandlerMapping      : Rejected bean name 'environment': no URL paths identified
2016-07-12 16:13:31.941 DEBUG 9297 --- [restartedMain] o.s.w.s.h.BeanNameUrlHandlerMapping      : Rejected bean name 'systemProperties': no URL paths identified
2016-07-12 16:13:31.945 DEBUG 9297 --- [restartedMain] o.s.w.s.h.BeanNameUrlHandlerMapping      : Rejected bean name 'systemEnvironment': no URL paths identified
2016-07-12 16:13:31.946 DEBUG 9297 --- [restartedMain] o.s.w.s.h.BeanNameUrlHandlerMapping      : Rejected bean name 'org.springframework.context.annotation.ConfigurationClassPostProcessor.importRegistry': no URL paths identified
2016-07-12 16:13:31.946 DEBUG 9297 --- [restartedMain] o.s.w.s.h.BeanNameUrlHandlerMapping      : Rejected bean name 'messageSource': no URL paths identified
2016-07-12 16:13:31.946 DEBUG 9297 --- [restartedMain] o.s.w.s.h.BeanNameUrlHandlerMapping      : Rejected bean name 'servletContext': no URL paths identified
2016-07-12 16:13:31.946 DEBUG 9297 --- [restartedMain] o.s.w.s.h.BeanNameUrlHandlerMapping      : Rejected bean name 'contextParameters': no URL paths identified
2016-07-12 16:13:31.947 DEBUG 9297 --- [restartedMain] o.s.w.s.h.BeanNameUrlHandlerMapping      : Rejected bean name 'contextAttributes': no URL paths identified
2016-07-12 16:13:31.973  INFO 9297 --- [restartedMain] o.s.w.s.handler.SimpleUrlHandlerMapping  : Mapped URL path [/webjars/**] onto handler of type [class org.springframework.web.servlet.resource.ResourceHttpRequestHandler]
2016-07-12 16:13:31.974  INFO 9297 --- [restartedMain] o.s.w.s.handler.SimpleUrlHandlerMapping  : Mapped URL path [/**] onto handler of type [class org.springframework.web.servlet.resource.ResourceHttpRequestHandler]
2016-07-12 16:13:32.011 DEBUG 9297 --- [restartedMain] .m.m.a.ExceptionHandlerExceptionResolver : Looking for exception mappings: org.springframework.boot.context.embedded.AnnotationConfigEmbeddedWebApplicationContext@5c84d440: startup date [Tue Jul 12 16:13:21 CEST 2016]; root of context hierarchy
2016-07-12 16:13:32.093  INFO 9297 --- [restartedMain] o.s.w.s.handler.SimpleUrlHandlerMapping  : Mapped URL path [/**/favicon.ico] onto handler of type [class org.springframework.web.servlet.resource.ResourceHttpRequestHandler]
2016-07-12 16:13:32.189  WARN 9297 --- [restartedMain] o.s.b.a.t.ThymeleafAutoConfiguration     : Cannot find template location: classpath:/templates/ (please add some templates or check your Thymeleaf configuration)
2016-07-12 16:13:33.258  INFO 9297 --- [restartedMain] o.s.b.d.a.OptionalLiveReloadServer       : LiveReload server is running on port 35729
2016-07-12 16:13:33.352  INFO 9297 --- [restartedMain] o.s.j.e.a.AnnotationMBeanExporter        : Registering beans for JMX exposure on startup
2016-07-12 16:13:33.376 DEBUG 9297 --- [restartedMain] o.s.w.s.resource.ResourceUrlProvider     : Looking for resource handler mappings
2016-07-12 16:13:33.378 DEBUG 9297 --- [restartedMain] o.s.w.s.resource.ResourceUrlProvider     : Found resource handler mapping: URL pattern="/**/favicon.ico", locations=[ServletContext resource [/], class path resource [META-INF/resources/], class path resource [resources/], class path resource [static/], class path resource [public/], class path resource []], resolvers=[org.springframework.web.servlet.resource.PathResourceResolver@3b37b535]
2016-07-12 16:13:33.378 DEBUG 9297 --- [restartedMain] o.s.w.s.resource.ResourceUrlProvider     : Found resource handler mapping: URL pattern="/webjars/**", locations=[class path resource [META-INF/resources/webjars/]], resolvers=[org.springframework.web.servlet.resource.PathResourceResolver@6a39956d]
2016-07-12 16:13:33.378 DEBUG 9297 --- [restartedMain] o.s.w.s.resource.ResourceUrlProvider     : Found resource handler mapping: URL pattern="/**", locations=[ServletContext resource [/], class path resource [META-INF/resources/], class path resource [resources/], class path resource [static/], class path resource [public/]], resolvers=[org.springframework.web.servlet.resource.PathResourceResolver@39e485aa]
2016-07-12 16:13:33.503  INFO 9297 --- [restartedMain] s.b.c.e.t.TomcatEmbeddedServletContainer : Tomcat started on port(s): 8080 (http)
2016-07-12 16:13:33.506 DEBUG 9297 --- [restartedMain] o.s.w.c.s.StandardServletEnvironment     : Adding [server.ports] PropertySource with highest search precedence
2016-07-12 16:13:33.523  INFO 9297 --- [restartedMain] com.ileossa.hwo.LauncherApp              : Started LauncherApp in 14.85 seconds (JVM running for 15.932)
