2016-07-13 15:53:02.269 ERROR 6777 --- [restartedMain] o.s.b.l.LoggingApplicationListener       : Cannot set level: WARM for 'com.ileossa.controller.PlaylistController'
2016-07-13 15:53:02.434 DEBUG 6777 --- [restartedMain] o.s.w.c.s.StandardServletEnvironment     : Adding [servletConfigInitParams] PropertySource with lowest search precedence
2016-07-13 15:53:02.435 DEBUG 6777 --- [restartedMain] o.s.w.c.s.StandardServletEnvironment     : Adding [servletContextInitParams] PropertySource with lowest search precedence
2016-07-13 15:53:02.435 DEBUG 6777 --- [restartedMain] o.s.w.c.s.StandardServletEnvironment     : Adding [systemProperties] PropertySource with lowest search precedence
2016-07-13 15:53:02.435 DEBUG 6777 --- [restartedMain] o.s.w.c.s.StandardServletEnvironment     : Adding [systemEnvironment] PropertySource with lowest search precedence
2016-07-13 15:53:02.436 DEBUG 6777 --- [restartedMain] o.s.w.c.s.StandardServletEnvironment     : Initialized StandardServletEnvironment with PropertySources [servletConfigInitParams,servletContextInitParams,systemProperties,systemEnvironment]
2016-07-13 15:53:02.521  INFO 6777 --- [restartedMain] com.ileossa.hwo.LauncherApp              : Starting LauncherApp on ileossa-laptop14 with PID 6777 (/home/ileossa/workspace/HomeWorkOrganizer/target/classes started by ileossa in /home/ileossa/workspace/HomeWorkOrganizer)
2016-07-13 15:53:02.521  INFO 6777 --- [restartedMain] com.ileossa.hwo.LauncherApp              : The following profiles are active: dev
2016-07-13 15:53:03.265  INFO 6777 --- [restartedMain] ationConfigEmbeddedWebApplicationContext : Refreshing org.springframework.boot.context.embedded.AnnotationConfigEmbeddedWebApplicationContext@625e225a: startup date [Wed Jul 13 15:53:03 CEST 2016]; root of context hierarchy
2016-07-13 15:53:05.068 DEBUG 6777 --- [restartedMain] o.s.w.c.s.StandardServletEnvironment     : Adding [applicationConfig: [classpath:/application.yml]#dev] PropertySource with search precedence immediately lower than [applicationConfigurationProperties]
2016-07-13 15:53:05.069 DEBUG 6777 --- [restartedMain] o.s.w.c.s.StandardServletEnvironment     : Adding [applicationConfig: [classpath:/application.yml]] PropertySource with search precedence immediately lower than [applicationConfig: [classpath:/application.yml]#dev]
2016-07-13 15:53:05.069 DEBUG 6777 --- [restartedMain] o.s.w.c.s.StandardServletEnvironment     : Removing [applicationConfigurationProperties] PropertySource
2016-07-13 15:53:05.069 DEBUG 6777 --- [restartedMain] o.s.w.c.s.StandardServletEnvironment     : Removing [defaultProperties] PropertySource
2016-07-13 15:53:05.204  INFO 6777 --- [restartedMain] trationDelegate$BeanPostProcessorChecker : Bean 'org.springframework.transaction.annotation.ProxyTransactionManagementConfiguration' of type [class org.springframework.transaction.annotation.ProxyTransactionManagementConfiguration$$EnhancerBySpringCGLIB$$d6fa73a5] is not eligible for getting processed by all BeanPostProcessors (for example: not eligible for auto-proxying)
2016-07-13 15:53:05.738  INFO 6777 --- [restartedMain] s.b.c.e.t.TomcatEmbeddedServletContainer : Tomcat initialized with port(s): 8080 (http)
2016-07-13 15:53:05.757  INFO 6777 --- [restartedMain] o.apache.catalina.core.StandardService   : Starting service Tomcat
2016-07-13 15:53:05.759  INFO 6777 --- [restartedMain] org.apache.catalina.core.StandardEngine  : Starting Servlet Engine: Apache Tomcat/8.0.33
2016-07-13 15:53:05.868  INFO 6777 --- [localhost-startStop-1] o.a.c.c.C.[Tomcat].[localhost].[/]       : Initializing Spring embedded WebApplicationContext
2016-07-13 15:53:05.869 DEBUG 6777 --- [localhost-startStop-1] o.s.web.context.ContextLoader            : Published root WebApplicationContext as ServletContext attribute with name [org.springframework.web.context.WebApplicationContext.ROOT]
2016-07-13 15:53:05.869  INFO 6777 --- [localhost-startStop-1] o.s.web.context.ContextLoader            : Root WebApplicationContext: initialization completed in 2608 ms
2016-07-13 15:53:06.368 DEBUG 6777 --- [localhost-startStop-1] o.s.w.c.s.StandardServletEnvironment     : Adding [servletConfigInitParams] PropertySource with lowest search precedence
2016-07-13 15:53:06.369 DEBUG 6777 --- [localhost-startStop-1] o.s.w.c.s.StandardServletEnvironment     : Adding [servletContextInitParams] PropertySource with lowest search precedence
2016-07-13 15:53:06.370 DEBUG 6777 --- [localhost-startStop-1] o.s.w.c.s.StandardServletEnvironment     : Adding [systemProperties] PropertySource with lowest search precedence
2016-07-13 15:53:06.370 DEBUG 6777 --- [localhost-startStop-1] o.s.w.c.s.StandardServletEnvironment     : Adding [systemEnvironment] PropertySource with lowest search precedence
2016-07-13 15:53:06.370 DEBUG 6777 --- [localhost-startStop-1] o.s.w.c.s.StandardServletEnvironment     : Initialized StandardServletEnvironment with PropertySources [servletConfigInitParams,servletContextInitParams,systemProperties,systemEnvironment]
2016-07-13 15:53:06.386 DEBUG 6777 --- [localhost-startStop-1] o.s.w.c.s.StandardServletEnvironment     : Adding [servletConfigInitParams] PropertySource with lowest search precedence
2016-07-13 15:53:06.386 DEBUG 6777 --- [localhost-startStop-1] o.s.w.c.s.StandardServletEnvironment     : Adding [servletContextInitParams] PropertySource with lowest search precedence
2016-07-13 15:53:06.387 DEBUG 6777 --- [localhost-startStop-1] o.s.w.c.s.StandardServletEnvironment     : Adding [systemProperties] PropertySource with lowest search precedence
2016-07-13 15:53:06.388 DEBUG 6777 --- [localhost-startStop-1] o.s.w.c.s.StandardServletEnvironment     : Adding [systemEnvironment] PropertySource with lowest search precedence
2016-07-13 15:53:06.388 DEBUG 6777 --- [localhost-startStop-1] o.s.w.c.s.StandardServletEnvironment     : Initialized StandardServletEnvironment with PropertySources [servletConfigInitParams,servletContextInitParams,systemProperties,systemEnvironment]
2016-07-13 15:53:06.394 DEBUG 6777 --- [localhost-startStop-1] o.s.w.c.s.StandardServletEnvironment     : Adding [servletConfigInitParams] PropertySource with lowest search precedence
2016-07-13 15:53:06.395 DEBUG 6777 --- [localhost-startStop-1] o.s.w.c.s.StandardServletEnvironment     : Adding [servletContextInitParams] PropertySource with lowest search precedence
2016-07-13 15:53:06.397 DEBUG 6777 --- [localhost-startStop-1] o.s.w.c.s.StandardServletEnvironment     : Adding [systemProperties] PropertySource with lowest search precedence
2016-07-13 15:53:06.398 DEBUG 6777 --- [localhost-startStop-1] o.s.w.c.s.StandardServletEnvironment     : Adding [systemEnvironment] PropertySource with lowest search precedence
2016-07-13 15:53:06.399 DEBUG 6777 --- [localhost-startStop-1] o.s.w.c.s.StandardServletEnvironment     : Initialized StandardServletEnvironment with PropertySources [servletConfigInitParams,servletContextInitParams,systemProperties,systemEnvironment]
2016-07-13 15:53:06.430 DEBUG 6777 --- [localhost-startStop-1] o.s.w.c.s.StandardServletEnvironment     : Adding [servletConfigInitParams] PropertySource with lowest search precedence
2016-07-13 15:53:06.431 DEBUG 6777 --- [localhost-startStop-1] o.s.w.c.s.StandardServletEnvironment     : Adding [servletContextInitParams] PropertySource with lowest search precedence
2016-07-13 15:53:06.434 DEBUG 6777 --- [localhost-startStop-1] o.s.w.c.s.StandardServletEnvironment     : Adding [systemProperties] PropertySource with lowest search precedence
2016-07-13 15:53:06.434 DEBUG 6777 --- [localhost-startStop-1] o.s.w.c.s.StandardServletEnvironment     : Adding [systemEnvironment] PropertySource with lowest search precedence
2016-07-13 15:53:06.434 DEBUG 6777 --- [localhost-startStop-1] o.s.w.c.s.StandardServletEnvironment     : Initialized StandardServletEnvironment with PropertySources [servletConfigInitParams,servletContextInitParams,systemProperties,systemEnvironment]
2016-07-13 15:53:06.449  INFO 6777 --- [localhost-startStop-1] o.s.b.c.e.ServletRegistrationBean        : Mapping servlet: 'dispatcherServlet' to [/]
2016-07-13 15:53:06.451  INFO 6777 --- [localhost-startStop-1] o.s.b.c.e.ServletRegistrationBean        : Mapping servlet: 'webServlet' to [/h2-console/*]
2016-07-13 15:53:06.456  INFO 6777 --- [localhost-startStop-1] o.s.b.c.embedded.FilterRegistrationBean  : Mapping filter: 'characterEncodingFilter' to: [/*]
2016-07-13 15:53:06.456  INFO 6777 --- [localhost-startStop-1] o.s.b.c.embedded.FilterRegistrationBean  : Mapping filter: 'hiddenHttpMethodFilter' to: [/*]
2016-07-13 15:53:06.456  INFO 6777 --- [localhost-startStop-1] o.s.b.c.embedded.FilterRegistrationBean  : Mapping filter: 'httpPutFormContentFilter' to: [/*]
2016-07-13 15:53:06.456  INFO 6777 --- [localhost-startStop-1] o.s.b.c.embedded.FilterRegistrationBean  : Mapping filter: 'requestContextFilter' to: [/*]
2016-07-13 15:53:06.497 DEBUG 6777 --- [restartedMain] o.s.w.c.s.StandardServletEnvironment     : Replacing [servletContextInitParams] PropertySource with [servletContextInitParams]
2016-07-13 15:53:07.028  INFO 6777 --- [restartedMain] j.LocalContainerEntityManagerFactoryBean : Building JPA container EntityManagerFactory for persistence unit 'default'
2016-07-13 15:53:08.740  INFO 6777 --- [restartedMain] s.w.s.m.m.a.RequestMappingHandlerAdapter : Looking for @ControllerAdvice: org.springframework.boot.context.embedded.AnnotationConfigEmbeddedWebApplicationContext@625e225a: startup date [Wed Jul 13 15:53:03 CEST 2016]; root of context hierarchy
2016-07-13 15:53:08.816 DEBUG 6777 --- [restartedMain] s.w.s.m.m.a.RequestMappingHandlerMapping : Looking for request mappings in application context: org.springframework.boot.context.embedded.AnnotationConfigEmbeddedWebApplicationContext@625e225a: startup date [Wed Jul 13 15:53:03 CEST 2016]; root of context hierarchy
2016-07-13 15:53:08.829 DEBUG 6777 --- [restartedMain] s.w.s.m.m.a.RequestMappingHandlerMapping : 4 request handler methods found on class com.ileossa.hwo.controller.ActuController: {public void com.ileossa.hwo.controller.ActuController.deleteActu(long) throws com.ileossa.hwo.exceptions.ActuNotFoundException={[/actus],methods=[DELETE]}, public java.util.List com.ileossa.hwo.controller.ActuController.listActu(java.lang.String)={[/actus],methods=[GET]}, public com.ileossa.hwo.model.ActuModel com.ileossa.hwo.controller.ActuController.updateActu(long,java.lang.String,java.lang.String) throws com.ileossa.hwo.exceptions.ActuNotFoundException={[/actus],methods=[PUT]}, public com.ileossa.hwo.model.ActuModel com.ileossa.hwo.controller.ActuController.createActu(java.lang.String,java.lang.String,java.lang.String)={[/actus],methods=[POST]}}
2016-07-13 15:53:08.830  INFO 6777 --- [restartedMain] s.w.s.m.m.a.RequestMappingHandlerMapping : Mapped "{[/actus],methods=[DELETE]}" onto public void com.ileossa.hwo.controller.ActuController.deleteActu(long) throws com.ileossa.hwo.exceptions.ActuNotFoundException
2016-07-13 15:53:08.831  INFO 6777 --- [restartedMain] s.w.s.m.m.a.RequestMappingHandlerMapping : Mapped "{[/actus],methods=[GET]}" onto public java.util.List<com.ileossa.hwo.model.ActuModel> com.ileossa.hwo.controller.ActuController.listActu(java.lang.String)
2016-07-13 15:53:08.832  INFO 6777 --- [restartedMain] s.w.s.m.m.a.RequestMappingHandlerMapping : Mapped "{[/actus],methods=[PUT]}" onto public com.ileossa.hwo.model.ActuModel com.ileossa.hwo.controller.ActuController.updateActu(long,java.lang.String,java.lang.String) throws com.ileossa.hwo.exceptions.ActuNotFoundException
2016-07-13 15:53:08.832  INFO 6777 --- [restartedMain] s.w.s.m.m.a.RequestMappingHandlerMapping : Mapped "{[/actus],methods=[POST]}" onto public com.ileossa.hwo.model.ActuModel com.ileossa.hwo.controller.ActuController.createActu(java.lang.String,java.lang.String,java.lang.String)
2016-07-13 15:53:08.837 DEBUG 6777 --- [restartedMain] s.w.s.m.m.a.RequestMappingHandlerMapping : 4 request handler methods found on class com.ileossa.hwo.controller.EventController: {public com.ileossa.hwo.model.EventModel com.ileossa.hwo.controller.EventController.createEvent(java.lang.String,java.lang.String,java.lang.String,java.util.Date,java.lang.String)={[/event],methods=[POST]}, public com.ileossa.hwo.model.EventModel com.ileossa.hwo.controller.EventController.updateEvent(java.lang.String,long,java.lang.String,java.lang.String,java.util.Date,java.lang.String) throws com.ileossa.hwo.exceptions.EventNotFoundException={[/event],methods=[PUT]}, public void com.ileossa.hwo.controller.EventController.deleteEvent(long)={[/event],methods=[DELETE]}, public java.util.List com.ileossa.hwo.controller.EventController.listEvent(java.lang.String)={[/event],methods=[GET]}}
2016-07-13 15:53:08.837  INFO 6777 --- [restartedMain] s.w.s.m.m.a.RequestMappingHandlerMapping : Mapped "{[/event],methods=[POST]}" onto public com.ileossa.hwo.model.EventModel com.ileossa.hwo.controller.EventController.createEvent(java.lang.String,java.lang.String,java.lang.String,java.util.Date,java.lang.String)
2016-07-13 15:53:08.837  INFO 6777 --- [restartedMain] s.w.s.m.m.a.RequestMappingHandlerMapping : Mapped "{[/event],methods=[PUT]}" onto public com.ileossa.hwo.model.EventModel com.ileossa.hwo.controller.EventController.updateEvent(java.lang.String,long,java.lang.String,java.lang.String,java.util.Date,java.lang.String) throws com.ileossa.hwo.exceptions.EventNotFoundException
2016-07-13 15:53:08.838  INFO 6777 --- [restartedMain] s.w.s.m.m.a.RequestMappingHandlerMapping : Mapped "{[/event],methods=[DELETE]}" onto public void com.ileossa.hwo.controller.EventController.deleteEvent(long)
2016-07-13 15:53:08.838  INFO 6777 --- [restartedMain] s.w.s.m.m.a.RequestMappingHandlerMapping : Mapped "{[/event],methods=[GET]}" onto public java.util.List<com.ileossa.hwo.model.EventModel> com.ileossa.hwo.controller.EventController.listEvent(java.lang.String)
2016-07-13 15:53:08.839 DEBUG 6777 --- [restartedMain] s.w.s.m.m.a.RequestMappingHandlerMapping : 2 request handler methods found on class com.ileossa.hwo.controller.ForumController: {public com.ileossa.hwo.model.ForumModel com.ileossa.hwo.controller.ForumController.createForum(java.lang.String,java.lang.String)={[/forum],methods=[POST]}, public java.util.List com.ileossa.hwo.controller.ForumController.getListDiscussion(java.lang.String)={[/forum],methods=[GET]}}
2016-07-13 15:53:08.840  INFO 6777 --- [restartedMain] s.w.s.m.m.a.RequestMappingHandlerMapping : Mapped "{[/forum],methods=[POST]}" onto public com.ileossa.hwo.model.ForumModel com.ileossa.hwo.controller.ForumController.createForum(java.lang.String,java.lang.String)
2016-07-13 15:53:08.841  INFO 6777 --- [restartedMain] s.w.s.m.m.a.RequestMappingHandlerMapping : Mapped "{[/forum],methods=[GET]}" onto public java.util.List<com.ileossa.hwo.model.ForumModel> com.ileossa.hwo.controller.ForumController.getListDiscussion(java.lang.String)
2016-07-13 15:53:08.842 DEBUG 6777 --- [restartedMain] s.w.s.m.m.a.RequestMappingHandlerMapping : 1 request handler methods found on class com.ileossa.hwo.controller.HomeController: {public java.lang.String com.ileossa.hwo.controller.HomeController.homePage()={[/],methods=[GET]}}
2016-07-13 15:53:08.842  INFO 6777 --- [restartedMain] s.w.s.m.m.a.RequestMappingHandlerMapping : Mapped "{[/],methods=[GET]}" onto public java.lang.String com.ileossa.hwo.controller.HomeController.homePage()
2016-07-13 15:53:08.845 DEBUG 6777 --- [restartedMain] s.w.s.m.m.a.RequestMappingHandlerMapping : 7 request handler methods found on class com.ileossa.hwo.controller.UserController: {public com.ileossa.hwo.model.UserModel com.ileossa.hwo.controller.UserController.promoteUser(long,java.lang.String,java.lang.String) throws com.ileossa.hwo.exceptions.UserErrorPatch={[/user/promote],methods=[POST]}, public com.ileossa.hwo.model.UserModel com.ileossa.hwo.controller.UserController.banUser(java.lang.String) throws com.ileossa.hwo.exceptions.UserNotFoundException={[/user/ban],methods=[POST]}, public com.ileossa.hwo.model.UserModel com.ileossa.hwo.controller.UserController.userChangePassword(long,java.lang.String,java.lang.String) throws com.ileossa.hwo.exceptions.UserNotFoundException,com.ileossa.hwo.exceptions.UserErrorPatch={[/user],methods=[PUT]}, public com.ileossa.hwo.model.UserModel com.ileossa.hwo.controller.UserController.getUser(long) throws com.ileossa.hwo.exceptions.UserNotFoundException={[/user/{id}],methods=[GET]}, public com.ileossa.hwo.model.UserModel com.ileossa.hwo.controller.UserController.connectUser(java.lang.String,java.lang.String) throws com.ileossa.hwo.exceptions.UserNotFoundException={[/user/authenticate],methods=[POST]}, public com.ileossa.hwo.model.UserModel com.ileossa.hwo.controller.UserController.newUser(java.lang.String,java.lang.String,java.lang.String,java.lang.String) throws com.ileossa.hwo.exceptions.UserCreateException={[/user],methods=[POST]}, public java.util.List com.ileossa.hwo.controller.UserController.listMemberGroup(java.lang.String)={[/user],methods=[GET]}}
2016-07-13 15:53:08.845  INFO 6777 --- [restartedMain] s.w.s.m.m.a.RequestMappingHandlerMapping : Mapped "{[/user/promote],methods=[POST]}" onto public com.ileossa.hwo.model.UserModel com.ileossa.hwo.controller.UserController.promoteUser(long,java.lang.String,java.lang.String) throws com.ileossa.hwo.exceptions.UserErrorPatch
2016-07-13 15:53:08.846  INFO 6777 --- [restartedMain] s.w.s.m.m.a.RequestMappingHandlerMapping : Mapped "{[/user/ban],methods=[POST]}" onto public com.ileossa.hwo.model.UserModel com.ileossa.hwo.controller.UserController.banUser(java.lang.String) throws com.ileossa.hwo.exceptions.UserNotFoundException
2016-07-13 15:53:08.846  INFO 6777 --- [restartedMain] s.w.s.m.m.a.RequestMappingHandlerMapping : Mapped "{[/user],methods=[PUT]}" onto public com.ileossa.hwo.model.UserModel com.ileossa.hwo.controller.UserController.userChangePassword(long,java.lang.String,java.lang.String) throws com.ileossa.hwo.exceptions.UserNotFoundException,com.ileossa.hwo.exceptions.UserErrorPatch
2016-07-13 15:53:08.847  INFO 6777 --- [restartedMain] s.w.s.m.m.a.RequestMappingHandlerMapping : Mapped "{[/user/{id}],methods=[GET]}" onto public com.ileossa.hwo.model.UserModel com.ileossa.hwo.controller.UserController.getUser(long) throws com.ileossa.hwo.exceptions.UserNotFoundException
2016-07-13 15:53:08.847  INFO 6777 --- [restartedMain] s.w.s.m.m.a.RequestMappingHandlerMapping : Mapped "{[/user/authenticate],methods=[POST]}" onto public com.ileossa.hwo.model.UserModel com.ileossa.hwo.controller.UserController.connectUser(java.lang.String,java.lang.String) throws com.ileossa.hwo.exceptions.UserNotFoundException
2016-07-13 15:53:08.847  INFO 6777 --- [restartedMain] s.w.s.m.m.a.RequestMappingHandlerMapping : Mapped "{[/user],methods=[POST]}" onto public com.ileossa.hwo.model.UserModel com.ileossa.hwo.controller.UserController.newUser(java.lang.String,java.lang.String,java.lang.String,java.lang.String) throws com.ileossa.hwo.exceptions.UserCreateException
2016-07-13 15:53:08.847  INFO 6777 --- [restartedMain] s.w.s.m.m.a.RequestMappingHandlerMapping : Mapped "{[/user],methods=[GET]}" onto public java.util.List<com.ileossa.hwo.model.UserModel> com.ileossa.hwo.controller.UserController.listMemberGroup(java.lang.String)
2016-07-13 15:53:08.848 DEBUG 6777 --- [restartedMain] s.w.s.m.m.a.RequestMappingHandlerMapping : 2 request handler methods found on class com.ileossa.hwo.controller.DiscussionController: {public com.ileossa.hwo.model.DiscussionModel com.ileossa.hwo.controller.DiscussionController.createDiscussion(long,java.lang.String,java.lang.String,long)={[/discussion],methods=[POST]}, public java.util.List com.ileossa.hwo.controller.DiscussionController.getListDiscussion(long)={[/discussion],methods=[GET]}}
2016-07-13 15:53:08.849  INFO 6777 --- [restartedMain] s.w.s.m.m.a.RequestMappingHandlerMapping : Mapped "{[/discussion],methods=[POST]}" onto public com.ileossa.hwo.model.DiscussionModel com.ileossa.hwo.controller.DiscussionController.createDiscussion(long,java.lang.String,java.lang.String,long)
2016-07-13 15:53:08.851  INFO 6777 --- [restartedMain] s.w.s.m.m.a.RequestMappingHandlerMapping : Mapped "{[/discussion],methods=[GET]}" onto public java.util.List<com.ileossa.hwo.model.DiscussionModel> com.ileossa.hwo.controller.DiscussionController.getListDiscussion(long)
2016-07-13 15:53:08.852 DEBUG 6777 --- [restartedMain] s.w.s.m.m.a.RequestMappingHandlerMapping : 2 request handler methods found on class com.ileossa.hwo.controller.ReponseController: {public com.ileossa.hwo.model.ResponseModel com.ileossa.hwo.controller.ReponseController.createReponse(long,long,java.lang.String)={[/reponse],methods=[POST]}, public java.util.List com.ileossa.hwo.controller.ReponseController.getListDiscussion(long)={[/reponse],methods=[GET]}}
2016-07-13 15:53:08.852  INFO 6777 --- [restartedMain] s.w.s.m.m.a.RequestMappingHandlerMapping : Mapped "{[/reponse],methods=[POST]}" onto public com.ileossa.hwo.model.ResponseModel com.ileossa.hwo.controller.ReponseController.createReponse(long,long,java.lang.String)
2016-07-13 15:53:08.853  INFO 6777 --- [restartedMain] s.w.s.m.m.a.RequestMappingHandlerMapping : Mapped "{[/reponse],methods=[GET]}" onto public java.util.List<com.ileossa.hwo.model.ResponseModel> com.ileossa.hwo.controller.ReponseController.getListDiscussion(long)
2016-07-13 15:53:08.854 DEBUG 6777 --- [restartedMain] s.w.s.m.m.a.RequestMappingHandlerMapping : 4 request handler methods found on class com.ileossa.hwo.controller.DocumentController: {public com.ileossa.hwo.model.DocumentModel com.ileossa.hwo.controller.DocumentController.handleFileUpload(org.springframework.web.multipart.MultipartFile,java.lang.String) throws com.ileossa.hwo.exceptions.EmptyFile,com.ileossa.hwo.exceptions.FailToUploadException={[/documents],methods=[POST]}, public java.util.List com.ileossa.hwo.controller.DocumentController.getListFileWith(java.lang.String)={[/documents],methods=[GET]}, public java.io.File[] com.ileossa.hwo.controller.DocumentController.listFiles()={[/documents/debug],methods=[GET]}, public org.springframework.http.ResponseEntity com.ileossa.hwo.controller.DocumentController.getFile(java.lang.String)={[/documents/{filename:.+}],methods=[GET]}}
2016-07-13 15:53:08.854  INFO 6777 --- [restartedMain] s.w.s.m.m.a.RequestMappingHandlerMapping : Mapped "{[/documents],methods=[POST]}" onto public com.ileossa.hwo.model.DocumentModel com.ileossa.hwo.controller.DocumentController.handleFileUpload(org.springframework.web.multipart.MultipartFile,java.lang.String) throws com.ileossa.hwo.exceptions.EmptyFile,com.ileossa.hwo.exceptions.FailToUploadException
2016-07-13 15:53:08.855  INFO 6777 --- [restartedMain] s.w.s.m.m.a.RequestMappingHandlerMapping : Mapped "{[/documents],methods=[GET]}" onto public java.util.List<com.ileossa.hwo.model.DocumentModel> com.ileossa.hwo.controller.DocumentController.getListFileWith(java.lang.String)
2016-07-13 15:53:08.855  INFO 6777 --- [restartedMain] s.w.s.m.m.a.RequestMappingHandlerMapping : Mapped "{[/documents/debug],methods=[GET]}" onto public java.io.File[] com.ileossa.hwo.controller.DocumentController.listFiles()
2016-07-13 15:53:08.855  INFO 6777 --- [restartedMain] s.w.s.m.m.a.RequestMappingHandlerMapping : Mapped "{[/documents/{filename:.+}],methods=[GET]}" onto public org.springframework.http.ResponseEntity<?> com.ileossa.hwo.controller.DocumentController.getFile(java.lang.String)
2016-07-13 15:53:08.857 DEBUG 6777 --- [restartedMain] s.w.s.m.m.a.RequestMappingHandlerMapping : 2 request handler methods found on class org.springframework.boot.autoconfigure.web.BasicErrorController: {public org.springframework.web.servlet.ModelAndView org.springframework.boot.autoconfigure.web.BasicErrorController.errorHtml(javax.servlet.http.HttpServletRequest,javax.servlet.http.HttpServletResponse)={[/error],produces=[text/html]}, public org.springframework.http.ResponseEntity org.springframework.boot.autoconfigure.web.BasicErrorController.error(javax.servlet.http.HttpServletRequest)={[/error]}}
2016-07-13 15:53:08.858  INFO 6777 --- [restartedMain] s.w.s.m.m.a.RequestMappingHandlerMapping : Mapped "{[/error],produces=[text/html]}" onto public org.springframework.web.servlet.ModelAndView org.springframework.boot.autoconfigure.web.BasicErrorController.errorHtml(javax.servlet.http.HttpServletRequest,javax.servlet.http.HttpServletResponse)
2016-07-13 15:53:08.858  INFO 6777 --- [restartedMain] s.w.s.m.m.a.RequestMappingHandlerMapping : Mapped "{[/error]}" onto public org.springframework.http.ResponseEntity<java.util.Map<java.lang.String, java.lang.Object>> org.springframework.boot.autoconfigure.web.BasicErrorController.error(javax.servlet.http.HttpServletRequest)
2016-07-13 15:53:08.882 DEBUG 6777 --- [restartedMain] o.s.w.s.h.BeanNameUrlHandlerMapping      : Looking for URL mappings in application context: org.springframework.boot.context.embedded.AnnotationConfigEmbeddedWebApplicationContext@625e225a: startup date [Wed Jul 13 15:53:03 CEST 2016]; root of context hierarchy
2016-07-13 15:53:08.882 DEBUG 6777 --- [restartedMain] o.s.w.s.h.BeanNameUrlHandlerMapping      : Rejected bean name 'org.springframework.context.annotation.internalConfigurationAnnotationProcessor': no URL paths identified
2016-07-13 15:53:08.882 DEBUG 6777 --- [restartedMain] o.s.w.s.h.BeanNameUrlHandlerMapping      : Rejected bean name 'org.springframework.context.annotation.internalAutowiredAnnotationProcessor': no URL paths identified
2016-07-13 15:53:08.882 DEBUG 6777 --- [restartedMain] o.s.w.s.h.BeanNameUrlHandlerMapping      : Rejected bean name 'org.springframework.context.annotation.internalRequiredAnnotationProcessor': no URL paths identified
2016-07-13 15:53:08.882 DEBUG 6777 --- [restartedMain] o.s.w.s.h.BeanNameUrlHandlerMapping      : Rejected bean name 'org.springframework.context.annotation.internalCommonAnnotationProcessor': no URL paths identified
2016-07-13 15:53:08.882 DEBUG 6777 --- [restartedMain] o.s.w.s.h.BeanNameUrlHandlerMapping      : Rejected bean name 'org.springframework.context.annotation.internalPersistenceAnnotationProcessor': no URL paths identified
2016-07-13 15:53:08.883 DEBUG 6777 --- [restartedMain] o.s.w.s.h.BeanNameUrlHandlerMapping      : Rejected bean name 'org.springframework.context.event.internalEventListenerProcessor': no URL paths identified
2016-07-13 15:53:08.883 DEBUG 6777 --- [restartedMain] o.s.w.s.h.BeanNameUrlHandlerMapping      : Rejected bean name 'org.springframework.context.event.internalEventListenerFactory': no URL paths identified
2016-07-13 15:53:08.883 DEBUG 6777 --- [restartedMain] o.s.w.s.h.BeanNameUrlHandlerMapping      : Rejected bean name 'launcherApp': no URL paths identified
2016-07-13 15:53:08.883 DEBUG 6777 --- [restartedMain] o.s.w.s.h.BeanNameUrlHandlerMapping      : Rejected bean name 'org.springframework.context.annotation.ConfigurationClassPostProcessor.importAwareProcessor': no URL paths identified
2016-07-13 15:53:08.883 DEBUG 6777 --- [restartedMain] o.s.w.s.h.BeanNameUrlHandlerMapping      : Rejected bean name 'org.springframework.context.annotation.ConfigurationClassPostProcessor.enhancedConfigurationProcessor': no URL paths identified
2016-07-13 15:53:08.883 DEBUG 6777 --- [restartedMain] o.s.w.s.h.BeanNameUrlHandlerMapping      : Rejected bean name 'actuController': no URL paths identified
2016-07-13 15:53:08.883 DEBUG 6777 --- [restartedMain] o.s.w.s.h.BeanNameUrlHandlerMapping      : Rejected bean name 'eventController': no URL paths identified
2016-07-13 15:53:08.883 DEBUG 6777 --- [restartedMain] o.s.w.s.h.BeanNameUrlHandlerMapping      : Rejected bean name 'forumController': no URL paths identified
2016-07-13 15:53:08.883 DEBUG 6777 --- [restartedMain] o.s.w.s.h.BeanNameUrlHandlerMapping      : Rejected bean name 'homeController': no URL paths identified
2016-07-13 15:53:08.883 DEBUG 6777 --- [restartedMain] o.s.w.s.h.BeanNameUrlHandlerMapping      : Rejected bean name 'userController': no URL paths identified
2016-07-13 15:53:08.883 DEBUG 6777 --- [restartedMain] o.s.w.s.h.BeanNameUrlHandlerMapping      : Rejected bean name 'discussionController': no URL paths identified
2016-07-13 15:53:08.884 DEBUG 6777 --- [restartedMain] o.s.w.s.h.BeanNameUrlHandlerMapping      : Rejected bean name 'reponseController': no URL paths identified
2016-07-13 15:53:08.884 DEBUG 6777 --- [restartedMain] o.s.w.s.h.BeanNameUrlHandlerMapping      : Rejected bean name 'documentController': no URL paths identified
2016-07-13 15:53:08.884 DEBUG 6777 --- [restartedMain] o.s.w.s.h.BeanNameUrlHandlerMapping      : Rejected bean name 'init': no URL paths identified
2016-07-13 15:53:08.884 DEBUG 6777 --- [restartedMain] o.s.w.s.h.BeanNameUrlHandlerMapping      : Rejected bean name 'org.springframework.boot.autoconfigure.AutoConfigurationPackages': no URL paths identified
2016-07-13 15:53:08.884 DEBUG 6777 --- [restartedMain] o.s.w.s.h.BeanNameUrlHandlerMapping      : Rejected bean name 'org.springframework.boot.autoconfigure.PropertyPlaceholderAutoConfiguration': no URL paths identified
2016-07-13 15:53:08.884 DEBUG 6777 --- [restartedMain] o.s.w.s.h.BeanNameUrlHandlerMapping      : Rejected bean name 'org.springframework.boot.autoconfigure.condition.BeanTypeRegistry': no URL paths identified
2016-07-13 15:53:08.884 DEBUG 6777 --- [restartedMain] o.s.w.s.h.BeanNameUrlHandlerMapping      : Rejected bean name 'propertySourcesPlaceholderConfigurer': no URL paths identified
2016-07-13 15:53:08.884 DEBUG 6777 --- [restartedMain] o.s.w.s.h.BeanNameUrlHandlerMapping      : Rejected bean name 'org.springframework.boot.autoconfigure.websocket.WebSocketAutoConfiguration$TomcatWebSocketConfiguration': no URL paths identified
2016-07-13 15:53:08.884 DEBUG 6777 --- [restartedMain] o.s.w.s.h.BeanNameUrlHandlerMapping      : Rejected bean name 'websocketContainerCustomizer': no URL paths identified
2016-07-13 15:53:08.884 DEBUG 6777 --- [restartedMain] o.s.w.s.h.BeanNameUrlHandlerMapping      : Rejected bean name 'org.springframework.boot.autoconfigure.websocket.WebSocketAutoConfiguration': no URL paths identified
2016-07-13 15:53:08.884 DEBUG 6777 --- [restartedMain] o.s.w.s.h.BeanNameUrlHandlerMapping      : Rejected bean name 'org.springframework.boot.autoconfigure.web.EmbeddedServletContainerAutoConfiguration$EmbeddedTomcat': no URL paths identified
2016-07-13 15:53:08.884 DEBUG 6777 --- [restartedMain] o.s.w.s.h.BeanNameUrlHandlerMapping      : Rejected bean name 'tomcatEmbeddedServletContainerFactory': no URL paths identified
2016-07-13 15:53:08.884 DEBUG 6777 --- [restartedMain] o.s.w.s.h.BeanNameUrlHandlerMapping      : Rejected bean name 'org.springframework.boot.autoconfigure.web.EmbeddedServletContainerAutoConfiguration': no URL paths identified
2016-07-13 15:53:08.884 DEBUG 6777 --- [restartedMain] o.s.w.s.h.BeanNameUrlHandlerMapping      : Rejected bean name 'embeddedServletContainerCustomizerBeanPostProcessor': no URL paths identified
2016-07-13 15:53:08.885 DEBUG 6777 --- [restartedMain] o.s.w.s.h.BeanNameUrlHandlerMapping      : Rejected bean name 'org.springframework.boot.autoconfigure.web.DispatcherServletAutoConfiguration$DispatcherServletConfiguration': no URL paths identified
2016-07-13 15:53:08.885 DEBUG 6777 --- [restartedMain] o.s.w.s.h.BeanNameUrlHandlerMapping      : Rejected bean name 'dispatcherServlet': no URL paths identified
2016-07-13 15:53:08.885 DEBUG 6777 --- [restartedMain] o.s.w.s.h.BeanNameUrlHandlerMapping      : Rejected bean name 'dispatcherServletRegistration': no URL paths identified
2016-07-13 15:53:08.885 DEBUG 6777 --- [restartedMain] o.s.w.s.h.BeanNameUrlHandlerMapping      : Rejected bean name 'spring.mvc.CONFIGURATION_PROPERTIES': no URL paths identified
2016-07-13 15:53:08.885 DEBUG 6777 --- [restartedMain] o.s.w.s.h.BeanNameUrlHandlerMapping      : Rejected bean name 'org.springframework.boot.context.properties.ConfigurationPropertiesBindingPostProcessor': no URL paths identified
2016-07-13 15:53:08.885 DEBUG 6777 --- [restartedMain] o.s.w.s.h.BeanNameUrlHandlerMapping      : Rejected bean name 'org.springframework.boot.context.properties.ConfigurationPropertiesBindingPostProcessor.store': no URL paths identified
2016-07-13 15:53:08.885 DEBUG 6777 --- [restartedMain] o.s.w.s.h.BeanNameUrlHandlerMapping      : Rejected bean name 'org.springframework.boot.autoconfigure.web.DispatcherServletAutoConfiguration': no URL paths identified
2016-07-13 15:53:08.885 DEBUG 6777 --- [restartedMain] o.s.w.s.h.BeanNameUrlHandlerMapping      : Rejected bean name 'org.springframework.boot.autoconfigure.web.ErrorMvcAutoConfiguration$WhitelabelErrorViewConfiguration': no URL paths identified
2016-07-13 15:53:08.885 DEBUG 6777 --- [restartedMain] o.s.w.s.h.BeanNameUrlHandlerMapping      : Rejected bean name 'error': no URL paths identified
2016-07-13 15:53:08.885 DEBUG 6777 --- [restartedMain] o.s.w.s.h.BeanNameUrlHandlerMapping      : Rejected bean name 'beanNameViewResolver': no URL paths identified
2016-07-13 15:53:08.885 DEBUG 6777 --- [restartedMain] o.s.w.s.h.BeanNameUrlHandlerMapping      : Rejected bean name 'org.springframework.boot.autoconfigure.web.ErrorMvcAutoConfiguration': no URL paths identified
2016-07-13 15:53:08.887 DEBUG 6777 --- [restartedMain] o.s.w.s.h.BeanNameUrlHandlerMapping      : Rejected bean name 'errorAttributes': no URL paths identified
2016-07-13 15:53:08.887 DEBUG 6777 --- [restartedMain] o.s.w.s.h.BeanNameUrlHandlerMapping      : Rejected bean name 'basicErrorController': no URL paths identified
2016-07-13 15:53:08.887 DEBUG 6777 --- [restartedMain] o.s.w.s.h.BeanNameUrlHandlerMapping      : Rejected bean name 'errorPageCustomizer': no URL paths identified
2016-07-13 15:53:08.887 DEBUG 6777 --- [restartedMain] o.s.w.s.h.BeanNameUrlHandlerMapping      : Rejected bean name 'preserveErrorControllerTargetClassPostProcessor': no URL paths identified
2016-07-13 15:53:08.887 DEBUG 6777 --- [restartedMain] o.s.w.s.h.BeanNameUrlHandlerMapping      : Rejected bean name 'org.springframework.boot.autoconfigure.web.WebMvcAutoConfiguration$EnableWebMvcConfiguration': no URL paths identified
2016-07-13 15:53:08.887 DEBUG 6777 --- [restartedMain] o.s.w.s.h.BeanNameUrlHandlerMapping      : Rejected bean name 'requestMappingHandlerAdapter': no URL paths identified
2016-07-13 15:53:08.887 DEBUG 6777 --- [restartedMain] o.s.w.s.h.BeanNameUrlHandlerMapping      : Rejected bean name 'requestMappingHandlerMapping': no URL paths identified
2016-07-13 15:53:08.888 DEBUG 6777 --- [restartedMain] o.s.w.s.h.BeanNameUrlHandlerMapping      : Rejected bean name 'mvcContentNegotiationManager': no URL paths identified
2016-07-13 15:53:08.888 DEBUG 6777 --- [restartedMain] o.s.w.s.h.BeanNameUrlHandlerMapping      : Rejected bean name 'viewControllerHandlerMapping': no URL paths identified
2016-07-13 15:53:08.888 DEBUG 6777 --- [restartedMain] o.s.w.s.h.BeanNameUrlHandlerMapping      : Rejected bean name 'beanNameHandlerMapping': no URL paths identified
2016-07-13 15:53:08.888 DEBUG 6777 --- [restartedMain] o.s.w.s.h.BeanNameUrlHandlerMapping      : Rejected bean name 'resourceHandlerMapping': no URL paths identified
2016-07-13 15:53:08.888 DEBUG 6777 --- [restartedMain] o.s.w.s.h.BeanNameUrlHandlerMapping      : Rejected bean name 'mvcResourceUrlProvider': no URL paths identified
2016-07-13 15:53:08.888 DEBUG 6777 --- [restartedMain] o.s.w.s.h.BeanNameUrlHandlerMapping      : Rejected bean name 'defaultServletHandlerMapping': no URL paths identified
2016-07-13 15:53:08.888 DEBUG 6777 --- [restartedMain] o.s.w.s.h.BeanNameUrlHandlerMapping      : Rejected bean name 'mvcConversionService': no URL paths identified
2016-07-13 15:53:08.888 DEBUG 6777 --- [restartedMain] o.s.w.s.h.BeanNameUrlHandlerMapping      : Rejected bean name 'mvcValidator': no URL paths identified
2016-07-13 15:53:08.888 DEBUG 6777 --- [restartedMain] o.s.w.s.h.BeanNameUrlHandlerMapping      : Rejected bean name 'mvcPathMatcher': no URL paths identified
2016-07-13 15:53:08.889 DEBUG 6777 --- [restartedMain] o.s.w.s.h.BeanNameUrlHandlerMapping      : Rejected bean name 'mvcUrlPathHelper': no URL paths identified
2016-07-13 15:53:08.889 DEBUG 6777 --- [restartedMain] o.s.w.s.h.BeanNameUrlHandlerMapping      : Rejected bean name 'mvcUriComponentsContributor': no URL paths identified
2016-07-13 15:53:08.889 DEBUG 6777 --- [restartedMain] o.s.w.s.h.BeanNameUrlHandlerMapping      : Rejected bean name 'httpRequestHandlerAdapter': no URL paths identified
2016-07-13 15:53:08.889 DEBUG 6777 --- [restartedMain] o.s.w.s.h.BeanNameUrlHandlerMapping      : Rejected bean name 'simpleControllerHandlerAdapter': no URL paths identified
2016-07-13 15:53:08.889 DEBUG 6777 --- [restartedMain] o.s.w.s.h.BeanNameUrlHandlerMapping      : Rejected bean name 'handlerExceptionResolver': no URL paths identified
2016-07-13 15:53:08.889 DEBUG 6777 --- [restartedMain] o.s.w.s.h.BeanNameUrlHandlerMapping      : Rejected bean name 'mvcViewResolver': no URL paths identified
2016-07-13 15:53:08.889 DEBUG 6777 --- [restartedMain] o.s.w.s.h.BeanNameUrlHandlerMapping      : Rejected bean name 'org.springframework.boot.autoconfigure.web.WebMvcAutoConfiguration$WebMvcAutoConfigurationAdapter$FaviconConfiguration': no URL paths identified
2016-07-13 15:53:08.889 DEBUG 6777 --- [restartedMain] o.s.w.s.h.BeanNameUrlHandlerMapping      : Rejected bean name 'faviconHandlerMapping': no URL paths identified
2016-07-13 15:53:08.889 DEBUG 6777 --- [restartedMain] o.s.w.s.h.BeanNameUrlHandlerMapping      : Rejected bean name 'faviconRequestHandler': no URL paths identified
2016-07-13 15:53:08.889 DEBUG 6777 --- [restartedMain] o.s.w.s.h.BeanNameUrlHandlerMapping      : Rejected bean name 'org.springframework.boot.autoconfigure.web.WebMvcAutoConfiguration$WebMvcAutoConfigurationAdapter': no URL paths identified
2016-07-13 15:53:08.889 DEBUG 6777 --- [restartedMain] o.s.w.s.h.BeanNameUrlHandlerMapping      : Rejected bean name 'defaultViewResolver': no URL paths identified
2016-07-13 15:53:08.889 DEBUG 6777 --- [restartedMain] o.s.w.s.h.BeanNameUrlHandlerMapping      : Rejected bean name 'requestContextFilter': no URL paths identified
2016-07-13 15:53:08.889 DEBUG 6777 --- [restartedMain] o.s.w.s.h.BeanNameUrlHandlerMapping      : Rejected bean name 'viewResolver': no URL paths identified
2016-07-13 15:53:08.890 DEBUG 6777 --- [restartedMain] o.s.w.s.h.BeanNameUrlHandlerMapping      : Rejected bean name 'spring.resources.CONFIGURATION_PROPERTIES': no URL paths identified
2016-07-13 15:53:08.890 DEBUG 6777 --- [restartedMain] o.s.w.s.h.BeanNameUrlHandlerMapping      : Rejected bean name 'org.springframework.boot.autoconfigure.web.WebMvcAutoConfiguration': no URL paths identified
2016-07-13 15:53:08.890 DEBUG 6777 --- [restartedMain] o.s.w.s.h.BeanNameUrlHandlerMapping      : Rejected bean name 'hiddenHttpMethodFilter': no URL paths identified
2016-07-13 15:53:08.890 DEBUG 6777 --- [restartedMain] o.s.w.s.h.BeanNameUrlHandlerMapping      : Rejected bean name 'httpPutFormContentFilter': no URL paths identified
2016-07-13 15:53:08.890 DEBUG 6777 --- [restartedMain] o.s.w.s.h.BeanNameUrlHandlerMapping      : Rejected bean name 'org.springframework.boot.autoconfigure.jmx.JmxAutoConfiguration': no URL paths identified
2016-07-13 15:53:08.890 DEBUG 6777 --- [restartedMain] o.s.w.s.h.BeanNameUrlHandlerMapping      : Rejected bean name 'mbeanExporter': no URL paths identified
2016-07-13 15:53:08.890 DEBUG 6777 --- [restartedMain] o.s.w.s.h.BeanNameUrlHandlerMapping      : Rejected bean name 'objectNamingStrategy': no URL paths identified
2016-07-13 15:53:08.890 DEBUG 6777 --- [restartedMain] o.s.w.s.h.BeanNameUrlHandlerMapping      : Rejected bean name 'mbeanServer': no URL paths identified
2016-07-13 15:53:08.890 DEBUG 6777 --- [restartedMain] o.s.w.s.h.BeanNameUrlHandlerMapping      : Rejected bean name 'org.springframework.boot.autoconfigure.aop.AopAutoConfiguration$JdkDynamicAutoProxyConfiguration': no URL paths identified
2016-07-13 15:53:08.890 DEBUG 6777 --- [restartedMain] o.s.w.s.h.BeanNameUrlHandlerMapping      : Rejected bean name 'org.springframework.aop.config.internalAutoProxyCreator': no URL paths identified
2016-07-13 15:53:08.890 DEBUG 6777 --- [restartedMain] o.s.w.s.h.BeanNameUrlHandlerMapping      : Rejected bean name 'org.springframework.boot.autoconfigure.aop.AopAutoConfiguration': no URL paths identified
2016-07-13 15:53:08.891 DEBUG 6777 --- [restartedMain] o.s.w.s.h.BeanNameUrlHandlerMapping      : Rejected bean name 'org.springframework.boot.autoconfigure.transaction.jta.JtaAutoConfiguration': no URL paths identified
2016-07-13 15:53:08.891 DEBUG 6777 --- [restartedMain] o.s.w.s.h.BeanNameUrlHandlerMapping      : Rejected bean name 'spring.jta.CONFIGURATION_PROPERTIES': no URL paths identified
2016-07-13 15:53:08.891 DEBUG 6777 --- [restartedMain] o.s.w.s.h.BeanNameUrlHandlerMapping      : Rejected bean name 'org.springframework.boot.autoconfigure.jdbc.DataSourceAutoConfiguration$JdbcTemplateConfiguration': no URL paths identified
2016-07-13 15:53:08.891 DEBUG 6777 --- [restartedMain] o.s.w.s.h.BeanNameUrlHandlerMapping      : Rejected bean name 'jdbcTemplate': no URL paths identified
2016-07-13 15:53:08.891 DEBUG 6777 --- [restartedMain] o.s.w.s.h.BeanNameUrlHandlerMapping      : Rejected bean name 'namedParameterJdbcTemplate': no URL paths identified
2016-07-13 15:53:08.891 DEBUG 6777 --- [restartedMain] o.s.w.s.h.BeanNameUrlHandlerMapping      : Rejected bean name 'org.springframework.boot.autoconfigure.jdbc.DataSourceAutoConfiguration$NonEmbeddedConfiguration': no URL paths identified
2016-07-13 15:53:08.891 DEBUG 6777 --- [restartedMain] o.s.w.s.h.BeanNameUrlHandlerMapping      : Rejected bean name 'dataSource': no URL paths identified
2016-07-13 15:53:08.891 DEBUG 6777 --- [restartedMain] o.s.w.s.h.BeanNameUrlHandlerMapping      : Rejected bean name 'org.springframework.boot.autoconfigure.jdbc.DataSourceAutoConfiguration$DataSourceInitializerConfiguration': no URL paths identified
2016-07-13 15:53:08.892 DEBUG 6777 --- [restartedMain] o.s.w.s.h.BeanNameUrlHandlerMapping      : Rejected bean name 'dataSourceInitializer': no URL paths identified
2016-07-13 15:53:08.892 DEBUG 6777 --- [restartedMain] o.s.w.s.h.BeanNameUrlHandlerMapping      : Rejected bean name 'org.springframework.boot.autoconfigure.jdbc.metadata.DataSourcePoolMetadataProvidersConfiguration$TomcatDataSourcePoolMetadataProviderConfiguration': no URL paths identified
2016-07-13 15:53:08.892 DEBUG 6777 --- [restartedMain] o.s.w.s.h.BeanNameUrlHandlerMapping      : Rejected bean name 'tomcatPoolDataSourceMetadataProvider': no URL paths identified
2016-07-13 15:53:08.892 DEBUG 6777 --- [restartedMain] o.s.w.s.h.BeanNameUrlHandlerMapping      : Rejected bean name 'org.springframework.boot.autoconfigure.jdbc.metadata.DataSourcePoolMetadataProvidersConfiguration': no URL paths identified
2016-07-13 15:53:08.892 DEBUG 6777 --- [restartedMain] o.s.w.s.h.BeanNameUrlHandlerMapping      : Rejected bean name 'org.springframework.boot.autoconfigure.jdbc.DataSourceAutoConfiguration': no URL paths identified
2016-07-13 15:53:08.892 DEBUG 6777 --- [restartedMain] o.s.w.s.h.BeanNameUrlHandlerMapping      : Rejected bean name 'spring.datasource.CONFIGURATION_PROPERTIES': no URL paths identified
2016-07-13 15:53:08.892 DEBUG 6777 --- [restartedMain] o.s.w.s.h.BeanNameUrlHandlerMapping      : Rejected bean name 'dataSourceInitializerPostProcessor': no URL paths identified
2016-07-13 15:53:08.892 DEBUG 6777 --- [restartedMain] o.s.w.s.h.BeanNameUrlHandlerMapping      : Rejected bean name 'org.springframework.boot.autoconfigure.orm.jpa.JpaBaseConfiguration$JpaWebConfiguration$JpaWebMvcConfiguration': no URL paths identified
2016-07-13 15:53:08.892 DEBUG 6777 --- [restartedMain] o.s.w.s.h.BeanNameUrlHandlerMapping      : Rejected bean name 'openEntityManagerInViewInterceptor': no URL paths identified
2016-07-13 15:53:08.892 DEBUG 6777 --- [restartedMain] o.s.w.s.h.BeanNameUrlHandlerMapping      : Rejected bean name 'org.springframework.boot.autoconfigure.orm.jpa.JpaBaseConfiguration$JpaWebConfiguration': no URL paths identified
2016-07-13 15:53:08.892 DEBUG 6777 --- [restartedMain] o.s.w.s.h.BeanNameUrlHandlerMapping      : Rejected bean name 'org.springframework.boot.autoconfigure.orm.jpa.HibernateJpaAutoConfiguration': no URL paths identified
2016-07-13 15:53:08.892 DEBUG 6777 --- [restartedMain] o.s.w.s.h.BeanNameUrlHandlerMapping      : Rejected bean name 'transactionManager': no URL paths identified
2016-07-13 15:53:08.892 DEBUG 6777 --- [restartedMain] o.s.w.s.h.BeanNameUrlHandlerMapping      : Rejected bean name 'jpaVendorAdapter': no URL paths identified
2016-07-13 15:53:08.893 DEBUG 6777 --- [restartedMain] o.s.w.s.h.BeanNameUrlHandlerMapping      : Rejected bean name 'entityManagerFactoryBuilder': no URL paths identified
2016-07-13 15:53:08.893 DEBUG 6777 --- [restartedMain] o.s.w.s.h.BeanNameUrlHandlerMapping      : Rejected bean name 'entityManagerFactory': no URL paths identified
2016-07-13 15:53:08.893 DEBUG 6777 --- [restartedMain] o.s.w.s.h.BeanNameUrlHandlerMapping      : Rejected bean name 'spring.jpa.CONFIGURATION_PROPERTIES': no URL paths identified
2016-07-13 15:53:08.893 DEBUG 6777 --- [restartedMain] o.s.w.s.h.BeanNameUrlHandlerMapping      : Rejected bean name 'dataSourceInitializedPublisher': no URL paths identified
2016-07-13 15:53:08.893 DEBUG 6777 --- [restartedMain] o.s.w.s.h.BeanNameUrlHandlerMapping      : Rejected bean name 'org.springframework.boot.autoconfigure.context.ConfigurationPropertiesAutoConfiguration': no URL paths identified
2016-07-13 15:53:08.893 DEBUG 6777 --- [restartedMain] o.s.w.s.h.BeanNameUrlHandlerMapping      : Rejected bean name 'org.springframework.boot.autoconfigure.dao.PersistenceExceptionTranslationAutoConfiguration': no URL paths identified
2016-07-13 15:53:08.893 DEBUG 6777 --- [restartedMain] o.s.w.s.h.BeanNameUrlHandlerMapping      : Rejected bean name 'persistenceExceptionTranslationPostProcessor': no URL paths identified
2016-07-13 15:53:08.893 DEBUG 6777 --- [restartedMain] o.s.w.s.h.BeanNameUrlHandlerMapping      : Rejected bean name 'org.springframework.boot.autoconfigure.data.jpa.JpaRepositoriesAutoConfiguration': no URL paths identified
2016-07-13 15:53:08.893 DEBUG 6777 --- [restartedMain] o.s.w.s.h.BeanNameUrlHandlerMapping      : Rejected bean name 'org.springframework.data.repository.core.support.RepositoryInterfaceAwareBeanPostProcessor': no URL paths identified
2016-07-13 15:53:08.893 DEBUG 6777 --- [restartedMain] o.s.w.s.h.BeanNameUrlHandlerMapping      : Rejected bean name 'emBeanDefinitionRegistrarPostProcessor': no URL paths identified
2016-07-13 15:53:08.893 DEBUG 6777 --- [restartedMain] o.s.w.s.h.BeanNameUrlHandlerMapping      : Rejected bean name 'jpaMappingContext': no URL paths identified
2016-07-13 15:53:08.893 DEBUG 6777 --- [restartedMain] o.s.w.s.h.BeanNameUrlHandlerMapping      : Rejected bean name 'jpaContext': no URL paths identified
2016-07-13 15:53:08.893 DEBUG 6777 --- [restartedMain] o.s.w.s.h.BeanNameUrlHandlerMapping      : Rejected bean name 'eventRepository': no URL paths identified
2016-07-13 15:53:08.893 DEBUG 6777 --- [restartedMain] o.s.w.s.h.BeanNameUrlHandlerMapping      : Rejected bean name 'forumRepository': no URL paths identified
2016-07-13 15:53:08.893 DEBUG 6777 --- [restartedMain] o.s.w.s.h.BeanNameUrlHandlerMapping      : Rejected bean name 'documentRepository': no URL paths identified
2016-07-13 15:53:08.893 DEBUG 6777 --- [restartedMain] o.s.w.s.h.BeanNameUrlHandlerMapping      : Rejected bean name 'actuRepository': no URL paths identified
2016-07-13 15:53:08.894 DEBUG 6777 --- [restartedMain] o.s.w.s.h.BeanNameUrlHandlerMapping      : Rejected bean name 'responseRepository': no URL paths identified
2016-07-13 15:53:08.894 DEBUG 6777 --- [restartedMain] o.s.w.s.h.BeanNameUrlHandlerMapping      : Rejected bean name 'userRepository': no URL paths identified
2016-07-13 15:53:08.894 DEBUG 6777 --- [restartedMain] o.s.w.s.h.BeanNameUrlHandlerMapping      : Rejected bean name 'discusionRepository': no URL paths identified
2016-07-13 15:53:08.894 DEBUG 6777 --- [restartedMain] o.s.w.s.h.BeanNameUrlHandlerMapping      : Rejected bean name 'org.springframework.boot.autoconfigure.jackson.JacksonAutoConfiguration$JacksonObjectMapperBuilderConfiguration': no URL paths identified
2016-07-13 15:53:08.894 DEBUG 6777 --- [restartedMain] o.s.w.s.h.BeanNameUrlHandlerMapping      : Rejected bean name 'jacksonObjectMapperBuilder': no URL paths identified
2016-07-13 15:53:08.894 DEBUG 6777 --- [restartedMain] o.s.w.s.h.BeanNameUrlHandlerMapping      : Rejected bean name 'spring.jackson.CONFIGURATION_PROPERTIES': no URL paths identified
2016-07-13 15:53:08.894 DEBUG 6777 --- [restartedMain] o.s.w.s.h.BeanNameUrlHandlerMapping      : Rejected bean name 'org.springframework.boot.autoconfigure.jackson.JacksonAutoConfiguration$JacksonObjectMapperConfiguration': no URL paths identified
2016-07-13 15:53:08.894 DEBUG 6777 --- [restartedMain] o.s.w.s.h.BeanNameUrlHandlerMapping      : Rejected bean name 'jacksonObjectMapper': no URL paths identified
2016-07-13 15:53:08.894 DEBUG 6777 --- [restartedMain] o.s.w.s.h.BeanNameUrlHandlerMapping      : Rejected bean name 'org.springframework.boot.autoconfigure.jackson.JacksonAutoConfiguration': no URL paths identified
2016-07-13 15:53:08.894 DEBUG 6777 --- [restartedMain] o.s.w.s.h.BeanNameUrlHandlerMapping      : Rejected bean name 'org.springframework.boot.autoconfigure.web.HttpMessageConvertersAutoConfiguration$StringHttpMessageConverterConfiguration': no URL paths identified
2016-07-13 15:53:08.894 DEBUG 6777 --- [restartedMain] o.s.w.s.h.BeanNameUrlHandlerMapping      : Rejected bean name 'stringHttpMessageConverter': no URL paths identified
2016-07-13 15:53:08.894 DEBUG 6777 --- [restartedMain] o.s.w.s.h.BeanNameUrlHandlerMapping      : Rejected bean name 'spring.http.encoding.CONFIGURATION_PROPERTIES': no URL paths identified
2016-07-13 15:53:08.894 DEBUG 6777 --- [restartedMain] o.s.w.s.h.BeanNameUrlHandlerMapping      : Rejected bean name 'org.springframework.boot.autoconfigure.web.JacksonHttpMessageConvertersConfiguration$MappingJackson2HttpMessageConverterConfiguration': no URL paths identified
2016-07-13 15:53:08.894 DEBUG 6777 --- [restartedMain] o.s.w.s.h.BeanNameUrlHandlerMapping      : Rejected bean name 'mappingJackson2HttpMessageConverter': no URL paths identified
2016-07-13 15:53:08.895 DEBUG 6777 --- [restartedMain] o.s.w.s.h.BeanNameUrlHandlerMapping      : Rejected bean name 'org.springframework.boot.autoconfigure.web.JacksonHttpMessageConvertersConfiguration': no URL paths identified
2016-07-13 15:53:08.895 DEBUG 6777 --- [restartedMain] o.s.w.s.h.BeanNameUrlHandlerMapping      : Rejected bean name 'org.springframework.boot.autoconfigure.web.HttpMessageConvertersAutoConfiguration': no URL paths identified
2016-07-13 15:53:08.895 DEBUG 6777 --- [restartedMain] o.s.w.s.h.BeanNameUrlHandlerMapping      : Rejected bean name 'messageConverters': no URL paths identified
2016-07-13 15:53:08.895 DEBUG 6777 --- [restartedMain] o.s.w.s.h.BeanNameUrlHandlerMapping      : Rejected bean name 'org.springframework.data.web.config.HateoasAwareSpringDataWebConfiguration': no URL paths identified
2016-07-13 15:53:08.895 DEBUG 6777 --- [restartedMain] o.s.w.s.h.BeanNameUrlHandlerMapping      : Rejected bean name 'pageableResolver': no URL paths identified
2016-07-13 15:53:08.895 DEBUG 6777 --- [restartedMain] o.s.w.s.h.BeanNameUrlHandlerMapping      : Rejected bean name 'sortResolver': no URL paths identified
2016-07-13 15:53:08.895 DEBUG 6777 --- [restartedMain] o.s.w.s.h.BeanNameUrlHandlerMapping      : Rejected bean name 'pagedResourcesAssembler': no URL paths identified
2016-07-13 15:53:08.895 DEBUG 6777 --- [restartedMain] o.s.w.s.h.BeanNameUrlHandlerMapping      : Rejected bean name 'pagedResourcesAssemblerArgumentResolver': no URL paths identified
2016-07-13 15:53:08.895 DEBUG 6777 --- [restartedMain] o.s.w.s.h.BeanNameUrlHandlerMapping      : Rejected bean name 'org.springframework.data.web.config.SpringDataJacksonConfiguration': no URL paths identified
2016-07-13 15:53:08.895 DEBUG 6777 --- [restartedMain] o.s.w.s.h.BeanNameUrlHandlerMapping      : Rejected bean name 'jacksonGeoModule': no URL paths identified
2016-07-13 15:53:08.896 DEBUG 6777 --- [restartedMain] o.s.w.s.h.BeanNameUrlHandlerMapping      : Rejected bean name 'org.springframework.boot.autoconfigure.data.web.SpringDataWebAutoConfiguration': no URL paths identified
2016-07-13 15:53:08.896 DEBUG 6777 --- [restartedMain] o.s.w.s.h.BeanNameUrlHandlerMapping      : Rejected bean name 'org.springframework.boot.autoconfigure.h2.H2ConsoleAutoConfiguration': no URL paths identified
2016-07-13 15:53:08.896 DEBUG 6777 --- [restartedMain] o.s.w.s.h.BeanNameUrlHandlerMapping      : Rejected bean name 'h2Console': no URL paths identified
2016-07-13 15:53:08.896 DEBUG 6777 --- [restartedMain] o.s.w.s.h.BeanNameUrlHandlerMapping      : Rejected bean name 'spring.h2.console.CONFIGURATION_PROPERTIES': no URL paths identified
2016-07-13 15:53:08.896 DEBUG 6777 --- [restartedMain] o.s.w.s.h.BeanNameUrlHandlerMapping      : Rejected bean name 'org.springframework.boot.autoconfigure.hateoas.HypermediaAutoConfiguration$EntityLinksConfiguration': no URL paths identified
2016-07-13 15:53:08.896 DEBUG 6777 --- [restartedMain] o.s.w.s.h.BeanNameUrlHandlerMapping      : Rejected bean name 'entityLinksPluginRegistry': no URL paths identified
2016-07-13 15:53:08.896 DEBUG 6777 --- [restartedMain] o.s.w.s.h.BeanNameUrlHandlerMapping      : Rejected bean name 'controllerEntityLinks': no URL paths identified
2016-07-13 15:53:08.896 DEBUG 6777 --- [restartedMain] o.s.w.s.h.BeanNameUrlHandlerMapping      : Rejected bean name 'delegatingEntityLinks': no URL paths identified
2016-07-13 15:53:08.896 DEBUG 6777 --- [restartedMain] o.s.w.s.h.BeanNameUrlHandlerMapping      : Rejected bean name 'org.springframework.hateoas.config.HateoasConfiguration': no URL paths identified
2016-07-13 15:53:08.896 DEBUG 6777 --- [restartedMain] o.s.w.s.h.BeanNameUrlHandlerMapping      : Rejected bean name 'linkRelationMessageSource': no URL paths identified
2016-07-13 15:53:08.896 DEBUG 6777 --- [restartedMain] o.s.w.s.h.BeanNameUrlHandlerMapping      : Rejected bean name 'org.springframework.boot.autoconfigure.hateoas.HypermediaAutoConfiguration$HypermediaConfiguration': no URL paths identified
2016-07-13 15:53:08.897 DEBUG 6777 --- [restartedMain] o.s.w.s.h.BeanNameUrlHandlerMapping      : Rejected bean name 'halObjectMapperConfigurer': no URL paths identified
2016-07-13 15:53:08.897 DEBUG 6777 --- [restartedMain] o.s.w.s.h.BeanNameUrlHandlerMapping      : Rejected bean name '_halObjectMapper': no URL paths identified
2016-07-13 15:53:08.897 DEBUG 6777 --- [restartedMain] o.s.w.s.h.BeanNameUrlHandlerMapping      : Rejected bean name 'org.springframework.hateoas.config.HypermediaSupportBeanDefinitionRegistrar$DefaultObjectMapperCustomizer#0': no URL paths identified
2016-07-13 15:53:08.897 DEBUG 6777 --- [restartedMain] o.s.w.s.h.BeanNameUrlHandlerMapping      : Rejected bean name 'org.springframework.hateoas.config.HypermediaSupportBeanDefinitionRegistrar$Jackson2ModuleRegisteringBeanPostProcessor#0': no URL paths identified
2016-07-13 15:53:08.897 DEBUG 6777 --- [restartedMain] o.s.w.s.h.BeanNameUrlHandlerMapping      : Rejected bean name '_linkDiscovererRegistry': no URL paths identified
2016-07-13 15:53:08.897 DEBUG 6777 --- [restartedMain] o.s.w.s.h.BeanNameUrlHandlerMapping      : Rejected bean name 'org.springframework.hateoas.LinkDiscoverers#0': no URL paths identified
2016-07-13 15:53:08.897 DEBUG 6777 --- [restartedMain] o.s.w.s.h.BeanNameUrlHandlerMapping      : Rejected bean name 'defaultRelProvider': no URL paths identified
2016-07-13 15:53:08.897 DEBUG 6777 --- [restartedMain] o.s.w.s.h.BeanNameUrlHandlerMapping      : Rejected bean name 'annotationRelProvider': no URL paths identified
2016-07-13 15:53:08.897 DEBUG 6777 --- [restartedMain] o.s.w.s.h.BeanNameUrlHandlerMapping      : Rejected bean name 'relProviderPluginRegistry': no URL paths identified
2016-07-13 15:53:08.897 DEBUG 6777 --- [restartedMain] o.s.w.s.h.BeanNameUrlHandlerMapping      : Rejected bean name '_relProvider': no URL paths identified
2016-07-13 15:53:08.897 DEBUG 6777 --- [restartedMain] o.s.w.s.h.BeanNameUrlHandlerMapping      : Rejected bean name 'org.springframework.boot.autoconfigure.hateoas.HypermediaHttpMessageConverterConfiguration': no URL paths identified
2016-07-13 15:53:08.897 DEBUG 6777 --- [restartedMain] o.s.w.s.h.BeanNameUrlHandlerMapping      : Rejected bean name 'halMessageConverterSupportedMediaTypeCustomizer': no URL paths identified
2016-07-13 15:53:08.897 DEBUG 6777 --- [restartedMain] o.s.w.s.h.BeanNameUrlHandlerMapping      : Rejected bean name 'org.springframework.boot.autoconfigure.hateoas.HypermediaAutoConfiguration': no URL paths identified
2016-07-13 15:53:08.897 DEBUG 6777 --- [restartedMain] o.s.w.s.h.BeanNameUrlHandlerMapping      : Rejected bean name 'spring.hateoas.CONFIGURATION_PROPERTIES': no URL paths identified
2016-07-13 15:53:08.897 DEBUG 6777 --- [restartedMain] o.s.w.s.h.BeanNameUrlHandlerMapping      : Rejected bean name 'org.springframework.transaction.annotation.ProxyTransactionManagementConfiguration': no URL paths identified
2016-07-13 15:53:08.897 DEBUG 6777 --- [restartedMain] o.s.w.s.h.BeanNameUrlHandlerMapping      : Rejected bean name 'org.springframework.transaction.config.internalTransactionAdvisor': no URL paths identified
2016-07-13 15:53:08.897 DEBUG 6777 --- [restartedMain] o.s.w.s.h.BeanNameUrlHandlerMapping      : Rejected bean name 'transactionAttributeSource': no URL paths identified
2016-07-13 15:53:08.897 DEBUG 6777 --- [restartedMain] o.s.w.s.h.BeanNameUrlHandlerMapping      : Rejected bean name 'transactionInterceptor': no URL paths identified
2016-07-13 15:53:08.899 DEBUG 6777 --- [restartedMain] o.s.w.s.h.BeanNameUrlHandlerMapping      : Rejected bean name 'org.springframework.transaction.config.internalTransactionalEventListenerFactory': no URL paths identified
2016-07-13 15:53:08.900 DEBUG 6777 --- [restartedMain] o.s.w.s.h.BeanNameUrlHandlerMapping      : Rejected bean name 'org.springframework.boot.autoconfigure.jdbc.DataSourceTransactionManagerAutoConfiguration$TransactionManagementConfiguration': no URL paths identified
2016-07-13 15:53:08.900 DEBUG 6777 --- [restartedMain] o.s.w.s.h.BeanNameUrlHandlerMapping      : Rejected bean name 'org.springframework.boot.autoconfigure.jdbc.DataSourceTransactionManagerAutoConfiguration': no URL paths identified
2016-07-13 15:53:08.901 DEBUG 6777 --- [restartedMain] o.s.w.s.h.BeanNameUrlHandlerMapping      : Rejected bean name 'org.springframework.boot.autoconfigure.thymeleaf.ThymeleafAutoConfiguration$ThymeleafResourceHandlingConfig': no URL paths identified
2016-07-13 15:53:08.901 DEBUG 6777 --- [restartedMain] o.s.w.s.h.BeanNameUrlHandlerMapping      : Rejected bean name 'org.springframework.boot.autoconfigure.thymeleaf.ThymeleafAutoConfiguration$ThymeleafViewResolverConfiguration': no URL paths identified
2016-07-13 15:53:08.901 DEBUG 6777 --- [restartedMain] o.s.w.s.h.BeanNameUrlHandlerMapping      : Rejected bean name 'thymeleafViewResolver': no URL paths identified
2016-07-13 15:53:08.901 DEBUG 6777 --- [restartedMain] o.s.w.s.h.BeanNameUrlHandlerMapping      : Rejected bean name 'org.springframework.boot.autoconfigure.thymeleaf.ThymeleafAutoConfiguration$ThymeleafWebLayoutConfiguration': no URL paths identified
2016-07-13 15:53:08.901 DEBUG 6777 --- [restartedMain] o.s.w.s.h.BeanNameUrlHandlerMapping      : Rejected bean name 'layoutDialect': no URL paths identified
2016-07-13 15:53:08.901 DEBUG 6777 --- [restartedMain] o.s.w.s.h.BeanNameUrlHandlerMapping      : Rejected bean name 'org.springframework.boot.autoconfigure.thymeleaf.ThymeleafAutoConfiguration$ThymeleafDefaultConfiguration': no URL paths identified
2016-07-13 15:53:08.901 DEBUG 6777 --- [restartedMain] o.s.w.s.h.BeanNameUrlHandlerMapping      : Rejected bean name 'templateEngine': no URL paths identified
2016-07-13 15:53:08.901 DEBUG 6777 --- [restartedMain] o.s.w.s.h.BeanNameUrlHandlerMapping      : Rejected bean name 'org.springframework.boot.autoconfigure.thymeleaf.ThymeleafAutoConfiguration$DefaultTemplateResolverConfiguration': no URL paths identified
2016-07-13 15:53:08.901 DEBUG 6777 --- [restartedMain] o.s.w.s.h.BeanNameUrlHandlerMapping      : Rejected bean name 'defaultTemplateResolver': no URL paths identified
2016-07-13 15:53:08.901 DEBUG 6777 --- [restartedMain] o.s.w.s.h.BeanNameUrlHandlerMapping      : Rejected bean name 'thymeleafResourceResolver': no URL paths identified
2016-07-13 15:53:08.901 DEBUG 6777 --- [restartedMain] o.s.w.s.h.BeanNameUrlHandlerMapping      : Rejected bean name 'org.springframework.boot.autoconfigure.thymeleaf.ThymeleafAutoConfiguration': no URL paths identified
2016-07-13 15:53:08.901 DEBUG 6777 --- [restartedMain] o.s.w.s.h.BeanNameUrlHandlerMapping      : Rejected bean name 'spring.thymeleaf.CONFIGURATION_PROPERTIES': no URL paths identified
2016-07-13 15:53:08.901 DEBUG 6777 --- [restartedMain] o.s.w.s.h.BeanNameUrlHandlerMapping      : Rejected bean name 'org.springframework.boot.autoconfigure.transaction.TransactionAutoConfiguration': no URL paths identified
2016-07-13 15:53:08.901 DEBUG 6777 --- [restartedMain] o.s.w.s.h.BeanNameUrlHandlerMapping      : Rejected bean name 'transactionTemplate': no URL paths identified
2016-07-13 15:53:08.901 DEBUG 6777 --- [restartedMain] o.s.w.s.h.BeanNameUrlHandlerMapping      : Rejected bean name 'org.springframework.boot.autoconfigure.web.HttpEncodingAutoConfiguration': no URL paths identified
2016-07-13 15:53:08.901 DEBUG 6777 --- [restartedMain] o.s.w.s.h.BeanNameUrlHandlerMapping      : Rejected bean name 'characterEncodingFilter': no URL paths identified
2016-07-13 15:53:08.901 DEBUG 6777 --- [restartedMain] o.s.w.s.h.BeanNameUrlHandlerMapping      : Rejected bean name 'org.springframework.boot.autoconfigure.web.MultipartAutoConfiguration': no URL paths identified
2016-07-13 15:53:08.901 DEBUG 6777 --- [restartedMain] o.s.w.s.h.BeanNameUrlHandlerMapping      : Rejected bean name 'multipartConfigElement': no URL paths identified
2016-07-13 15:53:08.901 DEBUG 6777 --- [restartedMain] o.s.w.s.h.BeanNameUrlHandlerMapping      : Rejected bean name 'multipartResolver': no URL paths identified
2016-07-13 15:53:08.901 DEBUG 6777 --- [restartedMain] o.s.w.s.h.BeanNameUrlHandlerMapping      : Rejected bean name 'multipart.CONFIGURATION_PROPERTIES': no URL paths identified
2016-07-13 15:53:08.901 DEBUG 6777 --- [restartedMain] o.s.w.s.h.BeanNameUrlHandlerMapping      : Rejected bean name 'org.springframework.boot.autoconfigure.web.ServerPropertiesAutoConfiguration': no URL paths identified
2016-07-13 15:53:08.901 DEBUG 6777 --- [restartedMain] o.s.w.s.h.BeanNameUrlHandlerMapping      : Rejected bean name 'serverProperties': no URL paths identified
2016-07-13 15:53:08.902 DEBUG 6777 --- [restartedMain] o.s.w.s.h.BeanNameUrlHandlerMapping      : Rejected bean name 'duplicateServerPropertiesDetector': no URL paths identified
2016-07-13 15:53:08.902 DEBUG 6777 --- [restartedMain] o.s.w.s.h.BeanNameUrlHandlerMapping      : Rejected bean name 'org.springframework.boot.devtools.autoconfigure.DevToolsDataSourceAutoConfiguration$DatabaseShutdownExecutorJpaDependencyConfiguration': no URL paths identified
2016-07-13 15:53:08.902 DEBUG 6777 --- [restartedMain] o.s.w.s.h.BeanNameUrlHandlerMapping      : Rejected bean name 'org.springframework.boot.devtools.autoconfigure.DevToolsDataSourceAutoConfiguration': no URL paths identified
2016-07-13 15:53:08.902 DEBUG 6777 --- [restartedMain] o.s.w.s.h.BeanNameUrlHandlerMapping      : Rejected bean name 'inMemoryDatabaseShutdownExecutor': no URL paths identified
2016-07-13 15:53:08.902 DEBUG 6777 --- [restartedMain] o.s.w.s.h.BeanNameUrlHandlerMapping      : Rejected bean name 'org.springframework.boot.devtools.autoconfigure.LocalDevToolsAutoConfiguration$RestartConfiguration': no URL paths identified
2016-07-13 15:53:08.902 DEBUG 6777 --- [restartedMain] o.s.w.s.h.BeanNameUrlHandlerMapping      : Rejected bean name 'classPathFileSystemWatcher': no URL paths identified
2016-07-13 15:53:08.902 DEBUG 6777 --- [restartedMain] o.s.w.s.h.BeanNameUrlHandlerMapping      : Rejected bean name 'classPathRestartStrategy': no URL paths identified
2016-07-13 15:53:08.902 DEBUG 6777 --- [restartedMain] o.s.w.s.h.BeanNameUrlHandlerMapping      : Rejected bean name 'hateoasObjenesisCacheDisabler': no URL paths identified
2016-07-13 15:53:08.902 DEBUG 6777 --- [restartedMain] o.s.w.s.h.BeanNameUrlHandlerMapping      : Rejected bean name 'fileSystemWatcherFactory': no URL paths identified
2016-07-13 15:53:08.903 DEBUG 6777 --- [restartedMain] o.s.w.s.h.BeanNameUrlHandlerMapping      : Rejected bean name 'org.springframework.boot.devtools.autoconfigure.LocalDevToolsAutoConfiguration$LiveReloadConfiguration': no URL paths identified
2016-07-13 15:53:08.903 DEBUG 6777 --- [restartedMain] o.s.w.s.h.BeanNameUrlHandlerMapping      : Rejected bean name 'liveReloadServer': no URL paths identified
2016-07-13 15:53:08.903 DEBUG 6777 --- [restartedMain] o.s.w.s.h.BeanNameUrlHandlerMapping      : Rejected bean name 'optionalLiveReloadServer': no URL paths identified
2016-07-13 15:53:08.903 DEBUG 6777 --- [restartedMain] o.s.w.s.h.BeanNameUrlHandlerMapping      : Rejected bean name 'org.springframework.boot.devtools.autoconfigure.LocalDevToolsAutoConfiguration': no URL paths identified
2016-07-13 15:53:08.903 DEBUG 6777 --- [restartedMain] o.s.w.s.h.BeanNameUrlHandlerMapping      : Rejected bean name 'spring.devtools.CONFIGURATION_PROPERTIES': no URL paths identified
2016-07-13 15:53:08.903 DEBUG 6777 --- [restartedMain] o.s.w.s.h.BeanNameUrlHandlerMapping      : Rejected bean name 'org.springframework.orm.jpa.SharedEntityManagerCreator#0': no URL paths identified
2016-07-13 15:53:08.903 DEBUG 6777 --- [restartedMain] o.s.w.s.h.BeanNameUrlHandlerMapping      : Rejected bean name 'autoConfigurationReport': no URL paths identified
2016-07-13 15:53:08.903 DEBUG 6777 --- [restartedMain] o.s.w.s.h.BeanNameUrlHandlerMapping      : Rejected bean name 'applicationEventMulticaster': no URL paths identified
2016-07-13 15:53:08.903 DEBUG 6777 --- [restartedMain] o.s.w.s.h.BeanNameUrlHandlerMapping      : Rejected bean name 'springApplicationArguments': no URL paths identified
2016-07-13 15:53:08.903 DEBUG 6777 --- [restartedMain] o.s.w.s.h.BeanNameUrlHandlerMapping      : Rejected bean name 'springBootLoggingSystem': no URL paths identified
2016-07-13 15:53:08.903 DEBUG 6777 --- [restartedMain] o.s.w.s.h.BeanNameUrlHandlerMapping      : Rejected bean name 'environment': no URL paths identified
2016-07-13 15:53:08.903 DEBUG 6777 --- [restartedMain] o.s.w.s.h.BeanNameUrlHandlerMapping      : Rejected bean name 'systemProperties': no URL paths identified
2016-07-13 15:53:08.903 DEBUG 6777 --- [restartedMain] o.s.w.s.h.BeanNameUrlHandlerMapping      : Rejected bean name 'systemEnvironment': no URL paths identified
2016-07-13 15:53:08.903 DEBUG 6777 --- [restartedMain] o.s.w.s.h.BeanNameUrlHandlerMapping      : Rejected bean name 'org.springframework.context.annotation.ConfigurationClassPostProcessor.importRegistry': no URL paths identified
2016-07-13 15:53:08.903 DEBUG 6777 --- [restartedMain] o.s.w.s.h.BeanNameUrlHandlerMapping      : Rejected bean name 'messageSource': no URL paths identified
2016-07-13 15:53:08.903 DEBUG 6777 --- [restartedMain] o.s.w.s.h.BeanNameUrlHandlerMapping      : Rejected bean name 'servletContext': no URL paths identified
2016-07-13 15:53:08.904 DEBUG 6777 --- [restartedMain] o.s.w.s.h.BeanNameUrlHandlerMapping      : Rejected bean name 'contextParameters': no URL paths identified
2016-07-13 15:53:08.904 DEBUG 6777 --- [restartedMain] o.s.w.s.h.BeanNameUrlHandlerMapping      : Rejected bean name 'contextAttributes': no URL paths identified
2016-07-13 15:53:08.914  INFO 6777 --- [restartedMain] o.s.w.s.handler.SimpleUrlHandlerMapping  : Mapped URL path [/webjars/**] onto handler of type [class org.springframework.web.servlet.resource.ResourceHttpRequestHandler]
2016-07-13 15:53:08.915  INFO 6777 --- [restartedMain] o.s.w.s.handler.SimpleUrlHandlerMapping  : Mapped URL path [/**] onto handler of type [class org.springframework.web.servlet.resource.ResourceHttpRequestHandler]
2016-07-13 15:53:08.932 DEBUG 6777 --- [restartedMain] .m.m.a.ExceptionHandlerExceptionResolver : Looking for exception mappings: org.springframework.boot.context.embedded.AnnotationConfigEmbeddedWebApplicationContext@625e225a: startup date [Wed Jul 13 15:53:03 CEST 2016]; root of context hierarchy
2016-07-13 15:53:08.964  INFO 6777 --- [restartedMain] o.s.w.s.handler.SimpleUrlHandlerMapping  : Mapped URL path [/**/favicon.ico] onto handler of type [class org.springframework.web.servlet.resource.ResourceHttpRequestHandler]
2016-07-13 15:53:09.006  WARN 6777 --- [restartedMain] o.s.b.a.t.ThymeleafAutoConfiguration     : Cannot find template location: classpath:/templates/ (please add some templates or check your Thymeleaf configuration)
2016-07-13 15:53:09.624  INFO 6777 --- [restartedMain] o.s.b.d.a.OptionalLiveReloadServer       : LiveReload server is running on port 35729
2016-07-13 15:53:09.693  INFO 6777 --- [restartedMain] o.s.j.e.a.AnnotationMBeanExporter        : Registering beans for JMX exposure on startup
2016-07-13 15:53:09.705 DEBUG 6777 --- [restartedMain] o.s.w.s.resource.ResourceUrlProvider     : Looking for resource handler mappings
2016-07-13 15:53:09.707 DEBUG 6777 --- [restartedMain] o.s.w.s.resource.ResourceUrlProvider     : Found resource handler mapping: URL pattern="/**/favicon.ico", locations=[ServletContext resource [/], class path resource [META-INF/resources/], class path resource [resources/], class path resource [static/], class path resource [public/], class path resource []], resolvers=[org.springframework.web.servlet.resource.PathResourceResolver@3c6cd216]
2016-07-13 15:53:09.707 DEBUG 6777 --- [restartedMain] o.s.w.s.resource.ResourceUrlProvider     : Found resource handler mapping: URL pattern="/webjars/**", locations=[class path resource [META-INF/resources/webjars/]], resolvers=[org.springframework.web.servlet.resource.PathResourceResolver@36b77c05]
2016-07-13 15:53:09.707 DEBUG 6777 --- [restartedMain] o.s.w.s.resource.ResourceUrlProvider     : Found resource handler mapping: URL pattern="/**", locations=[ServletContext resource [/], class path resource [META-INF/resources/], class path resource [resources/], class path resource [static/], class path resource [public/]], resolvers=[org.springframework.web.servlet.resource.PathResourceResolver@7414320]
2016-07-13 15:53:09.772  INFO 6777 --- [restartedMain] s.b.c.e.t.TomcatEmbeddedServletContainer : Tomcat started on port(s): 8080 (http)
2016-07-13 15:53:09.773 DEBUG 6777 --- [restartedMain] o.s.w.c.s.StandardServletEnvironment     : Adding [server.ports] PropertySource with highest search precedence
2016-07-13 15:53:09.780  INFO 6777 --- [restartedMain] com.ileossa.hwo.LauncherApp              : Started LauncherApp in 8.154 seconds (JVM running for 9.046)
2016-07-13 15:53:56.584 DEBUG 6777 --- [http-nio-8080-exec-1] o.s.web.servlet.DispatcherServlet        : Initializing servlet 'dispatcherServlet'
2016-07-13 15:53:56.586  INFO 6777 --- [http-nio-8080-exec-1] o.a.c.c.C.[Tomcat].[localhost].[/]       : Initializing Spring FrameworkServlet 'dispatcherServlet'
2016-07-13 15:53:56.586  INFO 6777 --- [http-nio-8080-exec-1] o.s.web.servlet.DispatcherServlet        : FrameworkServlet 'dispatcherServlet': initialization started
2016-07-13 15:53:56.586 DEBUG 6777 --- [http-nio-8080-exec-1] o.s.web.servlet.DispatcherServlet        : Using MultipartResolver [org.springframework.web.multipart.support.StandardServletMultipartResolver@6e769471]
2016-07-13 15:53:56.589 DEBUG 6777 --- [http-nio-8080-exec-1] o.s.web.servlet.DispatcherServlet        : Unable to locate LocaleResolver with name 'localeResolver': using default [org.springframework.web.servlet.i18n.AcceptHeaderLocaleResolver@160b4312]
2016-07-13 15:53:56.592 DEBUG 6777 --- [http-nio-8080-exec-1] o.s.web.servlet.DispatcherServlet        : Unable to locate ThemeResolver with name 'themeResolver': using default [org.springframework.web.servlet.theme.FixedThemeResolver@70e0798f]
2016-07-13 15:53:56.597 DEBUG 6777 --- [http-nio-8080-exec-1] o.s.web.servlet.DispatcherServlet        : Unable to locate RequestToViewNameTranslator with name 'viewNameTranslator': using default [org.springframework.web.servlet.view.DefaultRequestToViewNameTranslator@4cd3421b]
2016-07-13 15:53:56.603 DEBUG 6777 --- [http-nio-8080-exec-1] o.s.web.servlet.DispatcherServlet        : Unable to locate FlashMapManager with name 'flashMapManager': using default [org.springframework.web.servlet.support.SessionFlashMapManager@4eb0426a]
2016-07-13 15:53:56.603 DEBUG 6777 --- [http-nio-8080-exec-1] o.s.web.servlet.DispatcherServlet        : Published WebApplicationContext of servlet 'dispatcherServlet' as ServletContext attribute with name [org.springframework.web.servlet.FrameworkServlet.CONTEXT.dispatcherServlet]
2016-07-13 15:53:56.603  INFO 6777 --- [http-nio-8080-exec-1] o.s.web.servlet.DispatcherServlet        : FrameworkServlet 'dispatcherServlet': initialization completed in 17 ms
2016-07-13 15:53:56.603 DEBUG 6777 --- [http-nio-8080-exec-1] o.s.web.servlet.DispatcherServlet        : Servlet 'dispatcherServlet' configured successfully
2016-07-13 15:53:56.626 DEBUG 6777 --- [http-nio-8080-exec-1] o.s.web.servlet.DispatcherServlet        : DispatcherServlet with name 'dispatcherServlet' processing POST request for [/documents]
2016-07-13 15:53:56.632 DEBUG 6777 --- [http-nio-8080-exec-1] s.w.s.m.m.a.RequestMappingHandlerMapping : Looking up handler method for path /documents
2016-07-13 15:53:56.635 DEBUG 6777 --- [http-nio-8080-exec-1] s.w.s.m.m.a.RequestMappingHandlerMapping : Returning handler method [public com.ileossa.hwo.model.DocumentModel com.ileossa.hwo.controller.DocumentController.handleFileUpload(org.springframework.web.multipart.MultipartFile,java.lang.String) throws com.ileossa.hwo.exceptions.EmptyFile,com.ileossa.hwo.exceptions.FailToUploadException]
2016-07-13 15:53:56.658 DEBUG 6777 --- [http-nio-8080-exec-1] .w.s.m.m.a.ServletInvocableHandlerMethod : Error resolving argument [0] [type=org.springframework.web.multipart.MultipartFile]
HandlerMethod details: 
Controller [com.ileossa.hwo.controller.DocumentController]
Method [public com.ileossa.hwo.model.DocumentModel com.ileossa.hwo.controller.DocumentController.handleFileUpload(org.springframework.web.multipart.MultipartFile,java.lang.String) throws com.ileossa.hwo.exceptions.EmptyFile,com.ileossa.hwo.exceptions.FailToUploadException]


org.springframework.web.bind.MissingServletRequestParameterException: Required MultipartFile parameter 'file' is not present
	at org.springframework.web.method.annotation.RequestParamMethodArgumentResolver.handleMissingValue(RequestParamMethodArgumentResolver.java:251) ~[spring-web-4.2.6.RELEASE.jar:4.2.6.RELEASE]
	at org.springframework.web.method.annotation.AbstractNamedValueMethodArgumentResolver.resolveArgument(AbstractNamedValueMethodArgumentResolver.java:96) ~[spring-web-4.2.6.RELEASE.jar:4.2.6.RELEASE]
	at org.springframework.web.method.support.HandlerMethodArgumentResolverComposite.resolveArgument(HandlerMethodArgumentResolverComposite.java:99) ~[spring-web-4.2.6.RELEASE.jar:4.2.6.RELEASE]
	at org.springframework.web.method.support.InvocableHandlerMethod.getMethodArgumentValues(InvocableHandlerMethod.java:161) [spring-web-4.2.6.RELEASE.jar:4.2.6.RELEASE]
	at org.springframework.web.method.support.InvocableHandlerMethod.invokeForRequest(InvocableHandlerMethod.java:128) [spring-web-4.2.6.RELEASE.jar:4.2.6.RELEASE]
	at org.springframework.web.servlet.mvc.method.annotation.ServletInvocableHandlerMethod.invokeAndHandle(ServletInvocableHandlerMethod.java:110) [spring-webmvc-4.2.6.RELEASE.jar:4.2.6.RELEASE]
	at org.springframework.web.servlet.mvc.method.annotation.RequestMappingHandlerAdapter.invokeHandlerMethod(RequestMappingHandlerAdapter.java:832) [spring-webmvc-4.2.6.RELEASE.jar:4.2.6.RELEASE]
	at org.springframework.web.servlet.mvc.method.annotation.RequestMappingHandlerAdapter.handleInternal(RequestMappingHandlerAdapter.java:743) [spring-webmvc-4.2.6.RELEASE.jar:4.2.6.RELEASE]
	at org.springframework.web.servlet.mvc.method.AbstractHandlerMethodAdapter.handle(AbstractHandlerMethodAdapter.java:85) [spring-webmvc-4.2.6.RELEASE.jar:4.2.6.RELEASE]
	at org.springframework.web.servlet.DispatcherServlet.doDispatch(DispatcherServlet.java:961) [spring-webmvc-4.2.6.RELEASE.jar:4.2.6.RELEASE]
	at org.springframework.web.servlet.DispatcherServlet.doService(DispatcherServlet.java:895) [spring-webmvc-4.2.6.RELEASE.jar:4.2.6.RELEASE]
	at org.springframework.web.servlet.FrameworkServlet.processRequest(FrameworkServlet.java:967) [spring-webmvc-4.2.6.RELEASE.jar:4.2.6.RELEASE]
	at org.springframework.web.servlet.FrameworkServlet.doPost(FrameworkServlet.java:869) [spring-webmvc-4.2.6.RELEASE.jar:4.2.6.RELEASE]
	at javax.servlet.http.HttpServlet.service(HttpServlet.java:648) [tomcat-embed-core-8.0.33.jar:8.0.33]
	at org.springframework.web.servlet.FrameworkServlet.service(FrameworkServlet.java:843) [spring-webmvc-4.2.6.RELEASE.jar:4.2.6.RELEASE]
	at javax.servlet.http.HttpServlet.service(HttpServlet.java:729) [tomcat-embed-core-8.0.33.jar:8.0.33]
	at org.apache.catalina.core.ApplicationFilterChain.internalDoFilter(ApplicationFilterChain.java:292) [tomcat-embed-core-8.0.33.jar:8.0.33]
	at org.apache.catalina.core.ApplicationFilterChain.doFilter(ApplicationFilterChain.java:207) [tomcat-embed-core-8.0.33.jar:8.0.33]
	at org.apache.tomcat.websocket.server.WsFilter.doFilter(WsFilter.java:52) [tomcat-embed-websocket-8.0.33.jar:8.0.33]
	at org.apache.catalina.core.ApplicationFilterChain.internalDoFilter(ApplicationFilterChain.java:240) [tomcat-embed-core-8.0.33.jar:8.0.33]
	at org.apache.catalina.core.ApplicationFilterChain.doFilter(ApplicationFilterChain.java:207) [tomcat-embed-core-8.0.33.jar:8.0.33]
	at org.springframework.web.filter.RequestContextFilter.doFilterInternal(RequestContextFilter.java:99) [spring-web-4.2.6.RELEASE.jar:4.2.6.RELEASE]
	at org.springframework.web.filter.OncePerRequestFilter.doFilter(OncePerRequestFilter.java:107) [spring-web-4.2.6.RELEASE.jar:4.2.6.RELEASE]
	at org.apache.catalina.core.ApplicationFilterChain.internalDoFilter(ApplicationFilterChain.java:240) [tomcat-embed-core-8.0.33.jar:8.0.33]
	at org.apache.catalina.core.ApplicationFilterChain.doFilter(ApplicationFilterChain.java:207) [tomcat-embed-core-8.0.33.jar:8.0.33]
	at org.springframework.web.filter.HttpPutFormContentFilter.doFilterInternal(HttpPutFormContentFilter.java:87) [spring-web-4.2.6.RELEASE.jar:4.2.6.RELEASE]
	at org.springframework.web.filter.OncePerRequestFilter.doFilter(OncePerRequestFilter.java:107) [spring-web-4.2.6.RELEASE.jar:4.2.6.RELEASE]
	at org.apache.catalina.core.ApplicationFilterChain.internalDoFilter(ApplicationFilterChain.java:240) [tomcat-embed-core-8.0.33.jar:8.0.33]
	at org.apache.catalina.core.ApplicationFilterChain.doFilter(ApplicationFilterChain.java:207) [tomcat-embed-core-8.0.33.jar:8.0.33]
	at org.springframework.web.filter.HiddenHttpMethodFilter.doFilterInternal(HiddenHttpMethodFilter.java:77) [spring-web-4.2.6.RELEASE.jar:4.2.6.RELEASE]
	at org.springframework.web.filter.OncePerRequestFilter.doFilter(OncePerRequestFilter.java:107) [spring-web-4.2.6.RELEASE.jar:4.2.6.RELEASE]
	at org.apache.catalina.core.ApplicationFilterChain.internalDoFilter(ApplicationFilterChain.java:240) [tomcat-embed-core-8.0.33.jar:8.0.33]
	at org.apache.catalina.core.ApplicationFilterChain.doFilter(ApplicationFilterChain.java:207) [tomcat-embed-core-8.0.33.jar:8.0.33]
	at org.springframework.web.filter.CharacterEncodingFilter.doFilterInternal(CharacterEncodingFilter.java:121) [spring-web-4.2.6.RELEASE.jar:4.2.6.RELEASE]
	at org.springframework.web.filter.OncePerRequestFilter.doFilter(OncePerRequestFilter.java:107) [spring-web-4.2.6.RELEASE.jar:4.2.6.RELEASE]
	at org.apache.catalina.core.ApplicationFilterChain.internalDoFilter(ApplicationFilterChain.java:240) [tomcat-embed-core-8.0.33.jar:8.0.33]
	at org.apache.catalina.core.ApplicationFilterChain.doFilter(ApplicationFilterChain.java:207) [tomcat-embed-core-8.0.33.jar:8.0.33]
	at org.apache.catalina.core.StandardWrapperValve.invoke(StandardWrapperValve.java:212) [tomcat-embed-core-8.0.33.jar:8.0.33]
	at org.apache.catalina.core.StandardContextValve.invoke(StandardContextValve.java:106) [tomcat-embed-core-8.0.33.jar:8.0.33]
	at org.apache.catalina.authenticator.AuthenticatorBase.invoke(AuthenticatorBase.java:502) [tomcat-embed-core-8.0.33.jar:8.0.33]
	at org.apache.catalina.core.StandardHostValve.invoke(StandardHostValve.java:141) [tomcat-embed-core-8.0.33.jar:8.0.33]
	at org.apache.catalina.valves.ErrorReportValve.invoke(ErrorReportValve.java:79) [tomcat-embed-core-8.0.33.jar:8.0.33]
	at org.apache.catalina.core.StandardEngineValve.invoke(StandardEngineValve.java:88) [tomcat-embed-core-8.0.33.jar:8.0.33]
	at org.apache.catalina.connector.CoyoteAdapter.service(CoyoteAdapter.java:522) [tomcat-embed-core-8.0.33.jar:8.0.33]
	at org.apache.coyote.http11.AbstractHttp11Processor.process(AbstractHttp11Processor.java:1095) [tomcat-embed-core-8.0.33.jar:8.0.33]
	at org.apache.coyote.AbstractProtocol$AbstractConnectionHandler.process(AbstractProtocol.java:672) [tomcat-embed-core-8.0.33.jar:8.0.33]
	at org.apache.tomcat.util.net.NioEndpoint$SocketProcessor.doRun(NioEndpoint.java:1502) [tomcat-embed-core-8.0.33.jar:8.0.33]
	at org.apache.tomcat.util.net.NioEndpoint$SocketProcessor.run(NioEndpoint.java:1458) [tomcat-embed-core-8.0.33.jar:8.0.33]
	at java.util.concurrent.ThreadPoolExecutor.runWorker(ThreadPoolExecutor.java:1142) [na:1.8.0_91]
	at java.util.concurrent.ThreadPoolExecutor$Worker.run(ThreadPoolExecutor.java:617) [na:1.8.0_91]
	at org.apache.tomcat.util.threads.TaskThread$WrappingRunnable.run(TaskThread.java:61) [tomcat-embed-core-8.0.33.jar:8.0.33]
	at java.lang.Thread.run(Thread.java:745) [na:1.8.0_91]

2016-07-13 15:53:56.659 DEBUG 6777 --- [http-nio-8080-exec-1] .m.m.a.ExceptionHandlerExceptionResolver : Resolving exception from handler [public com.ileossa.hwo.model.DocumentModel com.ileossa.hwo.controller.DocumentController.handleFileUpload(org.springframework.web.multipart.MultipartFile,java.lang.String) throws com.ileossa.hwo.exceptions.EmptyFile,com.ileossa.hwo.exceptions.FailToUploadException]: org.springframework.web.bind.MissingServletRequestParameterException: Required MultipartFile parameter 'file' is not present
2016-07-13 15:53:56.661 DEBUG 6777 --- [http-nio-8080-exec-1] .w.s.m.a.ResponseStatusExceptionResolver : Resolving exception from handler [public com.ileossa.hwo.model.DocumentModel com.ileossa.hwo.controller.DocumentController.handleFileUpload(org.springframework.web.multipart.MultipartFile,java.lang.String) throws com.ileossa.hwo.exceptions.EmptyFile,com.ileossa.hwo.exceptions.FailToUploadException]: org.springframework.web.bind.MissingServletRequestParameterException: Required MultipartFile parameter 'file' is not present
2016-07-13 15:53:56.661 DEBUG 6777 --- [http-nio-8080-exec-1] .w.s.m.s.DefaultHandlerExceptionResolver : Resolving exception from handler [public com.ileossa.hwo.model.DocumentModel com.ileossa.hwo.controller.DocumentController.handleFileUpload(org.springframework.web.multipart.MultipartFile,java.lang.String) throws com.ileossa.hwo.exceptions.EmptyFile,com.ileossa.hwo.exceptions.FailToUploadException]: org.springframework.web.bind.MissingServletRequestParameterException: Required MultipartFile parameter 'file' is not present
2016-07-13 15:53:56.662 DEBUG 6777 --- [http-nio-8080-exec-1] o.s.web.servlet.DispatcherServlet        : Null ModelAndView returned to DispatcherServlet with name 'dispatcherServlet': assuming HandlerAdapter completed request handling
2016-07-13 15:53:56.662 DEBUG 6777 --- [http-nio-8080-exec-1] o.s.web.servlet.DispatcherServlet        : Successfully completed request
2016-07-13 15:53:56.678 DEBUG 6777 --- [http-nio-8080-exec-1] o.s.web.servlet.DispatcherServlet        : DispatcherServlet with name 'dispatcherServlet' processing POST request for [/error]
2016-07-13 15:53:56.686 DEBUG 6777 --- [http-nio-8080-exec-1] s.w.s.m.m.a.RequestMappingHandlerMapping : Looking up handler method for path /error
2016-07-13 15:53:56.688 DEBUG 6777 --- [http-nio-8080-exec-1] s.w.s.m.m.a.RequestMappingHandlerMapping : Returning handler method [public org.springframework.http.ResponseEntity<java.util.Map<java.lang.String, java.lang.Object>> org.springframework.boot.autoconfigure.web.BasicErrorController.error(javax.servlet.http.HttpServletRequest)]
2016-07-13 15:53:56.764 DEBUG 6777 --- [http-nio-8080-exec-1] o.s.w.s.m.m.a.HttpEntityMethodProcessor  : Written [{timestamp=Wed Jul 13 15:53:56 CEST 2016, status=400, error=Bad Request, exception=org.springframework.web.bind.MissingServletRequestParameterException, message=Required MultipartFile parameter 'file' is not present, path=/documents}] as "application/json;charset=UTF-8" using [org.springframework.http.converter.json.MappingJackson2HttpMessageConverter@367001ac]
2016-07-13 15:53:56.765 DEBUG 6777 --- [http-nio-8080-exec-1] o.s.web.servlet.DispatcherServlet        : Null ModelAndView returned to DispatcherServlet with name 'dispatcherServlet': assuming HandlerAdapter completed request handling
2016-07-13 15:53:56.766 DEBUG 6777 --- [http-nio-8080-exec-1] o.s.web.servlet.DispatcherServlet        : Successfully completed request
2016-07-13 15:54:31.495 DEBUG 6777 --- [http-nio-8080-exec-2] o.s.web.servlet.DispatcherServlet        : DispatcherServlet with name 'dispatcherServlet' processing POST request for [/documents]
2016-07-13 15:54:31.497 DEBUG 6777 --- [http-nio-8080-exec-2] s.w.s.m.m.a.RequestMappingHandlerMapping : Looking up handler method for path /documents
2016-07-13 15:54:31.497 DEBUG 6777 --- [http-nio-8080-exec-2] s.w.s.m.m.a.RequestMappingHandlerMapping : Returning handler method [public com.ileossa.hwo.model.DocumentModel com.ileossa.hwo.controller.DocumentController.handleFileUpload(org.springframework.web.multipart.MultipartFile,java.lang.String) throws com.ileossa.hwo.exceptions.EmptyFile,com.ileossa.hwo.exceptions.FailToUploadException]
2016-07-13 15:54:31.585 DEBUG 6777 --- [http-nio-8080-exec-2] m.m.a.RequestResponseBodyMethodProcessor : Written [DocumentModel(id=1, classe=group, title=u7AiBSa.jpg, pathFile=upload-dir/u7AiBSa.jpg, date=Wed Jul 13 15:54:31 CEST 2016, isAccepted=true)] as "application/json;charset=UTF-8" using [org.springframework.http.converter.json.MappingJackson2HttpMessageConverter@367001ac]
2016-07-13 15:54:31.585 DEBUG 6777 --- [http-nio-8080-exec-2] o.s.web.servlet.DispatcherServlet        : Null ModelAndView returned to DispatcherServlet with name 'dispatcherServlet': assuming HandlerAdapter completed request handling
2016-07-13 15:54:31.586 DEBUG 6777 --- [http-nio-8080-exec-2] o.s.web.servlet.DispatcherServlet        : Successfully completed request
2016-07-13 15:54:43.335 DEBUG 6777 --- [http-nio-8080-exec-3] o.s.web.servlet.DispatcherServlet        : DispatcherServlet with name 'dispatcherServlet' processing GET request for [/documents/debug]
2016-07-13 15:54:43.335 DEBUG 6777 --- [http-nio-8080-exec-3] s.w.s.m.m.a.RequestMappingHandlerMapping : Looking up handler method for path /documents/debug
2016-07-13 15:54:43.335 DEBUG 6777 --- [http-nio-8080-exec-3] s.w.s.m.m.a.RequestMappingHandlerMapping : Returning handler method [public java.io.File[] com.ileossa.hwo.controller.DocumentController.listFiles()]
2016-07-13 15:54:43.335 DEBUG 6777 --- [http-nio-8080-exec-3] o.s.web.servlet.DispatcherServlet        : Last-Modified value for [/documents/debug] is: -1
2016-07-13 15:54:43.348 DEBUG 6777 --- [http-nio-8080-exec-3] m.m.a.RequestResponseBodyMethodProcessor : Written [[Ljava.io.File;@52d5621f] as "application/json;charset=UTF-8" using [org.springframework.http.converter.json.MappingJackson2HttpMessageConverter@367001ac]
2016-07-13 15:54:43.348 DEBUG 6777 --- [http-nio-8080-exec-3] o.s.web.servlet.DispatcherServlet        : Null ModelAndView returned to DispatcherServlet with name 'dispatcherServlet': assuming HandlerAdapter completed request handling
2016-07-13 15:54:43.348 DEBUG 6777 --- [http-nio-8080-exec-3] o.s.web.servlet.DispatcherServlet        : Successfully completed request
2016-07-13 15:55:13.891 DEBUG 6777 --- [http-nio-8080-exec-4] o.s.web.servlet.DispatcherServlet        : DispatcherServlet with name 'dispatcherServlet' processing GET request for [/documents/u7AiBSa.jpg]
2016-07-13 15:55:13.892 DEBUG 6777 --- [http-nio-8080-exec-4] s.w.s.m.m.a.RequestMappingHandlerMapping : Looking up handler method for path /documents/u7AiBSa.jpg
2016-07-13 15:55:13.894 DEBUG 6777 --- [http-nio-8080-exec-4] s.w.s.m.m.a.RequestMappingHandlerMapping : Returning handler method [public org.springframework.http.ResponseEntity<?> com.ileossa.hwo.controller.DocumentController.getFile(java.lang.String)]
2016-07-13 15:55:13.894 DEBUG 6777 --- [http-nio-8080-exec-4] o.s.web.servlet.DispatcherServlet        : Last-Modified value for [/documents/u7AiBSa.jpg] is: -1
2016-07-13 15:55:13.937 DEBUG 6777 --- [http-nio-8080-exec-4] o.s.w.s.m.m.a.HttpEntityMethodProcessor  : Written [URL [file:upload-dir/u7AiBSa.jpg]] as "image/jpeg" using [org.springframework.http.converter.ResourceHttpMessageConverter@558ffcbc]
2016-07-13 15:55:13.938 DEBUG 6777 --- [http-nio-8080-exec-4] o.s.web.servlet.DispatcherServlet        : Null ModelAndView returned to DispatcherServlet with name 'dispatcherServlet': assuming HandlerAdapter completed request handling
2016-07-13 15:55:13.938 DEBUG 6777 --- [http-nio-8080-exec-4] o.s.web.servlet.DispatcherServlet        : Successfully completed request
2016-07-13 15:55:44.207 DEBUG 6777 --- [http-nio-8080-exec-5] o.s.web.servlet.DispatcherServlet        : DispatcherServlet with name 'dispatcherServlet' processing GET request for [/documents/]
2016-07-13 15:55:44.208 DEBUG 6777 --- [http-nio-8080-exec-5] s.w.s.m.m.a.RequestMappingHandlerMapping : Looking up handler method for path /documents/
2016-07-13 15:55:44.211 DEBUG 6777 --- [http-nio-8080-exec-5] s.w.s.m.m.a.RequestMappingHandlerMapping : Returning handler method [public java.util.List<com.ileossa.hwo.model.DocumentModel> com.ileossa.hwo.controller.DocumentController.getListFileWith(java.lang.String)]
2016-07-13 15:55:44.212 DEBUG 6777 --- [http-nio-8080-exec-5] o.s.web.servlet.DispatcherServlet        : Last-Modified value for [/documents/] is: -1
2016-07-13 15:55:44.348 DEBUG 6777 --- [http-nio-8080-exec-5] m.m.a.RequestResponseBodyMethodProcessor : Written [[DocumentModel(id=1, classe=group, title=u7AiBSa.jpg, pathFile=upload-dir/u7AiBSa.jpg, date=2016-07-13 15:54:31.504, isAccepted=true)]] as "application/json;charset=UTF-8" using [org.springframework.http.converter.json.MappingJackson2HttpMessageConverter@367001ac]
2016-07-13 15:55:44.353 DEBUG 6777 --- [http-nio-8080-exec-5] o.s.web.servlet.DispatcherServlet        : Null ModelAndView returned to DispatcherServlet with name 'dispatcherServlet': assuming HandlerAdapter completed request handling
2016-07-13 15:55:44.353 DEBUG 6777 --- [http-nio-8080-exec-5] o.s.web.servlet.DispatcherServlet        : Successfully completed request
2016-07-13 15:56:08.289 DEBUG 6777 --- [http-nio-8080-exec-6] o.s.web.servlet.DispatcherServlet        : DispatcherServlet with name 'dispatcherServlet' processing POST request for [/documents]
2016-07-13 15:56:08.290 DEBUG 6777 --- [http-nio-8080-exec-6] s.w.s.m.m.a.RequestMappingHandlerMapping : Looking up handler method for path /documents
2016-07-13 15:56:08.290 DEBUG 6777 --- [http-nio-8080-exec-6] s.w.s.m.m.a.RequestMappingHandlerMapping : Returning handler method [public com.ileossa.hwo.model.DocumentModel com.ileossa.hwo.controller.DocumentController.handleFileUpload(org.springframework.web.multipart.MultipartFile,java.lang.String) throws com.ileossa.hwo.exceptions.EmptyFile,com.ileossa.hwo.exceptions.FailToUploadException]
2016-07-13 15:56:08.306 DEBUG 6777 --- [http-nio-8080-exec-6] m.m.a.RequestResponseBodyMethodProcessor : Written [DocumentModel(id=2, classe=group2, title=wallhaven-275954.jpg, pathFile=upload-dir/wallhaven-275954.jpg, date=Wed Jul 13 15:56:08 CEST 2016, isAccepted=true)] as "application/json;charset=UTF-8" using [org.springframework.http.converter.json.MappingJackson2HttpMessageConverter@367001ac]
2016-07-13 15:56:08.306 DEBUG 6777 --- [http-nio-8080-exec-6] o.s.web.servlet.DispatcherServlet        : Null ModelAndView returned to DispatcherServlet with name 'dispatcherServlet': assuming HandlerAdapter completed request handling
2016-07-13 15:56:08.307 DEBUG 6777 --- [http-nio-8080-exec-6] o.s.web.servlet.DispatcherServlet        : Successfully completed request
2016-07-13 15:56:18.041 DEBUG 6777 --- [http-nio-8080-exec-7] o.s.web.servlet.DispatcherServlet        : DispatcherServlet with name 'dispatcherServlet' processing GET request for [/documents/]
2016-07-13 15:56:18.041 DEBUG 6777 --- [http-nio-8080-exec-7] s.w.s.m.m.a.RequestMappingHandlerMapping : Looking up handler method for path /documents/
2016-07-13 15:56:18.042 DEBUG 6777 --- [http-nio-8080-exec-7] s.w.s.m.m.a.RequestMappingHandlerMapping : Returning handler method [public java.util.List<com.ileossa.hwo.model.DocumentModel> com.ileossa.hwo.controller.DocumentController.getListFileWith(java.lang.String)]
2016-07-13 15:56:18.042 DEBUG 6777 --- [http-nio-8080-exec-7] o.s.web.servlet.DispatcherServlet        : Last-Modified value for [/documents/] is: -1
2016-07-13 15:56:18.047 DEBUG 6777 --- [http-nio-8080-exec-7] m.m.a.RequestResponseBodyMethodProcessor : Written [[DocumentModel(id=1, classe=group, title=u7AiBSa.jpg, pathFile=upload-dir/u7AiBSa.jpg, date=2016-07-13 15:54:31.504, isAccepted=true)]] as "application/json;charset=UTF-8" using [org.springframework.http.converter.json.MappingJackson2HttpMessageConverter@367001ac]
2016-07-13 15:56:18.048 DEBUG 6777 --- [http-nio-8080-exec-7] o.s.web.servlet.DispatcherServlet        : Null ModelAndView returned to DispatcherServlet with name 'dispatcherServlet': assuming HandlerAdapter completed request handling
2016-07-13 15:56:18.048 DEBUG 6777 --- [http-nio-8080-exec-7] o.s.web.servlet.DispatcherServlet        : Successfully completed request
2016-07-13 15:56:22.022 DEBUG 6777 --- [http-nio-8080-exec-8] o.s.web.servlet.DispatcherServlet        : DispatcherServlet with name 'dispatcherServlet' processing GET request for [/documents/]
2016-07-13 15:56:22.023 DEBUG 6777 --- [http-nio-8080-exec-8] s.w.s.m.m.a.RequestMappingHandlerMapping : Looking up handler method for path /documents/
2016-07-13 15:56:22.024 DEBUG 6777 --- [http-nio-8080-exec-8] s.w.s.m.m.a.RequestMappingHandlerMapping : Returning handler method [public java.util.List<com.ileossa.hwo.model.DocumentModel> com.ileossa.hwo.controller.DocumentController.getListFileWith(java.lang.String)]
2016-07-13 15:56:22.024 DEBUG 6777 --- [http-nio-8080-exec-8] o.s.web.servlet.DispatcherServlet        : Last-Modified value for [/documents/] is: -1
2016-07-13 15:56:22.028 DEBUG 6777 --- [http-nio-8080-exec-8] m.m.a.RequestResponseBodyMethodProcessor : Written [[DocumentModel(id=2, classe=group2, title=wallhaven-275954.jpg, pathFile=upload-dir/wallhaven-275954.jpg, date=2016-07-13 15:56:08.293, isAccepted=true)]] as "application/json;charset=UTF-8" using [org.springframework.http.converter.json.MappingJackson2HttpMessageConverter@367001ac]
2016-07-13 15:56:22.029 DEBUG 6777 --- [http-nio-8080-exec-8] o.s.web.servlet.DispatcherServlet        : Null ModelAndView returned to DispatcherServlet with name 'dispatcherServlet': assuming HandlerAdapter completed request handling
2016-07-13 15:56:22.029 DEBUG 6777 --- [http-nio-8080-exec-8] o.s.web.servlet.DispatcherServlet        : Successfully completed request
2016-07-13 16:09:23.734 DEBUG 6777 --- [http-nio-8080-exec-9] o.s.web.servlet.DispatcherServlet        : DispatcherServlet with name 'dispatcherServlet' processing GET request for [/documents/u7AiBSa.jpg]
2016-07-13 16:09:23.735 DEBUG 6777 --- [http-nio-8080-exec-9] s.w.s.m.m.a.RequestMappingHandlerMapping : Looking up handler method for path /documents/u7AiBSa.jpg
2016-07-13 16:09:23.736 DEBUG 6777 --- [http-nio-8080-exec-9] s.w.s.m.m.a.RequestMappingHandlerMapping : Returning handler method [public org.springframework.http.ResponseEntity<?> com.ileossa.hwo.controller.DocumentController.getFile(java.lang.String)]
2016-07-13 16:09:23.736 DEBUG 6777 --- [http-nio-8080-exec-9] o.s.web.servlet.DispatcherServlet        : Last-Modified value for [/documents/u7AiBSa.jpg] is: -1
2016-07-13 16:09:23.743 DEBUG 6777 --- [http-nio-8080-exec-9] o.s.w.s.m.m.a.HttpEntityMethodProcessor  : Written [URL [file:upload-dir/u7AiBSa.jpg]] as "image/jpeg" using [org.springframework.http.converter.ResourceHttpMessageConverter@558ffcbc]
2016-07-13 16:09:23.744 DEBUG 6777 --- [http-nio-8080-exec-9] o.s.web.servlet.DispatcherServlet        : Null ModelAndView returned to DispatcherServlet with name 'dispatcherServlet': assuming HandlerAdapter completed request handling
2016-07-13 16:09:23.744 DEBUG 6777 --- [http-nio-8080-exec-9] o.s.web.servlet.DispatcherServlet        : Successfully completed request
2016-07-13 19:18:50.209  INFO 6777 --- [Thread-9] ationConfigEmbeddedWebApplicationContext : Closing org.springframework.boot.context.embedded.AnnotationConfigEmbeddedWebApplicationContext@625e225a: startup date [Wed Jul 13 15:53:03 CEST 2016]; root of context hierarchy
2016-07-13 19:18:50.230  INFO 6777 --- [Thread-9] o.s.j.e.a.AnnotationMBeanExporter        : Unregistering JMX-exposed beans on shutdown
2016-07-13 19:18:50.234  INFO 6777 --- [Thread-9] j.LocalContainerEntityManagerFactoryBean : Closing JPA EntityManagerFactory for persistence unit 'default'
